[2025-04-16T02:03:06.862+0000] {local_task_job_runner.py:123} INFO - ::group::Pre task execution logs
[2025-04-16T02:03:06.871+0000] {taskinstance.py:2614} INFO - Dependencies all met for dep_context=non-requeueable deps ti=<TaskInstance: pull_trade_data.stream_data_from_api manual__2025-04-16T02:03:05.442789+00:00 [queued]>
[2025-04-16T02:03:06.875+0000] {taskinstance.py:2614} INFO - Dependencies all met for dep_context=requeueable deps ti=<TaskInstance: pull_trade_data.stream_data_from_api manual__2025-04-16T02:03:05.442789+00:00 [queued]>
[2025-04-16T02:03:06.875+0000] {taskinstance.py:2867} INFO - Starting attempt 1 of 1
[2025-04-16T02:03:06.881+0000] {taskinstance.py:2890} INFO - Executing <Task(PythonOperator): stream_data_from_api> on 2025-04-16 02:03:05.442789+00:00
[2025-04-16T02:03:06.886+0000] {warnings.py:112} WARNING - /home/***/.local/lib/python3.12/site-packages/***/task/task_runner/standard_task_runner.py:70: DeprecationWarning: This process (pid=159) is multi-threaded, use of fork() may lead to deadlocks in the child.
  pid = os.fork()

[2025-04-16T02:03:06.888+0000] {standard_task_runner.py:72} INFO - Started process 160 to run task
[2025-04-16T02:03:06.887+0000] {standard_task_runner.py:104} INFO - Running: ['***', 'tasks', 'run', 'pull_trade_data', 'stream_data_from_api', 'manual__2025-04-16T02:03:05.442789+00:00', '--job-id', '16', '--raw', '--subdir', 'DAGS_FOLDER/testy_web_scoket.py', '--cfg-path', '/tmp/tmpobvf99et']
[2025-04-16T02:03:06.888+0000] {standard_task_runner.py:105} INFO - Job 16: Subtask stream_data_from_api
[2025-04-16T02:03:06.916+0000] {task_command.py:467} INFO - Running <TaskInstance: pull_trade_data.stream_data_from_api manual__2025-04-16T02:03:05.442789+00:00 [running]> on host 4b7a1bffe8fb
[2025-04-16T02:03:06.986+0000] {taskinstance.py:3134} INFO - Exporting env vars: AIRFLOW_CTX_DAG_OWNER='kibret_og' AIRFLOW_CTX_DAG_ID='pull_trade_data' AIRFLOW_CTX_TASK_ID='stream_data_from_api' AIRFLOW_CTX_EXECUTION_DATE='2025-04-16T02:03:05.442789+00:00' AIRFLOW_CTX_TRY_NUMBER='1' AIRFLOW_CTX_DAG_RUN_ID='manual__2025-04-16T02:03:05.442789+00:00'
[2025-04-16T02:03:06.989+0000] {taskinstance.py:732} INFO - ::endgroup::
[2025-04-16T02:03:07.045+0000] {logging_mixin.py:190} INFO - {'tick': 'trial'}
[2025-04-16T02:03:07.075+0000] {python.py:240} INFO - Done. Returned value was: None
[2025-04-16T02:03:07.096+0000] {taskinstance.py:341} INFO - ::group::Post task execution logs
[2025-04-16T02:03:07.097+0000] {taskinstance.py:353} INFO - Marking task as SUCCESS. dag_id=pull_trade_data, task_id=stream_data_from_api, run_id=manual__2025-04-16T02:03:05.442789+00:00, execution_date=20250416T020305, start_date=20250416T020306, end_date=20250416T020307
[2025-04-16T02:03:07.156+0000] {local_task_job_runner.py:266} INFO - Task exited with return code 0
[2025-04-16T02:03:07.166+0000] {taskinstance.py:3901} INFO - 0 downstream tasks scheduled from follow-on schedule check
[2025-04-16T02:03:07.167+0000] {local_task_job_runner.py:245} INFO - ::endgroup::
