[2025-04-11T19:11:08.263+0000] {local_task_job_runner.py:123} INFO - ::group::Pre task execution logs
[2025-04-11T19:11:08.290+0000] {taskinstance.py:2614} INFO - Dependencies all met for dep_context=non-requeueable deps ti=<TaskInstance: pull_trade_data.stream_data_from_api manual__2025-04-11T19:11:04.481389+00:00 [queued]>
[2025-04-11T19:11:08.301+0000] {taskinstance.py:2614} INFO - Dependencies all met for dep_context=requeueable deps ti=<TaskInstance: pull_trade_data.stream_data_from_api manual__2025-04-11T19:11:04.481389+00:00 [queued]>
[2025-04-11T19:11:08.302+0000] {taskinstance.py:2867} INFO - Starting attempt 1 of 1
[2025-04-11T19:11:08.324+0000] {taskinstance.py:2890} INFO - Executing <Task(PythonOperator): stream_data_from_api> on 2025-04-11 19:11:04.481389+00:00
[2025-04-11T19:11:08.368+0000] {warnings.py:112} WARNING - /home/***/.local/lib/python3.12/site-packages/***/task/task_runner/standard_task_runner.py:70: DeprecationWarning: This process (pid=106) is multi-threaded, use of fork() may lead to deadlocks in the child.
  pid = os.fork()

[2025-04-11T19:11:08.374+0000] {standard_task_runner.py:72} INFO - Started process 107 to run task
[2025-04-11T19:11:08.375+0000] {standard_task_runner.py:104} INFO - Running: ['***', 'tasks', 'run', 'pull_trade_data', 'stream_data_from_api', 'manual__2025-04-11T19:11:04.481389+00:00', '--job-id', '15', '--raw', '--subdir', 'DAGS_FOLDER/testy_web_scoket.py', '--cfg-path', '/tmp/tmpkhgb8z4x']
[2025-04-11T19:11:08.380+0000] {standard_task_runner.py:105} INFO - Job 15: Subtask stream_data_from_api
[2025-04-11T19:11:08.451+0000] {task_command.py:467} INFO - Running <TaskInstance: pull_trade_data.stream_data_from_api manual__2025-04-11T19:11:04.481389+00:00 [running]> on host 9a973d2e6438
[2025-04-11T19:11:08.521+0000] {taskinstance.py:3134} INFO - Exporting env vars: AIRFLOW_CTX_DAG_OWNER='kibret_og' AIRFLOW_CTX_DAG_ID='pull_trade_data' AIRFLOW_CTX_TASK_ID='stream_data_from_api' AIRFLOW_CTX_EXECUTION_DATE='2025-04-11T19:11:04.481389+00:00' AIRFLOW_CTX_TRY_NUMBER='1' AIRFLOW_CTX_DAG_RUN_ID='manual__2025-04-11T19:11:04.481389+00:00'
[2025-04-11T19:11:08.523+0000] {taskinstance.py:732} INFO - ::endgroup::
[2025-04-11T19:11:08.820+0000] {_logging.py:89} INFO - Websocket connected
[2025-04-11T19:11:08.823+0000] {log.py:232} WARNING - [2025-04-11 19:11:08.822701] ### connection is open ###
[2025-04-11T19:11:09.409+0000] {logging_mixin.py:190} INFO - {'id': 'JPY=X', 'exchange': 'CCY', 'quoteType': 14, 'price': 143.75799560546875, 'timestamp': 1744398668000, 'marketHours': 1, 'changePercent': -0.5416993498802185, 'dayVolume': 0, 'change': -0.7830047607421875, 'priceHint': 4}
[2025-04-11T19:11:09.410+0000] {logging_mixin.py:190} INFO - <class 'websocket._app.WebSocketApp'>
[2025-04-11T19:11:09.718+0000] {_logging.py:77} ERROR - error from callback <bound method YLiveTicker.on_close of <yliveticker.YLiveTicker object at 0xffff7ccf99a0>>: YLiveTicker.on_close() takes 2 positional arguments but 4 were given
[2025-04-11T19:11:09.721+0000] {log.py:232} WARNING - [2025-04-11 19:11:09.721225] YLiveTicker.on_close() takes 2 positional arguments but 4 were given
[2025-04-11T19:11:09.721+0000] {python.py:240} INFO - Done. Returned value was: None
[2025-04-11T19:11:09.741+0000] {taskinstance.py:341} INFO - ::group::Post task execution logs
[2025-04-11T19:11:09.741+0000] {taskinstance.py:353} INFO - Marking task as SUCCESS. dag_id=pull_trade_data, task_id=stream_data_from_api, run_id=manual__2025-04-11T19:11:04.481389+00:00, execution_date=20250411T191104, start_date=20250411T191108, end_date=20250411T191109
[2025-04-11T19:11:09.810+0000] {local_task_job_runner.py:266} INFO - Task exited with return code 0
[2025-04-11T19:11:09.835+0000] {taskinstance.py:3901} INFO - 0 downstream tasks scheduled from follow-on schedule check
[2025-04-11T19:11:09.836+0000] {local_task_job_runner.py:245} INFO - ::endgroup::
