[2025-04-16T01:23:20.117+0000] {processor.py:186} INFO - Started process (PID=103) to work on /home/airflow/.local/lib/python3.12/site-packages/airflow/example_dags/example_outlet_event_extra.py
[2025-04-16T01:23:20.119+0000] {processor.py:914} INFO - Processing file /home/airflow/.local/lib/python3.12/site-packages/airflow/example_dags/example_outlet_event_extra.py for tasks to queue
[2025-04-16T01:23:20.121+0000] {logging_mixin.py:190} INFO - [2025-04-16T01:23:20.121+0000] {dagbag.py:588} INFO - Filling up the DagBag from /home/airflow/.local/lib/python3.12/site-packages/airflow/example_dags/example_outlet_event_extra.py
[2025-04-16T01:23:20.980+0000] {processor.py:925} INFO - DAG(s) 'dataset_with_extra_by_yield', 'dataset_with_extra_from_classic_operator', 'dataset_with_extra_by_context' retrieved from /home/airflow/.local/lib/python3.12/site-packages/airflow/example_dags/example_outlet_event_extra.py
[2025-04-16T01:23:21.128+0000] {logging_mixin.py:190} INFO - [2025-04-16T01:23:21.127+0000] {override.py:1912} INFO - Created Permission View: can read on DAG:dataset_with_extra_by_yield
[2025-04-16T01:23:21.148+0000] {logging_mixin.py:190} INFO - [2025-04-16T01:23:21.147+0000] {override.py:1912} INFO - Created Permission View: can edit on DAG:dataset_with_extra_by_yield
[2025-04-16T01:23:21.161+0000] {logging_mixin.py:190} INFO - [2025-04-16T01:23:21.161+0000] {override.py:1912} INFO - Created Permission View: can delete on DAG:dataset_with_extra_by_yield
[2025-04-16T01:23:21.165+0000] {logging_mixin.py:190} INFO - [2025-04-16T01:23:21.165+0000] {override.py:1912} INFO - Created Permission View: can read on DAG Run:dataset_with_extra_by_yield
[2025-04-16T01:23:21.173+0000] {logging_mixin.py:190} INFO - [2025-04-16T01:23:21.172+0000] {override.py:1912} INFO - Created Permission View: can create on DAG Run:dataset_with_extra_by_yield
[2025-04-16T01:23:21.181+0000] {logging_mixin.py:190} INFO - [2025-04-16T01:23:21.181+0000] {override.py:1912} INFO - Created Permission View: menu access on DAG Run:dataset_with_extra_by_yield
[2025-04-16T01:23:21.196+0000] {logging_mixin.py:190} INFO - [2025-04-16T01:23:21.196+0000] {override.py:1912} INFO - Created Permission View: can delete on DAG Run:dataset_with_extra_by_yield
[2025-04-16T01:23:21.214+0000] {logging_mixin.py:190} INFO - [2025-04-16T01:23:21.213+0000] {override.py:1912} INFO - Created Permission View: can read on DAG:dataset_with_extra_from_classic_operator
[2025-04-16T01:23:21.220+0000] {logging_mixin.py:190} INFO - [2025-04-16T01:23:21.220+0000] {override.py:1912} INFO - Created Permission View: can edit on DAG:dataset_with_extra_from_classic_operator
[2025-04-16T01:23:21.228+0000] {logging_mixin.py:190} INFO - [2025-04-16T01:23:21.228+0000] {override.py:1912} INFO - Created Permission View: can delete on DAG:dataset_with_extra_from_classic_operator
[2025-04-16T01:23:21.240+0000] {logging_mixin.py:190} INFO - [2025-04-16T01:23:21.239+0000] {override.py:1912} INFO - Created Permission View: can read on DAG Run:dataset_with_extra_from_classic_operator
[2025-04-16T01:23:21.258+0000] {logging_mixin.py:190} INFO - [2025-04-16T01:23:21.257+0000] {override.py:1912} INFO - Created Permission View: can create on DAG Run:dataset_with_extra_from_classic_operator
[2025-04-16T01:23:21.269+0000] {logging_mixin.py:190} INFO - [2025-04-16T01:23:21.268+0000] {override.py:1912} INFO - Created Permission View: menu access on DAG Run:dataset_with_extra_from_classic_operator
[2025-04-16T01:23:21.286+0000] {logging_mixin.py:190} INFO - [2025-04-16T01:23:21.286+0000] {override.py:1912} INFO - Created Permission View: can delete on DAG Run:dataset_with_extra_from_classic_operator
[2025-04-16T01:23:21.302+0000] {logging_mixin.py:190} INFO - [2025-04-16T01:23:21.302+0000] {override.py:1912} INFO - Created Permission View: can read on DAG:dataset_with_extra_by_context
[2025-04-16T01:23:21.320+0000] {logging_mixin.py:190} INFO - [2025-04-16T01:23:21.319+0000] {override.py:1912} INFO - Created Permission View: can edit on DAG:dataset_with_extra_by_context
[2025-04-16T01:23:21.330+0000] {logging_mixin.py:190} INFO - [2025-04-16T01:23:21.330+0000] {override.py:1912} INFO - Created Permission View: can delete on DAG:dataset_with_extra_by_context
[2025-04-16T01:23:21.341+0000] {logging_mixin.py:190} INFO - [2025-04-16T01:23:21.341+0000] {override.py:1912} INFO - Created Permission View: can read on DAG Run:dataset_with_extra_by_context
[2025-04-16T01:23:21.346+0000] {logging_mixin.py:190} INFO - [2025-04-16T01:23:21.346+0000] {override.py:1912} INFO - Created Permission View: can create on DAG Run:dataset_with_extra_by_context
[2025-04-16T01:23:21.352+0000] {logging_mixin.py:190} INFO - [2025-04-16T01:23:21.352+0000] {override.py:1912} INFO - Created Permission View: menu access on DAG Run:dataset_with_extra_by_context
[2025-04-16T01:23:21.357+0000] {logging_mixin.py:190} INFO - [2025-04-16T01:23:21.357+0000] {override.py:1912} INFO - Created Permission View: can delete on DAG Run:dataset_with_extra_by_context
[2025-04-16T01:23:21.358+0000] {logging_mixin.py:190} INFO - [2025-04-16T01:23:21.358+0000] {dag.py:3239} INFO - Sync 3 DAGs
[2025-04-16T01:23:21.366+0000] {logging_mixin.py:190} INFO - [2025-04-16T01:23:21.366+0000] {dag.py:3262} INFO - Creating ORM DAG for dataset_with_extra_by_context
[2025-04-16T01:23:21.366+0000] {logging_mixin.py:190} INFO - [2025-04-16T01:23:21.366+0000] {dag.py:3262} INFO - Creating ORM DAG for dataset_with_extra_from_classic_operator
[2025-04-16T01:23:21.367+0000] {logging_mixin.py:190} INFO - [2025-04-16T01:23:21.367+0000] {dag.py:3262} INFO - Creating ORM DAG for dataset_with_extra_by_yield
[2025-04-16T01:23:21.381+0000] {logging_mixin.py:190} INFO - [2025-04-16T01:23:21.381+0000] {dag.py:4180} INFO - Setting next_dagrun for dataset_with_extra_by_context to 2025-04-15 00:00:00+00:00, run_after=2025-04-16 00:00:00+00:00
[2025-04-16T01:23:21.382+0000] {logging_mixin.py:190} INFO - [2025-04-16T01:23:21.382+0000] {dag.py:4180} INFO - Setting next_dagrun for dataset_with_extra_by_yield to 2025-04-15 00:00:00+00:00, run_after=2025-04-16 00:00:00+00:00
[2025-04-16T01:23:21.384+0000] {logging_mixin.py:190} INFO - [2025-04-16T01:23:21.384+0000] {dag.py:4180} INFO - Setting next_dagrun for dataset_with_extra_from_classic_operator to 2025-04-15 00:00:00+00:00, run_after=2025-04-16 00:00:00+00:00
[2025-04-16T01:23:21.401+0000] {processor.py:208} INFO - Processing /home/airflow/.local/lib/python3.12/site-packages/airflow/example_dags/example_outlet_event_extra.py took 1.289 seconds
[2025-04-16T01:23:52.027+0000] {processor.py:186} INFO - Started process (PID=169) to work on /home/airflow/.local/lib/python3.12/site-packages/airflow/example_dags/example_outlet_event_extra.py
[2025-04-16T01:23:52.030+0000] {processor.py:914} INFO - Processing file /home/airflow/.local/lib/python3.12/site-packages/airflow/example_dags/example_outlet_event_extra.py for tasks to queue
[2025-04-16T01:23:52.037+0000] {logging_mixin.py:190} INFO - [2025-04-16T01:23:52.035+0000] {dagbag.py:588} INFO - Filling up the DagBag from /home/airflow/.local/lib/python3.12/site-packages/airflow/example_dags/example_outlet_event_extra.py
[2025-04-16T01:23:53.911+0000] {processor.py:925} INFO - DAG(s) 'dataset_with_extra_by_yield', 'dataset_with_extra_from_classic_operator', 'dataset_with_extra_by_context' retrieved from /home/airflow/.local/lib/python3.12/site-packages/airflow/example_dags/example_outlet_event_extra.py
[2025-04-16T01:23:53.932+0000] {logging_mixin.py:190} INFO - [2025-04-16T01:23:53.932+0000] {dag.py:3239} INFO - Sync 3 DAGs
[2025-04-16T01:23:53.947+0000] {logging_mixin.py:190} INFO - [2025-04-16T01:23:53.946+0000] {dag.py:4180} INFO - Setting next_dagrun for dataset_with_extra_by_context to 2025-04-15 00:00:00+00:00, run_after=2025-04-16 00:00:00+00:00
[2025-04-16T01:23:53.954+0000] {logging_mixin.py:190} INFO - [2025-04-16T01:23:53.954+0000] {dag.py:4180} INFO - Setting next_dagrun for dataset_with_extra_by_yield to 2025-04-15 00:00:00+00:00, run_after=2025-04-16 00:00:00+00:00
[2025-04-16T01:23:53.956+0000] {logging_mixin.py:190} INFO - [2025-04-16T01:23:53.956+0000] {dag.py:4180} INFO - Setting next_dagrun for dataset_with_extra_from_classic_operator to 2025-04-15 00:00:00+00:00, run_after=2025-04-16 00:00:00+00:00
[2025-04-16T01:23:53.970+0000] {processor.py:208} INFO - Processing /home/airflow/.local/lib/python3.12/site-packages/airflow/example_dags/example_outlet_event_extra.py took 1.959 seconds
[2025-04-16T01:24:24.482+0000] {processor.py:186} INFO - Started process (PID=233) to work on /home/airflow/.local/lib/python3.12/site-packages/airflow/example_dags/example_outlet_event_extra.py
[2025-04-16T01:24:24.486+0000] {processor.py:914} INFO - Processing file /home/airflow/.local/lib/python3.12/site-packages/airflow/example_dags/example_outlet_event_extra.py for tasks to queue
[2025-04-16T01:24:24.496+0000] {logging_mixin.py:190} INFO - [2025-04-16T01:24:24.495+0000] {dagbag.py:588} INFO - Filling up the DagBag from /home/airflow/.local/lib/python3.12/site-packages/airflow/example_dags/example_outlet_event_extra.py
[2025-04-16T01:24:25.511+0000] {processor.py:925} INFO - DAG(s) 'dataset_with_extra_by_context', 'dataset_with_extra_from_classic_operator', 'dataset_with_extra_by_yield' retrieved from /home/airflow/.local/lib/python3.12/site-packages/airflow/example_dags/example_outlet_event_extra.py
[2025-04-16T01:24:25.556+0000] {logging_mixin.py:190} INFO - [2025-04-16T01:24:25.556+0000] {dag.py:3239} INFO - Sync 3 DAGs
[2025-04-16T01:24:25.576+0000] {logging_mixin.py:190} INFO - [2025-04-16T01:24:25.575+0000] {dag.py:4180} INFO - Setting next_dagrun for dataset_with_extra_by_context to 2025-04-15 00:00:00+00:00, run_after=2025-04-16 00:00:00+00:00
[2025-04-16T01:24:25.579+0000] {logging_mixin.py:190} INFO - [2025-04-16T01:24:25.579+0000] {dag.py:4180} INFO - Setting next_dagrun for dataset_with_extra_by_yield to 2025-04-15 00:00:00+00:00, run_after=2025-04-16 00:00:00+00:00
[2025-04-16T01:24:25.585+0000] {logging_mixin.py:190} INFO - [2025-04-16T01:24:25.584+0000] {dag.py:4180} INFO - Setting next_dagrun for dataset_with_extra_from_classic_operator to 2025-04-15 00:00:00+00:00, run_after=2025-04-16 00:00:00+00:00
[2025-04-16T01:24:25.600+0000] {processor.py:208} INFO - Processing /home/airflow/.local/lib/python3.12/site-packages/airflow/example_dags/example_outlet_event_extra.py took 1.123 seconds
[2025-04-16T01:24:55.779+0000] {processor.py:186} INFO - Started process (PID=298) to work on /home/airflow/.local/lib/python3.12/site-packages/airflow/example_dags/example_outlet_event_extra.py
[2025-04-16T01:24:55.780+0000] {processor.py:914} INFO - Processing file /home/airflow/.local/lib/python3.12/site-packages/airflow/example_dags/example_outlet_event_extra.py for tasks to queue
[2025-04-16T01:24:55.788+0000] {logging_mixin.py:190} INFO - [2025-04-16T01:24:55.788+0000] {dagbag.py:588} INFO - Filling up the DagBag from /home/airflow/.local/lib/python3.12/site-packages/airflow/example_dags/example_outlet_event_extra.py
[2025-04-16T01:24:56.659+0000] {processor.py:925} INFO - DAG(s) 'dataset_with_extra_by_context', 'dataset_with_extra_from_classic_operator', 'dataset_with_extra_by_yield' retrieved from /home/airflow/.local/lib/python3.12/site-packages/airflow/example_dags/example_outlet_event_extra.py
[2025-04-16T01:24:56.687+0000] {logging_mixin.py:190} INFO - [2025-04-16T01:24:56.687+0000] {dag.py:3239} INFO - Sync 3 DAGs
[2025-04-16T01:24:56.720+0000] {logging_mixin.py:190} INFO - [2025-04-16T01:24:56.720+0000] {dag.py:4180} INFO - Setting next_dagrun for dataset_with_extra_by_context to 2025-04-15 00:00:00+00:00, run_after=2025-04-16 00:00:00+00:00
[2025-04-16T01:24:56.728+0000] {logging_mixin.py:190} INFO - [2025-04-16T01:24:56.728+0000] {dag.py:4180} INFO - Setting next_dagrun for dataset_with_extra_by_yield to 2025-04-15 00:00:00+00:00, run_after=2025-04-16 00:00:00+00:00
[2025-04-16T01:24:56.750+0000] {logging_mixin.py:190} INFO - [2025-04-16T01:24:56.750+0000] {dag.py:4180} INFO - Setting next_dagrun for dataset_with_extra_from_classic_operator to 2025-04-15 00:00:00+00:00, run_after=2025-04-16 00:00:00+00:00
[2025-04-16T01:24:56.771+0000] {processor.py:208} INFO - Processing /home/airflow/.local/lib/python3.12/site-packages/airflow/example_dags/example_outlet_event_extra.py took 1.006 seconds
[2025-04-16T01:25:26.806+0000] {processor.py:186} INFO - Started process (PID=370) to work on /home/airflow/.local/lib/python3.12/site-packages/airflow/example_dags/example_outlet_event_extra.py
[2025-04-16T01:25:26.807+0000] {processor.py:914} INFO - Processing file /home/airflow/.local/lib/python3.12/site-packages/airflow/example_dags/example_outlet_event_extra.py for tasks to queue
[2025-04-16T01:25:26.808+0000] {logging_mixin.py:190} INFO - [2025-04-16T01:25:26.808+0000] {dagbag.py:588} INFO - Filling up the DagBag from /home/airflow/.local/lib/python3.12/site-packages/airflow/example_dags/example_outlet_event_extra.py
[2025-04-16T01:25:28.442+0000] {processor.py:925} INFO - DAG(s) 'dataset_with_extra_by_context', 'dataset_with_extra_from_classic_operator', 'dataset_with_extra_by_yield' retrieved from /home/airflow/.local/lib/python3.12/site-packages/airflow/example_dags/example_outlet_event_extra.py
[2025-04-16T01:25:28.494+0000] {logging_mixin.py:190} INFO - [2025-04-16T01:25:28.493+0000] {dag.py:3239} INFO - Sync 3 DAGs
[2025-04-16T01:25:28.516+0000] {logging_mixin.py:190} INFO - [2025-04-16T01:25:28.515+0000] {dag.py:4180} INFO - Setting next_dagrun for dataset_with_extra_by_context to 2025-04-15 00:00:00+00:00, run_after=2025-04-16 00:00:00+00:00
[2025-04-16T01:25:28.519+0000] {logging_mixin.py:190} INFO - [2025-04-16T01:25:28.519+0000] {dag.py:4180} INFO - Setting next_dagrun for dataset_with_extra_by_yield to 2025-04-15 00:00:00+00:00, run_after=2025-04-16 00:00:00+00:00
[2025-04-16T01:25:28.520+0000] {logging_mixin.py:190} INFO - [2025-04-16T01:25:28.520+0000] {dag.py:4180} INFO - Setting next_dagrun for dataset_with_extra_from_classic_operator to 2025-04-15 00:00:00+00:00, run_after=2025-04-16 00:00:00+00:00
[2025-04-16T01:25:28.533+0000] {processor.py:208} INFO - Processing /home/airflow/.local/lib/python3.12/site-packages/airflow/example_dags/example_outlet_event_extra.py took 1.735 seconds
