[2025-04-16T01:23:12.987+0000] {processor.py:186} INFO - Started process (PID=63) to work on /home/airflow/.local/lib/python3.12/site-packages/airflow/example_dags/example_latest_only.py
[2025-04-16T01:23:12.988+0000] {processor.py:914} INFO - Processing file /home/airflow/.local/lib/python3.12/site-packages/airflow/example_dags/example_latest_only.py for tasks to queue
[2025-04-16T01:23:12.996+0000] {logging_mixin.py:190} INFO - [2025-04-16T01:23:12.995+0000] {dagbag.py:588} INFO - Filling up the DagBag from /home/airflow/.local/lib/python3.12/site-packages/airflow/example_dags/example_latest_only.py
[2025-04-16T01:23:13.019+0000] {processor.py:925} INFO - DAG(s) 'latest_only' retrieved from /home/airflow/.local/lib/python3.12/site-packages/airflow/example_dags/example_latest_only.py
[2025-04-16T01:23:13.124+0000] {logging_mixin.py:190} INFO - [2025-04-16T01:23:13.123+0000] {override.py:1912} INFO - Created Permission View: can read on DAG:latest_only
[2025-04-16T01:23:13.128+0000] {logging_mixin.py:190} INFO - [2025-04-16T01:23:13.128+0000] {override.py:1912} INFO - Created Permission View: can edit on DAG:latest_only
[2025-04-16T01:23:13.133+0000] {logging_mixin.py:190} INFO - [2025-04-16T01:23:13.132+0000] {override.py:1912} INFO - Created Permission View: can delete on DAG:latest_only
[2025-04-16T01:23:13.137+0000] {logging_mixin.py:190} INFO - [2025-04-16T01:23:13.137+0000] {override.py:1912} INFO - Created Permission View: can read on DAG Run:latest_only
[2025-04-16T01:23:13.140+0000] {logging_mixin.py:190} INFO - [2025-04-16T01:23:13.140+0000] {override.py:1912} INFO - Created Permission View: can create on DAG Run:latest_only
[2025-04-16T01:23:13.144+0000] {logging_mixin.py:190} INFO - [2025-04-16T01:23:13.144+0000] {override.py:1912} INFO - Created Permission View: menu access on DAG Run:latest_only
[2025-04-16T01:23:13.149+0000] {logging_mixin.py:190} INFO - [2025-04-16T01:23:13.149+0000] {override.py:1912} INFO - Created Permission View: can delete on DAG Run:latest_only
[2025-04-16T01:23:13.150+0000] {logging_mixin.py:190} INFO - [2025-04-16T01:23:13.150+0000] {dag.py:3239} INFO - Sync 1 DAGs
[2025-04-16T01:23:13.161+0000] {logging_mixin.py:190} INFO - [2025-04-16T01:23:13.161+0000] {dag.py:3262} INFO - Creating ORM DAG for latest_only
[2025-04-16T01:23:13.167+0000] {logging_mixin.py:190} INFO - [2025-04-16T01:23:13.167+0000] {dag.py:4180} INFO - Setting next_dagrun for latest_only to 2025-04-15 20:00:00+00:00, run_after=2025-04-16 00:00:00+00:00
[2025-04-16T01:23:13.180+0000] {processor.py:208} INFO - Processing /home/airflow/.local/lib/python3.12/site-packages/airflow/example_dags/example_latest_only.py took 0.205 seconds
[2025-04-16T01:23:43.989+0000] {processor.py:186} INFO - Started process (PID=127) to work on /home/airflow/.local/lib/python3.12/site-packages/airflow/example_dags/example_latest_only.py
[2025-04-16T01:23:43.990+0000] {processor.py:914} INFO - Processing file /home/airflow/.local/lib/python3.12/site-packages/airflow/example_dags/example_latest_only.py for tasks to queue
[2025-04-16T01:23:43.992+0000] {logging_mixin.py:190} INFO - [2025-04-16T01:23:43.992+0000] {dagbag.py:588} INFO - Filling up the DagBag from /home/airflow/.local/lib/python3.12/site-packages/airflow/example_dags/example_latest_only.py
[2025-04-16T01:23:43.997+0000] {processor.py:925} INFO - DAG(s) 'latest_only' retrieved from /home/airflow/.local/lib/python3.12/site-packages/airflow/example_dags/example_latest_only.py
[2025-04-16T01:23:44.019+0000] {logging_mixin.py:190} INFO - [2025-04-16T01:23:44.019+0000] {dag.py:3239} INFO - Sync 1 DAGs
[2025-04-16T01:23:44.032+0000] {logging_mixin.py:190} INFO - [2025-04-16T01:23:44.032+0000] {dag.py:4180} INFO - Setting next_dagrun for latest_only to 2025-04-15 20:00:00+00:00, run_after=2025-04-16 00:00:00+00:00
[2025-04-16T01:23:44.048+0000] {processor.py:208} INFO - Processing /home/airflow/.local/lib/python3.12/site-packages/airflow/example_dags/example_latest_only.py took 0.062 seconds
[2025-04-16T01:24:15.488+0000] {processor.py:186} INFO - Started process (PID=196) to work on /home/airflow/.local/lib/python3.12/site-packages/airflow/example_dags/example_latest_only.py
[2025-04-16T01:24:15.489+0000] {processor.py:914} INFO - Processing file /home/airflow/.local/lib/python3.12/site-packages/airflow/example_dags/example_latest_only.py for tasks to queue
[2025-04-16T01:24:15.492+0000] {logging_mixin.py:190} INFO - [2025-04-16T01:24:15.491+0000] {dagbag.py:588} INFO - Filling up the DagBag from /home/airflow/.local/lib/python3.12/site-packages/airflow/example_dags/example_latest_only.py
[2025-04-16T01:24:15.495+0000] {processor.py:925} INFO - DAG(s) 'latest_only' retrieved from /home/airflow/.local/lib/python3.12/site-packages/airflow/example_dags/example_latest_only.py
[2025-04-16T01:24:15.509+0000] {logging_mixin.py:190} INFO - [2025-04-16T01:24:15.509+0000] {dag.py:3239} INFO - Sync 1 DAGs
[2025-04-16T01:24:15.522+0000] {logging_mixin.py:190} INFO - [2025-04-16T01:24:15.521+0000] {dag.py:4180} INFO - Setting next_dagrun for latest_only to 2025-04-15 20:00:00+00:00, run_after=2025-04-16 00:00:00+00:00
[2025-04-16T01:24:15.533+0000] {processor.py:208} INFO - Processing /home/airflow/.local/lib/python3.12/site-packages/airflow/example_dags/example_latest_only.py took 0.049 seconds
[2025-04-16T01:24:47.436+0000] {processor.py:186} INFO - Started process (PID=260) to work on /home/airflow/.local/lib/python3.12/site-packages/airflow/example_dags/example_latest_only.py
[2025-04-16T01:24:47.437+0000] {processor.py:914} INFO - Processing file /home/airflow/.local/lib/python3.12/site-packages/airflow/example_dags/example_latest_only.py for tasks to queue
[2025-04-16T01:24:47.441+0000] {logging_mixin.py:190} INFO - [2025-04-16T01:24:47.440+0000] {dagbag.py:588} INFO - Filling up the DagBag from /home/airflow/.local/lib/python3.12/site-packages/airflow/example_dags/example_latest_only.py
[2025-04-16T01:24:47.456+0000] {processor.py:925} INFO - DAG(s) 'latest_only' retrieved from /home/airflow/.local/lib/python3.12/site-packages/airflow/example_dags/example_latest_only.py
[2025-04-16T01:24:47.498+0000] {logging_mixin.py:190} INFO - [2025-04-16T01:24:47.497+0000] {dag.py:3239} INFO - Sync 1 DAGs
[2025-04-16T01:24:47.541+0000] {logging_mixin.py:190} INFO - [2025-04-16T01:24:47.540+0000] {dag.py:4180} INFO - Setting next_dagrun for latest_only to 2025-04-15 20:00:00+00:00, run_after=2025-04-16 00:00:00+00:00
[2025-04-16T01:24:47.569+0000] {processor.py:208} INFO - Processing /home/airflow/.local/lib/python3.12/site-packages/airflow/example_dags/example_latest_only.py took 0.145 seconds
[2025-04-16T01:25:18.854+0000] {processor.py:186} INFO - Started process (PID=324) to work on /home/airflow/.local/lib/python3.12/site-packages/airflow/example_dags/example_latest_only.py
[2025-04-16T01:25:18.855+0000] {processor.py:914} INFO - Processing file /home/airflow/.local/lib/python3.12/site-packages/airflow/example_dags/example_latest_only.py for tasks to queue
[2025-04-16T01:25:18.856+0000] {logging_mixin.py:190} INFO - [2025-04-16T01:25:18.856+0000] {dagbag.py:588} INFO - Filling up the DagBag from /home/airflow/.local/lib/python3.12/site-packages/airflow/example_dags/example_latest_only.py
[2025-04-16T01:25:18.861+0000] {processor.py:925} INFO - DAG(s) 'latest_only' retrieved from /home/airflow/.local/lib/python3.12/site-packages/airflow/example_dags/example_latest_only.py
[2025-04-16T01:25:18.879+0000] {logging_mixin.py:190} INFO - [2025-04-16T01:25:18.878+0000] {dag.py:3239} INFO - Sync 1 DAGs
[2025-04-16T01:25:18.897+0000] {logging_mixin.py:190} INFO - [2025-04-16T01:25:18.897+0000] {dag.py:4180} INFO - Setting next_dagrun for latest_only to 2025-04-15 20:00:00+00:00, run_after=2025-04-16 00:00:00+00:00
[2025-04-16T01:25:18.909+0000] {processor.py:208} INFO - Processing /home/airflow/.local/lib/python3.12/site-packages/airflow/example_dags/example_latest_only.py took 0.060 seconds
