[2025-04-16T01:23:20.109+0000] {processor.py:186} INFO - Started process (PID=102) to work on /home/airflow/.local/lib/python3.12/site-packages/airflow/example_dags/example_params_ui_tutorial.py
[2025-04-16T01:23:20.110+0000] {processor.py:914} INFO - Processing file /home/airflow/.local/lib/python3.12/site-packages/airflow/example_dags/example_params_ui_tutorial.py for tasks to queue
[2025-04-16T01:23:20.112+0000] {logging_mixin.py:190} INFO - [2025-04-16T01:23:20.112+0000] {dagbag.py:588} INFO - Filling up the DagBag from /home/airflow/.local/lib/python3.12/site-packages/airflow/example_dags/example_params_ui_tutorial.py
[2025-04-16T01:23:20.124+0000] {processor.py:925} INFO - DAG(s) 'example_params_ui_tutorial' retrieved from /home/airflow/.local/lib/python3.12/site-packages/airflow/example_dags/example_params_ui_tutorial.py
[2025-04-16T01:23:20.323+0000] {logging_mixin.py:190} INFO - [2025-04-16T01:23:20.321+0000] {override.py:1912} INFO - Created Permission View: can read on DAG:example_params_ui_tutorial
[2025-04-16T01:23:20.335+0000] {logging_mixin.py:190} INFO - [2025-04-16T01:23:20.335+0000] {override.py:1912} INFO - Created Permission View: can edit on DAG:example_params_ui_tutorial
[2025-04-16T01:23:20.342+0000] {logging_mixin.py:190} INFO - [2025-04-16T01:23:20.342+0000] {override.py:1912} INFO - Created Permission View: can delete on DAG:example_params_ui_tutorial
[2025-04-16T01:23:20.347+0000] {logging_mixin.py:190} INFO - [2025-04-16T01:23:20.347+0000] {override.py:1912} INFO - Created Permission View: can read on DAG Run:example_params_ui_tutorial
[2025-04-16T01:23:20.350+0000] {logging_mixin.py:190} INFO - [2025-04-16T01:23:20.350+0000] {override.py:1912} INFO - Created Permission View: can create on DAG Run:example_params_ui_tutorial
[2025-04-16T01:23:20.353+0000] {logging_mixin.py:190} INFO - [2025-04-16T01:23:20.353+0000] {override.py:1912} INFO - Created Permission View: menu access on DAG Run:example_params_ui_tutorial
[2025-04-16T01:23:20.359+0000] {logging_mixin.py:190} INFO - [2025-04-16T01:23:20.359+0000] {override.py:1912} INFO - Created Permission View: can delete on DAG Run:example_params_ui_tutorial
[2025-04-16T01:23:20.359+0000] {logging_mixin.py:190} INFO - [2025-04-16T01:23:20.359+0000] {dag.py:3239} INFO - Sync 1 DAGs
[2025-04-16T01:23:20.373+0000] {logging_mixin.py:190} INFO - [2025-04-16T01:23:20.373+0000] {dag.py:3262} INFO - Creating ORM DAG for example_params_ui_tutorial
[2025-04-16T01:23:20.374+0000] {logging_mixin.py:190} INFO - [2025-04-16T01:23:20.374+0000] {dag.py:4180} INFO - Setting next_dagrun for example_params_ui_tutorial to None, run_after=None
[2025-04-16T01:23:20.391+0000] {processor.py:208} INFO - Processing /home/airflow/.local/lib/python3.12/site-packages/airflow/example_dags/example_params_ui_tutorial.py took 0.286 seconds
[2025-04-16T01:23:51.407+0000] {processor.py:186} INFO - Started process (PID=166) to work on /home/airflow/.local/lib/python3.12/site-packages/airflow/example_dags/example_params_ui_tutorial.py
[2025-04-16T01:23:51.409+0000] {processor.py:914} INFO - Processing file /home/airflow/.local/lib/python3.12/site-packages/airflow/example_dags/example_params_ui_tutorial.py for tasks to queue
[2025-04-16T01:23:51.414+0000] {logging_mixin.py:190} INFO - [2025-04-16T01:23:51.413+0000] {dagbag.py:588} INFO - Filling up the DagBag from /home/airflow/.local/lib/python3.12/site-packages/airflow/example_dags/example_params_ui_tutorial.py
[2025-04-16T01:23:51.441+0000] {processor.py:925} INFO - DAG(s) 'example_params_ui_tutorial' retrieved from /home/airflow/.local/lib/python3.12/site-packages/airflow/example_dags/example_params_ui_tutorial.py
[2025-04-16T01:23:51.523+0000] {logging_mixin.py:190} INFO - [2025-04-16T01:23:51.522+0000] {dag.py:3239} INFO - Sync 1 DAGs
[2025-04-16T01:23:51.538+0000] {logging_mixin.py:190} INFO - [2025-04-16T01:23:51.538+0000] {dag.py:4180} INFO - Setting next_dagrun for example_params_ui_tutorial to None, run_after=None
[2025-04-16T01:23:51.559+0000] {processor.py:208} INFO - Processing /home/airflow/.local/lib/python3.12/site-packages/airflow/example_dags/example_params_ui_tutorial.py took 0.174 seconds
[2025-04-16T01:24:22.278+0000] {processor.py:186} INFO - Started process (PID=229) to work on /home/airflow/.local/lib/python3.12/site-packages/airflow/example_dags/example_params_ui_tutorial.py
[2025-04-16T01:24:22.279+0000] {processor.py:914} INFO - Processing file /home/airflow/.local/lib/python3.12/site-packages/airflow/example_dags/example_params_ui_tutorial.py for tasks to queue
[2025-04-16T01:24:22.280+0000] {logging_mixin.py:190} INFO - [2025-04-16T01:24:22.280+0000] {dagbag.py:588} INFO - Filling up the DagBag from /home/airflow/.local/lib/python3.12/site-packages/airflow/example_dags/example_params_ui_tutorial.py
[2025-04-16T01:24:22.286+0000] {processor.py:925} INFO - DAG(s) 'example_params_ui_tutorial' retrieved from /home/airflow/.local/lib/python3.12/site-packages/airflow/example_dags/example_params_ui_tutorial.py
[2025-04-16T01:24:22.316+0000] {logging_mixin.py:190} INFO - [2025-04-16T01:24:22.316+0000] {dag.py:3239} INFO - Sync 1 DAGs
[2025-04-16T01:24:22.325+0000] {logging_mixin.py:190} INFO - [2025-04-16T01:24:22.325+0000] {dag.py:4180} INFO - Setting next_dagrun for example_params_ui_tutorial to None, run_after=None
[2025-04-16T01:24:22.333+0000] {processor.py:208} INFO - Processing /home/airflow/.local/lib/python3.12/site-packages/airflow/example_dags/example_params_ui_tutorial.py took 0.059 seconds
[2025-04-16T01:24:52.492+0000] {processor.py:186} INFO - Started process (PID=293) to work on /home/airflow/.local/lib/python3.12/site-packages/airflow/example_dags/example_params_ui_tutorial.py
[2025-04-16T01:24:52.493+0000] {processor.py:914} INFO - Processing file /home/airflow/.local/lib/python3.12/site-packages/airflow/example_dags/example_params_ui_tutorial.py for tasks to queue
[2025-04-16T01:24:52.495+0000] {logging_mixin.py:190} INFO - [2025-04-16T01:24:52.495+0000] {dagbag.py:588} INFO - Filling up the DagBag from /home/airflow/.local/lib/python3.12/site-packages/airflow/example_dags/example_params_ui_tutorial.py
[2025-04-16T01:24:52.503+0000] {processor.py:925} INFO - DAG(s) 'example_params_ui_tutorial' retrieved from /home/airflow/.local/lib/python3.12/site-packages/airflow/example_dags/example_params_ui_tutorial.py
[2025-04-16T01:24:52.534+0000] {logging_mixin.py:190} INFO - [2025-04-16T01:24:52.534+0000] {dag.py:3239} INFO - Sync 1 DAGs
[2025-04-16T01:24:52.543+0000] {logging_mixin.py:190} INFO - [2025-04-16T01:24:52.543+0000] {dag.py:4180} INFO - Setting next_dagrun for example_params_ui_tutorial to None, run_after=None
[2025-04-16T01:24:52.553+0000] {processor.py:208} INFO - Processing /home/airflow/.local/lib/python3.12/site-packages/airflow/example_dags/example_params_ui_tutorial.py took 0.069 seconds
[2025-04-16T01:25:23.196+0000] {processor.py:186} INFO - Started process (PID=357) to work on /home/airflow/.local/lib/python3.12/site-packages/airflow/example_dags/example_params_ui_tutorial.py
[2025-04-16T01:25:23.197+0000] {processor.py:914} INFO - Processing file /home/airflow/.local/lib/python3.12/site-packages/airflow/example_dags/example_params_ui_tutorial.py for tasks to queue
[2025-04-16T01:25:23.198+0000] {logging_mixin.py:190} INFO - [2025-04-16T01:25:23.197+0000] {dagbag.py:588} INFO - Filling up the DagBag from /home/airflow/.local/lib/python3.12/site-packages/airflow/example_dags/example_params_ui_tutorial.py
[2025-04-16T01:25:23.202+0000] {processor.py:925} INFO - DAG(s) 'example_params_ui_tutorial' retrieved from /home/airflow/.local/lib/python3.12/site-packages/airflow/example_dags/example_params_ui_tutorial.py
[2025-04-16T01:25:23.219+0000] {logging_mixin.py:190} INFO - [2025-04-16T01:25:23.219+0000] {dag.py:3239} INFO - Sync 1 DAGs
[2025-04-16T01:25:23.224+0000] {logging_mixin.py:190} INFO - [2025-04-16T01:25:23.224+0000] {dag.py:4180} INFO - Setting next_dagrun for example_params_ui_tutorial to None, run_after=None
[2025-04-16T01:25:23.231+0000] {processor.py:208} INFO - Processing /home/airflow/.local/lib/python3.12/site-packages/airflow/example_dags/example_params_ui_tutorial.py took 0.037 seconds
