[2025-04-16T01:23:19.327+0000] {processor.py:186} INFO - Started process (PID=97) to work on /home/airflow/.local/lib/python3.12/site-packages/airflow/example_dags/example_sensors.py
[2025-04-16T01:23:19.328+0000] {processor.py:914} INFO - Processing file /home/airflow/.local/lib/python3.12/site-packages/airflow/example_dags/example_sensors.py for tasks to queue
[2025-04-16T01:23:19.330+0000] {logging_mixin.py:190} INFO - [2025-04-16T01:23:19.330+0000] {dagbag.py:588} INFO - Filling up the DagBag from /home/airflow/.local/lib/python3.12/site-packages/airflow/example_dags/example_sensors.py
[2025-04-16T01:23:19.342+0000] {processor.py:925} INFO - DAG(s) 'example_sensors' retrieved from /home/airflow/.local/lib/python3.12/site-packages/airflow/example_dags/example_sensors.py
[2025-04-16T01:23:19.485+0000] {logging_mixin.py:190} INFO - [2025-04-16T01:23:19.485+0000] {override.py:1912} INFO - Created Permission View: can read on DAG:example_sensors
[2025-04-16T01:23:19.500+0000] {logging_mixin.py:190} INFO - [2025-04-16T01:23:19.499+0000] {override.py:1912} INFO - Created Permission View: can edit on DAG:example_sensors
[2025-04-16T01:23:19.512+0000] {logging_mixin.py:190} INFO - [2025-04-16T01:23:19.512+0000] {override.py:1912} INFO - Created Permission View: can delete on DAG:example_sensors
[2025-04-16T01:23:19.517+0000] {logging_mixin.py:190} INFO - [2025-04-16T01:23:19.517+0000] {override.py:1912} INFO - Created Permission View: can read on DAG Run:example_sensors
[2025-04-16T01:23:19.521+0000] {logging_mixin.py:190} INFO - [2025-04-16T01:23:19.521+0000] {override.py:1912} INFO - Created Permission View: can create on DAG Run:example_sensors
[2025-04-16T01:23:19.525+0000] {logging_mixin.py:190} INFO - [2025-04-16T01:23:19.525+0000] {override.py:1912} INFO - Created Permission View: menu access on DAG Run:example_sensors
[2025-04-16T01:23:19.535+0000] {logging_mixin.py:190} INFO - [2025-04-16T01:23:19.535+0000] {override.py:1912} INFO - Created Permission View: can delete on DAG Run:example_sensors
[2025-04-16T01:23:19.537+0000] {logging_mixin.py:190} INFO - [2025-04-16T01:23:19.537+0000] {dag.py:3239} INFO - Sync 1 DAGs
[2025-04-16T01:23:19.561+0000] {logging_mixin.py:190} INFO - [2025-04-16T01:23:19.561+0000] {dag.py:3262} INFO - Creating ORM DAG for example_sensors
[2025-04-16T01:23:19.562+0000] {logging_mixin.py:190} INFO - [2025-04-16T01:23:19.562+0000] {dag.py:4180} INFO - Setting next_dagrun for example_sensors to None, run_after=None
[2025-04-16T01:23:19.580+0000] {processor.py:208} INFO - Processing /home/airflow/.local/lib/python3.12/site-packages/airflow/example_dags/example_sensors.py took 0.270 seconds
[2025-04-16T01:23:50.557+0000] {processor.py:186} INFO - Started process (PID=161) to work on /home/airflow/.local/lib/python3.12/site-packages/airflow/example_dags/example_sensors.py
[2025-04-16T01:23:50.558+0000] {processor.py:914} INFO - Processing file /home/airflow/.local/lib/python3.12/site-packages/airflow/example_dags/example_sensors.py for tasks to queue
[2025-04-16T01:23:50.563+0000] {logging_mixin.py:190} INFO - [2025-04-16T01:23:50.563+0000] {dagbag.py:588} INFO - Filling up the DagBag from /home/airflow/.local/lib/python3.12/site-packages/airflow/example_dags/example_sensors.py
[2025-04-16T01:23:50.588+0000] {processor.py:925} INFO - DAG(s) 'example_sensors' retrieved from /home/airflow/.local/lib/python3.12/site-packages/airflow/example_dags/example_sensors.py
[2025-04-16T01:23:50.664+0000] {logging_mixin.py:190} INFO - [2025-04-16T01:23:50.663+0000] {dag.py:3239} INFO - Sync 1 DAGs
[2025-04-16T01:23:50.696+0000] {logging_mixin.py:190} INFO - [2025-04-16T01:23:50.695+0000] {dag.py:4180} INFO - Setting next_dagrun for example_sensors to None, run_after=None
[2025-04-16T01:23:50.739+0000] {processor.py:208} INFO - Processing /home/airflow/.local/lib/python3.12/site-packages/airflow/example_dags/example_sensors.py took 0.210 seconds
[2025-04-16T01:24:20.944+0000] {processor.py:186} INFO - Started process (PID=225) to work on /home/airflow/.local/lib/python3.12/site-packages/airflow/example_dags/example_sensors.py
[2025-04-16T01:24:20.946+0000] {processor.py:914} INFO - Processing file /home/airflow/.local/lib/python3.12/site-packages/airflow/example_dags/example_sensors.py for tasks to queue
[2025-04-16T01:24:20.951+0000] {logging_mixin.py:190} INFO - [2025-04-16T01:24:20.950+0000] {dagbag.py:588} INFO - Filling up the DagBag from /home/airflow/.local/lib/python3.12/site-packages/airflow/example_dags/example_sensors.py
[2025-04-16T01:24:20.962+0000] {processor.py:925} INFO - DAG(s) 'example_sensors' retrieved from /home/airflow/.local/lib/python3.12/site-packages/airflow/example_dags/example_sensors.py
[2025-04-16T01:24:20.997+0000] {logging_mixin.py:190} INFO - [2025-04-16T01:24:20.997+0000] {dag.py:3239} INFO - Sync 1 DAGs
[2025-04-16T01:24:21.019+0000] {logging_mixin.py:190} INFO - [2025-04-16T01:24:21.018+0000] {dag.py:4180} INFO - Setting next_dagrun for example_sensors to None, run_after=None
[2025-04-16T01:24:21.047+0000] {processor.py:208} INFO - Processing /home/airflow/.local/lib/python3.12/site-packages/airflow/example_dags/example_sensors.py took 0.112 seconds
[2025-04-16T01:24:51.199+0000] {processor.py:186} INFO - Started process (PID=289) to work on /home/airflow/.local/lib/python3.12/site-packages/airflow/example_dags/example_sensors.py
[2025-04-16T01:24:51.200+0000] {processor.py:914} INFO - Processing file /home/airflow/.local/lib/python3.12/site-packages/airflow/example_dags/example_sensors.py for tasks to queue
[2025-04-16T01:24:51.201+0000] {logging_mixin.py:190} INFO - [2025-04-16T01:24:51.201+0000] {dagbag.py:588} INFO - Filling up the DagBag from /home/airflow/.local/lib/python3.12/site-packages/airflow/example_dags/example_sensors.py
[2025-04-16T01:24:51.207+0000] {processor.py:925} INFO - DAG(s) 'example_sensors' retrieved from /home/airflow/.local/lib/python3.12/site-packages/airflow/example_dags/example_sensors.py
[2025-04-16T01:24:51.232+0000] {logging_mixin.py:190} INFO - [2025-04-16T01:24:51.232+0000] {dag.py:3239} INFO - Sync 1 DAGs
[2025-04-16T01:24:51.243+0000] {logging_mixin.py:190} INFO - [2025-04-16T01:24:51.242+0000] {dag.py:4180} INFO - Setting next_dagrun for example_sensors to None, run_after=None
[2025-04-16T01:24:51.264+0000] {processor.py:208} INFO - Processing /home/airflow/.local/lib/python3.12/site-packages/airflow/example_dags/example_sensors.py took 0.071 seconds
[2025-04-16T01:25:21.992+0000] {processor.py:186} INFO - Started process (PID=352) to work on /home/airflow/.local/lib/python3.12/site-packages/airflow/example_dags/example_sensors.py
[2025-04-16T01:25:21.993+0000] {processor.py:914} INFO - Processing file /home/airflow/.local/lib/python3.12/site-packages/airflow/example_dags/example_sensors.py for tasks to queue
[2025-04-16T01:25:21.997+0000] {logging_mixin.py:190} INFO - [2025-04-16T01:25:21.996+0000] {dagbag.py:588} INFO - Filling up the DagBag from /home/airflow/.local/lib/python3.12/site-packages/airflow/example_dags/example_sensors.py
[2025-04-16T01:25:22.010+0000] {processor.py:925} INFO - DAG(s) 'example_sensors' retrieved from /home/airflow/.local/lib/python3.12/site-packages/airflow/example_dags/example_sensors.py
[2025-04-16T01:25:22.040+0000] {logging_mixin.py:190} INFO - [2025-04-16T01:25:22.040+0000] {dag.py:3239} INFO - Sync 1 DAGs
[2025-04-16T01:25:22.056+0000] {logging_mixin.py:190} INFO - [2025-04-16T01:25:22.055+0000] {dag.py:4180} INFO - Setting next_dagrun for example_sensors to None, run_after=None
[2025-04-16T01:25:22.078+0000] {processor.py:208} INFO - Processing /home/airflow/.local/lib/python3.12/site-packages/airflow/example_dags/example_sensors.py took 0.093 seconds
