[2025-04-16T01:23:21.658+0000] {processor.py:186} INFO - Started process (PID=110) to work on /home/airflow/.local/lib/python3.12/site-packages/airflow/example_dags/example_python_decorator.py
[2025-04-16T01:23:21.659+0000] {processor.py:914} INFO - Processing file /home/airflow/.local/lib/python3.12/site-packages/airflow/example_dags/example_python_decorator.py for tasks to queue
[2025-04-16T01:23:21.660+0000] {logging_mixin.py:190} INFO - [2025-04-16T01:23:21.660+0000] {dagbag.py:588} INFO - Filling up the DagBag from /home/airflow/.local/lib/python3.12/site-packages/airflow/example_dags/example_python_decorator.py
[2025-04-16T01:23:21.670+0000] {processor.py:925} INFO - DAG(s) 'example_python_decorator' retrieved from /home/airflow/.local/lib/python3.12/site-packages/airflow/example_dags/example_python_decorator.py
[2025-04-16T01:23:21.738+0000] {logging_mixin.py:190} INFO - [2025-04-16T01:23:21.738+0000] {override.py:1912} INFO - Created Permission View: can read on DAG:example_python_decorator
[2025-04-16T01:23:21.746+0000] {logging_mixin.py:190} INFO - [2025-04-16T01:23:21.745+0000] {override.py:1912} INFO - Created Permission View: can edit on DAG:example_python_decorator
[2025-04-16T01:23:21.750+0000] {logging_mixin.py:190} INFO - [2025-04-16T01:23:21.750+0000] {override.py:1912} INFO - Created Permission View: can delete on DAG:example_python_decorator
[2025-04-16T01:23:21.758+0000] {logging_mixin.py:190} INFO - [2025-04-16T01:23:21.758+0000] {override.py:1912} INFO - Created Permission View: can read on DAG Run:example_python_decorator
[2025-04-16T01:23:21.762+0000] {logging_mixin.py:190} INFO - [2025-04-16T01:23:21.762+0000] {override.py:1912} INFO - Created Permission View: can create on DAG Run:example_python_decorator
[2025-04-16T01:23:21.766+0000] {logging_mixin.py:190} INFO - [2025-04-16T01:23:21.765+0000] {override.py:1912} INFO - Created Permission View: menu access on DAG Run:example_python_decorator
[2025-04-16T01:23:21.768+0000] {logging_mixin.py:190} INFO - [2025-04-16T01:23:21.768+0000] {override.py:1912} INFO - Created Permission View: can delete on DAG Run:example_python_decorator
[2025-04-16T01:23:21.768+0000] {logging_mixin.py:190} INFO - [2025-04-16T01:23:21.768+0000] {dag.py:3239} INFO - Sync 1 DAGs
[2025-04-16T01:23:21.777+0000] {logging_mixin.py:190} INFO - [2025-04-16T01:23:21.776+0000] {dag.py:3262} INFO - Creating ORM DAG for example_python_decorator
[2025-04-16T01:23:21.781+0000] {logging_mixin.py:190} INFO - [2025-04-16T01:23:21.781+0000] {dag.py:4180} INFO - Setting next_dagrun for example_python_decorator to None, run_after=None
[2025-04-16T01:23:21.792+0000] {processor.py:208} INFO - Processing /home/airflow/.local/lib/python3.12/site-packages/airflow/example_dags/example_python_decorator.py took 0.139 seconds
[2025-04-16T01:23:53.934+0000] {processor.py:186} INFO - Started process (PID=174) to work on /home/airflow/.local/lib/python3.12/site-packages/airflow/example_dags/example_python_decorator.py
[2025-04-16T01:23:53.938+0000] {processor.py:914} INFO - Processing file /home/airflow/.local/lib/python3.12/site-packages/airflow/example_dags/example_python_decorator.py for tasks to queue
[2025-04-16T01:23:53.939+0000] {logging_mixin.py:190} INFO - [2025-04-16T01:23:53.939+0000] {dagbag.py:588} INFO - Filling up the DagBag from /home/airflow/.local/lib/python3.12/site-packages/airflow/example_dags/example_python_decorator.py
[2025-04-16T01:23:53.948+0000] {processor.py:925} INFO - DAG(s) 'example_python_decorator' retrieved from /home/airflow/.local/lib/python3.12/site-packages/airflow/example_dags/example_python_decorator.py
[2025-04-16T01:23:53.978+0000] {logging_mixin.py:190} INFO - [2025-04-16T01:23:53.978+0000] {dag.py:3239} INFO - Sync 1 DAGs
[2025-04-16T01:23:53.987+0000] {logging_mixin.py:190} INFO - [2025-04-16T01:23:53.987+0000] {dag.py:4180} INFO - Setting next_dagrun for example_python_decorator to None, run_after=None
[2025-04-16T01:23:53.995+0000] {processor.py:208} INFO - Processing /home/airflow/.local/lib/python3.12/site-packages/airflow/example_dags/example_python_decorator.py took 0.075 seconds
[2025-04-16T01:24:25.041+0000] {processor.py:186} INFO - Started process (PID=237) to work on /home/airflow/.local/lib/python3.12/site-packages/airflow/example_dags/example_python_decorator.py
[2025-04-16T01:24:25.042+0000] {processor.py:914} INFO - Processing file /home/airflow/.local/lib/python3.12/site-packages/airflow/example_dags/example_python_decorator.py for tasks to queue
[2025-04-16T01:24:25.046+0000] {logging_mixin.py:190} INFO - [2025-04-16T01:24:25.045+0000] {dagbag.py:588} INFO - Filling up the DagBag from /home/airflow/.local/lib/python3.12/site-packages/airflow/example_dags/example_python_decorator.py
[2025-04-16T01:24:25.068+0000] {processor.py:925} INFO - DAG(s) 'example_python_decorator' retrieved from /home/airflow/.local/lib/python3.12/site-packages/airflow/example_dags/example_python_decorator.py
[2025-04-16T01:24:25.112+0000] {logging_mixin.py:190} INFO - [2025-04-16T01:24:25.111+0000] {dag.py:3239} INFO - Sync 1 DAGs
[2025-04-16T01:24:25.131+0000] {logging_mixin.py:190} INFO - [2025-04-16T01:24:25.131+0000] {dag.py:4180} INFO - Setting next_dagrun for example_python_decorator to None, run_after=None
[2025-04-16T01:24:25.160+0000] {processor.py:208} INFO - Processing /home/airflow/.local/lib/python3.12/site-packages/airflow/example_dags/example_python_decorator.py took 0.129 seconds
[2025-04-16T01:24:56.011+0000] {processor.py:186} INFO - Started process (PID=301) to work on /home/airflow/.local/lib/python3.12/site-packages/airflow/example_dags/example_python_decorator.py
[2025-04-16T01:24:56.012+0000] {processor.py:914} INFO - Processing file /home/airflow/.local/lib/python3.12/site-packages/airflow/example_dags/example_python_decorator.py for tasks to queue
[2025-04-16T01:24:56.013+0000] {logging_mixin.py:190} INFO - [2025-04-16T01:24:56.013+0000] {dagbag.py:588} INFO - Filling up the DagBag from /home/airflow/.local/lib/python3.12/site-packages/airflow/example_dags/example_python_decorator.py
[2025-04-16T01:24:56.036+0000] {processor.py:925} INFO - DAG(s) 'example_python_decorator' retrieved from /home/airflow/.local/lib/python3.12/site-packages/airflow/example_dags/example_python_decorator.py
[2025-04-16T01:24:56.083+0000] {logging_mixin.py:190} INFO - [2025-04-16T01:24:56.083+0000] {dag.py:3239} INFO - Sync 1 DAGs
[2025-04-16T01:24:56.109+0000] {logging_mixin.py:190} INFO - [2025-04-16T01:24:56.109+0000] {dag.py:4180} INFO - Setting next_dagrun for example_python_decorator to None, run_after=None
[2025-04-16T01:24:56.134+0000] {processor.py:208} INFO - Processing /home/airflow/.local/lib/python3.12/site-packages/airflow/example_dags/example_python_decorator.py took 0.130 seconds
[2025-04-16T01:25:26.532+0000] {processor.py:186} INFO - Started process (PID=364) to work on /home/airflow/.local/lib/python3.12/site-packages/airflow/example_dags/example_python_decorator.py
[2025-04-16T01:25:26.533+0000] {processor.py:914} INFO - Processing file /home/airflow/.local/lib/python3.12/site-packages/airflow/example_dags/example_python_decorator.py for tasks to queue
[2025-04-16T01:25:26.534+0000] {logging_mixin.py:190} INFO - [2025-04-16T01:25:26.534+0000] {dagbag.py:588} INFO - Filling up the DagBag from /home/airflow/.local/lib/python3.12/site-packages/airflow/example_dags/example_python_decorator.py
[2025-04-16T01:25:26.552+0000] {processor.py:925} INFO - DAG(s) 'example_python_decorator' retrieved from /home/airflow/.local/lib/python3.12/site-packages/airflow/example_dags/example_python_decorator.py
[2025-04-16T01:25:26.572+0000] {logging_mixin.py:190} INFO - [2025-04-16T01:25:26.572+0000] {dag.py:3239} INFO - Sync 1 DAGs
[2025-04-16T01:25:26.585+0000] {logging_mixin.py:190} INFO - [2025-04-16T01:25:26.585+0000] {dag.py:4180} INFO - Setting next_dagrun for example_python_decorator to None, run_after=None
[2025-04-16T01:25:26.597+0000] {processor.py:208} INFO - Processing /home/airflow/.local/lib/python3.12/site-packages/airflow/example_dags/example_python_decorator.py took 0.085 seconds
