[2025-04-16T01:23:13.935+0000] {processor.py:186} INFO - Started process (PID=71) to work on /home/airflow/.local/lib/python3.12/site-packages/airflow/example_dags/example_dataset_alias_with_no_taskflow.py
[2025-04-16T01:23:13.936+0000] {processor.py:914} INFO - Processing file /home/airflow/.local/lib/python3.12/site-packages/airflow/example_dags/example_dataset_alias_with_no_taskflow.py for tasks to queue
[2025-04-16T01:23:13.937+0000] {logging_mixin.py:190} INFO - [2025-04-16T01:23:13.937+0000] {dagbag.py:588} INFO - Filling up the DagBag from /home/airflow/.local/lib/python3.12/site-packages/airflow/example_dags/example_dataset_alias_with_no_taskflow.py
[2025-04-16T01:23:15.266+0000] {processor.py:925} INFO - DAG(s) 'dataset_s3_bucket_producer_with_no_taskflow', 'dataset_alias_example_alias_producer_with_no_taskflow', 'dataset_s3_bucket_consumer_with_no_taskflow', 'dataset_alias_example_alias_consumer_with_no_taskflow' retrieved from /home/airflow/.local/lib/python3.12/site-packages/airflow/example_dags/example_dataset_alias_with_no_taskflow.py
[2025-04-16T01:23:15.366+0000] {logging_mixin.py:190} INFO - [2025-04-16T01:23:15.365+0000] {override.py:1912} INFO - Created Permission View: can read on DAG:dataset_s3_bucket_producer_with_no_taskflow
[2025-04-16T01:23:15.382+0000] {logging_mixin.py:190} INFO - [2025-04-16T01:23:15.381+0000] {override.py:1912} INFO - Created Permission View: can edit on DAG:dataset_s3_bucket_producer_with_no_taskflow
[2025-04-16T01:23:15.393+0000] {logging_mixin.py:190} INFO - [2025-04-16T01:23:15.392+0000] {override.py:1912} INFO - Created Permission View: can delete on DAG:dataset_s3_bucket_producer_with_no_taskflow
[2025-04-16T01:23:15.405+0000] {logging_mixin.py:190} INFO - [2025-04-16T01:23:15.404+0000] {override.py:1912} INFO - Created Permission View: can read on DAG Run:dataset_s3_bucket_producer_with_no_taskflow
[2025-04-16T01:23:15.415+0000] {logging_mixin.py:190} INFO - [2025-04-16T01:23:15.414+0000] {override.py:1912} INFO - Created Permission View: can create on DAG Run:dataset_s3_bucket_producer_with_no_taskflow
[2025-04-16T01:23:15.423+0000] {logging_mixin.py:190} INFO - [2025-04-16T01:23:15.423+0000] {override.py:1912} INFO - Created Permission View: menu access on DAG Run:dataset_s3_bucket_producer_with_no_taskflow
[2025-04-16T01:23:15.431+0000] {logging_mixin.py:190} INFO - [2025-04-16T01:23:15.431+0000] {override.py:1912} INFO - Created Permission View: can delete on DAG Run:dataset_s3_bucket_producer_with_no_taskflow
[2025-04-16T01:23:15.443+0000] {logging_mixin.py:190} INFO - [2025-04-16T01:23:15.443+0000] {override.py:1912} INFO - Created Permission View: can read on DAG:dataset_alias_example_alias_producer_with_no_taskflow
[2025-04-16T01:23:15.447+0000] {logging_mixin.py:190} INFO - [2025-04-16T01:23:15.447+0000] {override.py:1912} INFO - Created Permission View: can edit on DAG:dataset_alias_example_alias_producer_with_no_taskflow
[2025-04-16T01:23:15.455+0000] {logging_mixin.py:190} INFO - [2025-04-16T01:23:15.455+0000] {override.py:1912} INFO - Created Permission View: can delete on DAG:dataset_alias_example_alias_producer_with_no_taskflow
[2025-04-16T01:23:15.459+0000] {logging_mixin.py:190} INFO - [2025-04-16T01:23:15.459+0000] {override.py:1912} INFO - Created Permission View: can read on DAG Run:dataset_alias_example_alias_producer_with_no_taskflow
[2025-04-16T01:23:15.464+0000] {logging_mixin.py:190} INFO - [2025-04-16T01:23:15.464+0000] {override.py:1912} INFO - Created Permission View: can create on DAG Run:dataset_alias_example_alias_producer_with_no_taskflow
[2025-04-16T01:23:15.470+0000] {logging_mixin.py:190} INFO - [2025-04-16T01:23:15.470+0000] {override.py:1912} INFO - Created Permission View: menu access on DAG Run:dataset_alias_example_alias_producer_with_no_taskflow
[2025-04-16T01:23:15.474+0000] {logging_mixin.py:190} INFO - [2025-04-16T01:23:15.474+0000] {override.py:1912} INFO - Created Permission View: can delete on DAG Run:dataset_alias_example_alias_producer_with_no_taskflow
[2025-04-16T01:23:15.489+0000] {logging_mixin.py:190} INFO - [2025-04-16T01:23:15.488+0000] {override.py:1912} INFO - Created Permission View: can read on DAG:dataset_s3_bucket_consumer_with_no_taskflow
[2025-04-16T01:23:15.497+0000] {logging_mixin.py:190} INFO - [2025-04-16T01:23:15.496+0000] {override.py:1912} INFO - Created Permission View: can edit on DAG:dataset_s3_bucket_consumer_with_no_taskflow
[2025-04-16T01:23:15.502+0000] {logging_mixin.py:190} INFO - [2025-04-16T01:23:15.502+0000] {override.py:1912} INFO - Created Permission View: can delete on DAG:dataset_s3_bucket_consumer_with_no_taskflow
[2025-04-16T01:23:15.516+0000] {logging_mixin.py:190} INFO - [2025-04-16T01:23:15.515+0000] {override.py:1912} INFO - Created Permission View: can read on DAG Run:dataset_s3_bucket_consumer_with_no_taskflow
[2025-04-16T01:23:15.525+0000] {logging_mixin.py:190} INFO - [2025-04-16T01:23:15.524+0000] {override.py:1912} INFO - Created Permission View: can create on DAG Run:dataset_s3_bucket_consumer_with_no_taskflow
[2025-04-16T01:23:15.535+0000] {logging_mixin.py:190} INFO - [2025-04-16T01:23:15.535+0000] {override.py:1912} INFO - Created Permission View: menu access on DAG Run:dataset_s3_bucket_consumer_with_no_taskflow
[2025-04-16T01:23:15.539+0000] {logging_mixin.py:190} INFO - [2025-04-16T01:23:15.539+0000] {override.py:1912} INFO - Created Permission View: can delete on DAG Run:dataset_s3_bucket_consumer_with_no_taskflow
[2025-04-16T01:23:15.546+0000] {logging_mixin.py:190} INFO - [2025-04-16T01:23:15.545+0000] {override.py:1912} INFO - Created Permission View: can read on DAG:dataset_alias_example_alias_consumer_with_no_taskflow
[2025-04-16T01:23:15.549+0000] {logging_mixin.py:190} INFO - [2025-04-16T01:23:15.548+0000] {override.py:1912} INFO - Created Permission View: can edit on DAG:dataset_alias_example_alias_consumer_with_no_taskflow
[2025-04-16T01:23:15.554+0000] {logging_mixin.py:190} INFO - [2025-04-16T01:23:15.554+0000] {override.py:1912} INFO - Created Permission View: can delete on DAG:dataset_alias_example_alias_consumer_with_no_taskflow
[2025-04-16T01:23:15.566+0000] {logging_mixin.py:190} INFO - [2025-04-16T01:23:15.565+0000] {override.py:1912} INFO - Created Permission View: can read on DAG Run:dataset_alias_example_alias_consumer_with_no_taskflow
[2025-04-16T01:23:15.573+0000] {logging_mixin.py:190} INFO - [2025-04-16T01:23:15.572+0000] {override.py:1912} INFO - Created Permission View: can create on DAG Run:dataset_alias_example_alias_consumer_with_no_taskflow
[2025-04-16T01:23:15.580+0000] {logging_mixin.py:190} INFO - [2025-04-16T01:23:15.580+0000] {override.py:1912} INFO - Created Permission View: menu access on DAG Run:dataset_alias_example_alias_consumer_with_no_taskflow
[2025-04-16T01:23:15.586+0000] {logging_mixin.py:190} INFO - [2025-04-16T01:23:15.586+0000] {override.py:1912} INFO - Created Permission View: can delete on DAG Run:dataset_alias_example_alias_consumer_with_no_taskflow
[2025-04-16T01:23:15.590+0000] {logging_mixin.py:190} INFO - [2025-04-16T01:23:15.587+0000] {dag.py:3239} INFO - Sync 4 DAGs
[2025-04-16T01:23:15.608+0000] {logging_mixin.py:190} INFO - [2025-04-16T01:23:15.608+0000] {dag.py:3262} INFO - Creating ORM DAG for dataset_alias_example_alias_consumer_with_no_taskflow
[2025-04-16T01:23:15.609+0000] {logging_mixin.py:190} INFO - [2025-04-16T01:23:15.609+0000] {dag.py:3262} INFO - Creating ORM DAG for dataset_s3_bucket_consumer_with_no_taskflow
[2025-04-16T01:23:15.609+0000] {logging_mixin.py:190} INFO - [2025-04-16T01:23:15.609+0000] {dag.py:3262} INFO - Creating ORM DAG for dataset_s3_bucket_producer_with_no_taskflow
[2025-04-16T01:23:15.610+0000] {logging_mixin.py:190} INFO - [2025-04-16T01:23:15.610+0000] {dag.py:3262} INFO - Creating ORM DAG for dataset_alias_example_alias_producer_with_no_taskflow
[2025-04-16T01:23:15.620+0000] {logging_mixin.py:190} INFO - [2025-04-16T01:23:15.620+0000] {dag.py:4180} INFO - Setting next_dagrun for dataset_alias_example_alias_consumer_with_no_taskflow to None, run_after=None
[2025-04-16T01:23:15.621+0000] {logging_mixin.py:190} INFO - [2025-04-16T01:23:15.621+0000] {dag.py:4180} INFO - Setting next_dagrun for dataset_alias_example_alias_producer_with_no_taskflow to None, run_after=None
[2025-04-16T01:23:15.622+0000] {logging_mixin.py:190} INFO - [2025-04-16T01:23:15.622+0000] {dag.py:4180} INFO - Setting next_dagrun for dataset_s3_bucket_consumer_with_no_taskflow to None, run_after=None
[2025-04-16T01:23:15.622+0000] {logging_mixin.py:190} INFO - [2025-04-16T01:23:15.622+0000] {dag.py:4180} INFO - Setting next_dagrun for dataset_s3_bucket_producer_with_no_taskflow to None, run_after=None
[2025-04-16T01:23:15.658+0000] {processor.py:208} INFO - Processing /home/airflow/.local/lib/python3.12/site-packages/airflow/example_dags/example_dataset_alias_with_no_taskflow.py took 1.727 seconds
[2025-04-16T01:23:45.729+0000] {processor.py:186} INFO - Started process (PID=143) to work on /home/airflow/.local/lib/python3.12/site-packages/airflow/example_dags/example_dataset_alias_with_no_taskflow.py
[2025-04-16T01:23:45.731+0000] {processor.py:914} INFO - Processing file /home/airflow/.local/lib/python3.12/site-packages/airflow/example_dags/example_dataset_alias_with_no_taskflow.py for tasks to queue
[2025-04-16T01:23:45.734+0000] {logging_mixin.py:190} INFO - [2025-04-16T01:23:45.733+0000] {dagbag.py:588} INFO - Filling up the DagBag from /home/airflow/.local/lib/python3.12/site-packages/airflow/example_dags/example_dataset_alias_with_no_taskflow.py
[2025-04-16T01:23:46.294+0000] {processor.py:925} INFO - DAG(s) 'dataset_alias_example_alias_producer_with_no_taskflow', 'dataset_alias_example_alias_consumer_with_no_taskflow', 'dataset_s3_bucket_consumer_with_no_taskflow', 'dataset_s3_bucket_producer_with_no_taskflow' retrieved from /home/airflow/.local/lib/python3.12/site-packages/airflow/example_dags/example_dataset_alias_with_no_taskflow.py
[2025-04-16T01:23:46.303+0000] {logging_mixin.py:190} INFO - [2025-04-16T01:23:46.303+0000] {dag.py:3239} INFO - Sync 4 DAGs
[2025-04-16T01:23:46.316+0000] {logging_mixin.py:190} INFO - [2025-04-16T01:23:46.316+0000] {dag.py:4180} INFO - Setting next_dagrun for dataset_alias_example_alias_consumer_with_no_taskflow to None, run_after=None
[2025-04-16T01:23:46.317+0000] {logging_mixin.py:190} INFO - [2025-04-16T01:23:46.317+0000] {dag.py:4180} INFO - Setting next_dagrun for dataset_alias_example_alias_producer_with_no_taskflow to None, run_after=None
[2025-04-16T01:23:46.318+0000] {logging_mixin.py:190} INFO - [2025-04-16T01:23:46.318+0000] {dag.py:4180} INFO - Setting next_dagrun for dataset_s3_bucket_consumer_with_no_taskflow to None, run_after=None
[2025-04-16T01:23:46.318+0000] {logging_mixin.py:190} INFO - [2025-04-16T01:23:46.318+0000] {dag.py:4180} INFO - Setting next_dagrun for dataset_s3_bucket_producer_with_no_taskflow to None, run_after=None
[2025-04-16T01:23:46.327+0000] {processor.py:208} INFO - Processing /home/airflow/.local/lib/python3.12/site-packages/airflow/example_dags/example_dataset_alias_with_no_taskflow.py took 0.604 seconds
[2025-04-16T01:24:16.897+0000] {processor.py:186} INFO - Started process (PID=206) to work on /home/airflow/.local/lib/python3.12/site-packages/airflow/example_dags/example_dataset_alias_with_no_taskflow.py
[2025-04-16T01:24:16.899+0000] {processor.py:914} INFO - Processing file /home/airflow/.local/lib/python3.12/site-packages/airflow/example_dags/example_dataset_alias_with_no_taskflow.py for tasks to queue
[2025-04-16T01:24:16.904+0000] {logging_mixin.py:190} INFO - [2025-04-16T01:24:16.903+0000] {dagbag.py:588} INFO - Filling up the DagBag from /home/airflow/.local/lib/python3.12/site-packages/airflow/example_dags/example_dataset_alias_with_no_taskflow.py
[2025-04-16T01:24:17.723+0000] {processor.py:925} INFO - DAG(s) 'dataset_s3_bucket_consumer_with_no_taskflow', 'dataset_s3_bucket_producer_with_no_taskflow', 'dataset_alias_example_alias_producer_with_no_taskflow', 'dataset_alias_example_alias_consumer_with_no_taskflow' retrieved from /home/airflow/.local/lib/python3.12/site-packages/airflow/example_dags/example_dataset_alias_with_no_taskflow.py
[2025-04-16T01:24:17.730+0000] {logging_mixin.py:190} INFO - [2025-04-16T01:24:17.730+0000] {dag.py:3239} INFO - Sync 4 DAGs
[2025-04-16T01:24:17.739+0000] {logging_mixin.py:190} INFO - [2025-04-16T01:24:17.739+0000] {dag.py:4180} INFO - Setting next_dagrun for dataset_alias_example_alias_consumer_with_no_taskflow to None, run_after=None
[2025-04-16T01:24:17.740+0000] {logging_mixin.py:190} INFO - [2025-04-16T01:24:17.740+0000] {dag.py:4180} INFO - Setting next_dagrun for dataset_alias_example_alias_producer_with_no_taskflow to None, run_after=None
[2025-04-16T01:24:17.741+0000] {logging_mixin.py:190} INFO - [2025-04-16T01:24:17.741+0000] {dag.py:4180} INFO - Setting next_dagrun for dataset_s3_bucket_consumer_with_no_taskflow to None, run_after=None
[2025-04-16T01:24:17.741+0000] {logging_mixin.py:190} INFO - [2025-04-16T01:24:17.741+0000] {dag.py:4180} INFO - Setting next_dagrun for dataset_s3_bucket_producer_with_no_taskflow to None, run_after=None
[2025-04-16T01:24:17.750+0000] {processor.py:208} INFO - Processing /home/airflow/.local/lib/python3.12/site-packages/airflow/example_dags/example_dataset_alias_with_no_taskflow.py took 0.867 seconds
[2025-04-16T01:24:48.180+0000] {processor.py:186} INFO - Started process (PID=270) to work on /home/airflow/.local/lib/python3.12/site-packages/airflow/example_dags/example_dataset_alias_with_no_taskflow.py
[2025-04-16T01:24:48.181+0000] {processor.py:914} INFO - Processing file /home/airflow/.local/lib/python3.12/site-packages/airflow/example_dags/example_dataset_alias_with_no_taskflow.py for tasks to queue
[2025-04-16T01:24:48.182+0000] {logging_mixin.py:190} INFO - [2025-04-16T01:24:48.182+0000] {dagbag.py:588} INFO - Filling up the DagBag from /home/airflow/.local/lib/python3.12/site-packages/airflow/example_dags/example_dataset_alias_with_no_taskflow.py
[2025-04-16T01:24:49.098+0000] {processor.py:925} INFO - DAG(s) 'dataset_alias_example_alias_consumer_with_no_taskflow', 'dataset_s3_bucket_consumer_with_no_taskflow', 'dataset_s3_bucket_producer_with_no_taskflow', 'dataset_alias_example_alias_producer_with_no_taskflow' retrieved from /home/airflow/.local/lib/python3.12/site-packages/airflow/example_dags/example_dataset_alias_with_no_taskflow.py
[2025-04-16T01:24:49.150+0000] {logging_mixin.py:190} INFO - [2025-04-16T01:24:49.148+0000] {dag.py:3239} INFO - Sync 4 DAGs
[2025-04-16T01:24:49.205+0000] {logging_mixin.py:190} INFO - [2025-04-16T01:24:49.203+0000] {dag.py:4180} INFO - Setting next_dagrun for dataset_alias_example_alias_consumer_with_no_taskflow to None, run_after=None
[2025-04-16T01:24:49.220+0000] {logging_mixin.py:190} INFO - [2025-04-16T01:24:49.220+0000] {dag.py:4180} INFO - Setting next_dagrun for dataset_alias_example_alias_producer_with_no_taskflow to None, run_after=None
[2025-04-16T01:24:49.231+0000] {logging_mixin.py:190} INFO - [2025-04-16T01:24:49.231+0000] {dag.py:4180} INFO - Setting next_dagrun for dataset_s3_bucket_consumer_with_no_taskflow to None, run_after=None
[2025-04-16T01:24:49.238+0000] {logging_mixin.py:190} INFO - [2025-04-16T01:24:49.238+0000] {dag.py:4180} INFO - Setting next_dagrun for dataset_s3_bucket_producer_with_no_taskflow to None, run_after=None
[2025-04-16T01:24:49.298+0000] {processor.py:208} INFO - Processing /home/airflow/.local/lib/python3.12/site-packages/airflow/example_dags/example_dataset_alias_with_no_taskflow.py took 1.125 seconds
[2025-04-16T01:25:20.571+0000] {processor.py:186} INFO - Started process (PID=339) to work on /home/airflow/.local/lib/python3.12/site-packages/airflow/example_dags/example_dataset_alias_with_no_taskflow.py
[2025-04-16T01:25:20.573+0000] {processor.py:914} INFO - Processing file /home/airflow/.local/lib/python3.12/site-packages/airflow/example_dags/example_dataset_alias_with_no_taskflow.py for tasks to queue
[2025-04-16T01:25:20.578+0000] {logging_mixin.py:190} INFO - [2025-04-16T01:25:20.577+0000] {dagbag.py:588} INFO - Filling up the DagBag from /home/airflow/.local/lib/python3.12/site-packages/airflow/example_dags/example_dataset_alias_with_no_taskflow.py
[2025-04-16T01:25:21.503+0000] {processor.py:925} INFO - DAG(s) 'dataset_alias_example_alias_consumer_with_no_taskflow', 'dataset_s3_bucket_consumer_with_no_taskflow', 'dataset_alias_example_alias_producer_with_no_taskflow', 'dataset_s3_bucket_producer_with_no_taskflow' retrieved from /home/airflow/.local/lib/python3.12/site-packages/airflow/example_dags/example_dataset_alias_with_no_taskflow.py
[2025-04-16T01:25:21.527+0000] {logging_mixin.py:190} INFO - [2025-04-16T01:25:21.527+0000] {dag.py:3239} INFO - Sync 4 DAGs
[2025-04-16T01:25:21.545+0000] {logging_mixin.py:190} INFO - [2025-04-16T01:25:21.545+0000] {dag.py:4180} INFO - Setting next_dagrun for dataset_alias_example_alias_consumer_with_no_taskflow to None, run_after=None
[2025-04-16T01:25:21.547+0000] {logging_mixin.py:190} INFO - [2025-04-16T01:25:21.546+0000] {dag.py:4180} INFO - Setting next_dagrun for dataset_alias_example_alias_producer_with_no_taskflow to None, run_after=None
[2025-04-16T01:25:21.547+0000] {logging_mixin.py:190} INFO - [2025-04-16T01:25:21.547+0000] {dag.py:4180} INFO - Setting next_dagrun for dataset_s3_bucket_consumer_with_no_taskflow to None, run_after=None
[2025-04-16T01:25:21.548+0000] {logging_mixin.py:190} INFO - [2025-04-16T01:25:21.548+0000] {dag.py:4180} INFO - Setting next_dagrun for dataset_s3_bucket_producer_with_no_taskflow to None, run_after=None
[2025-04-16T01:25:21.558+0000] {processor.py:208} INFO - Processing /home/airflow/.local/lib/python3.12/site-packages/airflow/example_dags/example_dataset_alias_with_no_taskflow.py took 0.993 seconds
