[2025-04-16T01:23:15.834+0000] {processor.py:186} INFO - Started process (PID=82) to work on /home/airflow/.local/lib/python3.12/site-packages/airflow/example_dags/example_task_group.py
[2025-04-16T01:23:15.835+0000] {processor.py:914} INFO - Processing file /home/airflow/.local/lib/python3.12/site-packages/airflow/example_dags/example_task_group.py for tasks to queue
[2025-04-16T01:23:15.838+0000] {logging_mixin.py:190} INFO - [2025-04-16T01:23:15.838+0000] {dagbag.py:588} INFO - Filling up the DagBag from /home/airflow/.local/lib/python3.12/site-packages/airflow/example_dags/example_task_group.py
[2025-04-16T01:23:15.845+0000] {processor.py:925} INFO - DAG(s) 'example_task_group' retrieved from /home/airflow/.local/lib/python3.12/site-packages/airflow/example_dags/example_task_group.py
[2025-04-16T01:23:15.945+0000] {logging_mixin.py:190} INFO - [2025-04-16T01:23:15.944+0000] {override.py:1912} INFO - Created Permission View: can read on DAG:example_task_group
[2025-04-16T01:23:15.954+0000] {logging_mixin.py:190} INFO - [2025-04-16T01:23:15.954+0000] {override.py:1912} INFO - Created Permission View: can edit on DAG:example_task_group
[2025-04-16T01:23:15.961+0000] {logging_mixin.py:190} INFO - [2025-04-16T01:23:15.961+0000] {override.py:1912} INFO - Created Permission View: can delete on DAG:example_task_group
[2025-04-16T01:23:15.966+0000] {logging_mixin.py:190} INFO - [2025-04-16T01:23:15.966+0000] {override.py:1912} INFO - Created Permission View: can read on DAG Run:example_task_group
[2025-04-16T01:23:15.970+0000] {logging_mixin.py:190} INFO - [2025-04-16T01:23:15.970+0000] {override.py:1912} INFO - Created Permission View: can create on DAG Run:example_task_group
[2025-04-16T01:23:15.977+0000] {logging_mixin.py:190} INFO - [2025-04-16T01:23:15.977+0000] {override.py:1912} INFO - Created Permission View: menu access on DAG Run:example_task_group
[2025-04-16T01:23:15.991+0000] {logging_mixin.py:190} INFO - [2025-04-16T01:23:15.990+0000] {override.py:1912} INFO - Created Permission View: can delete on DAG Run:example_task_group
[2025-04-16T01:23:15.991+0000] {logging_mixin.py:190} INFO - [2025-04-16T01:23:15.991+0000] {dag.py:3239} INFO - Sync 1 DAGs
[2025-04-16T01:23:16.003+0000] {logging_mixin.py:190} INFO - [2025-04-16T01:23:16.003+0000] {dag.py:3262} INFO - Creating ORM DAG for example_task_group
[2025-04-16T01:23:16.005+0000] {logging_mixin.py:190} INFO - [2025-04-16T01:23:16.005+0000] {dag.py:4180} INFO - Setting next_dagrun for example_task_group to None, run_after=None
[2025-04-16T01:23:16.018+0000] {processor.py:208} INFO - Processing /home/airflow/.local/lib/python3.12/site-packages/airflow/example_dags/example_task_group.py took 0.189 seconds
[2025-04-16T01:23:46.444+0000] {processor.py:186} INFO - Started process (PID=146) to work on /home/airflow/.local/lib/python3.12/site-packages/airflow/example_dags/example_task_group.py
[2025-04-16T01:23:46.444+0000] {processor.py:914} INFO - Processing file /home/airflow/.local/lib/python3.12/site-packages/airflow/example_dags/example_task_group.py for tasks to queue
[2025-04-16T01:23:46.446+0000] {logging_mixin.py:190} INFO - [2025-04-16T01:23:46.446+0000] {dagbag.py:588} INFO - Filling up the DagBag from /home/airflow/.local/lib/python3.12/site-packages/airflow/example_dags/example_task_group.py
[2025-04-16T01:23:46.453+0000] {processor.py:925} INFO - DAG(s) 'example_task_group' retrieved from /home/airflow/.local/lib/python3.12/site-packages/airflow/example_dags/example_task_group.py
[2025-04-16T01:23:46.468+0000] {logging_mixin.py:190} INFO - [2025-04-16T01:23:46.468+0000] {dag.py:3239} INFO - Sync 1 DAGs
[2025-04-16T01:23:46.478+0000] {logging_mixin.py:190} INFO - [2025-04-16T01:23:46.478+0000] {dag.py:4180} INFO - Setting next_dagrun for example_task_group to None, run_after=None
[2025-04-16T01:23:46.491+0000] {processor.py:208} INFO - Processing /home/airflow/.local/lib/python3.12/site-packages/airflow/example_dags/example_task_group.py took 0.050 seconds
[2025-04-16T01:24:17.266+0000] {processor.py:186} INFO - Started process (PID=209) to work on /home/airflow/.local/lib/python3.12/site-packages/airflow/example_dags/example_task_group.py
[2025-04-16T01:24:17.268+0000] {processor.py:914} INFO - Processing file /home/airflow/.local/lib/python3.12/site-packages/airflow/example_dags/example_task_group.py for tasks to queue
[2025-04-16T01:24:17.270+0000] {logging_mixin.py:190} INFO - [2025-04-16T01:24:17.269+0000] {dagbag.py:588} INFO - Filling up the DagBag from /home/airflow/.local/lib/python3.12/site-packages/airflow/example_dags/example_task_group.py
[2025-04-16T01:24:17.279+0000] {processor.py:925} INFO - DAG(s) 'example_task_group' retrieved from /home/airflow/.local/lib/python3.12/site-packages/airflow/example_dags/example_task_group.py
[2025-04-16T01:24:17.297+0000] {logging_mixin.py:190} INFO - [2025-04-16T01:24:17.297+0000] {dag.py:3239} INFO - Sync 1 DAGs
[2025-04-16T01:24:17.306+0000] {logging_mixin.py:190} INFO - [2025-04-16T01:24:17.306+0000] {dag.py:4180} INFO - Setting next_dagrun for example_task_group to None, run_after=None
[2025-04-16T01:24:17.319+0000] {processor.py:208} INFO - Processing /home/airflow/.local/lib/python3.12/site-packages/airflow/example_dags/example_task_group.py took 0.060 seconds
[2025-04-16T01:24:48.408+0000] {processor.py:186} INFO - Started process (PID=273) to work on /home/airflow/.local/lib/python3.12/site-packages/airflow/example_dags/example_task_group.py
[2025-04-16T01:24:48.409+0000] {processor.py:914} INFO - Processing file /home/airflow/.local/lib/python3.12/site-packages/airflow/example_dags/example_task_group.py for tasks to queue
[2025-04-16T01:24:48.410+0000] {logging_mixin.py:190} INFO - [2025-04-16T01:24:48.410+0000] {dagbag.py:588} INFO - Filling up the DagBag from /home/airflow/.local/lib/python3.12/site-packages/airflow/example_dags/example_task_group.py
[2025-04-16T01:24:48.418+0000] {processor.py:925} INFO - DAG(s) 'example_task_group' retrieved from /home/airflow/.local/lib/python3.12/site-packages/airflow/example_dags/example_task_group.py
[2025-04-16T01:24:48.436+0000] {logging_mixin.py:190} INFO - [2025-04-16T01:24:48.436+0000] {dag.py:3239} INFO - Sync 1 DAGs
[2025-04-16T01:24:48.445+0000] {logging_mixin.py:190} INFO - [2025-04-16T01:24:48.445+0000] {dag.py:4180} INFO - Setting next_dagrun for example_task_group to None, run_after=None
[2025-04-16T01:24:48.463+0000] {processor.py:208} INFO - Processing /home/airflow/.local/lib/python3.12/site-packages/airflow/example_dags/example_task_group.py took 0.064 seconds
[2025-04-16T01:25:20.323+0000] {processor.py:186} INFO - Started process (PID=336) to work on /home/airflow/.local/lib/python3.12/site-packages/airflow/example_dags/example_task_group.py
[2025-04-16T01:25:20.327+0000] {processor.py:914} INFO - Processing file /home/airflow/.local/lib/python3.12/site-packages/airflow/example_dags/example_task_group.py for tasks to queue
[2025-04-16T01:25:20.331+0000] {logging_mixin.py:190} INFO - [2025-04-16T01:25:20.331+0000] {dagbag.py:588} INFO - Filling up the DagBag from /home/airflow/.local/lib/python3.12/site-packages/airflow/example_dags/example_task_group.py
[2025-04-16T01:25:20.346+0000] {processor.py:925} INFO - DAG(s) 'example_task_group' retrieved from /home/airflow/.local/lib/python3.12/site-packages/airflow/example_dags/example_task_group.py
[2025-04-16T01:25:20.380+0000] {logging_mixin.py:190} INFO - [2025-04-16T01:25:20.379+0000] {dag.py:3239} INFO - Sync 1 DAGs
[2025-04-16T01:25:20.400+0000] {logging_mixin.py:190} INFO - [2025-04-16T01:25:20.400+0000] {dag.py:4180} INFO - Setting next_dagrun for example_task_group to None, run_after=None
[2025-04-16T01:25:20.431+0000] {processor.py:208} INFO - Processing /home/airflow/.local/lib/python3.12/site-packages/airflow/example_dags/example_task_group.py took 0.116 seconds
