[2025-04-16T01:23:12.746+0000] {processor.py:186} INFO - Started process (PID=61) to work on /home/airflow/.local/lib/python3.12/site-packages/airflow/example_dags/example_kubernetes_executor.py
[2025-04-16T01:23:12.748+0000] {processor.py:914} INFO - Processing file /home/airflow/.local/lib/python3.12/site-packages/airflow/example_dags/example_kubernetes_executor.py for tasks to queue
[2025-04-16T01:23:12.751+0000] {logging_mixin.py:190} INFO - [2025-04-16T01:23:12.750+0000] {dagbag.py:588} INFO - Filling up the DagBag from /home/airflow/.local/lib/python3.12/site-packages/airflow/example_dags/example_kubernetes_executor.py
[2025-04-16T01:23:12.777+0000] {processor.py:925} INFO - DAG(s) 'example_kubernetes_executor' retrieved from /home/airflow/.local/lib/python3.12/site-packages/airflow/example_dags/example_kubernetes_executor.py
[2025-04-16T01:23:12.886+0000] {logging_mixin.py:190} INFO - [2025-04-16T01:23:12.886+0000] {override.py:1912} INFO - Created Permission View: can read on DAG:example_kubernetes_executor
[2025-04-16T01:23:12.896+0000] {logging_mixin.py:190} INFO - [2025-04-16T01:23:12.896+0000] {override.py:1912} INFO - Created Permission View: can edit on DAG:example_kubernetes_executor
[2025-04-16T01:23:12.901+0000] {logging_mixin.py:190} INFO - [2025-04-16T01:23:12.901+0000] {override.py:1912} INFO - Created Permission View: can delete on DAG:example_kubernetes_executor
[2025-04-16T01:23:12.907+0000] {logging_mixin.py:190} INFO - [2025-04-16T01:23:12.906+0000] {override.py:1912} INFO - Created Permission View: can read on DAG Run:example_kubernetes_executor
[2025-04-16T01:23:12.913+0000] {logging_mixin.py:190} INFO - [2025-04-16T01:23:12.913+0000] {override.py:1912} INFO - Created Permission View: can create on DAG Run:example_kubernetes_executor
[2025-04-16T01:23:12.921+0000] {logging_mixin.py:190} INFO - [2025-04-16T01:23:12.921+0000] {override.py:1912} INFO - Created Permission View: menu access on DAG Run:example_kubernetes_executor
[2025-04-16T01:23:12.924+0000] {logging_mixin.py:190} INFO - [2025-04-16T01:23:12.924+0000] {override.py:1912} INFO - Created Permission View: can delete on DAG Run:example_kubernetes_executor
[2025-04-16T01:23:12.924+0000] {logging_mixin.py:190} INFO - [2025-04-16T01:23:12.924+0000] {dag.py:3239} INFO - Sync 1 DAGs
[2025-04-16T01:23:12.935+0000] {logging_mixin.py:190} INFO - [2025-04-16T01:23:12.935+0000] {dag.py:3262} INFO - Creating ORM DAG for example_kubernetes_executor
[2025-04-16T01:23:12.936+0000] {logging_mixin.py:190} INFO - [2025-04-16T01:23:12.935+0000] {dag.py:4180} INFO - Setting next_dagrun for example_kubernetes_executor to None, run_after=None
[2025-04-16T01:23:12.950+0000] {processor.py:208} INFO - Processing /home/airflow/.local/lib/python3.12/site-packages/airflow/example_dags/example_kubernetes_executor.py took 0.218 seconds
[2025-04-16T01:23:43.875+0000] {processor.py:186} INFO - Started process (PID=125) to work on /home/airflow/.local/lib/python3.12/site-packages/airflow/example_dags/example_kubernetes_executor.py
[2025-04-16T01:23:43.877+0000] {processor.py:914} INFO - Processing file /home/airflow/.local/lib/python3.12/site-packages/airflow/example_dags/example_kubernetes_executor.py for tasks to queue
[2025-04-16T01:23:43.879+0000] {logging_mixin.py:190} INFO - [2025-04-16T01:23:43.879+0000] {dagbag.py:588} INFO - Filling up the DagBag from /home/airflow/.local/lib/python3.12/site-packages/airflow/example_dags/example_kubernetes_executor.py
[2025-04-16T01:23:43.902+0000] {processor.py:925} INFO - DAG(s) 'example_kubernetes_executor' retrieved from /home/airflow/.local/lib/python3.12/site-packages/airflow/example_dags/example_kubernetes_executor.py
[2025-04-16T01:23:43.931+0000] {logging_mixin.py:190} INFO - [2025-04-16T01:23:43.931+0000] {dag.py:3239} INFO - Sync 1 DAGs
[2025-04-16T01:23:43.950+0000] {logging_mixin.py:190} INFO - [2025-04-16T01:23:43.950+0000] {dag.py:4180} INFO - Setting next_dagrun for example_kubernetes_executor to None, run_after=None
[2025-04-16T01:23:43.971+0000] {processor.py:208} INFO - Processing /home/airflow/.local/lib/python3.12/site-packages/airflow/example_dags/example_kubernetes_executor.py took 0.109 seconds
[2025-04-16T01:24:15.416+0000] {processor.py:186} INFO - Started process (PID=194) to work on /home/airflow/.local/lib/python3.12/site-packages/airflow/example_dags/example_kubernetes_executor.py
[2025-04-16T01:24:15.417+0000] {processor.py:914} INFO - Processing file /home/airflow/.local/lib/python3.12/site-packages/airflow/example_dags/example_kubernetes_executor.py for tasks to queue
[2025-04-16T01:24:15.418+0000] {logging_mixin.py:190} INFO - [2025-04-16T01:24:15.418+0000] {dagbag.py:588} INFO - Filling up the DagBag from /home/airflow/.local/lib/python3.12/site-packages/airflow/example_dags/example_kubernetes_executor.py
[2025-04-16T01:24:15.428+0000] {processor.py:925} INFO - DAG(s) 'example_kubernetes_executor' retrieved from /home/airflow/.local/lib/python3.12/site-packages/airflow/example_dags/example_kubernetes_executor.py
[2025-04-16T01:24:15.450+0000] {logging_mixin.py:190} INFO - [2025-04-16T01:24:15.450+0000] {dag.py:3239} INFO - Sync 1 DAGs
[2025-04-16T01:24:15.460+0000] {logging_mixin.py:190} INFO - [2025-04-16T01:24:15.460+0000] {dag.py:4180} INFO - Setting next_dagrun for example_kubernetes_executor to None, run_after=None
[2025-04-16T01:24:15.470+0000] {processor.py:208} INFO - Processing /home/airflow/.local/lib/python3.12/site-packages/airflow/example_dags/example_kubernetes_executor.py took 0.060 seconds
[2025-04-16T01:24:47.011+0000] {processor.py:186} INFO - Started process (PID=258) to work on /home/airflow/.local/lib/python3.12/site-packages/airflow/example_dags/example_kubernetes_executor.py
[2025-04-16T01:24:47.020+0000] {processor.py:914} INFO - Processing file /home/airflow/.local/lib/python3.12/site-packages/airflow/example_dags/example_kubernetes_executor.py for tasks to queue
[2025-04-16T01:24:47.030+0000] {logging_mixin.py:190} INFO - [2025-04-16T01:24:47.030+0000] {dagbag.py:588} INFO - Filling up the DagBag from /home/airflow/.local/lib/python3.12/site-packages/airflow/example_dags/example_kubernetes_executor.py
[2025-04-16T01:24:47.062+0000] {processor.py:925} INFO - DAG(s) 'example_kubernetes_executor' retrieved from /home/airflow/.local/lib/python3.12/site-packages/airflow/example_dags/example_kubernetes_executor.py
[2025-04-16T01:24:47.110+0000] {logging_mixin.py:190} INFO - [2025-04-16T01:24:47.110+0000] {dag.py:3239} INFO - Sync 1 DAGs
[2025-04-16T01:24:47.134+0000] {logging_mixin.py:190} INFO - [2025-04-16T01:24:47.133+0000] {dag.py:4180} INFO - Setting next_dagrun for example_kubernetes_executor to None, run_after=None
[2025-04-16T01:24:47.173+0000] {processor.py:208} INFO - Processing /home/airflow/.local/lib/python3.12/site-packages/airflow/example_dags/example_kubernetes_executor.py took 0.184 seconds
[2025-04-16T01:25:18.728+0000] {processor.py:186} INFO - Started process (PID=322) to work on /home/airflow/.local/lib/python3.12/site-packages/airflow/example_dags/example_kubernetes_executor.py
[2025-04-16T01:25:18.731+0000] {processor.py:914} INFO - Processing file /home/airflow/.local/lib/python3.12/site-packages/airflow/example_dags/example_kubernetes_executor.py for tasks to queue
[2025-04-16T01:25:18.736+0000] {logging_mixin.py:190} INFO - [2025-04-16T01:25:18.736+0000] {dagbag.py:588} INFO - Filling up the DagBag from /home/airflow/.local/lib/python3.12/site-packages/airflow/example_dags/example_kubernetes_executor.py
[2025-04-16T01:25:18.763+0000] {processor.py:925} INFO - DAG(s) 'example_kubernetes_executor' retrieved from /home/airflow/.local/lib/python3.12/site-packages/airflow/example_dags/example_kubernetes_executor.py
[2025-04-16T01:25:18.798+0000] {logging_mixin.py:190} INFO - [2025-04-16T01:25:18.798+0000] {dag.py:3239} INFO - Sync 1 DAGs
[2025-04-16T01:25:18.809+0000] {logging_mixin.py:190} INFO - [2025-04-16T01:25:18.809+0000] {dag.py:4180} INFO - Setting next_dagrun for example_kubernetes_executor to None, run_after=None
[2025-04-16T01:25:18.828+0000] {processor.py:208} INFO - Processing /home/airflow/.local/lib/python3.12/site-packages/airflow/example_dags/example_kubernetes_executor.py took 0.111 seconds
