[2025-04-16T01:23:21.957+0000] {processor.py:186} INFO - Started process (PID=113) to work on /home/airflow/.local/lib/python3.12/site-packages/airflow/example_dags/example_branch_labels.py
[2025-04-16T01:23:21.959+0000] {processor.py:914} INFO - Processing file /home/airflow/.local/lib/python3.12/site-packages/airflow/example_dags/example_branch_labels.py for tasks to queue
[2025-04-16T01:23:21.961+0000] {logging_mixin.py:190} INFO - [2025-04-16T01:23:21.960+0000] {dagbag.py:588} INFO - Filling up the DagBag from /home/airflow/.local/lib/python3.12/site-packages/airflow/example_dags/example_branch_labels.py
[2025-04-16T01:23:21.969+0000] {processor.py:925} INFO - DAG(s) 'example_branch_labels' retrieved from /home/airflow/.local/lib/python3.12/site-packages/airflow/example_dags/example_branch_labels.py
[2025-04-16T01:23:22.044+0000] {logging_mixin.py:190} INFO - [2025-04-16T01:23:22.043+0000] {override.py:1912} INFO - Created Permission View: can read on DAG:example_branch_labels
[2025-04-16T01:23:22.050+0000] {logging_mixin.py:190} INFO - [2025-04-16T01:23:22.049+0000] {override.py:1912} INFO - Created Permission View: can edit on DAG:example_branch_labels
[2025-04-16T01:23:22.053+0000] {logging_mixin.py:190} INFO - [2025-04-16T01:23:22.053+0000] {override.py:1912} INFO - Created Permission View: can delete on DAG:example_branch_labels
[2025-04-16T01:23:22.056+0000] {logging_mixin.py:190} INFO - [2025-04-16T01:23:22.056+0000] {override.py:1912} INFO - Created Permission View: can read on DAG Run:example_branch_labels
[2025-04-16T01:23:22.059+0000] {logging_mixin.py:190} INFO - [2025-04-16T01:23:22.059+0000] {override.py:1912} INFO - Created Permission View: can create on DAG Run:example_branch_labels
[2025-04-16T01:23:22.062+0000] {logging_mixin.py:190} INFO - [2025-04-16T01:23:22.062+0000] {override.py:1912} INFO - Created Permission View: menu access on DAG Run:example_branch_labels
[2025-04-16T01:23:22.069+0000] {logging_mixin.py:190} INFO - [2025-04-16T01:23:22.068+0000] {override.py:1912} INFO - Created Permission View: can delete on DAG Run:example_branch_labels
[2025-04-16T01:23:22.069+0000] {logging_mixin.py:190} INFO - [2025-04-16T01:23:22.069+0000] {dag.py:3239} INFO - Sync 1 DAGs
[2025-04-16T01:23:22.079+0000] {logging_mixin.py:190} INFO - [2025-04-16T01:23:22.079+0000] {dag.py:3262} INFO - Creating ORM DAG for example_branch_labels
[2025-04-16T01:23:22.085+0000] {logging_mixin.py:190} INFO - [2025-04-16T01:23:22.085+0000] {dag.py:4180} INFO - Setting next_dagrun for example_branch_labels to 2025-04-15 00:00:00+00:00, run_after=2025-04-16 00:00:00+00:00
[2025-04-16T01:23:22.095+0000] {processor.py:208} INFO - Processing /home/airflow/.local/lib/python3.12/site-packages/airflow/example_dags/example_branch_labels.py took 0.143 seconds
[2025-04-16T01:23:54.073+0000] {processor.py:186} INFO - Started process (PID=177) to work on /home/airflow/.local/lib/python3.12/site-packages/airflow/example_dags/example_branch_labels.py
[2025-04-16T01:23:54.073+0000] {processor.py:914} INFO - Processing file /home/airflow/.local/lib/python3.12/site-packages/airflow/example_dags/example_branch_labels.py for tasks to queue
[2025-04-16T01:23:54.074+0000] {logging_mixin.py:190} INFO - [2025-04-16T01:23:54.074+0000] {dagbag.py:588} INFO - Filling up the DagBag from /home/airflow/.local/lib/python3.12/site-packages/airflow/example_dags/example_branch_labels.py
[2025-04-16T01:23:54.079+0000] {processor.py:925} INFO - DAG(s) 'example_branch_labels' retrieved from /home/airflow/.local/lib/python3.12/site-packages/airflow/example_dags/example_branch_labels.py
[2025-04-16T01:23:54.098+0000] {logging_mixin.py:190} INFO - [2025-04-16T01:23:54.098+0000] {dag.py:3239} INFO - Sync 1 DAGs
[2025-04-16T01:23:54.111+0000] {logging_mixin.py:190} INFO - [2025-04-16T01:23:54.111+0000] {dag.py:4180} INFO - Setting next_dagrun for example_branch_labels to 2025-04-15 00:00:00+00:00, run_after=2025-04-16 00:00:00+00:00
[2025-04-16T01:23:54.120+0000] {processor.py:208} INFO - Processing /home/airflow/.local/lib/python3.12/site-packages/airflow/example_dags/example_branch_labels.py took 0.051 seconds
[2025-04-16T01:24:25.417+0000] {processor.py:186} INFO - Started process (PID=239) to work on /home/airflow/.local/lib/python3.12/site-packages/airflow/example_dags/example_branch_labels.py
[2025-04-16T01:24:25.421+0000] {processor.py:914} INFO - Processing file /home/airflow/.local/lib/python3.12/site-packages/airflow/example_dags/example_branch_labels.py for tasks to queue
[2025-04-16T01:24:25.425+0000] {logging_mixin.py:190} INFO - [2025-04-16T01:24:25.425+0000] {dagbag.py:588} INFO - Filling up the DagBag from /home/airflow/.local/lib/python3.12/site-packages/airflow/example_dags/example_branch_labels.py
[2025-04-16T01:24:25.453+0000] {processor.py:925} INFO - DAG(s) 'example_branch_labels' retrieved from /home/airflow/.local/lib/python3.12/site-packages/airflow/example_dags/example_branch_labels.py
[2025-04-16T01:24:25.487+0000] {logging_mixin.py:190} INFO - [2025-04-16T01:24:25.487+0000] {dag.py:3239} INFO - Sync 1 DAGs
[2025-04-16T01:24:25.508+0000] {logging_mixin.py:190} INFO - [2025-04-16T01:24:25.508+0000] {dag.py:4180} INFO - Setting next_dagrun for example_branch_labels to 2025-04-15 00:00:00+00:00, run_after=2025-04-16 00:00:00+00:00
[2025-04-16T01:24:25.545+0000] {processor.py:208} INFO - Processing /home/airflow/.local/lib/python3.12/site-packages/airflow/example_dags/example_branch_labels.py took 0.137 seconds
[2025-04-16T01:24:56.259+0000] {processor.py:186} INFO - Started process (PID=303) to work on /home/airflow/.local/lib/python3.12/site-packages/airflow/example_dags/example_branch_labels.py
[2025-04-16T01:24:56.262+0000] {processor.py:914} INFO - Processing file /home/airflow/.local/lib/python3.12/site-packages/airflow/example_dags/example_branch_labels.py for tasks to queue
[2025-04-16T01:24:56.268+0000] {logging_mixin.py:190} INFO - [2025-04-16T01:24:56.267+0000] {dagbag.py:588} INFO - Filling up the DagBag from /home/airflow/.local/lib/python3.12/site-packages/airflow/example_dags/example_branch_labels.py
[2025-04-16T01:24:56.295+0000] {processor.py:925} INFO - DAG(s) 'example_branch_labels' retrieved from /home/airflow/.local/lib/python3.12/site-packages/airflow/example_dags/example_branch_labels.py
[2025-04-16T01:24:56.357+0000] {logging_mixin.py:190} INFO - [2025-04-16T01:24:56.356+0000] {dag.py:3239} INFO - Sync 1 DAGs
[2025-04-16T01:24:56.411+0000] {logging_mixin.py:190} INFO - [2025-04-16T01:24:56.410+0000] {dag.py:4180} INFO - Setting next_dagrun for example_branch_labels to 2025-04-15 00:00:00+00:00, run_after=2025-04-16 00:00:00+00:00
[2025-04-16T01:24:56.446+0000] {processor.py:208} INFO - Processing /home/airflow/.local/lib/python3.12/site-packages/airflow/example_dags/example_branch_labels.py took 0.201 seconds
[2025-04-16T01:25:26.680+0000] {processor.py:186} INFO - Started process (PID=366) to work on /home/airflow/.local/lib/python3.12/site-packages/airflow/example_dags/example_branch_labels.py
[2025-04-16T01:25:26.681+0000] {processor.py:914} INFO - Processing file /home/airflow/.local/lib/python3.12/site-packages/airflow/example_dags/example_branch_labels.py for tasks to queue
[2025-04-16T01:25:26.683+0000] {logging_mixin.py:190} INFO - [2025-04-16T01:25:26.683+0000] {dagbag.py:588} INFO - Filling up the DagBag from /home/airflow/.local/lib/python3.12/site-packages/airflow/example_dags/example_branch_labels.py
[2025-04-16T01:25:26.692+0000] {processor.py:925} INFO - DAG(s) 'example_branch_labels' retrieved from /home/airflow/.local/lib/python3.12/site-packages/airflow/example_dags/example_branch_labels.py
[2025-04-16T01:25:26.710+0000] {logging_mixin.py:190} INFO - [2025-04-16T01:25:26.710+0000] {dag.py:3239} INFO - Sync 1 DAGs
[2025-04-16T01:25:26.722+0000] {logging_mixin.py:190} INFO - [2025-04-16T01:25:26.722+0000] {dag.py:4180} INFO - Setting next_dagrun for example_branch_labels to 2025-04-15 00:00:00+00:00, run_after=2025-04-16 00:00:00+00:00
[2025-04-16T01:25:26.731+0000] {processor.py:208} INFO - Processing /home/airflow/.local/lib/python3.12/site-packages/airflow/example_dags/example_branch_labels.py took 0.055 seconds
