[2025-04-16T01:23:21.442+0000] {processor.py:186} INFO - Started process (PID=107) to work on /home/airflow/.local/lib/python3.12/site-packages/airflow/example_dags/example_task_group_decorator.py
[2025-04-16T01:23:21.444+0000] {processor.py:914} INFO - Processing file /home/airflow/.local/lib/python3.12/site-packages/airflow/example_dags/example_task_group_decorator.py for tasks to queue
[2025-04-16T01:23:21.446+0000] {logging_mixin.py:190} INFO - [2025-04-16T01:23:21.446+0000] {dagbag.py:588} INFO - Filling up the DagBag from /home/airflow/.local/lib/python3.12/site-packages/airflow/example_dags/example_task_group_decorator.py
[2025-04-16T01:23:21.468+0000] {processor.py:925} INFO - DAG(s) 'example_task_group_decorator' retrieved from /home/airflow/.local/lib/python3.12/site-packages/airflow/example_dags/example_task_group_decorator.py
[2025-04-16T01:23:21.544+0000] {logging_mixin.py:190} INFO - [2025-04-16T01:23:21.543+0000] {override.py:1912} INFO - Created Permission View: can read on DAG:example_task_group_decorator
[2025-04-16T01:23:21.554+0000] {logging_mixin.py:190} INFO - [2025-04-16T01:23:21.554+0000] {override.py:1912} INFO - Created Permission View: can edit on DAG:example_task_group_decorator
[2025-04-16T01:23:21.560+0000] {logging_mixin.py:190} INFO - [2025-04-16T01:23:21.560+0000] {override.py:1912} INFO - Created Permission View: can delete on DAG:example_task_group_decorator
[2025-04-16T01:23:21.568+0000] {logging_mixin.py:190} INFO - [2025-04-16T01:23:21.568+0000] {override.py:1912} INFO - Created Permission View: can read on DAG Run:example_task_group_decorator
[2025-04-16T01:23:21.572+0000] {logging_mixin.py:190} INFO - [2025-04-16T01:23:21.572+0000] {override.py:1912} INFO - Created Permission View: can create on DAG Run:example_task_group_decorator
[2025-04-16T01:23:21.575+0000] {logging_mixin.py:190} INFO - [2025-04-16T01:23:21.575+0000] {override.py:1912} INFO - Created Permission View: menu access on DAG Run:example_task_group_decorator
[2025-04-16T01:23:21.581+0000] {logging_mixin.py:190} INFO - [2025-04-16T01:23:21.581+0000] {override.py:1912} INFO - Created Permission View: can delete on DAG Run:example_task_group_decorator
[2025-04-16T01:23:21.582+0000] {logging_mixin.py:190} INFO - [2025-04-16T01:23:21.581+0000] {dag.py:3239} INFO - Sync 1 DAGs
[2025-04-16T01:23:21.588+0000] {logging_mixin.py:190} INFO - [2025-04-16T01:23:21.588+0000] {dag.py:3262} INFO - Creating ORM DAG for example_task_group_decorator
[2025-04-16T01:23:21.589+0000] {logging_mixin.py:190} INFO - [2025-04-16T01:23:21.589+0000] {dag.py:4180} INFO - Setting next_dagrun for example_task_group_decorator to None, run_after=None
[2025-04-16T01:23:21.600+0000] {processor.py:208} INFO - Processing /home/airflow/.local/lib/python3.12/site-packages/airflow/example_dags/example_task_group_decorator.py took 0.165 seconds
[2025-04-16T01:23:53.412+0000] {processor.py:186} INFO - Started process (PID=171) to work on /home/airflow/.local/lib/python3.12/site-packages/airflow/example_dags/example_task_group_decorator.py
[2025-04-16T01:23:53.421+0000] {processor.py:914} INFO - Processing file /home/airflow/.local/lib/python3.12/site-packages/airflow/example_dags/example_task_group_decorator.py for tasks to queue
[2025-04-16T01:23:53.429+0000] {logging_mixin.py:190} INFO - [2025-04-16T01:23:53.428+0000] {dagbag.py:588} INFO - Filling up the DagBag from /home/airflow/.local/lib/python3.12/site-packages/airflow/example_dags/example_task_group_decorator.py
[2025-04-16T01:23:53.467+0000] {processor.py:925} INFO - DAG(s) 'example_task_group_decorator' retrieved from /home/airflow/.local/lib/python3.12/site-packages/airflow/example_dags/example_task_group_decorator.py
[2025-04-16T01:23:53.563+0000] {logging_mixin.py:190} INFO - [2025-04-16T01:23:53.563+0000] {dag.py:3239} INFO - Sync 1 DAGs
[2025-04-16T01:23:53.594+0000] {logging_mixin.py:190} INFO - [2025-04-16T01:23:53.594+0000] {dag.py:4180} INFO - Setting next_dagrun for example_task_group_decorator to None, run_after=None
[2025-04-16T01:23:53.630+0000] {processor.py:208} INFO - Processing /home/airflow/.local/lib/python3.12/site-packages/airflow/example_dags/example_task_group_decorator.py took 0.240 seconds
[2025-04-16T01:24:24.501+0000] {processor.py:186} INFO - Started process (PID=234) to work on /home/airflow/.local/lib/python3.12/site-packages/airflow/example_dags/example_task_group_decorator.py
[2025-04-16T01:24:24.504+0000] {processor.py:914} INFO - Processing file /home/airflow/.local/lib/python3.12/site-packages/airflow/example_dags/example_task_group_decorator.py for tasks to queue
[2025-04-16T01:24:24.510+0000] {logging_mixin.py:190} INFO - [2025-04-16T01:24:24.509+0000] {dagbag.py:588} INFO - Filling up the DagBag from /home/airflow/.local/lib/python3.12/site-packages/airflow/example_dags/example_task_group_decorator.py
[2025-04-16T01:24:24.525+0000] {processor.py:925} INFO - DAG(s) 'example_task_group_decorator' retrieved from /home/airflow/.local/lib/python3.12/site-packages/airflow/example_dags/example_task_group_decorator.py
[2025-04-16T01:24:24.554+0000] {logging_mixin.py:190} INFO - [2025-04-16T01:24:24.553+0000] {dag.py:3239} INFO - Sync 1 DAGs
[2025-04-16T01:24:24.566+0000] {logging_mixin.py:190} INFO - [2025-04-16T01:24:24.565+0000] {dag.py:4180} INFO - Setting next_dagrun for example_task_group_decorator to None, run_after=None
[2025-04-16T01:24:24.608+0000] {processor.py:208} INFO - Processing /home/airflow/.local/lib/python3.12/site-packages/airflow/example_dags/example_task_group_decorator.py took 0.125 seconds
[2025-04-16T01:24:54.676+0000] {processor.py:186} INFO - Started process (PID=297) to work on /home/airflow/.local/lib/python3.12/site-packages/airflow/example_dags/example_task_group_decorator.py
[2025-04-16T01:24:54.677+0000] {processor.py:914} INFO - Processing file /home/airflow/.local/lib/python3.12/site-packages/airflow/example_dags/example_task_group_decorator.py for tasks to queue
[2025-04-16T01:24:54.680+0000] {logging_mixin.py:190} INFO - [2025-04-16T01:24:54.679+0000] {dagbag.py:588} INFO - Filling up the DagBag from /home/airflow/.local/lib/python3.12/site-packages/airflow/example_dags/example_task_group_decorator.py
[2025-04-16T01:24:54.695+0000] {processor.py:925} INFO - DAG(s) 'example_task_group_decorator' retrieved from /home/airflow/.local/lib/python3.12/site-packages/airflow/example_dags/example_task_group_decorator.py
[2025-04-16T01:24:54.719+0000] {logging_mixin.py:190} INFO - [2025-04-16T01:24:54.719+0000] {dag.py:3239} INFO - Sync 1 DAGs
[2025-04-16T01:24:54.736+0000] {logging_mixin.py:190} INFO - [2025-04-16T01:24:54.735+0000] {dag.py:4180} INFO - Setting next_dagrun for example_task_group_decorator to None, run_after=None
[2025-04-16T01:24:54.752+0000] {processor.py:208} INFO - Processing /home/airflow/.local/lib/python3.12/site-packages/airflow/example_dags/example_task_group_decorator.py took 0.081 seconds
[2025-04-16T01:25:25.339+0000] {processor.py:186} INFO - Started process (PID=361) to work on /home/airflow/.local/lib/python3.12/site-packages/airflow/example_dags/example_task_group_decorator.py
[2025-04-16T01:25:25.340+0000] {processor.py:914} INFO - Processing file /home/airflow/.local/lib/python3.12/site-packages/airflow/example_dags/example_task_group_decorator.py for tasks to queue
[2025-04-16T01:25:25.343+0000] {logging_mixin.py:190} INFO - [2025-04-16T01:25:25.343+0000] {dagbag.py:588} INFO - Filling up the DagBag from /home/airflow/.local/lib/python3.12/site-packages/airflow/example_dags/example_task_group_decorator.py
[2025-04-16T01:25:25.360+0000] {processor.py:925} INFO - DAG(s) 'example_task_group_decorator' retrieved from /home/airflow/.local/lib/python3.12/site-packages/airflow/example_dags/example_task_group_decorator.py
[2025-04-16T01:25:25.385+0000] {logging_mixin.py:190} INFO - [2025-04-16T01:25:25.385+0000] {dag.py:3239} INFO - Sync 1 DAGs
[2025-04-16T01:25:25.396+0000] {logging_mixin.py:190} INFO - [2025-04-16T01:25:25.396+0000] {dag.py:4180} INFO - Setting next_dagrun for example_task_group_decorator to None, run_after=None
[2025-04-16T01:25:25.407+0000] {processor.py:208} INFO - Processing /home/airflow/.local/lib/python3.12/site-packages/airflow/example_dags/example_task_group_decorator.py took 0.080 seconds
