[2025-04-16T01:23:13.630+0000] {processor.py:186} INFO - Started process (PID=69) to work on /home/airflow/.local/lib/python3.12/site-packages/airflow/example_dags/example_workday_timetable.py
[2025-04-16T01:23:13.631+0000] {processor.py:914} INFO - Processing file /home/airflow/.local/lib/python3.12/site-packages/airflow/example_dags/example_workday_timetable.py for tasks to queue
[2025-04-16T01:23:13.634+0000] {logging_mixin.py:190} INFO - [2025-04-16T01:23:13.633+0000] {dagbag.py:588} INFO - Filling up the DagBag from /home/airflow/.local/lib/python3.12/site-packages/airflow/example_dags/example_workday_timetable.py
[2025-04-16T01:23:13.648+0000] {processor.py:925} INFO - DAG(s) 'example_workday_timetable' retrieved from /home/airflow/.local/lib/python3.12/site-packages/airflow/example_dags/example_workday_timetable.py
[2025-04-16T01:23:13.758+0000] {logging_mixin.py:190} INFO - [2025-04-16T01:23:13.757+0000] {override.py:1912} INFO - Created Permission View: can read on DAG:example_workday_timetable
[2025-04-16T01:23:13.769+0000] {logging_mixin.py:190} INFO - [2025-04-16T01:23:13.769+0000] {override.py:1912} INFO - Created Permission View: can edit on DAG:example_workday_timetable
[2025-04-16T01:23:13.775+0000] {logging_mixin.py:190} INFO - [2025-04-16T01:23:13.775+0000] {override.py:1912} INFO - Created Permission View: can delete on DAG:example_workday_timetable
[2025-04-16T01:23:13.782+0000] {logging_mixin.py:190} INFO - [2025-04-16T01:23:13.782+0000] {override.py:1912} INFO - Created Permission View: can read on DAG Run:example_workday_timetable
[2025-04-16T01:23:13.789+0000] {logging_mixin.py:190} INFO - [2025-04-16T01:23:13.788+0000] {override.py:1912} INFO - Created Permission View: can create on DAG Run:example_workday_timetable
[2025-04-16T01:23:13.795+0000] {logging_mixin.py:190} INFO - [2025-04-16T01:23:13.795+0000] {override.py:1912} INFO - Created Permission View: menu access on DAG Run:example_workday_timetable
[2025-04-16T01:23:13.798+0000] {logging_mixin.py:190} INFO - [2025-04-16T01:23:13.798+0000] {override.py:1912} INFO - Created Permission View: can delete on DAG Run:example_workday_timetable
[2025-04-16T01:23:13.798+0000] {logging_mixin.py:190} INFO - [2025-04-16T01:23:13.798+0000] {dag.py:3239} INFO - Sync 1 DAGs
[2025-04-16T01:23:13.807+0000] {logging_mixin.py:190} INFO - [2025-04-16T01:23:13.807+0000] {dag.py:3262} INFO - Creating ORM DAG for example_workday_timetable
[2025-04-16T01:23:13.867+0000] {logging_mixin.py:190} INFO - [2025-04-16T01:23:13.867+0000] {dag.py:4180} INFO - Setting next_dagrun for example_workday_timetable to 2021-01-04 00:00:00+00:00, run_after=2021-01-05 00:00:00+00:00
[2025-04-16T01:23:13.892+0000] {processor.py:208} INFO - Processing /home/airflow/.local/lib/python3.12/site-packages/airflow/example_dags/example_workday_timetable.py took 0.268 seconds
[2025-04-16T01:23:44.212+0000] {processor.py:186} INFO - Started process (PID=133) to work on /home/airflow/.local/lib/python3.12/site-packages/airflow/example_dags/example_workday_timetable.py
[2025-04-16T01:23:44.214+0000] {processor.py:914} INFO - Processing file /home/airflow/.local/lib/python3.12/site-packages/airflow/example_dags/example_workday_timetable.py for tasks to queue
[2025-04-16T01:23:44.215+0000] {logging_mixin.py:190} INFO - [2025-04-16T01:23:44.215+0000] {dagbag.py:588} INFO - Filling up the DagBag from /home/airflow/.local/lib/python3.12/site-packages/airflow/example_dags/example_workday_timetable.py
[2025-04-16T01:23:44.218+0000] {processor.py:925} INFO - DAG(s) 'example_workday_timetable' retrieved from /home/airflow/.local/lib/python3.12/site-packages/airflow/example_dags/example_workday_timetable.py
[2025-04-16T01:23:44.235+0000] {logging_mixin.py:190} INFO - [2025-04-16T01:23:44.235+0000] {dag.py:3239} INFO - Sync 1 DAGs
[2025-04-16T01:23:44.281+0000] {logging_mixin.py:190} INFO - [2025-04-16T01:23:44.281+0000] {dag.py:4180} INFO - Setting next_dagrun for example_workday_timetable to 2021-01-04 00:00:00+00:00, run_after=2021-01-05 00:00:00+00:00
[2025-04-16T01:23:44.297+0000] {processor.py:208} INFO - Processing /home/airflow/.local/lib/python3.12/site-packages/airflow/example_dags/example_workday_timetable.py took 0.088 seconds
[2025-04-16T01:24:15.713+0000] {processor.py:186} INFO - Started process (PID=202) to work on /home/airflow/.local/lib/python3.12/site-packages/airflow/example_dags/example_workday_timetable.py
[2025-04-16T01:24:15.714+0000] {processor.py:914} INFO - Processing file /home/airflow/.local/lib/python3.12/site-packages/airflow/example_dags/example_workday_timetable.py for tasks to queue
[2025-04-16T01:24:15.717+0000] {logging_mixin.py:190} INFO - [2025-04-16T01:24:15.716+0000] {dagbag.py:588} INFO - Filling up the DagBag from /home/airflow/.local/lib/python3.12/site-packages/airflow/example_dags/example_workday_timetable.py
[2025-04-16T01:24:15.719+0000] {processor.py:925} INFO - DAG(s) 'example_workday_timetable' retrieved from /home/airflow/.local/lib/python3.12/site-packages/airflow/example_dags/example_workday_timetable.py
[2025-04-16T01:24:15.735+0000] {logging_mixin.py:190} INFO - [2025-04-16T01:24:15.735+0000] {dag.py:3239} INFO - Sync 1 DAGs
[2025-04-16T01:24:15.770+0000] {logging_mixin.py:190} INFO - [2025-04-16T01:24:15.770+0000] {dag.py:4180} INFO - Setting next_dagrun for example_workday_timetable to 2021-01-04 00:00:00+00:00, run_after=2021-01-05 00:00:00+00:00
[2025-04-16T01:24:15.781+0000] {processor.py:208} INFO - Processing /home/airflow/.local/lib/python3.12/site-packages/airflow/example_dags/example_workday_timetable.py took 0.071 seconds
[2025-04-16T01:24:47.923+0000] {processor.py:186} INFO - Started process (PID=266) to work on /home/airflow/.local/lib/python3.12/site-packages/airflow/example_dags/example_workday_timetable.py
[2025-04-16T01:24:47.924+0000] {processor.py:914} INFO - Processing file /home/airflow/.local/lib/python3.12/site-packages/airflow/example_dags/example_workday_timetable.py for tasks to queue
[2025-04-16T01:24:47.926+0000] {logging_mixin.py:190} INFO - [2025-04-16T01:24:47.926+0000] {dagbag.py:588} INFO - Filling up the DagBag from /home/airflow/.local/lib/python3.12/site-packages/airflow/example_dags/example_workday_timetable.py
[2025-04-16T01:24:47.931+0000] {processor.py:925} INFO - DAG(s) 'example_workday_timetable' retrieved from /home/airflow/.local/lib/python3.12/site-packages/airflow/example_dags/example_workday_timetable.py
[2025-04-16T01:24:47.947+0000] {logging_mixin.py:190} INFO - [2025-04-16T01:24:47.947+0000] {dag.py:3239} INFO - Sync 1 DAGs
[2025-04-16T01:24:48.084+0000] {logging_mixin.py:190} INFO - [2025-04-16T01:24:48.082+0000] {dag.py:4180} INFO - Setting next_dagrun for example_workday_timetable to 2021-01-04 00:00:00+00:00, run_after=2021-01-05 00:00:00+00:00
[2025-04-16T01:24:48.108+0000] {processor.py:208} INFO - Processing /home/airflow/.local/lib/python3.12/site-packages/airflow/example_dags/example_workday_timetable.py took 0.189 seconds
[2025-04-16T01:25:19.210+0000] {processor.py:186} INFO - Started process (PID=330) to work on /home/airflow/.local/lib/python3.12/site-packages/airflow/example_dags/example_workday_timetable.py
[2025-04-16T01:25:19.216+0000] {processor.py:914} INFO - Processing file /home/airflow/.local/lib/python3.12/site-packages/airflow/example_dags/example_workday_timetable.py for tasks to queue
[2025-04-16T01:25:19.221+0000] {logging_mixin.py:190} INFO - [2025-04-16T01:25:19.220+0000] {dagbag.py:588} INFO - Filling up the DagBag from /home/airflow/.local/lib/python3.12/site-packages/airflow/example_dags/example_workday_timetable.py
[2025-04-16T01:25:19.530+0000] {processor.py:925} INFO - DAG(s) 'example_workday_timetable' retrieved from /home/airflow/.local/lib/python3.12/site-packages/airflow/example_dags/example_workday_timetable.py
[2025-04-16T01:25:19.656+0000] {logging_mixin.py:190} INFO - [2025-04-16T01:25:19.655+0000] {dag.py:3239} INFO - Sync 1 DAGs
[2025-04-16T01:25:19.816+0000] {logging_mixin.py:190} INFO - [2025-04-16T01:25:19.815+0000] {dag.py:4180} INFO - Setting next_dagrun for example_workday_timetable to 2021-01-04 00:00:00+00:00, run_after=2021-01-05 00:00:00+00:00
[2025-04-16T01:25:19.855+0000] {processor.py:208} INFO - Processing /home/airflow/.local/lib/python3.12/site-packages/airflow/example_dags/example_workday_timetable.py took 0.650 seconds
