[2025-04-16T01:23:16.221+0000] {processor.py:186} INFO - Started process (PID=86) to work on /home/airflow/.local/lib/python3.12/site-packages/airflow/example_dags/example_branch_python_dop_operator_3.py
[2025-04-16T01:23:16.222+0000] {processor.py:914} INFO - Processing file /home/airflow/.local/lib/python3.12/site-packages/airflow/example_dags/example_branch_python_dop_operator_3.py for tasks to queue
[2025-04-16T01:23:16.223+0000] {logging_mixin.py:190} INFO - [2025-04-16T01:23:16.223+0000] {dagbag.py:588} INFO - Filling up the DagBag from /home/airflow/.local/lib/python3.12/site-packages/airflow/example_dags/example_branch_python_dop_operator_3.py
[2025-04-16T01:23:16.231+0000] {processor.py:925} INFO - DAG(s) 'example_branch_dop_operator_v3' retrieved from /home/airflow/.local/lib/python3.12/site-packages/airflow/example_dags/example_branch_python_dop_operator_3.py
[2025-04-16T01:23:16.382+0000] {logging_mixin.py:190} INFO - [2025-04-16T01:23:16.380+0000] {override.py:1912} INFO - Created Permission View: can read on DAG:example_branch_dop_operator_v3
[2025-04-16T01:23:16.389+0000] {logging_mixin.py:190} INFO - [2025-04-16T01:23:16.389+0000] {override.py:1912} INFO - Created Permission View: can edit on DAG:example_branch_dop_operator_v3
[2025-04-16T01:23:16.393+0000] {logging_mixin.py:190} INFO - [2025-04-16T01:23:16.392+0000] {override.py:1912} INFO - Created Permission View: can delete on DAG:example_branch_dop_operator_v3
[2025-04-16T01:23:16.397+0000] {logging_mixin.py:190} INFO - [2025-04-16T01:23:16.397+0000] {override.py:1912} INFO - Created Permission View: can read on DAG Run:example_branch_dop_operator_v3
[2025-04-16T01:23:16.404+0000] {logging_mixin.py:190} INFO - [2025-04-16T01:23:16.403+0000] {override.py:1912} INFO - Created Permission View: can create on DAG Run:example_branch_dop_operator_v3
[2025-04-16T01:23:16.410+0000] {logging_mixin.py:190} INFO - [2025-04-16T01:23:16.410+0000] {override.py:1912} INFO - Created Permission View: menu access on DAG Run:example_branch_dop_operator_v3
[2025-04-16T01:23:16.422+0000] {logging_mixin.py:190} INFO - [2025-04-16T01:23:16.422+0000] {override.py:1912} INFO - Created Permission View: can delete on DAG Run:example_branch_dop_operator_v3
[2025-04-16T01:23:16.423+0000] {logging_mixin.py:190} INFO - [2025-04-16T01:23:16.423+0000] {dag.py:3239} INFO - Sync 1 DAGs
[2025-04-16T01:23:16.444+0000] {logging_mixin.py:190} INFO - [2025-04-16T01:23:16.444+0000] {dag.py:3262} INFO - Creating ORM DAG for example_branch_dop_operator_v3
[2025-04-16T01:23:16.452+0000] {logging_mixin.py:190} INFO - [2025-04-16T01:23:16.452+0000] {dag.py:4180} INFO - Setting next_dagrun for example_branch_dop_operator_v3 to 2025-04-16 01:22:00+00:00, run_after=2025-04-16 01:23:00+00:00
[2025-04-16T01:23:16.473+0000] {processor.py:208} INFO - Processing /home/airflow/.local/lib/python3.12/site-packages/airflow/example_dags/example_branch_python_dop_operator_3.py took 0.261 seconds
[2025-04-16T01:23:46.513+0000] {processor.py:186} INFO - Started process (PID=149) to work on /home/airflow/.local/lib/python3.12/site-packages/airflow/example_dags/example_branch_python_dop_operator_3.py
[2025-04-16T01:23:46.514+0000] {processor.py:914} INFO - Processing file /home/airflow/.local/lib/python3.12/site-packages/airflow/example_dags/example_branch_python_dop_operator_3.py for tasks to queue
[2025-04-16T01:23:46.515+0000] {logging_mixin.py:190} INFO - [2025-04-16T01:23:46.515+0000] {dagbag.py:588} INFO - Filling up the DagBag from /home/airflow/.local/lib/python3.12/site-packages/airflow/example_dags/example_branch_python_dop_operator_3.py
[2025-04-16T01:23:46.520+0000] {processor.py:925} INFO - DAG(s) 'example_branch_dop_operator_v3' retrieved from /home/airflow/.local/lib/python3.12/site-packages/airflow/example_dags/example_branch_python_dop_operator_3.py
[2025-04-16T01:23:46.536+0000] {logging_mixin.py:190} INFO - [2025-04-16T01:23:46.536+0000] {dag.py:3239} INFO - Sync 1 DAGs
[2025-04-16T01:23:46.549+0000] {logging_mixin.py:190} INFO - [2025-04-16T01:23:46.549+0000] {dag.py:4180} INFO - Setting next_dagrun for example_branch_dop_operator_v3 to 2025-04-16 01:22:00+00:00, run_after=2025-04-16 01:23:00+00:00
[2025-04-16T01:23:46.556+0000] {processor.py:208} INFO - Processing /home/airflow/.local/lib/python3.12/site-packages/airflow/example_dags/example_branch_python_dop_operator_3.py took 0.046 seconds
[2025-04-16T01:24:17.585+0000] {processor.py:186} INFO - Started process (PID=212) to work on /home/airflow/.local/lib/python3.12/site-packages/airflow/example_dags/example_branch_python_dop_operator_3.py
[2025-04-16T01:24:17.586+0000] {processor.py:914} INFO - Processing file /home/airflow/.local/lib/python3.12/site-packages/airflow/example_dags/example_branch_python_dop_operator_3.py for tasks to queue
[2025-04-16T01:24:17.589+0000] {logging_mixin.py:190} INFO - [2025-04-16T01:24:17.589+0000] {dagbag.py:588} INFO - Filling up the DagBag from /home/airflow/.local/lib/python3.12/site-packages/airflow/example_dags/example_branch_python_dop_operator_3.py
[2025-04-16T01:24:17.598+0000] {processor.py:925} INFO - DAG(s) 'example_branch_dop_operator_v3' retrieved from /home/airflow/.local/lib/python3.12/site-packages/airflow/example_dags/example_branch_python_dop_operator_3.py
[2025-04-16T01:24:17.619+0000] {logging_mixin.py:190} INFO - [2025-04-16T01:24:17.618+0000] {dag.py:3239} INFO - Sync 1 DAGs
[2025-04-16T01:24:17.644+0000] {logging_mixin.py:190} INFO - [2025-04-16T01:24:17.644+0000] {dag.py:4180} INFO - Setting next_dagrun for example_branch_dop_operator_v3 to 2025-04-16 01:23:00+00:00, run_after=2025-04-16 01:24:00+00:00
[2025-04-16T01:24:17.658+0000] {processor.py:208} INFO - Processing /home/airflow/.local/lib/python3.12/site-packages/airflow/example_dags/example_branch_python_dop_operator_3.py took 0.081 seconds
[2025-04-16T01:24:49.093+0000] {processor.py:186} INFO - Started process (PID=277) to work on /home/airflow/.local/lib/python3.12/site-packages/airflow/example_dags/example_branch_python_dop_operator_3.py
[2025-04-16T01:24:49.094+0000] {processor.py:914} INFO - Processing file /home/airflow/.local/lib/python3.12/site-packages/airflow/example_dags/example_branch_python_dop_operator_3.py for tasks to queue
[2025-04-16T01:24:49.098+0000] {logging_mixin.py:190} INFO - [2025-04-16T01:24:49.097+0000] {dagbag.py:588} INFO - Filling up the DagBag from /home/airflow/.local/lib/python3.12/site-packages/airflow/example_dags/example_branch_python_dop_operator_3.py
[2025-04-16T01:24:49.117+0000] {processor.py:925} INFO - DAG(s) 'example_branch_dop_operator_v3' retrieved from /home/airflow/.local/lib/python3.12/site-packages/airflow/example_dags/example_branch_python_dop_operator_3.py
[2025-04-16T01:24:49.191+0000] {logging_mixin.py:190} INFO - [2025-04-16T01:24:49.190+0000] {dag.py:3239} INFO - Sync 1 DAGs
[2025-04-16T01:24:49.298+0000] {logging_mixin.py:190} INFO - [2025-04-16T01:24:49.297+0000] {dag.py:4180} INFO - Setting next_dagrun for example_branch_dop_operator_v3 to 2025-04-16 01:23:00+00:00, run_after=2025-04-16 01:24:00+00:00
[2025-04-16T01:24:49.323+0000] {processor.py:208} INFO - Processing /home/airflow/.local/lib/python3.12/site-packages/airflow/example_dags/example_branch_python_dop_operator_3.py took 0.244 seconds
[2025-04-16T01:25:20.955+0000] {processor.py:186} INFO - Started process (PID=341) to work on /home/airflow/.local/lib/python3.12/site-packages/airflow/example_dags/example_branch_python_dop_operator_3.py
[2025-04-16T01:25:20.957+0000] {processor.py:914} INFO - Processing file /home/airflow/.local/lib/python3.12/site-packages/airflow/example_dags/example_branch_python_dop_operator_3.py for tasks to queue
[2025-04-16T01:25:20.962+0000] {logging_mixin.py:190} INFO - [2025-04-16T01:25:20.961+0000] {dagbag.py:588} INFO - Filling up the DagBag from /home/airflow/.local/lib/python3.12/site-packages/airflow/example_dags/example_branch_python_dop_operator_3.py
[2025-04-16T01:25:20.978+0000] {processor.py:925} INFO - DAG(s) 'example_branch_dop_operator_v3' retrieved from /home/airflow/.local/lib/python3.12/site-packages/airflow/example_dags/example_branch_python_dop_operator_3.py
[2025-04-16T01:25:21.011+0000] {logging_mixin.py:190} INFO - [2025-04-16T01:25:21.011+0000] {dag.py:3239} INFO - Sync 1 DAGs
[2025-04-16T01:25:21.042+0000] {logging_mixin.py:190} INFO - [2025-04-16T01:25:21.042+0000] {dag.py:4180} INFO - Setting next_dagrun for example_branch_dop_operator_v3 to 2025-04-16 01:24:00+00:00, run_after=2025-04-16 01:25:00+00:00
[2025-04-16T01:25:21.057+0000] {processor.py:208} INFO - Processing /home/airflow/.local/lib/python3.12/site-packages/airflow/example_dags/example_branch_python_dop_operator_3.py took 0.110 seconds
