[2025-04-16T01:23:17.041+0000] {processor.py:186} INFO - Started process (PID=90) to work on /home/airflow/.local/lib/python3.12/site-packages/airflow/example_dags/example_trigger_target_dag.py
[2025-04-16T01:23:17.045+0000] {processor.py:914} INFO - Processing file /home/airflow/.local/lib/python3.12/site-packages/airflow/example_dags/example_trigger_target_dag.py for tasks to queue
[2025-04-16T01:23:17.052+0000] {logging_mixin.py:190} INFO - [2025-04-16T01:23:17.051+0000] {dagbag.py:588} INFO - Filling up the DagBag from /home/airflow/.local/lib/python3.12/site-packages/airflow/example_dags/example_trigger_target_dag.py
[2025-04-16T01:23:17.071+0000] {processor.py:925} INFO - DAG(s) 'example_trigger_target_dag' retrieved from /home/airflow/.local/lib/python3.12/site-packages/airflow/example_dags/example_trigger_target_dag.py
[2025-04-16T01:23:17.309+0000] {logging_mixin.py:190} INFO - [2025-04-16T01:23:17.305+0000] {override.py:1912} INFO - Created Permission View: can read on DAG:example_trigger_target_dag
[2025-04-16T01:23:17.337+0000] {logging_mixin.py:190} INFO - [2025-04-16T01:23:17.337+0000] {override.py:1912} INFO - Created Permission View: can edit on DAG:example_trigger_target_dag
[2025-04-16T01:23:17.353+0000] {logging_mixin.py:190} INFO - [2025-04-16T01:23:17.352+0000] {override.py:1912} INFO - Created Permission View: can delete on DAG:example_trigger_target_dag
[2025-04-16T01:23:17.376+0000] {logging_mixin.py:190} INFO - [2025-04-16T01:23:17.375+0000] {override.py:1912} INFO - Created Permission View: can read on DAG Run:example_trigger_target_dag
[2025-04-16T01:23:17.391+0000] {logging_mixin.py:190} INFO - [2025-04-16T01:23:17.390+0000] {override.py:1912} INFO - Created Permission View: can create on DAG Run:example_trigger_target_dag
[2025-04-16T01:23:17.401+0000] {logging_mixin.py:190} INFO - [2025-04-16T01:23:17.400+0000] {override.py:1912} INFO - Created Permission View: menu access on DAG Run:example_trigger_target_dag
[2025-04-16T01:23:17.413+0000] {logging_mixin.py:190} INFO - [2025-04-16T01:23:17.412+0000] {override.py:1912} INFO - Created Permission View: can delete on DAG Run:example_trigger_target_dag
[2025-04-16T01:23:17.414+0000] {logging_mixin.py:190} INFO - [2025-04-16T01:23:17.414+0000] {dag.py:3239} INFO - Sync 1 DAGs
[2025-04-16T01:23:17.446+0000] {logging_mixin.py:190} INFO - [2025-04-16T01:23:17.445+0000] {dag.py:3262} INFO - Creating ORM DAG for example_trigger_target_dag
[2025-04-16T01:23:17.449+0000] {logging_mixin.py:190} INFO - [2025-04-16T01:23:17.449+0000] {dag.py:4180} INFO - Setting next_dagrun for example_trigger_target_dag to None, run_after=None
[2025-04-16T01:23:17.489+0000] {processor.py:208} INFO - Processing /home/airflow/.local/lib/python3.12/site-packages/airflow/example_dags/example_trigger_target_dag.py took 0.461 seconds
[2025-04-16T01:23:47.801+0000] {processor.py:186} INFO - Started process (PID=154) to work on /home/airflow/.local/lib/python3.12/site-packages/airflow/example_dags/example_trigger_target_dag.py
[2025-04-16T01:23:47.802+0000] {processor.py:914} INFO - Processing file /home/airflow/.local/lib/python3.12/site-packages/airflow/example_dags/example_trigger_target_dag.py for tasks to queue
[2025-04-16T01:23:47.803+0000] {logging_mixin.py:190} INFO - [2025-04-16T01:23:47.803+0000] {dagbag.py:588} INFO - Filling up the DagBag from /home/airflow/.local/lib/python3.12/site-packages/airflow/example_dags/example_trigger_target_dag.py
[2025-04-16T01:23:47.810+0000] {processor.py:925} INFO - DAG(s) 'example_trigger_target_dag' retrieved from /home/airflow/.local/lib/python3.12/site-packages/airflow/example_dags/example_trigger_target_dag.py
[2025-04-16T01:23:47.823+0000] {logging_mixin.py:190} INFO - [2025-04-16T01:23:47.823+0000] {dag.py:3239} INFO - Sync 1 DAGs
[2025-04-16T01:23:47.831+0000] {logging_mixin.py:190} INFO - [2025-04-16T01:23:47.831+0000] {dag.py:4180} INFO - Setting next_dagrun for example_trigger_target_dag to None, run_after=None
[2025-04-16T01:23:47.846+0000] {processor.py:208} INFO - Processing /home/airflow/.local/lib/python3.12/site-packages/airflow/example_dags/example_trigger_target_dag.py took 0.048 seconds
[2025-04-16T01:24:17.877+0000] {processor.py:186} INFO - Started process (PID=216) to work on /home/airflow/.local/lib/python3.12/site-packages/airflow/example_dags/example_trigger_target_dag.py
[2025-04-16T01:24:17.877+0000] {processor.py:914} INFO - Processing file /home/airflow/.local/lib/python3.12/site-packages/airflow/example_dags/example_trigger_target_dag.py for tasks to queue
[2025-04-16T01:24:17.879+0000] {logging_mixin.py:190} INFO - [2025-04-16T01:24:17.879+0000] {dagbag.py:588} INFO - Filling up the DagBag from /home/airflow/.local/lib/python3.12/site-packages/airflow/example_dags/example_trigger_target_dag.py
[2025-04-16T01:24:17.883+0000] {processor.py:925} INFO - DAG(s) 'example_trigger_target_dag' retrieved from /home/airflow/.local/lib/python3.12/site-packages/airflow/example_dags/example_trigger_target_dag.py
[2025-04-16T01:24:17.893+0000] {logging_mixin.py:190} INFO - [2025-04-16T01:24:17.893+0000] {dag.py:3239} INFO - Sync 1 DAGs
[2025-04-16T01:24:17.899+0000] {logging_mixin.py:190} INFO - [2025-04-16T01:24:17.899+0000] {dag.py:4180} INFO - Setting next_dagrun for example_trigger_target_dag to None, run_after=None
[2025-04-16T01:24:17.906+0000] {processor.py:208} INFO - Processing /home/airflow/.local/lib/python3.12/site-packages/airflow/example_dags/example_trigger_target_dag.py took 0.034 seconds
[2025-04-16T01:24:49.675+0000] {processor.py:186} INFO - Started process (PID=281) to work on /home/airflow/.local/lib/python3.12/site-packages/airflow/example_dags/example_trigger_target_dag.py
[2025-04-16T01:24:49.677+0000] {processor.py:914} INFO - Processing file /home/airflow/.local/lib/python3.12/site-packages/airflow/example_dags/example_trigger_target_dag.py for tasks to queue
[2025-04-16T01:24:49.682+0000] {logging_mixin.py:190} INFO - [2025-04-16T01:24:49.681+0000] {dagbag.py:588} INFO - Filling up the DagBag from /home/airflow/.local/lib/python3.12/site-packages/airflow/example_dags/example_trigger_target_dag.py
[2025-04-16T01:24:49.695+0000] {processor.py:925} INFO - DAG(s) 'example_trigger_target_dag' retrieved from /home/airflow/.local/lib/python3.12/site-packages/airflow/example_dags/example_trigger_target_dag.py
[2025-04-16T01:24:49.770+0000] {logging_mixin.py:190} INFO - [2025-04-16T01:24:49.769+0000] {dag.py:3239} INFO - Sync 1 DAGs
[2025-04-16T01:24:49.833+0000] {logging_mixin.py:190} INFO - [2025-04-16T01:24:49.833+0000] {dag.py:4180} INFO - Setting next_dagrun for example_trigger_target_dag to None, run_after=None
[2025-04-16T01:24:49.857+0000] {processor.py:208} INFO - Processing /home/airflow/.local/lib/python3.12/site-packages/airflow/example_dags/example_trigger_target_dag.py took 0.191 seconds
[2025-04-16T01:25:21.479+0000] {processor.py:186} INFO - Started process (PID=345) to work on /home/airflow/.local/lib/python3.12/site-packages/airflow/example_dags/example_trigger_target_dag.py
[2025-04-16T01:25:21.481+0000] {processor.py:914} INFO - Processing file /home/airflow/.local/lib/python3.12/site-packages/airflow/example_dags/example_trigger_target_dag.py for tasks to queue
[2025-04-16T01:25:21.483+0000] {logging_mixin.py:190} INFO - [2025-04-16T01:25:21.483+0000] {dagbag.py:588} INFO - Filling up the DagBag from /home/airflow/.local/lib/python3.12/site-packages/airflow/example_dags/example_trigger_target_dag.py
[2025-04-16T01:25:21.490+0000] {processor.py:925} INFO - DAG(s) 'example_trigger_target_dag' retrieved from /home/airflow/.local/lib/python3.12/site-packages/airflow/example_dags/example_trigger_target_dag.py
[2025-04-16T01:25:21.504+0000] {logging_mixin.py:190} INFO - [2025-04-16T01:25:21.503+0000] {dag.py:3239} INFO - Sync 1 DAGs
[2025-04-16T01:25:21.514+0000] {logging_mixin.py:190} INFO - [2025-04-16T01:25:21.514+0000] {dag.py:4180} INFO - Setting next_dagrun for example_trigger_target_dag to None, run_after=None
[2025-04-16T01:25:21.534+0000] {processor.py:208} INFO - Processing /home/airflow/.local/lib/python3.12/site-packages/airflow/example_dags/example_trigger_target_dag.py took 0.061 seconds
