[2025-04-16T01:23:17.600+0000] {processor.py:186} INFO - Started process (PID=92) to work on /home/airflow/.local/lib/python3.12/site-packages/airflow/example_dags/example_python_operator.py
[2025-04-16T01:23:17.605+0000] {processor.py:914} INFO - Processing file /home/airflow/.local/lib/python3.12/site-packages/airflow/example_dags/example_python_operator.py for tasks to queue
[2025-04-16T01:23:17.621+0000] {logging_mixin.py:190} INFO - [2025-04-16T01:23:17.620+0000] {dagbag.py:588} INFO - Filling up the DagBag from /home/airflow/.local/lib/python3.12/site-packages/airflow/example_dags/example_python_operator.py
[2025-04-16T01:23:17.661+0000] {processor.py:925} INFO - DAG(s) 'example_python_operator' retrieved from /home/airflow/.local/lib/python3.12/site-packages/airflow/example_dags/example_python_operator.py
[2025-04-16T01:23:18.177+0000] {logging_mixin.py:190} INFO - [2025-04-16T01:23:18.161+0000] {override.py:1912} INFO - Created Permission View: can read on DAG:example_python_operator
[2025-04-16T01:23:18.200+0000] {logging_mixin.py:190} INFO - [2025-04-16T01:23:18.199+0000] {override.py:1912} INFO - Created Permission View: can edit on DAG:example_python_operator
[2025-04-16T01:23:18.208+0000] {logging_mixin.py:190} INFO - [2025-04-16T01:23:18.207+0000] {override.py:1912} INFO - Created Permission View: can delete on DAG:example_python_operator
[2025-04-16T01:23:18.220+0000] {logging_mixin.py:190} INFO - [2025-04-16T01:23:18.220+0000] {override.py:1912} INFO - Created Permission View: can read on DAG Run:example_python_operator
[2025-04-16T01:23:18.229+0000] {logging_mixin.py:190} INFO - [2025-04-16T01:23:18.229+0000] {override.py:1912} INFO - Created Permission View: can create on DAG Run:example_python_operator
[2025-04-16T01:23:18.238+0000] {logging_mixin.py:190} INFO - [2025-04-16T01:23:18.237+0000] {override.py:1912} INFO - Created Permission View: menu access on DAG Run:example_python_operator
[2025-04-16T01:23:18.261+0000] {logging_mixin.py:190} INFO - [2025-04-16T01:23:18.260+0000] {override.py:1912} INFO - Created Permission View: can delete on DAG Run:example_python_operator
[2025-04-16T01:23:18.264+0000] {logging_mixin.py:190} INFO - [2025-04-16T01:23:18.263+0000] {dag.py:3239} INFO - Sync 1 DAGs
[2025-04-16T01:23:18.292+0000] {logging_mixin.py:190} INFO - [2025-04-16T01:23:18.292+0000] {dag.py:3262} INFO - Creating ORM DAG for example_python_operator
[2025-04-16T01:23:18.297+0000] {logging_mixin.py:190} INFO - [2025-04-16T01:23:18.296+0000] {dag.py:4180} INFO - Setting next_dagrun for example_python_operator to None, run_after=None
[2025-04-16T01:23:18.325+0000] {processor.py:208} INFO - Processing /home/airflow/.local/lib/python3.12/site-packages/airflow/example_dags/example_python_operator.py took 0.742 seconds
[2025-04-16T01:23:48.936+0000] {processor.py:186} INFO - Started process (PID=156) to work on /home/airflow/.local/lib/python3.12/site-packages/airflow/example_dags/example_python_operator.py
[2025-04-16T01:23:48.938+0000] {processor.py:914} INFO - Processing file /home/airflow/.local/lib/python3.12/site-packages/airflow/example_dags/example_python_operator.py for tasks to queue
[2025-04-16T01:23:48.946+0000] {logging_mixin.py:190} INFO - [2025-04-16T01:23:48.946+0000] {dagbag.py:588} INFO - Filling up the DagBag from /home/airflow/.local/lib/python3.12/site-packages/airflow/example_dags/example_python_operator.py
[2025-04-16T01:23:48.976+0000] {processor.py:925} INFO - DAG(s) 'example_python_operator' retrieved from /home/airflow/.local/lib/python3.12/site-packages/airflow/example_dags/example_python_operator.py
[2025-04-16T01:23:49.016+0000] {logging_mixin.py:190} INFO - [2025-04-16T01:23:49.015+0000] {dag.py:3239} INFO - Sync 1 DAGs
[2025-04-16T01:23:49.028+0000] {logging_mixin.py:190} INFO - [2025-04-16T01:23:49.028+0000] {dag.py:4180} INFO - Setting next_dagrun for example_python_operator to None, run_after=None
[2025-04-16T01:23:49.048+0000] {processor.py:208} INFO - Processing /home/airflow/.local/lib/python3.12/site-packages/airflow/example_dags/example_python_operator.py took 0.123 seconds
[2025-04-16T01:24:20.074+0000] {processor.py:186} INFO - Started process (PID=219) to work on /home/airflow/.local/lib/python3.12/site-packages/airflow/example_dags/example_python_operator.py
[2025-04-16T01:24:20.077+0000] {processor.py:914} INFO - Processing file /home/airflow/.local/lib/python3.12/site-packages/airflow/example_dags/example_python_operator.py for tasks to queue
[2025-04-16T01:24:20.085+0000] {logging_mixin.py:190} INFO - [2025-04-16T01:24:20.084+0000] {dagbag.py:588} INFO - Filling up the DagBag from /home/airflow/.local/lib/python3.12/site-packages/airflow/example_dags/example_python_operator.py
[2025-04-16T01:24:20.131+0000] {processor.py:925} INFO - DAG(s) 'example_python_operator' retrieved from /home/airflow/.local/lib/python3.12/site-packages/airflow/example_dags/example_python_operator.py
[2025-04-16T01:24:20.190+0000] {logging_mixin.py:190} INFO - [2025-04-16T01:24:20.189+0000] {dag.py:3239} INFO - Sync 1 DAGs
[2025-04-16T01:24:20.314+0000] {logging_mixin.py:190} INFO - [2025-04-16T01:24:20.313+0000] {dag.py:4180} INFO - Setting next_dagrun for example_python_operator to None, run_after=None
[2025-04-16T01:24:20.349+0000] {processor.py:208} INFO - Processing /home/airflow/.local/lib/python3.12/site-packages/airflow/example_dags/example_python_operator.py took 0.292 seconds
[2025-04-16T01:24:50.773+0000] {processor.py:186} INFO - Started process (PID=283) to work on /home/airflow/.local/lib/python3.12/site-packages/airflow/example_dags/example_python_operator.py
[2025-04-16T01:24:50.780+0000] {processor.py:914} INFO - Processing file /home/airflow/.local/lib/python3.12/site-packages/airflow/example_dags/example_python_operator.py for tasks to queue
[2025-04-16T01:24:50.785+0000] {logging_mixin.py:190} INFO - [2025-04-16T01:24:50.785+0000] {dagbag.py:588} INFO - Filling up the DagBag from /home/airflow/.local/lib/python3.12/site-packages/airflow/example_dags/example_python_operator.py
[2025-04-16T01:24:50.810+0000] {processor.py:925} INFO - DAG(s) 'example_python_operator' retrieved from /home/airflow/.local/lib/python3.12/site-packages/airflow/example_dags/example_python_operator.py
[2025-04-16T01:24:50.837+0000] {logging_mixin.py:190} INFO - [2025-04-16T01:24:50.837+0000] {dag.py:3239} INFO - Sync 1 DAGs
[2025-04-16T01:24:50.855+0000] {logging_mixin.py:190} INFO - [2025-04-16T01:24:50.855+0000] {dag.py:4180} INFO - Setting next_dagrun for example_python_operator to None, run_after=None
[2025-04-16T01:24:50.888+0000] {processor.py:208} INFO - Processing /home/airflow/.local/lib/python3.12/site-packages/airflow/example_dags/example_python_operator.py took 0.125 seconds
[2025-04-16T01:25:21.586+0000] {processor.py:186} INFO - Started process (PID=347) to work on /home/airflow/.local/lib/python3.12/site-packages/airflow/example_dags/example_python_operator.py
[2025-04-16T01:25:21.587+0000] {processor.py:914} INFO - Processing file /home/airflow/.local/lib/python3.12/site-packages/airflow/example_dags/example_python_operator.py for tasks to queue
[2025-04-16T01:25:21.589+0000] {logging_mixin.py:190} INFO - [2025-04-16T01:25:21.589+0000] {dagbag.py:588} INFO - Filling up the DagBag from /home/airflow/.local/lib/python3.12/site-packages/airflow/example_dags/example_python_operator.py
[2025-04-16T01:25:21.600+0000] {processor.py:925} INFO - DAG(s) 'example_python_operator' retrieved from /home/airflow/.local/lib/python3.12/site-packages/airflow/example_dags/example_python_operator.py
[2025-04-16T01:25:21.620+0000] {logging_mixin.py:190} INFO - [2025-04-16T01:25:21.620+0000] {dag.py:3239} INFO - Sync 1 DAGs
[2025-04-16T01:25:21.629+0000] {logging_mixin.py:190} INFO - [2025-04-16T01:25:21.628+0000] {dag.py:4180} INFO - Setting next_dagrun for example_python_operator to None, run_after=None
[2025-04-16T01:25:21.638+0000] {processor.py:208} INFO - Processing /home/airflow/.local/lib/python3.12/site-packages/airflow/example_dags/example_python_operator.py took 0.056 seconds
