[2025-04-16T01:23:20.688+0000] {processor.py:186} INFO - Started process (PID=105) to work on /home/airflow/.local/lib/python3.12/site-packages/airflow/example_dags/example_xcomargs.py
[2025-04-16T01:23:20.690+0000] {processor.py:914} INFO - Processing file /home/airflow/.local/lib/python3.12/site-packages/airflow/example_dags/example_xcomargs.py for tasks to queue
[2025-04-16T01:23:20.693+0000] {logging_mixin.py:190} INFO - [2025-04-16T01:23:20.692+0000] {dagbag.py:588} INFO - Filling up the DagBag from /home/airflow/.local/lib/python3.12/site-packages/airflow/example_dags/example_xcomargs.py
[2025-04-16T01:23:20.705+0000] {processor.py:925} INFO - DAG(s) 'example_xcom_args', 'example_xcom_args_with_operators' retrieved from /home/airflow/.local/lib/python3.12/site-packages/airflow/example_dags/example_xcomargs.py
[2025-04-16T01:23:20.808+0000] {logging_mixin.py:190} INFO - [2025-04-16T01:23:20.806+0000] {override.py:1912} INFO - Created Permission View: can read on DAG:example_xcom_args
[2025-04-16T01:23:20.836+0000] {logging_mixin.py:190} INFO - [2025-04-16T01:23:20.835+0000] {override.py:1912} INFO - Created Permission View: can edit on DAG:example_xcom_args
[2025-04-16T01:23:20.848+0000] {logging_mixin.py:190} INFO - [2025-04-16T01:23:20.847+0000] {override.py:1912} INFO - Created Permission View: can delete on DAG:example_xcom_args
[2025-04-16T01:23:20.859+0000] {logging_mixin.py:190} INFO - [2025-04-16T01:23:20.858+0000] {override.py:1912} INFO - Created Permission View: can read on DAG Run:example_xcom_args
[2025-04-16T01:23:20.871+0000] {logging_mixin.py:190} INFO - [2025-04-16T01:23:20.871+0000] {override.py:1912} INFO - Created Permission View: can create on DAG Run:example_xcom_args
[2025-04-16T01:23:20.882+0000] {logging_mixin.py:190} INFO - [2025-04-16T01:23:20.881+0000] {override.py:1912} INFO - Created Permission View: menu access on DAG Run:example_xcom_args
[2025-04-16T01:23:20.899+0000] {logging_mixin.py:190} INFO - [2025-04-16T01:23:20.898+0000] {override.py:1912} INFO - Created Permission View: can delete on DAG Run:example_xcom_args
[2025-04-16T01:23:20.971+0000] {logging_mixin.py:190} INFO - [2025-04-16T01:23:20.971+0000] {override.py:1912} INFO - Created Permission View: can read on DAG:example_xcom_args_with_operators
[2025-04-16T01:23:20.982+0000] {logging_mixin.py:190} INFO - [2025-04-16T01:23:20.981+0000] {override.py:1912} INFO - Created Permission View: can edit on DAG:example_xcom_args_with_operators
[2025-04-16T01:23:20.992+0000] {logging_mixin.py:190} INFO - [2025-04-16T01:23:20.991+0000] {override.py:1912} INFO - Created Permission View: can delete on DAG:example_xcom_args_with_operators
[2025-04-16T01:23:21.002+0000] {logging_mixin.py:190} INFO - [2025-04-16T01:23:21.001+0000] {override.py:1912} INFO - Created Permission View: can read on DAG Run:example_xcom_args_with_operators
[2025-04-16T01:23:21.009+0000] {logging_mixin.py:190} INFO - [2025-04-16T01:23:21.009+0000] {override.py:1912} INFO - Created Permission View: can create on DAG Run:example_xcom_args_with_operators
[2025-04-16T01:23:21.023+0000] {logging_mixin.py:190} INFO - [2025-04-16T01:23:21.022+0000] {override.py:1912} INFO - Created Permission View: menu access on DAG Run:example_xcom_args_with_operators
[2025-04-16T01:23:21.034+0000] {logging_mixin.py:190} INFO - [2025-04-16T01:23:21.033+0000] {override.py:1912} INFO - Created Permission View: can delete on DAG Run:example_xcom_args_with_operators
[2025-04-16T01:23:21.040+0000] {logging_mixin.py:190} INFO - [2025-04-16T01:23:21.040+0000] {dag.py:3239} INFO - Sync 2 DAGs
[2025-04-16T01:23:21.062+0000] {logging_mixin.py:190} INFO - [2025-04-16T01:23:21.062+0000] {dag.py:3262} INFO - Creating ORM DAG for example_xcom_args_with_operators
[2025-04-16T01:23:21.064+0000] {logging_mixin.py:190} INFO - [2025-04-16T01:23:21.064+0000] {dag.py:3262} INFO - Creating ORM DAG for example_xcom_args
[2025-04-16T01:23:21.066+0000] {logging_mixin.py:190} INFO - [2025-04-16T01:23:21.066+0000] {dag.py:4180} INFO - Setting next_dagrun for example_xcom_args to None, run_after=None
[2025-04-16T01:23:21.068+0000] {logging_mixin.py:190} INFO - [2025-04-16T01:23:21.068+0000] {dag.py:4180} INFO - Setting next_dagrun for example_xcom_args_with_operators to None, run_after=None
[2025-04-16T01:23:21.097+0000] {processor.py:208} INFO - Processing /home/airflow/.local/lib/python3.12/site-packages/airflow/example_dags/example_xcomargs.py took 0.416 seconds
[2025-04-16T01:23:51.707+0000] {processor.py:186} INFO - Started process (PID=168) to work on /home/airflow/.local/lib/python3.12/site-packages/airflow/example_dags/example_xcomargs.py
[2025-04-16T01:23:51.711+0000] {processor.py:914} INFO - Processing file /home/airflow/.local/lib/python3.12/site-packages/airflow/example_dags/example_xcomargs.py for tasks to queue
[2025-04-16T01:23:51.722+0000] {logging_mixin.py:190} INFO - [2025-04-16T01:23:51.721+0000] {dagbag.py:588} INFO - Filling up the DagBag from /home/airflow/.local/lib/python3.12/site-packages/airflow/example_dags/example_xcomargs.py
[2025-04-16T01:23:51.752+0000] {processor.py:925} INFO - DAG(s) 'example_xcom_args', 'example_xcom_args_with_operators' retrieved from /home/airflow/.local/lib/python3.12/site-packages/airflow/example_dags/example_xcomargs.py
[2025-04-16T01:23:51.825+0000] {logging_mixin.py:190} INFO - [2025-04-16T01:23:51.825+0000] {dag.py:3239} INFO - Sync 2 DAGs
[2025-04-16T01:23:51.854+0000] {logging_mixin.py:190} INFO - [2025-04-16T01:23:51.854+0000] {dag.py:4180} INFO - Setting next_dagrun for example_xcom_args to None, run_after=None
[2025-04-16T01:23:51.862+0000] {logging_mixin.py:190} INFO - [2025-04-16T01:23:51.862+0000] {dag.py:4180} INFO - Setting next_dagrun for example_xcom_args_with_operators to None, run_after=None
[2025-04-16T01:23:51.915+0000] {processor.py:208} INFO - Processing /home/airflow/.local/lib/python3.12/site-packages/airflow/example_dags/example_xcomargs.py took 0.218 seconds
[2025-04-16T01:24:22.389+0000] {processor.py:186} INFO - Started process (PID=231) to work on /home/airflow/.local/lib/python3.12/site-packages/airflow/example_dags/example_xcomargs.py
[2025-04-16T01:24:22.391+0000] {processor.py:914} INFO - Processing file /home/airflow/.local/lib/python3.12/site-packages/airflow/example_dags/example_xcomargs.py for tasks to queue
[2025-04-16T01:24:22.393+0000] {logging_mixin.py:190} INFO - [2025-04-16T01:24:22.393+0000] {dagbag.py:588} INFO - Filling up the DagBag from /home/airflow/.local/lib/python3.12/site-packages/airflow/example_dags/example_xcomargs.py
[2025-04-16T01:24:22.400+0000] {processor.py:925} INFO - DAG(s) 'example_xcom_args_with_operators', 'example_xcom_args' retrieved from /home/airflow/.local/lib/python3.12/site-packages/airflow/example_dags/example_xcomargs.py
[2025-04-16T01:24:22.424+0000] {logging_mixin.py:190} INFO - [2025-04-16T01:24:22.424+0000] {dag.py:3239} INFO - Sync 2 DAGs
[2025-04-16T01:24:22.433+0000] {logging_mixin.py:190} INFO - [2025-04-16T01:24:22.432+0000] {dag.py:4180} INFO - Setting next_dagrun for example_xcom_args to None, run_after=None
[2025-04-16T01:24:22.435+0000] {logging_mixin.py:190} INFO - [2025-04-16T01:24:22.435+0000] {dag.py:4180} INFO - Setting next_dagrun for example_xcom_args_with_operators to None, run_after=None
[2025-04-16T01:24:22.450+0000] {processor.py:208} INFO - Processing /home/airflow/.local/lib/python3.12/site-packages/airflow/example_dags/example_xcomargs.py took 0.073 seconds
[2025-04-16T01:24:52.582+0000] {processor.py:186} INFO - Started process (PID=295) to work on /home/airflow/.local/lib/python3.12/site-packages/airflow/example_dags/example_xcomargs.py
[2025-04-16T01:24:52.584+0000] {processor.py:914} INFO - Processing file /home/airflow/.local/lib/python3.12/site-packages/airflow/example_dags/example_xcomargs.py for tasks to queue
[2025-04-16T01:24:52.585+0000] {logging_mixin.py:190} INFO - [2025-04-16T01:24:52.585+0000] {dagbag.py:588} INFO - Filling up the DagBag from /home/airflow/.local/lib/python3.12/site-packages/airflow/example_dags/example_xcomargs.py
[2025-04-16T01:24:52.591+0000] {processor.py:925} INFO - DAG(s) 'example_xcom_args_with_operators', 'example_xcom_args' retrieved from /home/airflow/.local/lib/python3.12/site-packages/airflow/example_dags/example_xcomargs.py
[2025-04-16T01:24:52.605+0000] {logging_mixin.py:190} INFO - [2025-04-16T01:24:52.605+0000] {dag.py:3239} INFO - Sync 2 DAGs
[2025-04-16T01:24:52.614+0000] {logging_mixin.py:190} INFO - [2025-04-16T01:24:52.613+0000] {dag.py:4180} INFO - Setting next_dagrun for example_xcom_args to None, run_after=None
[2025-04-16T01:24:52.615+0000] {logging_mixin.py:190} INFO - [2025-04-16T01:24:52.615+0000] {dag.py:4180} INFO - Setting next_dagrun for example_xcom_args_with_operators to None, run_after=None
[2025-04-16T01:24:52.624+0000] {processor.py:208} INFO - Processing /home/airflow/.local/lib/python3.12/site-packages/airflow/example_dags/example_xcomargs.py took 0.048 seconds
[2025-04-16T01:25:23.244+0000] {processor.py:186} INFO - Started process (PID=359) to work on /home/airflow/.local/lib/python3.12/site-packages/airflow/example_dags/example_xcomargs.py
[2025-04-16T01:25:23.245+0000] {processor.py:914} INFO - Processing file /home/airflow/.local/lib/python3.12/site-packages/airflow/example_dags/example_xcomargs.py for tasks to queue
[2025-04-16T01:25:23.246+0000] {logging_mixin.py:190} INFO - [2025-04-16T01:25:23.246+0000] {dagbag.py:588} INFO - Filling up the DagBag from /home/airflow/.local/lib/python3.12/site-packages/airflow/example_dags/example_xcomargs.py
[2025-04-16T01:25:23.258+0000] {processor.py:925} INFO - DAG(s) 'example_xcom_args', 'example_xcom_args_with_operators' retrieved from /home/airflow/.local/lib/python3.12/site-packages/airflow/example_dags/example_xcomargs.py
[2025-04-16T01:25:23.271+0000] {logging_mixin.py:190} INFO - [2025-04-16T01:25:23.270+0000] {dag.py:3239} INFO - Sync 2 DAGs
[2025-04-16T01:25:23.277+0000] {logging_mixin.py:190} INFO - [2025-04-16T01:25:23.277+0000] {dag.py:4180} INFO - Setting next_dagrun for example_xcom_args to None, run_after=None
[2025-04-16T01:25:23.280+0000] {logging_mixin.py:190} INFO - [2025-04-16T01:25:23.280+0000] {dag.py:4180} INFO - Setting next_dagrun for example_xcom_args_with_operators to None, run_after=None
[2025-04-16T01:25:23.289+0000] {processor.py:208} INFO - Processing /home/airflow/.local/lib/python3.12/site-packages/airflow/example_dags/example_xcomargs.py took 0.048 seconds
