[2025-04-16T01:23:18.235+0000] {processor.py:186} INFO - Started process (PID=93) to work on /home/airflow/.local/lib/python3.12/site-packages/airflow/example_dags/example_branch_operator_decorator.py
[2025-04-16T01:23:18.237+0000] {processor.py:914} INFO - Processing file /home/airflow/.local/lib/python3.12/site-packages/airflow/example_dags/example_branch_operator_decorator.py for tasks to queue
[2025-04-16T01:23:18.254+0000] {logging_mixin.py:190} INFO - [2025-04-16T01:23:18.249+0000] {dagbag.py:588} INFO - Filling up the DagBag from /home/airflow/.local/lib/python3.12/site-packages/airflow/example_dags/example_branch_operator_decorator.py
[2025-04-16T01:23:18.330+0000] {processor.py:925} INFO - DAG(s) 'example_branch_python_operator_decorator' retrieved from /home/airflow/.local/lib/python3.12/site-packages/airflow/example_dags/example_branch_operator_decorator.py
[2025-04-16T01:23:18.642+0000] {logging_mixin.py:190} INFO - [2025-04-16T01:23:18.640+0000] {override.py:1912} INFO - Created Permission View: can read on DAG:example_branch_python_operator_decorator
[2025-04-16T01:23:18.653+0000] {logging_mixin.py:190} INFO - [2025-04-16T01:23:18.652+0000] {override.py:1912} INFO - Created Permission View: can edit on DAG:example_branch_python_operator_decorator
[2025-04-16T01:23:18.660+0000] {logging_mixin.py:190} INFO - [2025-04-16T01:23:18.660+0000] {override.py:1912} INFO - Created Permission View: can delete on DAG:example_branch_python_operator_decorator
[2025-04-16T01:23:18.666+0000] {logging_mixin.py:190} INFO - [2025-04-16T01:23:18.666+0000] {override.py:1912} INFO - Created Permission View: can read on DAG Run:example_branch_python_operator_decorator
[2025-04-16T01:23:18.671+0000] {logging_mixin.py:190} INFO - [2025-04-16T01:23:18.670+0000] {override.py:1912} INFO - Created Permission View: can create on DAG Run:example_branch_python_operator_decorator
[2025-04-16T01:23:18.679+0000] {logging_mixin.py:190} INFO - [2025-04-16T01:23:18.678+0000] {override.py:1912} INFO - Created Permission View: menu access on DAG Run:example_branch_python_operator_decorator
[2025-04-16T01:23:18.700+0000] {logging_mixin.py:190} INFO - [2025-04-16T01:23:18.699+0000] {override.py:1912} INFO - Created Permission View: can delete on DAG Run:example_branch_python_operator_decorator
[2025-04-16T01:23:18.700+0000] {logging_mixin.py:190} INFO - [2025-04-16T01:23:18.700+0000] {dag.py:3239} INFO - Sync 1 DAGs
[2025-04-16T01:23:18.724+0000] {logging_mixin.py:190} INFO - [2025-04-16T01:23:18.724+0000] {dag.py:3262} INFO - Creating ORM DAG for example_branch_python_operator_decorator
[2025-04-16T01:23:18.745+0000] {logging_mixin.py:190} INFO - [2025-04-16T01:23:18.745+0000] {dag.py:4180} INFO - Setting next_dagrun for example_branch_python_operator_decorator to 2025-04-15 00:00:00+00:00, run_after=2025-04-16 00:00:00+00:00
[2025-04-16T01:23:18.777+0000] {processor.py:208} INFO - Processing /home/airflow/.local/lib/python3.12/site-packages/airflow/example_dags/example_branch_operator_decorator.py took 0.562 seconds
[2025-04-16T01:23:49.071+0000] {processor.py:186} INFO - Started process (PID=157) to work on /home/airflow/.local/lib/python3.12/site-packages/airflow/example_dags/example_branch_operator_decorator.py
[2025-04-16T01:23:49.072+0000] {processor.py:914} INFO - Processing file /home/airflow/.local/lib/python3.12/site-packages/airflow/example_dags/example_branch_operator_decorator.py for tasks to queue
[2025-04-16T01:23:49.074+0000] {logging_mixin.py:190} INFO - [2025-04-16T01:23:49.074+0000] {dagbag.py:588} INFO - Filling up the DagBag from /home/airflow/.local/lib/python3.12/site-packages/airflow/example_dags/example_branch_operator_decorator.py
[2025-04-16T01:23:49.086+0000] {processor.py:925} INFO - DAG(s) 'example_branch_python_operator_decorator' retrieved from /home/airflow/.local/lib/python3.12/site-packages/airflow/example_dags/example_branch_operator_decorator.py
[2025-04-16T01:23:49.109+0000] {logging_mixin.py:190} INFO - [2025-04-16T01:23:49.108+0000] {dag.py:3239} INFO - Sync 1 DAGs
[2025-04-16T01:23:49.123+0000] {logging_mixin.py:190} INFO - [2025-04-16T01:23:49.123+0000] {dag.py:4180} INFO - Setting next_dagrun for example_branch_python_operator_decorator to 2025-04-15 00:00:00+00:00, run_after=2025-04-16 00:00:00+00:00
[2025-04-16T01:23:49.134+0000] {processor.py:208} INFO - Processing /home/airflow/.local/lib/python3.12/site-packages/airflow/example_dags/example_branch_operator_decorator.py took 0.066 seconds
[2025-04-16T01:24:20.420+0000] {processor.py:186} INFO - Started process (PID=220) to work on /home/airflow/.local/lib/python3.12/site-packages/airflow/example_dags/example_branch_operator_decorator.py
[2025-04-16T01:24:20.421+0000] {processor.py:914} INFO - Processing file /home/airflow/.local/lib/python3.12/site-packages/airflow/example_dags/example_branch_operator_decorator.py for tasks to queue
[2025-04-16T01:24:20.423+0000] {logging_mixin.py:190} INFO - [2025-04-16T01:24:20.423+0000] {dagbag.py:588} INFO - Filling up the DagBag from /home/airflow/.local/lib/python3.12/site-packages/airflow/example_dags/example_branch_operator_decorator.py
[2025-04-16T01:24:20.462+0000] {processor.py:925} INFO - DAG(s) 'example_branch_python_operator_decorator' retrieved from /home/airflow/.local/lib/python3.12/site-packages/airflow/example_dags/example_branch_operator_decorator.py
[2025-04-16T01:24:20.515+0000] {logging_mixin.py:190} INFO - [2025-04-16T01:24:20.515+0000] {dag.py:3239} INFO - Sync 1 DAGs
[2025-04-16T01:24:20.558+0000] {logging_mixin.py:190} INFO - [2025-04-16T01:24:20.557+0000] {dag.py:4180} INFO - Setting next_dagrun for example_branch_python_operator_decorator to 2025-04-15 00:00:00+00:00, run_after=2025-04-16 00:00:00+00:00
[2025-04-16T01:24:20.585+0000] {processor.py:208} INFO - Processing /home/airflow/.local/lib/python3.12/site-packages/airflow/example_dags/example_branch_operator_decorator.py took 0.172 seconds
[2025-04-16T01:24:50.939+0000] {processor.py:186} INFO - Started process (PID=284) to work on /home/airflow/.local/lib/python3.12/site-packages/airflow/example_dags/example_branch_operator_decorator.py
[2025-04-16T01:24:50.941+0000] {processor.py:914} INFO - Processing file /home/airflow/.local/lib/python3.12/site-packages/airflow/example_dags/example_branch_operator_decorator.py for tasks to queue
[2025-04-16T01:24:50.945+0000] {logging_mixin.py:190} INFO - [2025-04-16T01:24:50.945+0000] {dagbag.py:588} INFO - Filling up the DagBag from /home/airflow/.local/lib/python3.12/site-packages/airflow/example_dags/example_branch_operator_decorator.py
[2025-04-16T01:24:50.966+0000] {processor.py:925} INFO - DAG(s) 'example_branch_python_operator_decorator' retrieved from /home/airflow/.local/lib/python3.12/site-packages/airflow/example_dags/example_branch_operator_decorator.py
[2025-04-16T01:24:50.986+0000] {logging_mixin.py:190} INFO - [2025-04-16T01:24:50.986+0000] {dag.py:3239} INFO - Sync 1 DAGs
[2025-04-16T01:24:51.000+0000] {logging_mixin.py:190} INFO - [2025-04-16T01:24:51.000+0000] {dag.py:4180} INFO - Setting next_dagrun for example_branch_python_operator_decorator to 2025-04-15 00:00:00+00:00, run_after=2025-04-16 00:00:00+00:00
[2025-04-16T01:24:51.009+0000] {processor.py:208} INFO - Processing /home/airflow/.local/lib/python3.12/site-packages/airflow/example_dags/example_branch_operator_decorator.py took 0.090 seconds
[2025-04-16T01:25:21.633+0000] {processor.py:186} INFO - Started process (PID=348) to work on /home/airflow/.local/lib/python3.12/site-packages/airflow/example_dags/example_branch_operator_decorator.py
[2025-04-16T01:25:21.634+0000] {processor.py:914} INFO - Processing file /home/airflow/.local/lib/python3.12/site-packages/airflow/example_dags/example_branch_operator_decorator.py for tasks to queue
[2025-04-16T01:25:21.636+0000] {logging_mixin.py:190} INFO - [2025-04-16T01:25:21.635+0000] {dagbag.py:588} INFO - Filling up the DagBag from /home/airflow/.local/lib/python3.12/site-packages/airflow/example_dags/example_branch_operator_decorator.py
[2025-04-16T01:25:21.649+0000] {processor.py:925} INFO - DAG(s) 'example_branch_python_operator_decorator' retrieved from /home/airflow/.local/lib/python3.12/site-packages/airflow/example_dags/example_branch_operator_decorator.py
[2025-04-16T01:25:21.668+0000] {logging_mixin.py:190} INFO - [2025-04-16T01:25:21.667+0000] {dag.py:3239} INFO - Sync 1 DAGs
[2025-04-16T01:25:21.684+0000] {logging_mixin.py:190} INFO - [2025-04-16T01:25:21.684+0000] {dag.py:4180} INFO - Setting next_dagrun for example_branch_python_operator_decorator to 2025-04-15 00:00:00+00:00, run_after=2025-04-16 00:00:00+00:00
[2025-04-16T01:25:21.702+0000] {processor.py:208} INFO - Processing /home/airflow/.local/lib/python3.12/site-packages/airflow/example_dags/example_branch_operator_decorator.py took 0.074 seconds
