[2025-04-16T01:23:09.848+0000] {processor.py:186} INFO - Started process (PID=58) to work on /home/airflow/.local/lib/python3.12/site-packages/airflow/example_dags/example_datasets.py
[2025-04-16T01:23:09.851+0000] {processor.py:914} INFO - Processing file /home/airflow/.local/lib/python3.12/site-packages/airflow/example_dags/example_datasets.py for tasks to queue
[2025-04-16T01:23:09.855+0000] {logging_mixin.py:190} INFO - [2025-04-16T01:23:09.854+0000] {dagbag.py:588} INFO - Filling up the DagBag from /home/airflow/.local/lib/python3.12/site-packages/airflow/example_dags/example_datasets.py
[2025-04-16T01:23:11.518+0000] {processor.py:925} INFO - DAG(s) 'dataset_produces_1', 'dataset_consumes_1', 'dataset_consumes_unknown_never_scheduled', 'consume_1_or_2_with_dataset_expressions', 'dataset_consumes_1_and_2', 'dataset_consumes_1_never_scheduled', 'dataset_produces_2', 'consume_1_and_2_with_dataset_expressions', 'consume_1_or_both_2_and_3_with_dataset_expressions', 'conditional_dataset_and_time_based_timetable' retrieved from /home/airflow/.local/lib/python3.12/site-packages/airflow/example_dags/example_datasets.py
[2025-04-16T01:23:12.375+0000] {logging_mixin.py:190} INFO - [2025-04-16T01:23:12.375+0000] {override.py:1912} INFO - Created Permission View: can read on DAG:dataset_produces_1
[2025-04-16T01:23:12.381+0000] {logging_mixin.py:190} INFO - [2025-04-16T01:23:12.381+0000] {override.py:1912} INFO - Created Permission View: can edit on DAG:dataset_produces_1
[2025-04-16T01:23:12.385+0000] {logging_mixin.py:190} INFO - [2025-04-16T01:23:12.385+0000] {override.py:1912} INFO - Created Permission View: can delete on DAG:dataset_produces_1
[2025-04-16T01:23:12.389+0000] {logging_mixin.py:190} INFO - [2025-04-16T01:23:12.389+0000] {override.py:1912} INFO - Created Permission View: can read on DAG Run:dataset_produces_1
[2025-04-16T01:23:12.396+0000] {logging_mixin.py:190} INFO - [2025-04-16T01:23:12.396+0000] {override.py:1912} INFO - Created Permission View: can create on DAG Run:dataset_produces_1
[2025-04-16T01:23:12.398+0000] {logging_mixin.py:190} INFO - [2025-04-16T01:23:12.398+0000] {override.py:1912} INFO - Created Permission View: menu access on DAG Run:dataset_produces_1
[2025-04-16T01:23:12.409+0000] {logging_mixin.py:190} INFO - [2025-04-16T01:23:12.408+0000] {override.py:1912} INFO - Created Permission View: can delete on DAG Run:dataset_produces_1
[2025-04-16T01:23:12.421+0000] {logging_mixin.py:190} INFO - [2025-04-16T01:23:12.421+0000] {override.py:1912} INFO - Created Permission View: can read on DAG:dataset_consumes_1
[2025-04-16T01:23:12.425+0000] {logging_mixin.py:190} INFO - [2025-04-16T01:23:12.425+0000] {override.py:1912} INFO - Created Permission View: can edit on DAG:dataset_consumes_1
[2025-04-16T01:23:12.429+0000] {logging_mixin.py:190} INFO - [2025-04-16T01:23:12.429+0000] {override.py:1912} INFO - Created Permission View: can delete on DAG:dataset_consumes_1
[2025-04-16T01:23:12.435+0000] {logging_mixin.py:190} INFO - [2025-04-16T01:23:12.435+0000] {override.py:1912} INFO - Created Permission View: can read on DAG Run:dataset_consumes_1
[2025-04-16T01:23:12.442+0000] {logging_mixin.py:190} INFO - [2025-04-16T01:23:12.442+0000] {override.py:1912} INFO - Created Permission View: can create on DAG Run:dataset_consumes_1
[2025-04-16T01:23:12.451+0000] {logging_mixin.py:190} INFO - [2025-04-16T01:23:12.451+0000] {override.py:1912} INFO - Created Permission View: menu access on DAG Run:dataset_consumes_1
[2025-04-16T01:23:12.454+0000] {logging_mixin.py:190} INFO - [2025-04-16T01:23:12.454+0000] {override.py:1912} INFO - Created Permission View: can delete on DAG Run:dataset_consumes_1
[2025-04-16T01:23:12.460+0000] {logging_mixin.py:190} INFO - [2025-04-16T01:23:12.460+0000] {override.py:1912} INFO - Created Permission View: can read on DAG:dataset_consumes_unknown_never_scheduled
[2025-04-16T01:23:12.462+0000] {logging_mixin.py:190} INFO - [2025-04-16T01:23:12.462+0000] {override.py:1912} INFO - Created Permission View: can edit on DAG:dataset_consumes_unknown_never_scheduled
[2025-04-16T01:23:12.466+0000] {logging_mixin.py:190} INFO - [2025-04-16T01:23:12.466+0000] {override.py:1912} INFO - Created Permission View: can delete on DAG:dataset_consumes_unknown_never_scheduled
[2025-04-16T01:23:12.475+0000] {logging_mixin.py:190} INFO - [2025-04-16T01:23:12.474+0000] {override.py:1912} INFO - Created Permission View: can read on DAG Run:dataset_consumes_unknown_never_scheduled
[2025-04-16T01:23:12.484+0000] {logging_mixin.py:190} INFO - [2025-04-16T01:23:12.484+0000] {override.py:1912} INFO - Created Permission View: can create on DAG Run:dataset_consumes_unknown_never_scheduled
[2025-04-16T01:23:12.496+0000] {logging_mixin.py:190} INFO - [2025-04-16T01:23:12.496+0000] {override.py:1912} INFO - Created Permission View: menu access on DAG Run:dataset_consumes_unknown_never_scheduled
[2025-04-16T01:23:12.500+0000] {logging_mixin.py:190} INFO - [2025-04-16T01:23:12.500+0000] {override.py:1912} INFO - Created Permission View: can delete on DAG Run:dataset_consumes_unknown_never_scheduled
[2025-04-16T01:23:12.517+0000] {logging_mixin.py:190} INFO - [2025-04-16T01:23:12.517+0000] {override.py:1912} INFO - Created Permission View: can read on DAG:consume_1_or_2_with_dataset_expressions
[2025-04-16T01:23:12.519+0000] {logging_mixin.py:190} INFO - [2025-04-16T01:23:12.519+0000] {override.py:1912} INFO - Created Permission View: can edit on DAG:consume_1_or_2_with_dataset_expressions
[2025-04-16T01:23:12.522+0000] {logging_mixin.py:190} INFO - [2025-04-16T01:23:12.522+0000] {override.py:1912} INFO - Created Permission View: can delete on DAG:consume_1_or_2_with_dataset_expressions
[2025-04-16T01:23:12.524+0000] {logging_mixin.py:190} INFO - [2025-04-16T01:23:12.524+0000] {override.py:1912} INFO - Created Permission View: can read on DAG Run:consume_1_or_2_with_dataset_expressions
[2025-04-16T01:23:12.526+0000] {logging_mixin.py:190} INFO - [2025-04-16T01:23:12.526+0000] {override.py:1912} INFO - Created Permission View: can create on DAG Run:consume_1_or_2_with_dataset_expressions
[2025-04-16T01:23:12.533+0000] {logging_mixin.py:190} INFO - [2025-04-16T01:23:12.533+0000] {override.py:1912} INFO - Created Permission View: menu access on DAG Run:consume_1_or_2_with_dataset_expressions
[2025-04-16T01:23:12.541+0000] {logging_mixin.py:190} INFO - [2025-04-16T01:23:12.540+0000] {override.py:1912} INFO - Created Permission View: can delete on DAG Run:consume_1_or_2_with_dataset_expressions
[2025-04-16T01:23:12.559+0000] {logging_mixin.py:190} INFO - [2025-04-16T01:23:12.559+0000] {override.py:1912} INFO - Created Permission View: can read on DAG:dataset_consumes_1_and_2
[2025-04-16T01:23:12.569+0000] {logging_mixin.py:190} INFO - [2025-04-16T01:23:12.568+0000] {override.py:1912} INFO - Created Permission View: can edit on DAG:dataset_consumes_1_and_2
[2025-04-16T01:23:12.576+0000] {logging_mixin.py:190} INFO - [2025-04-16T01:23:12.576+0000] {override.py:1912} INFO - Created Permission View: can delete on DAG:dataset_consumes_1_and_2
[2025-04-16T01:23:12.586+0000] {logging_mixin.py:190} INFO - [2025-04-16T01:23:12.586+0000] {override.py:1912} INFO - Created Permission View: can read on DAG Run:dataset_consumes_1_and_2
[2025-04-16T01:23:12.596+0000] {logging_mixin.py:190} INFO - [2025-04-16T01:23:12.596+0000] {override.py:1912} INFO - Created Permission View: can create on DAG Run:dataset_consumes_1_and_2
[2025-04-16T01:23:12.603+0000] {logging_mixin.py:190} INFO - [2025-04-16T01:23:12.602+0000] {override.py:1912} INFO - Created Permission View: menu access on DAG Run:dataset_consumes_1_and_2
[2025-04-16T01:23:12.607+0000] {logging_mixin.py:190} INFO - [2025-04-16T01:23:12.607+0000] {override.py:1912} INFO - Created Permission View: can delete on DAG Run:dataset_consumes_1_and_2
[2025-04-16T01:23:12.615+0000] {logging_mixin.py:190} INFO - [2025-04-16T01:23:12.615+0000] {override.py:1912} INFO - Created Permission View: can read on DAG:dataset_consumes_1_never_scheduled
[2025-04-16T01:23:12.618+0000] {logging_mixin.py:190} INFO - [2025-04-16T01:23:12.618+0000] {override.py:1912} INFO - Created Permission View: can edit on DAG:dataset_consumes_1_never_scheduled
[2025-04-16T01:23:12.621+0000] {logging_mixin.py:190} INFO - [2025-04-16T01:23:12.621+0000] {override.py:1912} INFO - Created Permission View: can delete on DAG:dataset_consumes_1_never_scheduled
[2025-04-16T01:23:12.624+0000] {logging_mixin.py:190} INFO - [2025-04-16T01:23:12.624+0000] {override.py:1912} INFO - Created Permission View: can read on DAG Run:dataset_consumes_1_never_scheduled
[2025-04-16T01:23:12.627+0000] {logging_mixin.py:190} INFO - [2025-04-16T01:23:12.627+0000] {override.py:1912} INFO - Created Permission View: can create on DAG Run:dataset_consumes_1_never_scheduled
[2025-04-16T01:23:12.630+0000] {logging_mixin.py:190} INFO - [2025-04-16T01:23:12.630+0000] {override.py:1912} INFO - Created Permission View: menu access on DAG Run:dataset_consumes_1_never_scheduled
[2025-04-16T01:23:12.633+0000] {logging_mixin.py:190} INFO - [2025-04-16T01:23:12.633+0000] {override.py:1912} INFO - Created Permission View: can delete on DAG Run:dataset_consumes_1_never_scheduled
[2025-04-16T01:23:12.647+0000] {logging_mixin.py:190} INFO - [2025-04-16T01:23:12.647+0000] {override.py:1912} INFO - Created Permission View: can read on DAG:dataset_produces_2
[2025-04-16T01:23:12.665+0000] {logging_mixin.py:190} INFO - [2025-04-16T01:23:12.664+0000] {override.py:1912} INFO - Created Permission View: can edit on DAG:dataset_produces_2
[2025-04-16T01:23:12.681+0000] {logging_mixin.py:190} INFO - [2025-04-16T01:23:12.681+0000] {override.py:1912} INFO - Created Permission View: can delete on DAG:dataset_produces_2
[2025-04-16T01:23:12.701+0000] {logging_mixin.py:190} INFO - [2025-04-16T01:23:12.701+0000] {override.py:1912} INFO - Created Permission View: can read on DAG Run:dataset_produces_2
[2025-04-16T01:23:12.710+0000] {logging_mixin.py:190} INFO - [2025-04-16T01:23:12.710+0000] {override.py:1912} INFO - Created Permission View: can create on DAG Run:dataset_produces_2
[2025-04-16T01:23:12.716+0000] {logging_mixin.py:190} INFO - [2025-04-16T01:23:12.716+0000] {override.py:1912} INFO - Created Permission View: menu access on DAG Run:dataset_produces_2
[2025-04-16T01:23:12.719+0000] {logging_mixin.py:190} INFO - [2025-04-16T01:23:12.719+0000] {override.py:1912} INFO - Created Permission View: can delete on DAG Run:dataset_produces_2
[2025-04-16T01:23:12.731+0000] {logging_mixin.py:190} INFO - [2025-04-16T01:23:12.731+0000] {override.py:1912} INFO - Created Permission View: can read on DAG:consume_1_and_2_with_dataset_expressions
[2025-04-16T01:23:12.735+0000] {logging_mixin.py:190} INFO - [2025-04-16T01:23:12.735+0000] {override.py:1912} INFO - Created Permission View: can edit on DAG:consume_1_and_2_with_dataset_expressions
[2025-04-16T01:23:12.739+0000] {logging_mixin.py:190} INFO - [2025-04-16T01:23:12.738+0000] {override.py:1912} INFO - Created Permission View: can delete on DAG:consume_1_and_2_with_dataset_expressions
[2025-04-16T01:23:12.742+0000] {logging_mixin.py:190} INFO - [2025-04-16T01:23:12.742+0000] {override.py:1912} INFO - Created Permission View: can read on DAG Run:consume_1_and_2_with_dataset_expressions
[2025-04-16T01:23:12.746+0000] {logging_mixin.py:190} INFO - [2025-04-16T01:23:12.746+0000] {override.py:1912} INFO - Created Permission View: can create on DAG Run:consume_1_and_2_with_dataset_expressions
[2025-04-16T01:23:12.750+0000] {logging_mixin.py:190} INFO - [2025-04-16T01:23:12.750+0000] {override.py:1912} INFO - Created Permission View: menu access on DAG Run:consume_1_and_2_with_dataset_expressions
[2025-04-16T01:23:12.756+0000] {logging_mixin.py:190} INFO - [2025-04-16T01:23:12.756+0000] {override.py:1912} INFO - Created Permission View: can delete on DAG Run:consume_1_and_2_with_dataset_expressions
[2025-04-16T01:23:12.775+0000] {logging_mixin.py:190} INFO - [2025-04-16T01:23:12.774+0000] {override.py:1912} INFO - Created Permission View: can read on DAG:consume_1_or_both_2_and_3_with_dataset_expressions
[2025-04-16T01:23:12.780+0000] {logging_mixin.py:190} INFO - [2025-04-16T01:23:12.779+0000] {override.py:1912} INFO - Created Permission View: can edit on DAG:consume_1_or_both_2_and_3_with_dataset_expressions
[2025-04-16T01:23:12.783+0000] {logging_mixin.py:190} INFO - [2025-04-16T01:23:12.783+0000] {override.py:1912} INFO - Created Permission View: can delete on DAG:consume_1_or_both_2_and_3_with_dataset_expressions
[2025-04-16T01:23:12.786+0000] {logging_mixin.py:190} INFO - [2025-04-16T01:23:12.786+0000] {override.py:1912} INFO - Created Permission View: can read on DAG Run:consume_1_or_both_2_and_3_with_dataset_expressions
[2025-04-16T01:23:12.788+0000] {logging_mixin.py:190} INFO - [2025-04-16T01:23:12.788+0000] {override.py:1912} INFO - Created Permission View: can create on DAG Run:consume_1_or_both_2_and_3_with_dataset_expressions
[2025-04-16T01:23:12.790+0000] {logging_mixin.py:190} INFO - [2025-04-16T01:23:12.790+0000] {override.py:1912} INFO - Created Permission View: menu access on DAG Run:consume_1_or_both_2_and_3_with_dataset_expressions
[2025-04-16T01:23:12.792+0000] {logging_mixin.py:190} INFO - [2025-04-16T01:23:12.792+0000] {override.py:1912} INFO - Created Permission View: can delete on DAG Run:consume_1_or_both_2_and_3_with_dataset_expressions
[2025-04-16T01:23:12.804+0000] {logging_mixin.py:190} INFO - [2025-04-16T01:23:12.804+0000] {override.py:1912} INFO - Created Permission View: can read on DAG:conditional_dataset_and_time_based_timetable
[2025-04-16T01:23:12.814+0000] {logging_mixin.py:190} INFO - [2025-04-16T01:23:12.814+0000] {override.py:1912} INFO - Created Permission View: can edit on DAG:conditional_dataset_and_time_based_timetable
[2025-04-16T01:23:12.819+0000] {logging_mixin.py:190} INFO - [2025-04-16T01:23:12.819+0000] {override.py:1912} INFO - Created Permission View: can delete on DAG:conditional_dataset_and_time_based_timetable
[2025-04-16T01:23:12.825+0000] {logging_mixin.py:190} INFO - [2025-04-16T01:23:12.825+0000] {override.py:1912} INFO - Created Permission View: can read on DAG Run:conditional_dataset_and_time_based_timetable
[2025-04-16T01:23:12.829+0000] {logging_mixin.py:190} INFO - [2025-04-16T01:23:12.829+0000] {override.py:1912} INFO - Created Permission View: can create on DAG Run:conditional_dataset_and_time_based_timetable
[2025-04-16T01:23:12.832+0000] {logging_mixin.py:190} INFO - [2025-04-16T01:23:12.832+0000] {override.py:1912} INFO - Created Permission View: menu access on DAG Run:conditional_dataset_and_time_based_timetable
[2025-04-16T01:23:12.834+0000] {logging_mixin.py:190} INFO - [2025-04-16T01:23:12.834+0000] {override.py:1912} INFO - Created Permission View: can delete on DAG Run:conditional_dataset_and_time_based_timetable
[2025-04-16T01:23:12.834+0000] {logging_mixin.py:190} INFO - [2025-04-16T01:23:12.834+0000] {dag.py:3239} INFO - Sync 10 DAGs
[2025-04-16T01:23:12.852+0000] {logging_mixin.py:190} INFO - [2025-04-16T01:23:12.852+0000] {dag.py:3262} INFO - Creating ORM DAG for consume_1_or_both_2_and_3_with_dataset_expressions
[2025-04-16T01:23:12.853+0000] {logging_mixin.py:190} INFO - [2025-04-16T01:23:12.853+0000] {dag.py:3262} INFO - Creating ORM DAG for dataset_consumes_1_and_2
[2025-04-16T01:23:12.853+0000] {logging_mixin.py:190} INFO - [2025-04-16T01:23:12.853+0000] {dag.py:3262} INFO - Creating ORM DAG for consume_1_and_2_with_dataset_expressions
[2025-04-16T01:23:12.854+0000] {logging_mixin.py:190} INFO - [2025-04-16T01:23:12.854+0000] {dag.py:3262} INFO - Creating ORM DAG for dataset_consumes_1_never_scheduled
[2025-04-16T01:23:12.854+0000] {logging_mixin.py:190} INFO - [2025-04-16T01:23:12.854+0000] {dag.py:3262} INFO - Creating ORM DAG for consume_1_or_2_with_dataset_expressions
[2025-04-16T01:23:12.854+0000] {logging_mixin.py:190} INFO - [2025-04-16T01:23:12.854+0000] {dag.py:3262} INFO - Creating ORM DAG for dataset_consumes_1
[2025-04-16T01:23:12.855+0000] {logging_mixin.py:190} INFO - [2025-04-16T01:23:12.855+0000] {dag.py:3262} INFO - Creating ORM DAG for dataset_consumes_unknown_never_scheduled
[2025-04-16T01:23:12.856+0000] {logging_mixin.py:190} INFO - [2025-04-16T01:23:12.856+0000] {dag.py:3262} INFO - Creating ORM DAG for dataset_produces_2
[2025-04-16T01:23:12.856+0000] {logging_mixin.py:190} INFO - [2025-04-16T01:23:12.856+0000] {dag.py:3262} INFO - Creating ORM DAG for dataset_produces_1
[2025-04-16T01:23:12.857+0000] {logging_mixin.py:190} INFO - [2025-04-16T01:23:12.857+0000] {dag.py:3262} INFO - Creating ORM DAG for conditional_dataset_and_time_based_timetable
[2025-04-16T01:23:12.868+0000] {logging_mixin.py:190} INFO - [2025-04-16T01:23:12.868+0000] {dag.py:4180} INFO - Setting next_dagrun for conditional_dataset_and_time_based_timetable to 2025-04-16 01:00:00+00:00, run_after=2025-04-16 01:00:00+00:00
[2025-04-16T01:23:12.869+0000] {logging_mixin.py:190} INFO - [2025-04-16T01:23:12.869+0000] {dag.py:4180} INFO - Setting next_dagrun for consume_1_and_2_with_dataset_expressions to None, run_after=None
[2025-04-16T01:23:12.869+0000] {logging_mixin.py:190} INFO - [2025-04-16T01:23:12.869+0000] {dag.py:4180} INFO - Setting next_dagrun for consume_1_or_2_with_dataset_expressions to None, run_after=None
[2025-04-16T01:23:12.870+0000] {logging_mixin.py:190} INFO - [2025-04-16T01:23:12.870+0000] {dag.py:4180} INFO - Setting next_dagrun for consume_1_or_both_2_and_3_with_dataset_expressions to None, run_after=None
[2025-04-16T01:23:12.870+0000] {logging_mixin.py:190} INFO - [2025-04-16T01:23:12.870+0000] {dag.py:4180} INFO - Setting next_dagrun for dataset_consumes_1 to None, run_after=None
[2025-04-16T01:23:12.871+0000] {logging_mixin.py:190} INFO - [2025-04-16T01:23:12.870+0000] {dag.py:4180} INFO - Setting next_dagrun for dataset_consumes_1_and_2 to None, run_after=None
[2025-04-16T01:23:12.871+0000] {logging_mixin.py:190} INFO - [2025-04-16T01:23:12.871+0000] {dag.py:4180} INFO - Setting next_dagrun for dataset_consumes_1_never_scheduled to None, run_after=None
[2025-04-16T01:23:12.871+0000] {logging_mixin.py:190} INFO - [2025-04-16T01:23:12.871+0000] {dag.py:4180} INFO - Setting next_dagrun for dataset_consumes_unknown_never_scheduled to None, run_after=None
[2025-04-16T01:23:12.872+0000] {logging_mixin.py:190} INFO - [2025-04-16T01:23:12.872+0000] {dag.py:4180} INFO - Setting next_dagrun for dataset_produces_1 to 2025-04-15 00:00:00+00:00, run_after=2025-04-16 00:00:00+00:00
[2025-04-16T01:23:12.872+0000] {logging_mixin.py:190} INFO - [2025-04-16T01:23:12.872+0000] {dag.py:4180} INFO - Setting next_dagrun for dataset_produces_2 to None, run_after=None
[2025-04-16T01:23:12.911+0000] {processor.py:208} INFO - Processing /home/airflow/.local/lib/python3.12/site-packages/airflow/example_dags/example_datasets.py took 3.086 seconds
[2025-04-16T01:23:42.982+0000] {processor.py:186} INFO - Started process (PID=124) to work on /home/airflow/.local/lib/python3.12/site-packages/airflow/example_dags/example_datasets.py
[2025-04-16T01:23:42.984+0000] {processor.py:914} INFO - Processing file /home/airflow/.local/lib/python3.12/site-packages/airflow/example_dags/example_datasets.py for tasks to queue
[2025-04-16T01:23:42.985+0000] {logging_mixin.py:190} INFO - [2025-04-16T01:23:42.985+0000] {dagbag.py:588} INFO - Filling up the DagBag from /home/airflow/.local/lib/python3.12/site-packages/airflow/example_dags/example_datasets.py
[2025-04-16T01:23:43.724+0000] {processor.py:925} INFO - DAG(s) 'consume_1_or_both_2_and_3_with_dataset_expressions', 'dataset_consumes_unknown_never_scheduled', 'consume_1_and_2_with_dataset_expressions', 'dataset_produces_2', 'consume_1_or_2_with_dataset_expressions', 'dataset_produces_1', 'dataset_consumes_1_never_scheduled', 'dataset_consumes_1_and_2', 'conditional_dataset_and_time_based_timetable', 'dataset_consumes_1' retrieved from /home/airflow/.local/lib/python3.12/site-packages/airflow/example_dags/example_datasets.py
[2025-04-16T01:23:43.781+0000] {logging_mixin.py:190} INFO - [2025-04-16T01:23:43.781+0000] {dag.py:3239} INFO - Sync 10 DAGs
[2025-04-16T01:23:43.807+0000] {logging_mixin.py:190} INFO - [2025-04-16T01:23:43.807+0000] {dag.py:4180} INFO - Setting next_dagrun for conditional_dataset_and_time_based_timetable to 2025-04-16 01:00:00+00:00, run_after=2025-04-16 01:00:00+00:00
[2025-04-16T01:23:43.812+0000] {logging_mixin.py:190} INFO - [2025-04-16T01:23:43.812+0000] {dag.py:4180} INFO - Setting next_dagrun for consume_1_and_2_with_dataset_expressions to None, run_after=None
[2025-04-16T01:23:43.817+0000] {logging_mixin.py:190} INFO - [2025-04-16T01:23:43.817+0000] {dag.py:4180} INFO - Setting next_dagrun for consume_1_or_2_with_dataset_expressions to None, run_after=None
[2025-04-16T01:23:43.818+0000] {logging_mixin.py:190} INFO - [2025-04-16T01:23:43.818+0000] {dag.py:4180} INFO - Setting next_dagrun for consume_1_or_both_2_and_3_with_dataset_expressions to None, run_after=None
[2025-04-16T01:23:43.818+0000] {logging_mixin.py:190} INFO - [2025-04-16T01:23:43.818+0000] {dag.py:4180} INFO - Setting next_dagrun for dataset_consumes_1 to None, run_after=None
[2025-04-16T01:23:43.819+0000] {logging_mixin.py:190} INFO - [2025-04-16T01:23:43.819+0000] {dag.py:4180} INFO - Setting next_dagrun for dataset_consumes_1_and_2 to None, run_after=None
[2025-04-16T01:23:43.821+0000] {logging_mixin.py:190} INFO - [2025-04-16T01:23:43.821+0000] {dag.py:4180} INFO - Setting next_dagrun for dataset_consumes_1_never_scheduled to None, run_after=None
[2025-04-16T01:23:43.823+0000] {logging_mixin.py:190} INFO - [2025-04-16T01:23:43.822+0000] {dag.py:4180} INFO - Setting next_dagrun for dataset_consumes_unknown_never_scheduled to None, run_after=None
[2025-04-16T01:23:43.826+0000] {logging_mixin.py:190} INFO - [2025-04-16T01:23:43.826+0000] {dag.py:4180} INFO - Setting next_dagrun for dataset_produces_1 to 2025-04-15 00:00:00+00:00, run_after=2025-04-16 00:00:00+00:00
[2025-04-16T01:23:43.826+0000] {logging_mixin.py:190} INFO - [2025-04-16T01:23:43.826+0000] {dag.py:4180} INFO - Setting next_dagrun for dataset_produces_2 to None, run_after=None
[2025-04-16T01:23:43.886+0000] {processor.py:208} INFO - Processing /home/airflow/.local/lib/python3.12/site-packages/airflow/example_dags/example_datasets.py took 0.909 seconds
[2025-04-16T01:24:14.021+0000] {processor.py:186} INFO - Started process (PID=186) to work on /home/airflow/.local/lib/python3.12/site-packages/airflow/example_dags/example_datasets.py
[2025-04-16T01:24:14.025+0000] {processor.py:914} INFO - Processing file /home/airflow/.local/lib/python3.12/site-packages/airflow/example_dags/example_datasets.py for tasks to queue
[2025-04-16T01:24:14.029+0000] {logging_mixin.py:190} INFO - [2025-04-16T01:24:14.029+0000] {dagbag.py:588} INFO - Filling up the DagBag from /home/airflow/.local/lib/python3.12/site-packages/airflow/example_dags/example_datasets.py
[2025-04-16T01:24:15.238+0000] {processor.py:925} INFO - DAG(s) 'dataset_produces_2', 'consume_1_and_2_with_dataset_expressions', 'conditional_dataset_and_time_based_timetable', 'dataset_consumes_1', 'dataset_consumes_1_never_scheduled', 'dataset_consumes_unknown_never_scheduled', 'consume_1_or_2_with_dataset_expressions', 'dataset_produces_1', 'consume_1_or_both_2_and_3_with_dataset_expressions', 'dataset_consumes_1_and_2' retrieved from /home/airflow/.local/lib/python3.12/site-packages/airflow/example_dags/example_datasets.py
[2025-04-16T01:24:15.305+0000] {logging_mixin.py:190} INFO - [2025-04-16T01:24:15.304+0000] {dag.py:3239} INFO - Sync 10 DAGs
[2025-04-16T01:24:15.348+0000] {logging_mixin.py:190} INFO - [2025-04-16T01:24:15.348+0000] {dag.py:4180} INFO - Setting next_dagrun for conditional_dataset_and_time_based_timetable to 2025-04-16 01:00:00+00:00, run_after=2025-04-16 01:00:00+00:00
[2025-04-16T01:24:15.350+0000] {logging_mixin.py:190} INFO - [2025-04-16T01:24:15.350+0000] {dag.py:4180} INFO - Setting next_dagrun for consume_1_and_2_with_dataset_expressions to None, run_after=None
[2025-04-16T01:24:15.351+0000] {logging_mixin.py:190} INFO - [2025-04-16T01:24:15.351+0000] {dag.py:4180} INFO - Setting next_dagrun for consume_1_or_2_with_dataset_expressions to None, run_after=None
[2025-04-16T01:24:15.352+0000] {logging_mixin.py:190} INFO - [2025-04-16T01:24:15.352+0000] {dag.py:4180} INFO - Setting next_dagrun for consume_1_or_both_2_and_3_with_dataset_expressions to None, run_after=None
[2025-04-16T01:24:15.356+0000] {logging_mixin.py:190} INFO - [2025-04-16T01:24:15.356+0000] {dag.py:4180} INFO - Setting next_dagrun for dataset_consumes_1 to None, run_after=None
[2025-04-16T01:24:15.358+0000] {logging_mixin.py:190} INFO - [2025-04-16T01:24:15.358+0000] {dag.py:4180} INFO - Setting next_dagrun for dataset_consumes_1_and_2 to None, run_after=None
[2025-04-16T01:24:15.359+0000] {logging_mixin.py:190} INFO - [2025-04-16T01:24:15.359+0000] {dag.py:4180} INFO - Setting next_dagrun for dataset_consumes_1_never_scheduled to None, run_after=None
[2025-04-16T01:24:15.361+0000] {logging_mixin.py:190} INFO - [2025-04-16T01:24:15.361+0000] {dag.py:4180} INFO - Setting next_dagrun for dataset_consumes_unknown_never_scheduled to None, run_after=None
[2025-04-16T01:24:15.362+0000] {logging_mixin.py:190} INFO - [2025-04-16T01:24:15.362+0000] {dag.py:4180} INFO - Setting next_dagrun for dataset_produces_1 to 2025-04-15 00:00:00+00:00, run_after=2025-04-16 00:00:00+00:00
[2025-04-16T01:24:15.363+0000] {logging_mixin.py:190} INFO - [2025-04-16T01:24:15.363+0000] {dag.py:4180} INFO - Setting next_dagrun for dataset_produces_2 to None, run_after=None
[2025-04-16T01:24:15.381+0000] {processor.py:208} INFO - Processing /home/airflow/.local/lib/python3.12/site-packages/airflow/example_dags/example_datasets.py took 1.378 seconds
[2025-04-16T01:24:46.110+0000] {processor.py:186} INFO - Started process (PID=255) to work on /home/airflow/.local/lib/python3.12/site-packages/airflow/example_dags/example_datasets.py
[2025-04-16T01:24:46.114+0000] {processor.py:914} INFO - Processing file /home/airflow/.local/lib/python3.12/site-packages/airflow/example_dags/example_datasets.py for tasks to queue
[2025-04-16T01:24:46.117+0000] {logging_mixin.py:190} INFO - [2025-04-16T01:24:46.117+0000] {dagbag.py:588} INFO - Filling up the DagBag from /home/airflow/.local/lib/python3.12/site-packages/airflow/example_dags/example_datasets.py
[2025-04-16T01:24:46.737+0000] {processor.py:925} INFO - DAG(s) 'dataset_produces_2', 'dataset_produces_1', 'consume_1_or_both_2_and_3_with_dataset_expressions', 'consume_1_or_2_with_dataset_expressions', 'dataset_consumes_1_and_2', 'conditional_dataset_and_time_based_timetable', 'consume_1_and_2_with_dataset_expressions', 'dataset_consumes_1_never_scheduled', 'dataset_consumes_1', 'dataset_consumes_unknown_never_scheduled' retrieved from /home/airflow/.local/lib/python3.12/site-packages/airflow/example_dags/example_datasets.py
[2025-04-16T01:24:46.792+0000] {logging_mixin.py:190} INFO - [2025-04-16T01:24:46.792+0000] {dag.py:3239} INFO - Sync 10 DAGs
[2025-04-16T01:24:46.826+0000] {logging_mixin.py:190} INFO - [2025-04-16T01:24:46.825+0000] {dag.py:4180} INFO - Setting next_dagrun for conditional_dataset_and_time_based_timetable to 2025-04-16 01:00:00+00:00, run_after=2025-04-16 01:00:00+00:00
[2025-04-16T01:24:46.830+0000] {logging_mixin.py:190} INFO - [2025-04-16T01:24:46.829+0000] {dag.py:4180} INFO - Setting next_dagrun for consume_1_and_2_with_dataset_expressions to None, run_after=None
[2025-04-16T01:24:46.831+0000] {logging_mixin.py:190} INFO - [2025-04-16T01:24:46.831+0000] {dag.py:4180} INFO - Setting next_dagrun for consume_1_or_2_with_dataset_expressions to None, run_after=None
[2025-04-16T01:24:46.833+0000] {logging_mixin.py:190} INFO - [2025-04-16T01:24:46.832+0000] {dag.py:4180} INFO - Setting next_dagrun for consume_1_or_both_2_and_3_with_dataset_expressions to None, run_after=None
[2025-04-16T01:24:46.833+0000] {logging_mixin.py:190} INFO - [2025-04-16T01:24:46.833+0000] {dag.py:4180} INFO - Setting next_dagrun for dataset_consumes_1 to None, run_after=None
[2025-04-16T01:24:46.836+0000] {logging_mixin.py:190} INFO - [2025-04-16T01:24:46.836+0000] {dag.py:4180} INFO - Setting next_dagrun for dataset_consumes_1_and_2 to None, run_after=None
[2025-04-16T01:24:46.837+0000] {logging_mixin.py:190} INFO - [2025-04-16T01:24:46.837+0000] {dag.py:4180} INFO - Setting next_dagrun for dataset_consumes_1_never_scheduled to None, run_after=None
[2025-04-16T01:24:46.839+0000] {logging_mixin.py:190} INFO - [2025-04-16T01:24:46.838+0000] {dag.py:4180} INFO - Setting next_dagrun for dataset_consumes_unknown_never_scheduled to None, run_after=None
[2025-04-16T01:24:46.841+0000] {logging_mixin.py:190} INFO - [2025-04-16T01:24:46.841+0000] {dag.py:4180} INFO - Setting next_dagrun for dataset_produces_1 to 2025-04-15 00:00:00+00:00, run_after=2025-04-16 00:00:00+00:00
[2025-04-16T01:24:46.842+0000] {logging_mixin.py:190} INFO - [2025-04-16T01:24:46.842+0000] {dag.py:4180} INFO - Setting next_dagrun for dataset_produces_2 to None, run_after=None
[2025-04-16T01:24:46.880+0000] {processor.py:208} INFO - Processing /home/airflow/.local/lib/python3.12/site-packages/airflow/example_dags/example_datasets.py took 0.777 seconds
[2025-04-16T01:25:17.727+0000] {processor.py:186} INFO - Started process (PID=319) to work on /home/airflow/.local/lib/python3.12/site-packages/airflow/example_dags/example_datasets.py
[2025-04-16T01:25:17.730+0000] {processor.py:914} INFO - Processing file /home/airflow/.local/lib/python3.12/site-packages/airflow/example_dags/example_datasets.py for tasks to queue
[2025-04-16T01:25:17.737+0000] {logging_mixin.py:190} INFO - [2025-04-16T01:25:17.736+0000] {dagbag.py:588} INFO - Filling up the DagBag from /home/airflow/.local/lib/python3.12/site-packages/airflow/example_dags/example_datasets.py
[2025-04-16T01:25:18.447+0000] {processor.py:925} INFO - DAG(s) 'consume_1_or_both_2_and_3_with_dataset_expressions', 'conditional_dataset_and_time_based_timetable', 'consume_1_and_2_with_dataset_expressions', 'dataset_consumes_unknown_never_scheduled', 'dataset_produces_2', 'dataset_consumes_1', 'consume_1_or_2_with_dataset_expressions', 'dataset_consumes_1_and_2', 'dataset_consumes_1_never_scheduled', 'dataset_produces_1' retrieved from /home/airflow/.local/lib/python3.12/site-packages/airflow/example_dags/example_datasets.py
[2025-04-16T01:25:18.578+0000] {logging_mixin.py:190} INFO - [2025-04-16T01:25:18.577+0000] {dag.py:3239} INFO - Sync 10 DAGs
[2025-04-16T01:25:18.613+0000] {logging_mixin.py:190} INFO - [2025-04-16T01:25:18.613+0000] {dag.py:4180} INFO - Setting next_dagrun for conditional_dataset_and_time_based_timetable to 2025-04-16 01:00:00+00:00, run_after=2025-04-16 01:00:00+00:00
[2025-04-16T01:25:18.617+0000] {logging_mixin.py:190} INFO - [2025-04-16T01:25:18.617+0000] {dag.py:4180} INFO - Setting next_dagrun for consume_1_and_2_with_dataset_expressions to None, run_after=None
[2025-04-16T01:25:18.618+0000] {logging_mixin.py:190} INFO - [2025-04-16T01:25:18.618+0000] {dag.py:4180} INFO - Setting next_dagrun for consume_1_or_2_with_dataset_expressions to None, run_after=None
[2025-04-16T01:25:18.619+0000] {logging_mixin.py:190} INFO - [2025-04-16T01:25:18.619+0000] {dag.py:4180} INFO - Setting next_dagrun for consume_1_or_both_2_and_3_with_dataset_expressions to None, run_after=None
[2025-04-16T01:25:18.621+0000] {logging_mixin.py:190} INFO - [2025-04-16T01:25:18.621+0000] {dag.py:4180} INFO - Setting next_dagrun for dataset_consumes_1 to None, run_after=None
[2025-04-16T01:25:18.621+0000] {logging_mixin.py:190} INFO - [2025-04-16T01:25:18.621+0000] {dag.py:4180} INFO - Setting next_dagrun for dataset_consumes_1_and_2 to None, run_after=None
[2025-04-16T01:25:18.622+0000] {logging_mixin.py:190} INFO - [2025-04-16T01:25:18.622+0000] {dag.py:4180} INFO - Setting next_dagrun for dataset_consumes_1_never_scheduled to None, run_after=None
[2025-04-16T01:25:18.625+0000] {logging_mixin.py:190} INFO - [2025-04-16T01:25:18.625+0000] {dag.py:4180} INFO - Setting next_dagrun for dataset_consumes_unknown_never_scheduled to None, run_after=None
[2025-04-16T01:25:18.631+0000] {logging_mixin.py:190} INFO - [2025-04-16T01:25:18.630+0000] {dag.py:4180} INFO - Setting next_dagrun for dataset_produces_1 to 2025-04-15 00:00:00+00:00, run_after=2025-04-16 00:00:00+00:00
[2025-04-16T01:25:18.636+0000] {logging_mixin.py:190} INFO - [2025-04-16T01:25:18.636+0000] {dag.py:4180} INFO - Setting next_dagrun for dataset_produces_2 to None, run_after=None
[2025-04-16T01:25:18.680+0000] {processor.py:208} INFO - Processing /home/airflow/.local/lib/python3.12/site-packages/airflow/example_dags/example_datasets.py took 0.972 seconds
