[2025-04-16T01:23:21.622+0000] {processor.py:186} INFO - Started process (PID=109) to work on /home/airflow/.local/lib/python3.12/site-packages/airflow/example_dags/example_setup_teardown.py
[2025-04-16T01:23:21.623+0000] {processor.py:914} INFO - Processing file /home/airflow/.local/lib/python3.12/site-packages/airflow/example_dags/example_setup_teardown.py for tasks to queue
[2025-04-16T01:23:21.627+0000] {logging_mixin.py:190} INFO - [2025-04-16T01:23:21.626+0000] {dagbag.py:588} INFO - Filling up the DagBag from /home/airflow/.local/lib/python3.12/site-packages/airflow/example_dags/example_setup_teardown.py
[2025-04-16T01:23:21.633+0000] {processor.py:925} INFO - DAG(s) 'example_setup_teardown' retrieved from /home/airflow/.local/lib/python3.12/site-packages/airflow/example_dags/example_setup_teardown.py
[2025-04-16T01:23:21.699+0000] {logging_mixin.py:190} INFO - [2025-04-16T01:23:21.698+0000] {override.py:1912} INFO - Created Permission View: can read on DAG:example_setup_teardown
[2025-04-16T01:23:21.709+0000] {logging_mixin.py:190} INFO - [2025-04-16T01:23:21.709+0000] {override.py:1912} INFO - Created Permission View: can edit on DAG:example_setup_teardown
[2025-04-16T01:23:21.712+0000] {logging_mixin.py:190} INFO - [2025-04-16T01:23:21.712+0000] {override.py:1912} INFO - Created Permission View: can delete on DAG:example_setup_teardown
[2025-04-16T01:23:21.716+0000] {logging_mixin.py:190} INFO - [2025-04-16T01:23:21.716+0000] {override.py:1912} INFO - Created Permission View: can read on DAG Run:example_setup_teardown
[2025-04-16T01:23:21.719+0000] {logging_mixin.py:190} INFO - [2025-04-16T01:23:21.719+0000] {override.py:1912} INFO - Created Permission View: can create on DAG Run:example_setup_teardown
[2025-04-16T01:23:21.722+0000] {logging_mixin.py:190} INFO - [2025-04-16T01:23:21.722+0000] {override.py:1912} INFO - Created Permission View: menu access on DAG Run:example_setup_teardown
[2025-04-16T01:23:21.727+0000] {logging_mixin.py:190} INFO - [2025-04-16T01:23:21.727+0000] {override.py:1912} INFO - Created Permission View: can delete on DAG Run:example_setup_teardown
[2025-04-16T01:23:21.728+0000] {logging_mixin.py:190} INFO - [2025-04-16T01:23:21.728+0000] {dag.py:3239} INFO - Sync 1 DAGs
[2025-04-16T01:23:21.739+0000] {logging_mixin.py:190} INFO - [2025-04-16T01:23:21.739+0000] {dag.py:3262} INFO - Creating ORM DAG for example_setup_teardown
[2025-04-16T01:23:21.740+0000] {logging_mixin.py:190} INFO - [2025-04-16T01:23:21.740+0000] {dag.py:4180} INFO - Setting next_dagrun for example_setup_teardown to None, run_after=None
[2025-04-16T01:23:21.753+0000] {processor.py:208} INFO - Processing /home/airflow/.local/lib/python3.12/site-packages/airflow/example_dags/example_setup_teardown.py took 0.135 seconds
[2025-04-16T01:23:53.821+0000] {processor.py:186} INFO - Started process (PID=173) to work on /home/airflow/.local/lib/python3.12/site-packages/airflow/example_dags/example_setup_teardown.py
[2025-04-16T01:23:53.822+0000] {processor.py:914} INFO - Processing file /home/airflow/.local/lib/python3.12/site-packages/airflow/example_dags/example_setup_teardown.py for tasks to queue
[2025-04-16T01:23:53.823+0000] {logging_mixin.py:190} INFO - [2025-04-16T01:23:53.823+0000] {dagbag.py:588} INFO - Filling up the DagBag from /home/airflow/.local/lib/python3.12/site-packages/airflow/example_dags/example_setup_teardown.py
[2025-04-16T01:23:53.836+0000] {processor.py:925} INFO - DAG(s) 'example_setup_teardown' retrieved from /home/airflow/.local/lib/python3.12/site-packages/airflow/example_dags/example_setup_teardown.py
[2025-04-16T01:23:53.860+0000] {logging_mixin.py:190} INFO - [2025-04-16T01:23:53.860+0000] {dag.py:3239} INFO - Sync 1 DAGs
[2025-04-16T01:23:53.875+0000] {logging_mixin.py:190} INFO - [2025-04-16T01:23:53.875+0000] {dag.py:4180} INFO - Setting next_dagrun for example_setup_teardown to None, run_after=None
[2025-04-16T01:23:53.897+0000] {processor.py:208} INFO - Processing /home/airflow/.local/lib/python3.12/site-packages/airflow/example_dags/example_setup_teardown.py took 0.081 seconds
[2025-04-16T01:24:24.884+0000] {processor.py:186} INFO - Started process (PID=236) to work on /home/airflow/.local/lib/python3.12/site-packages/airflow/example_dags/example_setup_teardown.py
[2025-04-16T01:24:24.887+0000] {processor.py:914} INFO - Processing file /home/airflow/.local/lib/python3.12/site-packages/airflow/example_dags/example_setup_teardown.py for tasks to queue
[2025-04-16T01:24:24.891+0000] {logging_mixin.py:190} INFO - [2025-04-16T01:24:24.891+0000] {dagbag.py:588} INFO - Filling up the DagBag from /home/airflow/.local/lib/python3.12/site-packages/airflow/example_dags/example_setup_teardown.py
[2025-04-16T01:24:24.911+0000] {processor.py:925} INFO - DAG(s) 'example_setup_teardown' retrieved from /home/airflow/.local/lib/python3.12/site-packages/airflow/example_dags/example_setup_teardown.py
[2025-04-16T01:24:24.962+0000] {logging_mixin.py:190} INFO - [2025-04-16T01:24:24.961+0000] {dag.py:3239} INFO - Sync 1 DAGs
[2025-04-16T01:24:24.981+0000] {logging_mixin.py:190} INFO - [2025-04-16T01:24:24.981+0000] {dag.py:4180} INFO - Setting next_dagrun for example_setup_teardown to None, run_after=None
[2025-04-16T01:24:24.998+0000] {processor.py:208} INFO - Processing /home/airflow/.local/lib/python3.12/site-packages/airflow/example_dags/example_setup_teardown.py took 0.120 seconds
[2025-04-16T01:24:55.929+0000] {processor.py:186} INFO - Started process (PID=300) to work on /home/airflow/.local/lib/python3.12/site-packages/airflow/example_dags/example_setup_teardown.py
[2025-04-16T01:24:55.931+0000] {processor.py:914} INFO - Processing file /home/airflow/.local/lib/python3.12/site-packages/airflow/example_dags/example_setup_teardown.py for tasks to queue
[2025-04-16T01:24:55.935+0000] {logging_mixin.py:190} INFO - [2025-04-16T01:24:55.934+0000] {dagbag.py:588} INFO - Filling up the DagBag from /home/airflow/.local/lib/python3.12/site-packages/airflow/example_dags/example_setup_teardown.py
[2025-04-16T01:24:55.943+0000] {processor.py:925} INFO - DAG(s) 'example_setup_teardown' retrieved from /home/airflow/.local/lib/python3.12/site-packages/airflow/example_dags/example_setup_teardown.py
[2025-04-16T01:24:55.957+0000] {logging_mixin.py:190} INFO - [2025-04-16T01:24:55.957+0000] {dag.py:3239} INFO - Sync 1 DAGs
[2025-04-16T01:24:55.965+0000] {logging_mixin.py:190} INFO - [2025-04-16T01:24:55.965+0000] {dag.py:4180} INFO - Setting next_dagrun for example_setup_teardown to None, run_after=None
[2025-04-16T01:24:55.978+0000] {processor.py:208} INFO - Processing /home/airflow/.local/lib/python3.12/site-packages/airflow/example_dags/example_setup_teardown.py took 0.057 seconds
[2025-04-16T01:25:26.394+0000] {processor.py:186} INFO - Started process (PID=363) to work on /home/airflow/.local/lib/python3.12/site-packages/airflow/example_dags/example_setup_teardown.py
[2025-04-16T01:25:26.399+0000] {processor.py:914} INFO - Processing file /home/airflow/.local/lib/python3.12/site-packages/airflow/example_dags/example_setup_teardown.py for tasks to queue
[2025-04-16T01:25:26.403+0000] {logging_mixin.py:190} INFO - [2025-04-16T01:25:26.402+0000] {dagbag.py:588} INFO - Filling up the DagBag from /home/airflow/.local/lib/python3.12/site-packages/airflow/example_dags/example_setup_teardown.py
[2025-04-16T01:25:26.417+0000] {processor.py:925} INFO - DAG(s) 'example_setup_teardown' retrieved from /home/airflow/.local/lib/python3.12/site-packages/airflow/example_dags/example_setup_teardown.py
[2025-04-16T01:25:26.459+0000] {logging_mixin.py:190} INFO - [2025-04-16T01:25:26.459+0000] {dag.py:3239} INFO - Sync 1 DAGs
[2025-04-16T01:25:26.473+0000] {logging_mixin.py:190} INFO - [2025-04-16T01:25:26.473+0000] {dag.py:4180} INFO - Setting next_dagrun for example_setup_teardown to None, run_after=None
[2025-04-16T01:25:26.490+0000] {processor.py:208} INFO - Processing /home/airflow/.local/lib/python3.12/site-packages/airflow/example_dags/example_setup_teardown.py took 0.102 seconds
