[2025-04-16T01:23:16.134+0000] {processor.py:186} INFO - Started process (PID=85) to work on /home/airflow/.local/lib/python3.12/site-packages/airflow/example_dags/example_branch_datetime_operator.py
[2025-04-16T01:23:16.134+0000] {processor.py:914} INFO - Processing file /home/airflow/.local/lib/python3.12/site-packages/airflow/example_dags/example_branch_datetime_operator.py for tasks to queue
[2025-04-16T01:23:16.136+0000] {logging_mixin.py:190} INFO - [2025-04-16T01:23:16.135+0000] {dagbag.py:588} INFO - Filling up the DagBag from /home/airflow/.local/lib/python3.12/site-packages/airflow/example_dags/example_branch_datetime_operator.py
[2025-04-16T01:23:16.145+0000] {processor.py:925} INFO - DAG(s) 'example_branch_datetime_operator_3', 'example_branch_datetime_operator_2', 'example_branch_datetime_operator' retrieved from /home/airflow/.local/lib/python3.12/site-packages/airflow/example_dags/example_branch_datetime_operator.py
[2025-04-16T01:23:16.234+0000] {logging_mixin.py:190} INFO - [2025-04-16T01:23:16.234+0000] {override.py:1912} INFO - Created Permission View: can read on DAG:example_branch_datetime_operator_3
[2025-04-16T01:23:16.244+0000] {logging_mixin.py:190} INFO - [2025-04-16T01:23:16.243+0000] {override.py:1912} INFO - Created Permission View: can edit on DAG:example_branch_datetime_operator_3
[2025-04-16T01:23:16.263+0000] {logging_mixin.py:190} INFO - [2025-04-16T01:23:16.261+0000] {override.py:1912} INFO - Created Permission View: can delete on DAG:example_branch_datetime_operator_3
[2025-04-16T01:23:16.296+0000] {logging_mixin.py:190} INFO - [2025-04-16T01:23:16.295+0000] {override.py:1912} INFO - Created Permission View: can read on DAG Run:example_branch_datetime_operator_3
[2025-04-16T01:23:16.324+0000] {logging_mixin.py:190} INFO - [2025-04-16T01:23:16.323+0000] {override.py:1912} INFO - Created Permission View: can create on DAG Run:example_branch_datetime_operator_3
[2025-04-16T01:23:16.369+0000] {logging_mixin.py:190} INFO - [2025-04-16T01:23:16.369+0000] {override.py:1912} INFO - Created Permission View: menu access on DAG Run:example_branch_datetime_operator_3
[2025-04-16T01:23:16.372+0000] {logging_mixin.py:190} INFO - [2025-04-16T01:23:16.372+0000] {override.py:1912} INFO - Created Permission View: can delete on DAG Run:example_branch_datetime_operator_3
[2025-04-16T01:23:16.381+0000] {logging_mixin.py:190} INFO - [2025-04-16T01:23:16.381+0000] {override.py:1912} INFO - Created Permission View: can read on DAG:example_branch_datetime_operator_2
[2025-04-16T01:23:16.384+0000] {logging_mixin.py:190} INFO - [2025-04-16T01:23:16.384+0000] {override.py:1912} INFO - Created Permission View: can edit on DAG:example_branch_datetime_operator_2
[2025-04-16T01:23:16.389+0000] {logging_mixin.py:190} INFO - [2025-04-16T01:23:16.389+0000] {override.py:1912} INFO - Created Permission View: can delete on DAG:example_branch_datetime_operator_2
[2025-04-16T01:23:16.393+0000] {logging_mixin.py:190} INFO - [2025-04-16T01:23:16.393+0000] {override.py:1912} INFO - Created Permission View: can read on DAG Run:example_branch_datetime_operator_2
[2025-04-16T01:23:16.397+0000] {logging_mixin.py:190} INFO - [2025-04-16T01:23:16.397+0000] {override.py:1912} INFO - Created Permission View: can create on DAG Run:example_branch_datetime_operator_2
[2025-04-16T01:23:16.403+0000] {logging_mixin.py:190} INFO - [2025-04-16T01:23:16.403+0000] {override.py:1912} INFO - Created Permission View: menu access on DAG Run:example_branch_datetime_operator_2
[2025-04-16T01:23:16.410+0000] {logging_mixin.py:190} INFO - [2025-04-16T01:23:16.409+0000] {override.py:1912} INFO - Created Permission View: can delete on DAG Run:example_branch_datetime_operator_2
[2025-04-16T01:23:16.429+0000] {logging_mixin.py:190} INFO - [2025-04-16T01:23:16.428+0000] {override.py:1912} INFO - Created Permission View: can read on DAG:example_branch_datetime_operator
[2025-04-16T01:23:16.441+0000] {logging_mixin.py:190} INFO - [2025-04-16T01:23:16.441+0000] {override.py:1912} INFO - Created Permission View: can edit on DAG:example_branch_datetime_operator
[2025-04-16T01:23:16.449+0000] {logging_mixin.py:190} INFO - [2025-04-16T01:23:16.449+0000] {override.py:1912} INFO - Created Permission View: can delete on DAG:example_branch_datetime_operator
[2025-04-16T01:23:16.461+0000] {logging_mixin.py:190} INFO - [2025-04-16T01:23:16.461+0000] {override.py:1912} INFO - Created Permission View: can read on DAG Run:example_branch_datetime_operator
[2025-04-16T01:23:16.470+0000] {logging_mixin.py:190} INFO - [2025-04-16T01:23:16.470+0000] {override.py:1912} INFO - Created Permission View: can create on DAG Run:example_branch_datetime_operator
[2025-04-16T01:23:16.484+0000] {logging_mixin.py:190} INFO - [2025-04-16T01:23:16.483+0000] {override.py:1912} INFO - Created Permission View: menu access on DAG Run:example_branch_datetime_operator
[2025-04-16T01:23:16.494+0000] {logging_mixin.py:190} INFO - [2025-04-16T01:23:16.494+0000] {override.py:1912} INFO - Created Permission View: can delete on DAG Run:example_branch_datetime_operator
[2025-04-16T01:23:16.495+0000] {logging_mixin.py:190} INFO - [2025-04-16T01:23:16.495+0000] {dag.py:3239} INFO - Sync 3 DAGs
[2025-04-16T01:23:16.521+0000] {logging_mixin.py:190} INFO - [2025-04-16T01:23:16.520+0000] {dag.py:3262} INFO - Creating ORM DAG for example_branch_datetime_operator_2
[2025-04-16T01:23:16.522+0000] {logging_mixin.py:190} INFO - [2025-04-16T01:23:16.521+0000] {dag.py:3262} INFO - Creating ORM DAG for example_branch_datetime_operator_3
[2025-04-16T01:23:16.522+0000] {logging_mixin.py:190} INFO - [2025-04-16T01:23:16.522+0000] {dag.py:3262} INFO - Creating ORM DAG for example_branch_datetime_operator
[2025-04-16T01:23:16.533+0000] {logging_mixin.py:190} INFO - [2025-04-16T01:23:16.532+0000] {dag.py:4180} INFO - Setting next_dagrun for example_branch_datetime_operator to 2025-04-15 00:00:00+00:00, run_after=2025-04-16 00:00:00+00:00
[2025-04-16T01:23:16.537+0000] {logging_mixin.py:190} INFO - [2025-04-16T01:23:16.537+0000] {dag.py:4180} INFO - Setting next_dagrun for example_branch_datetime_operator_2 to 2025-04-15 00:00:00+00:00, run_after=2025-04-16 00:00:00+00:00
[2025-04-16T01:23:16.541+0000] {logging_mixin.py:190} INFO - [2025-04-16T01:23:16.541+0000] {dag.py:4180} INFO - Setting next_dagrun for example_branch_datetime_operator_3 to 2025-04-15 00:00:00+00:00, run_after=2025-04-16 00:00:00+00:00
[2025-04-16T01:23:16.577+0000] {processor.py:208} INFO - Processing /home/airflow/.local/lib/python3.12/site-packages/airflow/example_dags/example_branch_datetime_operator.py took 0.446 seconds
[2025-04-16T01:23:47.628+0000] {processor.py:186} INFO - Started process (PID=150) to work on /home/airflow/.local/lib/python3.12/site-packages/airflow/example_dags/example_branch_datetime_operator.py
[2025-04-16T01:23:47.632+0000] {processor.py:914} INFO - Processing file /home/airflow/.local/lib/python3.12/site-packages/airflow/example_dags/example_branch_datetime_operator.py for tasks to queue
[2025-04-16T01:23:47.637+0000] {logging_mixin.py:190} INFO - [2025-04-16T01:23:47.636+0000] {dagbag.py:588} INFO - Filling up the DagBag from /home/airflow/.local/lib/python3.12/site-packages/airflow/example_dags/example_branch_datetime_operator.py
[2025-04-16T01:23:47.654+0000] {processor.py:925} INFO - DAG(s) 'example_branch_datetime_operator', 'example_branch_datetime_operator_3', 'example_branch_datetime_operator_2' retrieved from /home/airflow/.local/lib/python3.12/site-packages/airflow/example_dags/example_branch_datetime_operator.py
[2025-04-16T01:23:47.694+0000] {logging_mixin.py:190} INFO - [2025-04-16T01:23:47.694+0000] {dag.py:3239} INFO - Sync 3 DAGs
[2025-04-16T01:23:47.715+0000] {logging_mixin.py:190} INFO - [2025-04-16T01:23:47.715+0000] {dag.py:4180} INFO - Setting next_dagrun for example_branch_datetime_operator to 2025-04-15 00:00:00+00:00, run_after=2025-04-16 00:00:00+00:00
[2025-04-16T01:23:47.719+0000] {logging_mixin.py:190} INFO - [2025-04-16T01:23:47.719+0000] {dag.py:4180} INFO - Setting next_dagrun for example_branch_datetime_operator_2 to 2025-04-15 00:00:00+00:00, run_after=2025-04-16 00:00:00+00:00
[2025-04-16T01:23:47.722+0000] {logging_mixin.py:190} INFO - [2025-04-16T01:23:47.722+0000] {dag.py:4180} INFO - Setting next_dagrun for example_branch_datetime_operator_3 to 2025-04-15 00:00:00+00:00, run_after=2025-04-16 00:00:00+00:00
[2025-04-16T01:23:47.734+0000] {processor.py:208} INFO - Processing /home/airflow/.local/lib/python3.12/site-packages/airflow/example_dags/example_branch_datetime_operator.py took 0.122 seconds
[2025-04-16T01:24:17.769+0000] {processor.py:186} INFO - Started process (PID=213) to work on /home/airflow/.local/lib/python3.12/site-packages/airflow/example_dags/example_branch_datetime_operator.py
[2025-04-16T01:24:17.770+0000] {processor.py:914} INFO - Processing file /home/airflow/.local/lib/python3.12/site-packages/airflow/example_dags/example_branch_datetime_operator.py for tasks to queue
[2025-04-16T01:24:17.771+0000] {logging_mixin.py:190} INFO - [2025-04-16T01:24:17.771+0000] {dagbag.py:588} INFO - Filling up the DagBag from /home/airflow/.local/lib/python3.12/site-packages/airflow/example_dags/example_branch_datetime_operator.py
[2025-04-16T01:24:17.777+0000] {processor.py:925} INFO - DAG(s) 'example_branch_datetime_operator_2', 'example_branch_datetime_operator_3', 'example_branch_datetime_operator' retrieved from /home/airflow/.local/lib/python3.12/site-packages/airflow/example_dags/example_branch_datetime_operator.py
[2025-04-16T01:24:17.796+0000] {logging_mixin.py:190} INFO - [2025-04-16T01:24:17.795+0000] {dag.py:3239} INFO - Sync 3 DAGs
[2025-04-16T01:24:17.809+0000] {logging_mixin.py:190} INFO - [2025-04-16T01:24:17.809+0000] {dag.py:4180} INFO - Setting next_dagrun for example_branch_datetime_operator to 2025-04-15 00:00:00+00:00, run_after=2025-04-16 00:00:00+00:00
[2025-04-16T01:24:17.812+0000] {logging_mixin.py:190} INFO - [2025-04-16T01:24:17.812+0000] {dag.py:4180} INFO - Setting next_dagrun for example_branch_datetime_operator_2 to 2025-04-15 00:00:00+00:00, run_after=2025-04-16 00:00:00+00:00
[2025-04-16T01:24:17.813+0000] {logging_mixin.py:190} INFO - [2025-04-16T01:24:17.813+0000] {dag.py:4180} INFO - Setting next_dagrun for example_branch_datetime_operator_3 to 2025-04-15 00:00:00+00:00, run_after=2025-04-16 00:00:00+00:00
[2025-04-16T01:24:17.821+0000] {processor.py:208} INFO - Processing /home/airflow/.local/lib/python3.12/site-packages/airflow/example_dags/example_branch_datetime_operator.py took 0.056 seconds
[2025-04-16T01:24:48.876+0000] {processor.py:186} INFO - Started process (PID=276) to work on /home/airflow/.local/lib/python3.12/site-packages/airflow/example_dags/example_branch_datetime_operator.py
[2025-04-16T01:24:48.878+0000] {processor.py:914} INFO - Processing file /home/airflow/.local/lib/python3.12/site-packages/airflow/example_dags/example_branch_datetime_operator.py for tasks to queue
[2025-04-16T01:24:48.880+0000] {logging_mixin.py:190} INFO - [2025-04-16T01:24:48.880+0000] {dagbag.py:588} INFO - Filling up the DagBag from /home/airflow/.local/lib/python3.12/site-packages/airflow/example_dags/example_branch_datetime_operator.py
[2025-04-16T01:24:48.912+0000] {processor.py:925} INFO - DAG(s) 'example_branch_datetime_operator', 'example_branch_datetime_operator_3', 'example_branch_datetime_operator_2' retrieved from /home/airflow/.local/lib/python3.12/site-packages/airflow/example_dags/example_branch_datetime_operator.py
[2025-04-16T01:24:48.984+0000] {logging_mixin.py:190} INFO - [2025-04-16T01:24:48.983+0000] {dag.py:3239} INFO - Sync 3 DAGs
[2025-04-16T01:24:49.029+0000] {logging_mixin.py:190} INFO - [2025-04-16T01:24:49.029+0000] {dag.py:4180} INFO - Setting next_dagrun for example_branch_datetime_operator to 2025-04-15 00:00:00+00:00, run_after=2025-04-16 00:00:00+00:00
[2025-04-16T01:24:49.032+0000] {logging_mixin.py:190} INFO - [2025-04-16T01:24:49.032+0000] {dag.py:4180} INFO - Setting next_dagrun for example_branch_datetime_operator_2 to 2025-04-15 00:00:00+00:00, run_after=2025-04-16 00:00:00+00:00
[2025-04-16T01:24:49.033+0000] {logging_mixin.py:190} INFO - [2025-04-16T01:24:49.033+0000] {dag.py:4180} INFO - Setting next_dagrun for example_branch_datetime_operator_3 to 2025-04-15 00:00:00+00:00, run_after=2025-04-16 00:00:00+00:00
[2025-04-16T01:24:49.047+0000] {processor.py:208} INFO - Processing /home/airflow/.local/lib/python3.12/site-packages/airflow/example_dags/example_branch_datetime_operator.py took 0.182 seconds
[2025-04-16T01:25:20.729+0000] {processor.py:186} INFO - Started process (PID=340) to work on /home/airflow/.local/lib/python3.12/site-packages/airflow/example_dags/example_branch_datetime_operator.py
[2025-04-16T01:25:20.732+0000] {processor.py:914} INFO - Processing file /home/airflow/.local/lib/python3.12/site-packages/airflow/example_dags/example_branch_datetime_operator.py for tasks to queue
[2025-04-16T01:25:20.737+0000] {logging_mixin.py:190} INFO - [2025-04-16T01:25:20.737+0000] {dagbag.py:588} INFO - Filling up the DagBag from /home/airflow/.local/lib/python3.12/site-packages/airflow/example_dags/example_branch_datetime_operator.py
[2025-04-16T01:25:20.762+0000] {processor.py:925} INFO - DAG(s) 'example_branch_datetime_operator_3', 'example_branch_datetime_operator_2', 'example_branch_datetime_operator' retrieved from /home/airflow/.local/lib/python3.12/site-packages/airflow/example_dags/example_branch_datetime_operator.py
[2025-04-16T01:25:20.815+0000] {logging_mixin.py:190} INFO - [2025-04-16T01:25:20.815+0000] {dag.py:3239} INFO - Sync 3 DAGs
[2025-04-16T01:25:20.869+0000] {logging_mixin.py:190} INFO - [2025-04-16T01:25:20.869+0000] {dag.py:4180} INFO - Setting next_dagrun for example_branch_datetime_operator to 2025-04-15 00:00:00+00:00, run_after=2025-04-16 00:00:00+00:00
[2025-04-16T01:25:20.873+0000] {logging_mixin.py:190} INFO - [2025-04-16T01:25:20.873+0000] {dag.py:4180} INFO - Setting next_dagrun for example_branch_datetime_operator_2 to 2025-04-15 00:00:00+00:00, run_after=2025-04-16 00:00:00+00:00
[2025-04-16T01:25:20.876+0000] {logging_mixin.py:190} INFO - [2025-04-16T01:25:20.876+0000] {dag.py:4180} INFO - Setting next_dagrun for example_branch_datetime_operator_3 to 2025-04-15 00:00:00+00:00, run_after=2025-04-16 00:00:00+00:00
[2025-04-16T01:25:20.903+0000] {processor.py:208} INFO - Processing /home/airflow/.local/lib/python3.12/site-packages/airflow/example_dags/example_branch_datetime_operator.py took 0.182 seconds
