[2025-04-16T01:23:22.762+0000] {processor.py:186} INFO - Started process (PID=115) to work on /home/airflow/.local/lib/python3.12/site-packages/airflow/example_dags/example_dag_decorator.py
[2025-04-16T01:23:22.763+0000] {processor.py:914} INFO - Processing file /home/airflow/.local/lib/python3.12/site-packages/airflow/example_dags/example_dag_decorator.py for tasks to queue
[2025-04-16T01:23:22.773+0000] {logging_mixin.py:190} INFO - [2025-04-16T01:23:22.772+0000] {dagbag.py:588} INFO - Filling up the DagBag from /home/airflow/.local/lib/python3.12/site-packages/airflow/example_dags/example_dag_decorator.py
[2025-04-16T01:23:23.268+0000] {processor.py:925} INFO - DAG(s) 'example_dag_decorator' retrieved from /home/airflow/.local/lib/python3.12/site-packages/airflow/example_dags/example_dag_decorator.py
[2025-04-16T01:23:23.437+0000] {logging_mixin.py:190} INFO - [2025-04-16T01:23:23.435+0000] {override.py:1912} INFO - Created Permission View: can read on DAG:example_dag_decorator
[2025-04-16T01:23:23.463+0000] {logging_mixin.py:190} INFO - [2025-04-16T01:23:23.462+0000] {override.py:1912} INFO - Created Permission View: can edit on DAG:example_dag_decorator
[2025-04-16T01:23:23.484+0000] {logging_mixin.py:190} INFO - [2025-04-16T01:23:23.482+0000] {override.py:1912} INFO - Created Permission View: can delete on DAG:example_dag_decorator
[2025-04-16T01:23:23.496+0000] {logging_mixin.py:190} INFO - [2025-04-16T01:23:23.496+0000] {override.py:1912} INFO - Created Permission View: can read on DAG Run:example_dag_decorator
[2025-04-16T01:23:23.509+0000] {logging_mixin.py:190} INFO - [2025-04-16T01:23:23.509+0000] {override.py:1912} INFO - Created Permission View: can create on DAG Run:example_dag_decorator
[2025-04-16T01:23:23.524+0000] {logging_mixin.py:190} INFO - [2025-04-16T01:23:23.524+0000] {override.py:1912} INFO - Created Permission View: menu access on DAG Run:example_dag_decorator
[2025-04-16T01:23:23.532+0000] {logging_mixin.py:190} INFO - [2025-04-16T01:23:23.531+0000] {override.py:1912} INFO - Created Permission View: can delete on DAG Run:example_dag_decorator
[2025-04-16T01:23:23.533+0000] {logging_mixin.py:190} INFO - [2025-04-16T01:23:23.532+0000] {dag.py:3239} INFO - Sync 1 DAGs
[2025-04-16T01:23:23.553+0000] {logging_mixin.py:190} INFO - [2025-04-16T01:23:23.553+0000] {dag.py:3262} INFO - Creating ORM DAG for example_dag_decorator
[2025-04-16T01:23:23.555+0000] {logging_mixin.py:190} INFO - [2025-04-16T01:23:23.554+0000] {dag.py:4180} INFO - Setting next_dagrun for example_dag_decorator to None, run_after=None
[2025-04-16T01:23:23.586+0000] {processor.py:208} INFO - Processing /home/airflow/.local/lib/python3.12/site-packages/airflow/example_dags/example_dag_decorator.py took 0.834 seconds
[2025-04-16T01:23:54.188+0000] {processor.py:186} INFO - Started process (PID=179) to work on /home/airflow/.local/lib/python3.12/site-packages/airflow/example_dags/example_dag_decorator.py
[2025-04-16T01:23:54.189+0000] {processor.py:914} INFO - Processing file /home/airflow/.local/lib/python3.12/site-packages/airflow/example_dags/example_dag_decorator.py for tasks to queue
[2025-04-16T01:23:54.191+0000] {logging_mixin.py:190} INFO - [2025-04-16T01:23:54.191+0000] {dagbag.py:588} INFO - Filling up the DagBag from /home/airflow/.local/lib/python3.12/site-packages/airflow/example_dags/example_dag_decorator.py
[2025-04-16T01:23:54.250+0000] {processor.py:925} INFO - DAG(s) 'example_dag_decorator' retrieved from /home/airflow/.local/lib/python3.12/site-packages/airflow/example_dags/example_dag_decorator.py
[2025-04-16T01:23:54.350+0000] {logging_mixin.py:190} INFO - [2025-04-16T01:23:54.350+0000] {dag.py:3239} INFO - Sync 1 DAGs
[2025-04-16T01:23:54.362+0000] {logging_mixin.py:190} INFO - [2025-04-16T01:23:54.362+0000] {dag.py:4180} INFO - Setting next_dagrun for example_dag_decorator to None, run_after=None
[2025-04-16T01:23:54.386+0000] {processor.py:208} INFO - Processing /home/airflow/.local/lib/python3.12/site-packages/airflow/example_dags/example_dag_decorator.py took 0.202 seconds
[2025-04-16T01:24:25.632+0000] {processor.py:186} INFO - Started process (PID=241) to work on /home/airflow/.local/lib/python3.12/site-packages/airflow/example_dags/example_dag_decorator.py
[2025-04-16T01:24:25.633+0000] {processor.py:914} INFO - Processing file /home/airflow/.local/lib/python3.12/site-packages/airflow/example_dags/example_dag_decorator.py for tasks to queue
[2025-04-16T01:24:25.636+0000] {logging_mixin.py:190} INFO - [2025-04-16T01:24:25.636+0000] {dagbag.py:588} INFO - Filling up the DagBag from /home/airflow/.local/lib/python3.12/site-packages/airflow/example_dags/example_dag_decorator.py
[2025-04-16T01:24:25.729+0000] {processor.py:925} INFO - DAG(s) 'example_dag_decorator' retrieved from /home/airflow/.local/lib/python3.12/site-packages/airflow/example_dags/example_dag_decorator.py
[2025-04-16T01:24:25.893+0000] {logging_mixin.py:190} INFO - [2025-04-16T01:24:25.892+0000] {dag.py:3239} INFO - Sync 1 DAGs
[2025-04-16T01:24:25.910+0000] {logging_mixin.py:190} INFO - [2025-04-16T01:24:25.909+0000] {dag.py:4180} INFO - Setting next_dagrun for example_dag_decorator to None, run_after=None
[2025-04-16T01:24:25.937+0000] {processor.py:208} INFO - Processing /home/airflow/.local/lib/python3.12/site-packages/airflow/example_dags/example_dag_decorator.py took 0.309 seconds
[2025-04-16T01:24:56.803+0000] {processor.py:186} INFO - Started process (PID=308) to work on /home/airflow/.local/lib/python3.12/site-packages/airflow/example_dags/example_dag_decorator.py
[2025-04-16T01:24:56.804+0000] {processor.py:914} INFO - Processing file /home/airflow/.local/lib/python3.12/site-packages/airflow/example_dags/example_dag_decorator.py for tasks to queue
[2025-04-16T01:24:56.807+0000] {logging_mixin.py:190} INFO - [2025-04-16T01:24:56.806+0000] {dagbag.py:588} INFO - Filling up the DagBag from /home/airflow/.local/lib/python3.12/site-packages/airflow/example_dags/example_dag_decorator.py
[2025-04-16T01:24:56.934+0000] {processor.py:925} INFO - DAG(s) 'example_dag_decorator' retrieved from /home/airflow/.local/lib/python3.12/site-packages/airflow/example_dags/example_dag_decorator.py
[2025-04-16T01:24:57.136+0000] {logging_mixin.py:190} INFO - [2025-04-16T01:24:57.136+0000] {dag.py:3239} INFO - Sync 1 DAGs
[2025-04-16T01:24:57.155+0000] {logging_mixin.py:190} INFO - [2025-04-16T01:24:57.154+0000] {dag.py:4180} INFO - Setting next_dagrun for example_dag_decorator to None, run_after=None
[2025-04-16T01:24:57.175+0000] {processor.py:208} INFO - Processing /home/airflow/.local/lib/python3.12/site-packages/airflow/example_dags/example_dag_decorator.py took 0.380 seconds
[2025-04-16T01:25:28.014+0000] {processor.py:186} INFO - Started process (PID=371) to work on /home/airflow/.local/lib/python3.12/site-packages/airflow/example_dags/example_dag_decorator.py
[2025-04-16T01:25:28.019+0000] {processor.py:914} INFO - Processing file /home/airflow/.local/lib/python3.12/site-packages/airflow/example_dags/example_dag_decorator.py for tasks to queue
[2025-04-16T01:25:28.036+0000] {logging_mixin.py:190} INFO - [2025-04-16T01:25:28.033+0000] {dagbag.py:588} INFO - Filling up the DagBag from /home/airflow/.local/lib/python3.12/site-packages/airflow/example_dags/example_dag_decorator.py
[2025-04-16T01:25:28.258+0000] {processor.py:925} INFO - DAG(s) 'example_dag_decorator' retrieved from /home/airflow/.local/lib/python3.12/site-packages/airflow/example_dags/example_dag_decorator.py
[2025-04-16T01:25:28.417+0000] {logging_mixin.py:190} INFO - [2025-04-16T01:25:28.416+0000] {dag.py:3239} INFO - Sync 1 DAGs
[2025-04-16T01:25:28.432+0000] {logging_mixin.py:190} INFO - [2025-04-16T01:25:28.431+0000] {dag.py:4180} INFO - Setting next_dagrun for example_dag_decorator to None, run_after=None
[2025-04-16T01:25:28.454+0000] {processor.py:208} INFO - Processing /home/airflow/.local/lib/python3.12/site-packages/airflow/example_dags/example_dag_decorator.py took 0.481 seconds
