[2025-04-16T01:23:13.470+0000] {processor.py:186} INFO - Started process (PID=68) to work on /home/airflow/.local/lib/python3.12/site-packages/airflow/example_dags/example_skip_dag.py
[2025-04-16T01:23:13.471+0000] {processor.py:914} INFO - Processing file /home/airflow/.local/lib/python3.12/site-packages/airflow/example_dags/example_skip_dag.py for tasks to queue
[2025-04-16T01:23:13.474+0000] {logging_mixin.py:190} INFO - [2025-04-16T01:23:13.474+0000] {dagbag.py:588} INFO - Filling up the DagBag from /home/airflow/.local/lib/python3.12/site-packages/airflow/example_dags/example_skip_dag.py
[2025-04-16T01:23:13.486+0000] {processor.py:925} INFO - DAG(s) 'example_skip_dag' retrieved from /home/airflow/.local/lib/python3.12/site-packages/airflow/example_dags/example_skip_dag.py
[2025-04-16T01:23:13.600+0000] {logging_mixin.py:190} INFO - [2025-04-16T01:23:13.599+0000] {override.py:1912} INFO - Created Permission View: can read on DAG:example_skip_dag
[2025-04-16T01:23:13.615+0000] {logging_mixin.py:190} INFO - [2025-04-16T01:23:13.615+0000] {override.py:1912} INFO - Created Permission View: can edit on DAG:example_skip_dag
[2025-04-16T01:23:13.619+0000] {logging_mixin.py:190} INFO - [2025-04-16T01:23:13.619+0000] {override.py:1912} INFO - Created Permission View: can delete on DAG:example_skip_dag
[2025-04-16T01:23:13.622+0000] {logging_mixin.py:190} INFO - [2025-04-16T01:23:13.622+0000] {override.py:1912} INFO - Created Permission View: can read on DAG Run:example_skip_dag
[2025-04-16T01:23:13.626+0000] {logging_mixin.py:190} INFO - [2025-04-16T01:23:13.626+0000] {override.py:1912} INFO - Created Permission View: can create on DAG Run:example_skip_dag
[2025-04-16T01:23:13.628+0000] {logging_mixin.py:190} INFO - [2025-04-16T01:23:13.628+0000] {override.py:1912} INFO - Created Permission View: menu access on DAG Run:example_skip_dag
[2025-04-16T01:23:13.632+0000] {logging_mixin.py:190} INFO - [2025-04-16T01:23:13.632+0000] {override.py:1912} INFO - Created Permission View: can delete on DAG Run:example_skip_dag
[2025-04-16T01:23:13.632+0000] {logging_mixin.py:190} INFO - [2025-04-16T01:23:13.632+0000] {dag.py:3239} INFO - Sync 1 DAGs
[2025-04-16T01:23:13.648+0000] {logging_mixin.py:190} INFO - [2025-04-16T01:23:13.647+0000] {dag.py:3262} INFO - Creating ORM DAG for example_skip_dag
[2025-04-16T01:23:13.657+0000] {logging_mixin.py:190} INFO - [2025-04-16T01:23:13.657+0000] {dag.py:4180} INFO - Setting next_dagrun for example_skip_dag to 2025-04-15 00:00:00+00:00, run_after=2025-04-16 00:00:00+00:00
[2025-04-16T01:23:13.673+0000] {processor.py:208} INFO - Processing /home/airflow/.local/lib/python3.12/site-packages/airflow/example_dags/example_skip_dag.py took 0.210 seconds
[2025-04-16T01:23:44.195+0000] {processor.py:186} INFO - Started process (PID=132) to work on /home/airflow/.local/lib/python3.12/site-packages/airflow/example_dags/example_skip_dag.py
[2025-04-16T01:23:44.197+0000] {processor.py:914} INFO - Processing file /home/airflow/.local/lib/python3.12/site-packages/airflow/example_dags/example_skip_dag.py for tasks to queue
[2025-04-16T01:23:44.198+0000] {logging_mixin.py:190} INFO - [2025-04-16T01:23:44.198+0000] {dagbag.py:588} INFO - Filling up the DagBag from /home/airflow/.local/lib/python3.12/site-packages/airflow/example_dags/example_skip_dag.py
[2025-04-16T01:23:44.205+0000] {processor.py:925} INFO - DAG(s) 'example_skip_dag' retrieved from /home/airflow/.local/lib/python3.12/site-packages/airflow/example_dags/example_skip_dag.py
[2025-04-16T01:23:44.216+0000] {logging_mixin.py:190} INFO - [2025-04-16T01:23:44.216+0000] {dag.py:3239} INFO - Sync 1 DAGs
[2025-04-16T01:23:44.233+0000] {logging_mixin.py:190} INFO - [2025-04-16T01:23:44.232+0000] {dag.py:4180} INFO - Setting next_dagrun for example_skip_dag to 2025-04-15 00:00:00+00:00, run_after=2025-04-16 00:00:00+00:00
[2025-04-16T01:23:44.243+0000] {processor.py:208} INFO - Processing /home/airflow/.local/lib/python3.12/site-packages/airflow/example_dags/example_skip_dag.py took 0.052 seconds
[2025-04-16T01:24:15.708+0000] {processor.py:186} INFO - Started process (PID=201) to work on /home/airflow/.local/lib/python3.12/site-packages/airflow/example_dags/example_skip_dag.py
[2025-04-16T01:24:15.709+0000] {processor.py:914} INFO - Processing file /home/airflow/.local/lib/python3.12/site-packages/airflow/example_dags/example_skip_dag.py for tasks to queue
[2025-04-16T01:24:15.710+0000] {logging_mixin.py:190} INFO - [2025-04-16T01:24:15.709+0000] {dagbag.py:588} INFO - Filling up the DagBag from /home/airflow/.local/lib/python3.12/site-packages/airflow/example_dags/example_skip_dag.py
[2025-04-16T01:24:15.715+0000] {processor.py:925} INFO - DAG(s) 'example_skip_dag' retrieved from /home/airflow/.local/lib/python3.12/site-packages/airflow/example_dags/example_skip_dag.py
[2025-04-16T01:24:15.729+0000] {logging_mixin.py:190} INFO - [2025-04-16T01:24:15.729+0000] {dag.py:3239} INFO - Sync 1 DAGs
[2025-04-16T01:24:15.743+0000] {logging_mixin.py:190} INFO - [2025-04-16T01:24:15.743+0000] {dag.py:4180} INFO - Setting next_dagrun for example_skip_dag to 2025-04-15 00:00:00+00:00, run_after=2025-04-16 00:00:00+00:00
[2025-04-16T01:24:15.752+0000] {processor.py:208} INFO - Processing /home/airflow/.local/lib/python3.12/site-packages/airflow/example_dags/example_skip_dag.py took 0.047 seconds
[2025-04-16T01:24:47.864+0000] {processor.py:186} INFO - Started process (PID=265) to work on /home/airflow/.local/lib/python3.12/site-packages/airflow/example_dags/example_skip_dag.py
[2025-04-16T01:24:47.865+0000] {processor.py:914} INFO - Processing file /home/airflow/.local/lib/python3.12/site-packages/airflow/example_dags/example_skip_dag.py for tasks to queue
[2025-04-16T01:24:47.866+0000] {logging_mixin.py:190} INFO - [2025-04-16T01:24:47.866+0000] {dagbag.py:588} INFO - Filling up the DagBag from /home/airflow/.local/lib/python3.12/site-packages/airflow/example_dags/example_skip_dag.py
[2025-04-16T01:24:47.871+0000] {processor.py:925} INFO - DAG(s) 'example_skip_dag' retrieved from /home/airflow/.local/lib/python3.12/site-packages/airflow/example_dags/example_skip_dag.py
[2025-04-16T01:24:47.888+0000] {logging_mixin.py:190} INFO - [2025-04-16T01:24:47.888+0000] {dag.py:3239} INFO - Sync 1 DAGs
[2025-04-16T01:24:47.900+0000] {logging_mixin.py:190} INFO - [2025-04-16T01:24:47.900+0000] {dag.py:4180} INFO - Setting next_dagrun for example_skip_dag to 2025-04-15 00:00:00+00:00, run_after=2025-04-16 00:00:00+00:00
[2025-04-16T01:24:47.907+0000] {processor.py:208} INFO - Processing /home/airflow/.local/lib/python3.12/site-packages/airflow/example_dags/example_skip_dag.py took 0.047 seconds
[2025-04-16T01:25:19.204+0000] {processor.py:186} INFO - Started process (PID=329) to work on /home/airflow/.local/lib/python3.12/site-packages/airflow/example_dags/example_skip_dag.py
[2025-04-16T01:25:19.205+0000] {processor.py:914} INFO - Processing file /home/airflow/.local/lib/python3.12/site-packages/airflow/example_dags/example_skip_dag.py for tasks to queue
[2025-04-16T01:25:19.207+0000] {logging_mixin.py:190} INFO - [2025-04-16T01:25:19.207+0000] {dagbag.py:588} INFO - Filling up the DagBag from /home/airflow/.local/lib/python3.12/site-packages/airflow/example_dags/example_skip_dag.py
[2025-04-16T01:25:19.218+0000] {processor.py:925} INFO - DAG(s) 'example_skip_dag' retrieved from /home/airflow/.local/lib/python3.12/site-packages/airflow/example_dags/example_skip_dag.py
[2025-04-16T01:25:19.614+0000] {logging_mixin.py:190} INFO - [2025-04-16T01:25:19.613+0000] {dag.py:3239} INFO - Sync 1 DAGs
[2025-04-16T01:25:19.679+0000] {logging_mixin.py:190} INFO - [2025-04-16T01:25:19.678+0000] {dag.py:4180} INFO - Setting next_dagrun for example_skip_dag to 2025-04-15 00:00:00+00:00, run_after=2025-04-16 00:00:00+00:00
[2025-04-16T01:25:19.737+0000] {processor.py:208} INFO - Processing /home/airflow/.local/lib/python3.12/site-packages/airflow/example_dags/example_skip_dag.py took 0.539 seconds
