[2025-04-16T01:23:19.982+0000] {processor.py:186} INFO - Started process (PID=101) to work on /home/airflow/.local/lib/python3.12/site-packages/airflow/example_dags/tutorial_dag.py
[2025-04-16T01:23:19.983+0000] {processor.py:914} INFO - Processing file /home/airflow/.local/lib/python3.12/site-packages/airflow/example_dags/tutorial_dag.py for tasks to queue
[2025-04-16T01:23:19.984+0000] {logging_mixin.py:190} INFO - [2025-04-16T01:23:19.984+0000] {dagbag.py:588} INFO - Filling up the DagBag from /home/airflow/.local/lib/python3.12/site-packages/airflow/example_dags/tutorial_dag.py
[2025-04-16T01:23:19.992+0000] {processor.py:925} INFO - DAG(s) 'tutorial_dag' retrieved from /home/airflow/.local/lib/python3.12/site-packages/airflow/example_dags/tutorial_dag.py
[2025-04-16T01:23:20.054+0000] {logging_mixin.py:190} INFO - [2025-04-16T01:23:20.053+0000] {override.py:1912} INFO - Created Permission View: can read on DAG:tutorial_dag
[2025-04-16T01:23:20.058+0000] {logging_mixin.py:190} INFO - [2025-04-16T01:23:20.057+0000] {override.py:1912} INFO - Created Permission View: can edit on DAG:tutorial_dag
[2025-04-16T01:23:20.060+0000] {logging_mixin.py:190} INFO - [2025-04-16T01:23:20.059+0000] {override.py:1912} INFO - Created Permission View: can delete on DAG:tutorial_dag
[2025-04-16T01:23:20.062+0000] {logging_mixin.py:190} INFO - [2025-04-16T01:23:20.062+0000] {override.py:1912} INFO - Created Permission View: can read on DAG Run:tutorial_dag
[2025-04-16T01:23:20.064+0000] {logging_mixin.py:190} INFO - [2025-04-16T01:23:20.064+0000] {override.py:1912} INFO - Created Permission View: can create on DAG Run:tutorial_dag
[2025-04-16T01:23:20.068+0000] {logging_mixin.py:190} INFO - [2025-04-16T01:23:20.068+0000] {override.py:1912} INFO - Created Permission View: menu access on DAG Run:tutorial_dag
[2025-04-16T01:23:20.071+0000] {logging_mixin.py:190} INFO - [2025-04-16T01:23:20.071+0000] {override.py:1912} INFO - Created Permission View: can delete on DAG Run:tutorial_dag
[2025-04-16T01:23:20.071+0000] {logging_mixin.py:190} INFO - [2025-04-16T01:23:20.071+0000] {dag.py:3239} INFO - Sync 1 DAGs
[2025-04-16T01:23:20.082+0000] {logging_mixin.py:190} INFO - [2025-04-16T01:23:20.082+0000] {dag.py:3262} INFO - Creating ORM DAG for tutorial_dag
[2025-04-16T01:23:20.082+0000] {logging_mixin.py:190} INFO - [2025-04-16T01:23:20.082+0000] {dag.py:4180} INFO - Setting next_dagrun for tutorial_dag to None, run_after=None
[2025-04-16T01:23:20.091+0000] {processor.py:208} INFO - Processing /home/airflow/.local/lib/python3.12/site-packages/airflow/example_dags/tutorial_dag.py took 0.112 seconds
[2025-04-16T01:23:51.056+0000] {processor.py:186} INFO - Started process (PID=165) to work on /home/airflow/.local/lib/python3.12/site-packages/airflow/example_dags/tutorial_dag.py
[2025-04-16T01:23:51.067+0000] {processor.py:914} INFO - Processing file /home/airflow/.local/lib/python3.12/site-packages/airflow/example_dags/tutorial_dag.py for tasks to queue
[2025-04-16T01:23:51.077+0000] {logging_mixin.py:190} INFO - [2025-04-16T01:23:51.075+0000] {dagbag.py:588} INFO - Filling up the DagBag from /home/airflow/.local/lib/python3.12/site-packages/airflow/example_dags/tutorial_dag.py
[2025-04-16T01:23:51.102+0000] {processor.py:925} INFO - DAG(s) 'tutorial_dag' retrieved from /home/airflow/.local/lib/python3.12/site-packages/airflow/example_dags/tutorial_dag.py
[2025-04-16T01:23:51.194+0000] {logging_mixin.py:190} INFO - [2025-04-16T01:23:51.193+0000] {dag.py:3239} INFO - Sync 1 DAGs
[2025-04-16T01:23:51.237+0000] {logging_mixin.py:190} INFO - [2025-04-16T01:23:51.236+0000] {dag.py:4180} INFO - Setting next_dagrun for tutorial_dag to None, run_after=None
[2025-04-16T01:23:51.291+0000] {processor.py:208} INFO - Processing /home/airflow/.local/lib/python3.12/site-packages/airflow/example_dags/tutorial_dag.py took 0.240 seconds
[2025-04-16T01:24:22.131+0000] {processor.py:186} INFO - Started process (PID=228) to work on /home/airflow/.local/lib/python3.12/site-packages/airflow/example_dags/tutorial_dag.py
[2025-04-16T01:24:22.136+0000] {processor.py:914} INFO - Processing file /home/airflow/.local/lib/python3.12/site-packages/airflow/example_dags/tutorial_dag.py for tasks to queue
[2025-04-16T01:24:22.142+0000] {logging_mixin.py:190} INFO - [2025-04-16T01:24:22.142+0000] {dagbag.py:588} INFO - Filling up the DagBag from /home/airflow/.local/lib/python3.12/site-packages/airflow/example_dags/tutorial_dag.py
[2025-04-16T01:24:22.156+0000] {processor.py:925} INFO - DAG(s) 'tutorial_dag' retrieved from /home/airflow/.local/lib/python3.12/site-packages/airflow/example_dags/tutorial_dag.py
[2025-04-16T01:24:22.194+0000] {logging_mixin.py:190} INFO - [2025-04-16T01:24:22.193+0000] {dag.py:3239} INFO - Sync 1 DAGs
[2025-04-16T01:24:22.221+0000] {logging_mixin.py:190} INFO - [2025-04-16T01:24:22.221+0000] {dag.py:4180} INFO - Setting next_dagrun for tutorial_dag to None, run_after=None
[2025-04-16T01:24:22.256+0000] {processor.py:208} INFO - Processing /home/airflow/.local/lib/python3.12/site-packages/airflow/example_dags/tutorial_dag.py took 0.138 seconds
[2025-04-16T01:24:52.332+0000] {processor.py:186} INFO - Started process (PID=292) to work on /home/airflow/.local/lib/python3.12/site-packages/airflow/example_dags/tutorial_dag.py
[2025-04-16T01:24:52.335+0000] {processor.py:914} INFO - Processing file /home/airflow/.local/lib/python3.12/site-packages/airflow/example_dags/tutorial_dag.py for tasks to queue
[2025-04-16T01:24:52.340+0000] {logging_mixin.py:190} INFO - [2025-04-16T01:24:52.339+0000] {dagbag.py:588} INFO - Filling up the DagBag from /home/airflow/.local/lib/python3.12/site-packages/airflow/example_dags/tutorial_dag.py
[2025-04-16T01:24:52.359+0000] {processor.py:925} INFO - DAG(s) 'tutorial_dag' retrieved from /home/airflow/.local/lib/python3.12/site-packages/airflow/example_dags/tutorial_dag.py
[2025-04-16T01:24:52.389+0000] {logging_mixin.py:190} INFO - [2025-04-16T01:24:52.389+0000] {dag.py:3239} INFO - Sync 1 DAGs
[2025-04-16T01:24:52.429+0000] {logging_mixin.py:190} INFO - [2025-04-16T01:24:52.429+0000] {dag.py:4180} INFO - Setting next_dagrun for tutorial_dag to None, run_after=None
[2025-04-16T01:24:52.458+0000] {processor.py:208} INFO - Processing /home/airflow/.local/lib/python3.12/site-packages/airflow/example_dags/tutorial_dag.py took 0.133 seconds
[2025-04-16T01:25:23.133+0000] {processor.py:186} INFO - Started process (PID=356) to work on /home/airflow/.local/lib/python3.12/site-packages/airflow/example_dags/tutorial_dag.py
[2025-04-16T01:25:23.135+0000] {processor.py:914} INFO - Processing file /home/airflow/.local/lib/python3.12/site-packages/airflow/example_dags/tutorial_dag.py for tasks to queue
[2025-04-16T01:25:23.137+0000] {logging_mixin.py:190} INFO - [2025-04-16T01:25:23.137+0000] {dagbag.py:588} INFO - Filling up the DagBag from /home/airflow/.local/lib/python3.12/site-packages/airflow/example_dags/tutorial_dag.py
[2025-04-16T01:25:23.147+0000] {processor.py:925} INFO - DAG(s) 'tutorial_dag' retrieved from /home/airflow/.local/lib/python3.12/site-packages/airflow/example_dags/tutorial_dag.py
[2025-04-16T01:25:23.161+0000] {logging_mixin.py:190} INFO - [2025-04-16T01:25:23.160+0000] {dag.py:3239} INFO - Sync 1 DAGs
[2025-04-16T01:25:23.169+0000] {logging_mixin.py:190} INFO - [2025-04-16T01:25:23.169+0000] {dag.py:4180} INFO - Setting next_dagrun for tutorial_dag to None, run_after=None
[2025-04-16T01:25:23.181+0000] {processor.py:208} INFO - Processing /home/airflow/.local/lib/python3.12/site-packages/airflow/example_dags/tutorial_dag.py took 0.053 seconds
