[2025-04-16T01:23:13.392+0000] {processor.py:186} INFO - Started process (PID=67) to work on /home/airflow/.local/lib/python3.12/site-packages/airflow/example_dags/tutorial_taskflow_api_virtualenv.py
[2025-04-16T01:23:13.393+0000] {processor.py:914} INFO - Processing file /home/airflow/.local/lib/python3.12/site-packages/airflow/example_dags/tutorial_taskflow_api_virtualenv.py for tasks to queue
[2025-04-16T01:23:13.394+0000] {logging_mixin.py:190} INFO - [2025-04-16T01:23:13.394+0000] {dagbag.py:588} INFO - Filling up the DagBag from /home/airflow/.local/lib/python3.12/site-packages/airflow/example_dags/tutorial_taskflow_api_virtualenv.py
[2025-04-16T01:23:13.403+0000] {processor.py:925} INFO - DAG(s) 'tutorial_taskflow_api_virtualenv' retrieved from /home/airflow/.local/lib/python3.12/site-packages/airflow/example_dags/tutorial_taskflow_api_virtualenv.py
[2025-04-16T01:23:13.502+0000] {logging_mixin.py:190} INFO - [2025-04-16T01:23:13.501+0000] {override.py:1912} INFO - Created Permission View: can read on DAG:tutorial_taskflow_api_virtualenv
[2025-04-16T01:23:13.521+0000] {logging_mixin.py:190} INFO - [2025-04-16T01:23:13.520+0000] {override.py:1912} INFO - Created Permission View: can edit on DAG:tutorial_taskflow_api_virtualenv
[2025-04-16T01:23:13.531+0000] {logging_mixin.py:190} INFO - [2025-04-16T01:23:13.530+0000] {override.py:1912} INFO - Created Permission View: can delete on DAG:tutorial_taskflow_api_virtualenv
[2025-04-16T01:23:13.537+0000] {logging_mixin.py:190} INFO - [2025-04-16T01:23:13.537+0000] {override.py:1912} INFO - Created Permission View: can read on DAG Run:tutorial_taskflow_api_virtualenv
[2025-04-16T01:23:13.549+0000] {logging_mixin.py:190} INFO - [2025-04-16T01:23:13.549+0000] {override.py:1912} INFO - Created Permission View: can create on DAG Run:tutorial_taskflow_api_virtualenv
[2025-04-16T01:23:13.554+0000] {logging_mixin.py:190} INFO - [2025-04-16T01:23:13.554+0000] {override.py:1912} INFO - Created Permission View: menu access on DAG Run:tutorial_taskflow_api_virtualenv
[2025-04-16T01:23:13.566+0000] {logging_mixin.py:190} INFO - [2025-04-16T01:23:13.565+0000] {override.py:1912} INFO - Created Permission View: can delete on DAG Run:tutorial_taskflow_api_virtualenv
[2025-04-16T01:23:13.566+0000] {logging_mixin.py:190} INFO - [2025-04-16T01:23:13.566+0000] {dag.py:3239} INFO - Sync 1 DAGs
[2025-04-16T01:23:13.580+0000] {logging_mixin.py:190} INFO - [2025-04-16T01:23:13.580+0000] {dag.py:3262} INFO - Creating ORM DAG for tutorial_taskflow_api_virtualenv
[2025-04-16T01:23:13.581+0000] {logging_mixin.py:190} INFO - [2025-04-16T01:23:13.581+0000] {dag.py:4180} INFO - Setting next_dagrun for tutorial_taskflow_api_virtualenv to None, run_after=None
[2025-04-16T01:23:13.601+0000] {processor.py:208} INFO - Processing /home/airflow/.local/lib/python3.12/site-packages/airflow/example_dags/tutorial_taskflow_api_virtualenv.py took 0.213 seconds
[2025-04-16T01:23:44.148+0000] {processor.py:186} INFO - Started process (PID=131) to work on /home/airflow/.local/lib/python3.12/site-packages/airflow/example_dags/tutorial_taskflow_api_virtualenv.py
[2025-04-16T01:23:44.149+0000] {processor.py:914} INFO - Processing file /home/airflow/.local/lib/python3.12/site-packages/airflow/example_dags/tutorial_taskflow_api_virtualenv.py for tasks to queue
[2025-04-16T01:23:44.151+0000] {logging_mixin.py:190} INFO - [2025-04-16T01:23:44.151+0000] {dagbag.py:588} INFO - Filling up the DagBag from /home/airflow/.local/lib/python3.12/site-packages/airflow/example_dags/tutorial_taskflow_api_virtualenv.py
[2025-04-16T01:23:44.161+0000] {processor.py:925} INFO - DAG(s) 'tutorial_taskflow_api_virtualenv' retrieved from /home/airflow/.local/lib/python3.12/site-packages/airflow/example_dags/tutorial_taskflow_api_virtualenv.py
[2025-04-16T01:23:44.177+0000] {logging_mixin.py:190} INFO - [2025-04-16T01:23:44.177+0000] {dag.py:3239} INFO - Sync 1 DAGs
[2025-04-16T01:23:44.185+0000] {logging_mixin.py:190} INFO - [2025-04-16T01:23:44.184+0000] {dag.py:4180} INFO - Setting next_dagrun for tutorial_taskflow_api_virtualenv to None, run_after=None
[2025-04-16T01:23:44.193+0000] {processor.py:208} INFO - Processing /home/airflow/.local/lib/python3.12/site-packages/airflow/example_dags/tutorial_taskflow_api_virtualenv.py took 0.048 seconds
[2025-04-16T01:24:15.665+0000] {processor.py:186} INFO - Started process (PID=200) to work on /home/airflow/.local/lib/python3.12/site-packages/airflow/example_dags/tutorial_taskflow_api_virtualenv.py
[2025-04-16T01:24:15.666+0000] {processor.py:914} INFO - Processing file /home/airflow/.local/lib/python3.12/site-packages/airflow/example_dags/tutorial_taskflow_api_virtualenv.py for tasks to queue
[2025-04-16T01:24:15.667+0000] {logging_mixin.py:190} INFO - [2025-04-16T01:24:15.667+0000] {dagbag.py:588} INFO - Filling up the DagBag from /home/airflow/.local/lib/python3.12/site-packages/airflow/example_dags/tutorial_taskflow_api_virtualenv.py
[2025-04-16T01:24:15.674+0000] {processor.py:925} INFO - DAG(s) 'tutorial_taskflow_api_virtualenv' retrieved from /home/airflow/.local/lib/python3.12/site-packages/airflow/example_dags/tutorial_taskflow_api_virtualenv.py
[2025-04-16T01:24:15.684+0000] {logging_mixin.py:190} INFO - [2025-04-16T01:24:15.683+0000] {dag.py:3239} INFO - Sync 1 DAGs
[2025-04-16T01:24:15.689+0000] {logging_mixin.py:190} INFO - [2025-04-16T01:24:15.689+0000] {dag.py:4180} INFO - Setting next_dagrun for tutorial_taskflow_api_virtualenv to None, run_after=None
[2025-04-16T01:24:15.696+0000] {processor.py:208} INFO - Processing /home/airflow/.local/lib/python3.12/site-packages/airflow/example_dags/tutorial_taskflow_api_virtualenv.py took 0.034 seconds
[2025-04-16T01:24:47.756+0000] {processor.py:186} INFO - Started process (PID=264) to work on /home/airflow/.local/lib/python3.12/site-packages/airflow/example_dags/tutorial_taskflow_api_virtualenv.py
[2025-04-16T01:24:47.759+0000] {processor.py:914} INFO - Processing file /home/airflow/.local/lib/python3.12/site-packages/airflow/example_dags/tutorial_taskflow_api_virtualenv.py for tasks to queue
[2025-04-16T01:24:47.765+0000] {logging_mixin.py:190} INFO - [2025-04-16T01:24:47.764+0000] {dagbag.py:588} INFO - Filling up the DagBag from /home/airflow/.local/lib/python3.12/site-packages/airflow/example_dags/tutorial_taskflow_api_virtualenv.py
[2025-04-16T01:24:47.783+0000] {processor.py:925} INFO - DAG(s) 'tutorial_taskflow_api_virtualenv' retrieved from /home/airflow/.local/lib/python3.12/site-packages/airflow/example_dags/tutorial_taskflow_api_virtualenv.py
[2025-04-16T01:24:47.808+0000] {logging_mixin.py:190} INFO - [2025-04-16T01:24:47.808+0000] {dag.py:3239} INFO - Sync 1 DAGs
[2025-04-16T01:24:47.824+0000] {logging_mixin.py:190} INFO - [2025-04-16T01:24:47.824+0000] {dag.py:4180} INFO - Setting next_dagrun for tutorial_taskflow_api_virtualenv to None, run_after=None
[2025-04-16T01:24:47.839+0000] {processor.py:208} INFO - Processing /home/airflow/.local/lib/python3.12/site-packages/airflow/example_dags/tutorial_taskflow_api_virtualenv.py took 0.089 seconds
[2025-04-16T01:25:19.109+0000] {processor.py:186} INFO - Started process (PID=328) to work on /home/airflow/.local/lib/python3.12/site-packages/airflow/example_dags/tutorial_taskflow_api_virtualenv.py
[2025-04-16T01:25:19.111+0000] {processor.py:914} INFO - Processing file /home/airflow/.local/lib/python3.12/site-packages/airflow/example_dags/tutorial_taskflow_api_virtualenv.py for tasks to queue
[2025-04-16T01:25:19.112+0000] {logging_mixin.py:190} INFO - [2025-04-16T01:25:19.112+0000] {dagbag.py:588} INFO - Filling up the DagBag from /home/airflow/.local/lib/python3.12/site-packages/airflow/example_dags/tutorial_taskflow_api_virtualenv.py
[2025-04-16T01:25:19.127+0000] {processor.py:925} INFO - DAG(s) 'tutorial_taskflow_api_virtualenv' retrieved from /home/airflow/.local/lib/python3.12/site-packages/airflow/example_dags/tutorial_taskflow_api_virtualenv.py
[2025-04-16T01:25:19.161+0000] {logging_mixin.py:190} INFO - [2025-04-16T01:25:19.160+0000] {dag.py:3239} INFO - Sync 1 DAGs
[2025-04-16T01:25:19.169+0000] {logging_mixin.py:190} INFO - [2025-04-16T01:25:19.169+0000] {dag.py:4180} INFO - Setting next_dagrun for tutorial_taskflow_api_virtualenv to None, run_after=None
[2025-04-16T01:25:19.182+0000] {processor.py:208} INFO - Processing /home/airflow/.local/lib/python3.12/site-packages/airflow/example_dags/tutorial_taskflow_api_virtualenv.py took 0.075 seconds
