[2025-04-11T07:05:08.655+0000] {processor.py:186} INFO - Started process (PID=113) to work on /home/airflow/.local/lib/python3.12/site-packages/airflow/example_dags/example_params_ui_tutorial.py
[2025-04-11T07:05:08.665+0000] {processor.py:914} INFO - Processing file /home/airflow/.local/lib/python3.12/site-packages/airflow/example_dags/example_params_ui_tutorial.py for tasks to queue
[2025-04-11T07:05:08.685+0000] {logging_mixin.py:190} INFO - [2025-04-11T07:05:08.683+0000] {dagbag.py:588} INFO - Filling up the DagBag from /home/airflow/.local/lib/python3.12/site-packages/airflow/example_dags/example_params_ui_tutorial.py
[2025-04-11T07:05:08.882+0000] {processor.py:925} INFO - DAG(s) 'example_params_ui_tutorial' retrieved from /home/airflow/.local/lib/python3.12/site-packages/airflow/example_dags/example_params_ui_tutorial.py
[2025-04-11T07:05:10.162+0000] {logging_mixin.py:190} INFO - [2025-04-11T07:05:10.135+0000] {override.py:1912} INFO - Created Permission View: can read on DAG:example_params_ui_tutorial
[2025-04-11T07:05:10.395+0000] {logging_mixin.py:190} INFO - [2025-04-11T07:05:10.392+0000] {override.py:1912} INFO - Created Permission View: can edit on DAG:example_params_ui_tutorial
[2025-04-11T07:05:10.424+0000] {logging_mixin.py:190} INFO - [2025-04-11T07:05:10.423+0000] {override.py:1912} INFO - Created Permission View: can delete on DAG:example_params_ui_tutorial
[2025-04-11T07:05:10.449+0000] {logging_mixin.py:190} INFO - [2025-04-11T07:05:10.448+0000] {override.py:1912} INFO - Created Permission View: menu access on DAG Run:example_params_ui_tutorial
[2025-04-11T07:05:10.477+0000] {logging_mixin.py:190} INFO - [2025-04-11T07:05:10.475+0000] {override.py:1912} INFO - Created Permission View: can create on DAG Run:example_params_ui_tutorial
[2025-04-11T07:05:10.499+0000] {logging_mixin.py:190} INFO - [2025-04-11T07:05:10.498+0000] {override.py:1912} INFO - Created Permission View: can read on DAG Run:example_params_ui_tutorial
[2025-04-11T07:05:10.544+0000] {logging_mixin.py:190} INFO - [2025-04-11T07:05:10.539+0000] {override.py:1912} INFO - Created Permission View: can delete on DAG Run:example_params_ui_tutorial
[2025-04-11T07:05:10.550+0000] {logging_mixin.py:190} INFO - [2025-04-11T07:05:10.549+0000] {dag.py:3239} INFO - Sync 1 DAGs
[2025-04-11T07:05:10.710+0000] {logging_mixin.py:190} INFO - [2025-04-11T07:05:10.709+0000] {dag.py:3262} INFO - Creating ORM DAG for example_params_ui_tutorial
[2025-04-11T07:05:10.715+0000] {logging_mixin.py:190} INFO - [2025-04-11T07:05:10.714+0000] {dag.py:4180} INFO - Setting next_dagrun for example_params_ui_tutorial to None, run_after=None
[2025-04-11T07:05:10.844+0000] {processor.py:208} INFO - Processing /home/airflow/.local/lib/python3.12/site-packages/airflow/example_dags/example_params_ui_tutorial.py took 2.369 seconds
[2025-04-11T07:05:52.648+0000] {processor.py:186} INFO - Started process (PID=176) to work on /home/airflow/.local/lib/python3.12/site-packages/airflow/example_dags/example_params_ui_tutorial.py
[2025-04-11T07:05:52.651+0000] {processor.py:914} INFO - Processing file /home/airflow/.local/lib/python3.12/site-packages/airflow/example_dags/example_params_ui_tutorial.py for tasks to queue
[2025-04-11T07:05:52.653+0000] {logging_mixin.py:190} INFO - [2025-04-11T07:05:52.653+0000] {dagbag.py:588} INFO - Filling up the DagBag from /home/airflow/.local/lib/python3.12/site-packages/airflow/example_dags/example_params_ui_tutorial.py
[2025-04-11T07:05:52.668+0000] {processor.py:925} INFO - DAG(s) 'example_params_ui_tutorial' retrieved from /home/airflow/.local/lib/python3.12/site-packages/airflow/example_dags/example_params_ui_tutorial.py
[2025-04-11T07:05:52.717+0000] {logging_mixin.py:190} INFO - [2025-04-11T07:05:52.716+0000] {dag.py:3239} INFO - Sync 1 DAGs
[2025-04-11T07:05:52.744+0000] {logging_mixin.py:190} INFO - [2025-04-11T07:05:52.744+0000] {dag.py:4180} INFO - Setting next_dagrun for example_params_ui_tutorial to None, run_after=None
[2025-04-11T07:05:52.796+0000] {processor.py:208} INFO - Processing /home/airflow/.local/lib/python3.12/site-packages/airflow/example_dags/example_params_ui_tutorial.py took 0.154 seconds
[2025-04-11T07:06:23.292+0000] {processor.py:186} INFO - Started process (PID=239) to work on /home/airflow/.local/lib/python3.12/site-packages/airflow/example_dags/example_params_ui_tutorial.py
[2025-04-11T07:06:23.293+0000] {processor.py:914} INFO - Processing file /home/airflow/.local/lib/python3.12/site-packages/airflow/example_dags/example_params_ui_tutorial.py for tasks to queue
[2025-04-11T07:06:23.299+0000] {logging_mixin.py:190} INFO - [2025-04-11T07:06:23.298+0000] {dagbag.py:588} INFO - Filling up the DagBag from /home/airflow/.local/lib/python3.12/site-packages/airflow/example_dags/example_params_ui_tutorial.py
[2025-04-11T07:06:23.311+0000] {processor.py:925} INFO - DAG(s) 'example_params_ui_tutorial' retrieved from /home/airflow/.local/lib/python3.12/site-packages/airflow/example_dags/example_params_ui_tutorial.py
[2025-04-11T07:06:23.372+0000] {logging_mixin.py:190} INFO - [2025-04-11T07:06:23.372+0000] {dag.py:3239} INFO - Sync 1 DAGs
[2025-04-11T07:06:23.387+0000] {logging_mixin.py:190} INFO - [2025-04-11T07:06:23.387+0000] {dag.py:4180} INFO - Setting next_dagrun for example_params_ui_tutorial to None, run_after=None
[2025-04-11T07:06:23.407+0000] {processor.py:208} INFO - Processing /home/airflow/.local/lib/python3.12/site-packages/airflow/example_dags/example_params_ui_tutorial.py took 0.121 seconds
[2025-04-11T07:06:55.136+0000] {processor.py:186} INFO - Started process (PID=302) to work on /home/airflow/.local/lib/python3.12/site-packages/airflow/example_dags/example_params_ui_tutorial.py
[2025-04-11T07:06:55.139+0000] {processor.py:914} INFO - Processing file /home/airflow/.local/lib/python3.12/site-packages/airflow/example_dags/example_params_ui_tutorial.py for tasks to queue
[2025-04-11T07:06:55.149+0000] {logging_mixin.py:190} INFO - [2025-04-11T07:06:55.149+0000] {dagbag.py:588} INFO - Filling up the DagBag from /home/airflow/.local/lib/python3.12/site-packages/airflow/example_dags/example_params_ui_tutorial.py
[2025-04-11T07:06:55.188+0000] {processor.py:925} INFO - DAG(s) 'example_params_ui_tutorial' retrieved from /home/airflow/.local/lib/python3.12/site-packages/airflow/example_dags/example_params_ui_tutorial.py
[2025-04-11T07:06:55.463+0000] {logging_mixin.py:190} INFO - [2025-04-11T07:06:55.462+0000] {dag.py:3239} INFO - Sync 1 DAGs
[2025-04-11T07:06:55.511+0000] {logging_mixin.py:190} INFO - [2025-04-11T07:06:55.510+0000] {dag.py:4180} INFO - Setting next_dagrun for example_params_ui_tutorial to None, run_after=None
[2025-04-11T07:06:55.561+0000] {processor.py:208} INFO - Processing /home/airflow/.local/lib/python3.12/site-packages/airflow/example_dags/example_params_ui_tutorial.py took 0.482 seconds
[2025-04-11T07:07:25.710+0000] {processor.py:186} INFO - Started process (PID=365) to work on /home/airflow/.local/lib/python3.12/site-packages/airflow/example_dags/example_params_ui_tutorial.py
[2025-04-11T07:07:25.713+0000] {processor.py:914} INFO - Processing file /home/airflow/.local/lib/python3.12/site-packages/airflow/example_dags/example_params_ui_tutorial.py for tasks to queue
[2025-04-11T07:07:25.715+0000] {logging_mixin.py:190} INFO - [2025-04-11T07:07:25.714+0000] {dagbag.py:588} INFO - Filling up the DagBag from /home/airflow/.local/lib/python3.12/site-packages/airflow/example_dags/example_params_ui_tutorial.py
[2025-04-11T07:07:25.723+0000] {processor.py:925} INFO - DAG(s) 'example_params_ui_tutorial' retrieved from /home/airflow/.local/lib/python3.12/site-packages/airflow/example_dags/example_params_ui_tutorial.py
[2025-04-11T07:07:25.754+0000] {logging_mixin.py:190} INFO - [2025-04-11T07:07:25.754+0000] {dag.py:3239} INFO - Sync 1 DAGs
[2025-04-11T07:07:25.771+0000] {logging_mixin.py:190} INFO - [2025-04-11T07:07:25.771+0000] {dag.py:4180} INFO - Setting next_dagrun for example_params_ui_tutorial to None, run_after=None
[2025-04-11T07:07:25.785+0000] {processor.py:208} INFO - Processing /home/airflow/.local/lib/python3.12/site-packages/airflow/example_dags/example_params_ui_tutorial.py took 0.079 seconds
[2025-04-11T07:07:56.617+0000] {processor.py:186} INFO - Started process (PID=428) to work on /home/airflow/.local/lib/python3.12/site-packages/airflow/example_dags/example_params_ui_tutorial.py
[2025-04-11T07:07:56.618+0000] {processor.py:914} INFO - Processing file /home/airflow/.local/lib/python3.12/site-packages/airflow/example_dags/example_params_ui_tutorial.py for tasks to queue
[2025-04-11T07:07:56.621+0000] {logging_mixin.py:190} INFO - [2025-04-11T07:07:56.620+0000] {dagbag.py:588} INFO - Filling up the DagBag from /home/airflow/.local/lib/python3.12/site-packages/airflow/example_dags/example_params_ui_tutorial.py
[2025-04-11T07:07:56.641+0000] {processor.py:925} INFO - DAG(s) 'example_params_ui_tutorial' retrieved from /home/airflow/.local/lib/python3.12/site-packages/airflow/example_dags/example_params_ui_tutorial.py
[2025-04-11T07:07:56.681+0000] {logging_mixin.py:190} INFO - [2025-04-11T07:07:56.681+0000] {dag.py:3239} INFO - Sync 1 DAGs
[2025-04-11T07:07:56.694+0000] {logging_mixin.py:190} INFO - [2025-04-11T07:07:56.694+0000] {dag.py:4180} INFO - Setting next_dagrun for example_params_ui_tutorial to None, run_after=None
[2025-04-11T07:07:56.707+0000] {processor.py:208} INFO - Processing /home/airflow/.local/lib/python3.12/site-packages/airflow/example_dags/example_params_ui_tutorial.py took 0.096 seconds
[2025-04-11T07:08:30.406+0000] {processor.py:186} INFO - Started process (PID=491) to work on /home/airflow/.local/lib/python3.12/site-packages/airflow/example_dags/example_params_ui_tutorial.py
[2025-04-11T07:08:30.408+0000] {processor.py:914} INFO - Processing file /home/airflow/.local/lib/python3.12/site-packages/airflow/example_dags/example_params_ui_tutorial.py for tasks to queue
[2025-04-11T07:08:30.413+0000] {logging_mixin.py:190} INFO - [2025-04-11T07:08:30.413+0000] {dagbag.py:588} INFO - Filling up the DagBag from /home/airflow/.local/lib/python3.12/site-packages/airflow/example_dags/example_params_ui_tutorial.py
[2025-04-11T07:08:30.423+0000] {processor.py:925} INFO - DAG(s) 'example_params_ui_tutorial' retrieved from /home/airflow/.local/lib/python3.12/site-packages/airflow/example_dags/example_params_ui_tutorial.py
[2025-04-11T07:08:30.471+0000] {logging_mixin.py:190} INFO - [2025-04-11T07:08:30.471+0000] {dag.py:3239} INFO - Sync 1 DAGs
[2025-04-11T07:08:30.483+0000] {logging_mixin.py:190} INFO - [2025-04-11T07:08:30.483+0000] {dag.py:4180} INFO - Setting next_dagrun for example_params_ui_tutorial to None, run_after=None
[2025-04-11T07:08:30.497+0000] {processor.py:208} INFO - Processing /home/airflow/.local/lib/python3.12/site-packages/airflow/example_dags/example_params_ui_tutorial.py took 0.105 seconds
