[2025-04-11T07:02:59.044+0000] {processor.py:186} INFO - Started process (PID=91) to work on /home/airflow/.local/lib/python3.12/site-packages/airflow/example_dags/example_dynamic_task_mapping.py
[2025-04-11T07:02:59.047+0000] {processor.py:914} INFO - Processing file /home/airflow/.local/lib/python3.12/site-packages/airflow/example_dags/example_dynamic_task_mapping.py for tasks to queue
[2025-04-11T07:02:59.058+0000] {logging_mixin.py:190} INFO - [2025-04-11T07:02:59.055+0000] {dagbag.py:588} INFO - Filling up the DagBag from /home/airflow/.local/lib/python3.12/site-packages/airflow/example_dags/example_dynamic_task_mapping.py
[2025-04-11T07:02:59.287+0000] {processor.py:925} INFO - DAG(s) 'example_dynamic_task_mapping' retrieved from /home/airflow/.local/lib/python3.12/site-packages/airflow/example_dags/example_dynamic_task_mapping.py
[2025-04-11T07:03:00.071+0000] {logging_mixin.py:190} INFO - [2025-04-11T07:03:00.045+0000] {override.py:1912} INFO - Created Permission View: can delete on DAG:example_dynamic_task_mapping
[2025-04-11T07:03:00.124+0000] {logging_mixin.py:190} INFO - [2025-04-11T07:03:00.122+0000] {override.py:1912} INFO - Created Permission View: can read on DAG:example_dynamic_task_mapping
[2025-04-11T07:03:00.171+0000] {logging_mixin.py:190} INFO - [2025-04-11T07:03:00.170+0000] {override.py:1912} INFO - Created Permission View: can edit on DAG:example_dynamic_task_mapping
[2025-04-11T07:03:00.227+0000] {logging_mixin.py:190} INFO - [2025-04-11T07:03:00.225+0000] {override.py:1912} INFO - Created Permission View: can delete on DAG Run:example_dynamic_task_mapping
[2025-04-11T07:03:00.316+0000] {logging_mixin.py:190} INFO - [2025-04-11T07:03:00.315+0000] {override.py:1912} INFO - Created Permission View: can create on DAG Run:example_dynamic_task_mapping
[2025-04-11T07:03:00.382+0000] {logging_mixin.py:190} INFO - [2025-04-11T07:03:00.378+0000] {override.py:1912} INFO - Created Permission View: can read on DAG Run:example_dynamic_task_mapping
[2025-04-11T07:03:00.424+0000] {logging_mixin.py:190} INFO - [2025-04-11T07:03:00.422+0000] {override.py:1912} INFO - Created Permission View: menu access on DAG Run:example_dynamic_task_mapping
[2025-04-11T07:03:00.427+0000] {logging_mixin.py:190} INFO - [2025-04-11T07:03:00.426+0000] {dag.py:3239} INFO - Sync 1 DAGs
[2025-04-11T07:03:00.621+0000] {logging_mixin.py:190} INFO - [2025-04-11T07:03:00.617+0000] {dag.py:3262} INFO - Creating ORM DAG for example_dynamic_task_mapping
[2025-04-11T07:03:00.625+0000] {logging_mixin.py:190} INFO - [2025-04-11T07:03:00.624+0000] {dag.py:4180} INFO - Setting next_dagrun for example_dynamic_task_mapping to None, run_after=None
[2025-04-11T07:03:00.752+0000] {processor.py:208} INFO - Processing /home/airflow/.local/lib/python3.12/site-packages/airflow/example_dags/example_dynamic_task_mapping.py took 1.729 seconds
[2025-04-11T07:04:58.582+0000] {processor.py:186} INFO - Started process (PID=85) to work on /home/airflow/.local/lib/python3.12/site-packages/airflow/example_dags/example_dynamic_task_mapping.py
[2025-04-11T07:04:58.583+0000] {processor.py:914} INFO - Processing file /home/airflow/.local/lib/python3.12/site-packages/airflow/example_dags/example_dynamic_task_mapping.py for tasks to queue
[2025-04-11T07:04:58.585+0000] {logging_mixin.py:190} INFO - [2025-04-11T07:04:58.585+0000] {dagbag.py:588} INFO - Filling up the DagBag from /home/airflow/.local/lib/python3.12/site-packages/airflow/example_dags/example_dynamic_task_mapping.py
[2025-04-11T07:04:58.598+0000] {processor.py:925} INFO - DAG(s) 'example_dynamic_task_mapping' retrieved from /home/airflow/.local/lib/python3.12/site-packages/airflow/example_dags/example_dynamic_task_mapping.py
[2025-04-11T07:04:58.625+0000] {logging_mixin.py:190} INFO - [2025-04-11T07:04:58.625+0000] {dag.py:3239} INFO - Sync 1 DAGs
[2025-04-11T07:04:58.646+0000] {logging_mixin.py:190} INFO - [2025-04-11T07:04:58.646+0000] {dag.py:4180} INFO - Setting next_dagrun for example_dynamic_task_mapping to None, run_after=None
[2025-04-11T07:04:58.667+0000] {processor.py:208} INFO - Processing /home/airflow/.local/lib/python3.12/site-packages/airflow/example_dags/example_dynamic_task_mapping.py took 0.091 seconds
[2025-04-11T07:05:47.013+0000] {processor.py:186} INFO - Started process (PID=154) to work on /home/airflow/.local/lib/python3.12/site-packages/airflow/example_dags/example_dynamic_task_mapping.py
[2025-04-11T07:05:47.016+0000] {processor.py:914} INFO - Processing file /home/airflow/.local/lib/python3.12/site-packages/airflow/example_dags/example_dynamic_task_mapping.py for tasks to queue
[2025-04-11T07:05:47.022+0000] {logging_mixin.py:190} INFO - [2025-04-11T07:05:47.021+0000] {dagbag.py:588} INFO - Filling up the DagBag from /home/airflow/.local/lib/python3.12/site-packages/airflow/example_dags/example_dynamic_task_mapping.py
[2025-04-11T07:05:47.043+0000] {processor.py:925} INFO - DAG(s) 'example_dynamic_task_mapping' retrieved from /home/airflow/.local/lib/python3.12/site-packages/airflow/example_dags/example_dynamic_task_mapping.py
[2025-04-11T07:05:47.114+0000] {logging_mixin.py:190} INFO - [2025-04-11T07:05:47.113+0000] {dag.py:3239} INFO - Sync 1 DAGs
[2025-04-11T07:05:47.177+0000] {logging_mixin.py:190} INFO - [2025-04-11T07:05:47.176+0000] {dag.py:4180} INFO - Setting next_dagrun for example_dynamic_task_mapping to None, run_after=None
[2025-04-11T07:05:47.266+0000] {processor.py:208} INFO - Processing /home/airflow/.local/lib/python3.12/site-packages/airflow/example_dags/example_dynamic_task_mapping.py took 0.273 seconds
[2025-04-11T07:06:18.554+0000] {processor.py:186} INFO - Started process (PID=216) to work on /home/airflow/.local/lib/python3.12/site-packages/airflow/example_dags/example_dynamic_task_mapping.py
[2025-04-11T07:06:18.555+0000] {processor.py:914} INFO - Processing file /home/airflow/.local/lib/python3.12/site-packages/airflow/example_dags/example_dynamic_task_mapping.py for tasks to queue
[2025-04-11T07:06:18.560+0000] {logging_mixin.py:190} INFO - [2025-04-11T07:06:18.560+0000] {dagbag.py:588} INFO - Filling up the DagBag from /home/airflow/.local/lib/python3.12/site-packages/airflow/example_dags/example_dynamic_task_mapping.py
[2025-04-11T07:06:18.568+0000] {processor.py:925} INFO - DAG(s) 'example_dynamic_task_mapping' retrieved from /home/airflow/.local/lib/python3.12/site-packages/airflow/example_dags/example_dynamic_task_mapping.py
[2025-04-11T07:06:18.583+0000] {logging_mixin.py:190} INFO - [2025-04-11T07:06:18.583+0000] {dag.py:3239} INFO - Sync 1 DAGs
[2025-04-11T07:06:18.596+0000] {logging_mixin.py:190} INFO - [2025-04-11T07:06:18.596+0000] {dag.py:4180} INFO - Setting next_dagrun for example_dynamic_task_mapping to None, run_after=None
[2025-04-11T07:06:18.612+0000] {processor.py:208} INFO - Processing /home/airflow/.local/lib/python3.12/site-packages/airflow/example_dags/example_dynamic_task_mapping.py took 0.065 seconds
[2025-04-11T07:06:50.179+0000] {processor.py:186} INFO - Started process (PID=278) to work on /home/airflow/.local/lib/python3.12/site-packages/airflow/example_dags/example_dynamic_task_mapping.py
[2025-04-11T07:06:50.180+0000] {processor.py:914} INFO - Processing file /home/airflow/.local/lib/python3.12/site-packages/airflow/example_dags/example_dynamic_task_mapping.py for tasks to queue
[2025-04-11T07:06:50.181+0000] {logging_mixin.py:190} INFO - [2025-04-11T07:06:50.181+0000] {dagbag.py:588} INFO - Filling up the DagBag from /home/airflow/.local/lib/python3.12/site-packages/airflow/example_dags/example_dynamic_task_mapping.py
[2025-04-11T07:06:50.190+0000] {processor.py:925} INFO - DAG(s) 'example_dynamic_task_mapping' retrieved from /home/airflow/.local/lib/python3.12/site-packages/airflow/example_dags/example_dynamic_task_mapping.py
[2025-04-11T07:06:50.206+0000] {logging_mixin.py:190} INFO - [2025-04-11T07:06:50.206+0000] {dag.py:3239} INFO - Sync 1 DAGs
[2025-04-11T07:06:50.217+0000] {logging_mixin.py:190} INFO - [2025-04-11T07:06:50.216+0000] {dag.py:4180} INFO - Setting next_dagrun for example_dynamic_task_mapping to None, run_after=None
[2025-04-11T07:06:50.227+0000] {processor.py:208} INFO - Processing /home/airflow/.local/lib/python3.12/site-packages/airflow/example_dags/example_dynamic_task_mapping.py took 0.054 seconds
[2025-04-11T07:07:23.338+0000] {processor.py:186} INFO - Started process (PID=342) to work on /home/airflow/.local/lib/python3.12/site-packages/airflow/example_dags/example_dynamic_task_mapping.py
[2025-04-11T07:07:23.343+0000] {processor.py:914} INFO - Processing file /home/airflow/.local/lib/python3.12/site-packages/airflow/example_dags/example_dynamic_task_mapping.py for tasks to queue
[2025-04-11T07:07:23.349+0000] {logging_mixin.py:190} INFO - [2025-04-11T07:07:23.348+0000] {dagbag.py:588} INFO - Filling up the DagBag from /home/airflow/.local/lib/python3.12/site-packages/airflow/example_dags/example_dynamic_task_mapping.py
[2025-04-11T07:07:23.376+0000] {processor.py:925} INFO - DAG(s) 'example_dynamic_task_mapping' retrieved from /home/airflow/.local/lib/python3.12/site-packages/airflow/example_dags/example_dynamic_task_mapping.py
[2025-04-11T07:07:23.409+0000] {logging_mixin.py:190} INFO - [2025-04-11T07:07:23.409+0000] {dag.py:3239} INFO - Sync 1 DAGs
[2025-04-11T07:07:23.433+0000] {logging_mixin.py:190} INFO - [2025-04-11T07:07:23.433+0000] {dag.py:4180} INFO - Setting next_dagrun for example_dynamic_task_mapping to None, run_after=None
[2025-04-11T07:07:23.450+0000] {processor.py:208} INFO - Processing /home/airflow/.local/lib/python3.12/site-packages/airflow/example_dags/example_dynamic_task_mapping.py took 0.123 seconds
[2025-04-11T07:07:54.526+0000] {processor.py:186} INFO - Started process (PID=405) to work on /home/airflow/.local/lib/python3.12/site-packages/airflow/example_dags/example_dynamic_task_mapping.py
[2025-04-11T07:07:54.527+0000] {processor.py:914} INFO - Processing file /home/airflow/.local/lib/python3.12/site-packages/airflow/example_dags/example_dynamic_task_mapping.py for tasks to queue
[2025-04-11T07:07:54.529+0000] {logging_mixin.py:190} INFO - [2025-04-11T07:07:54.528+0000] {dagbag.py:588} INFO - Filling up the DagBag from /home/airflow/.local/lib/python3.12/site-packages/airflow/example_dags/example_dynamic_task_mapping.py
[2025-04-11T07:07:54.537+0000] {processor.py:925} INFO - DAG(s) 'example_dynamic_task_mapping' retrieved from /home/airflow/.local/lib/python3.12/site-packages/airflow/example_dags/example_dynamic_task_mapping.py
[2025-04-11T07:07:54.556+0000] {logging_mixin.py:190} INFO - [2025-04-11T07:07:54.556+0000] {dag.py:3239} INFO - Sync 1 DAGs
[2025-04-11T07:07:54.566+0000] {logging_mixin.py:190} INFO - [2025-04-11T07:07:54.566+0000] {dag.py:4180} INFO - Setting next_dagrun for example_dynamic_task_mapping to None, run_after=None
[2025-04-11T07:07:54.582+0000] {processor.py:208} INFO - Processing /home/airflow/.local/lib/python3.12/site-packages/airflow/example_dags/example_dynamic_task_mapping.py took 0.063 seconds
[2025-04-11T07:08:29.183+0000] {processor.py:186} INFO - Started process (PID=469) to work on /home/airflow/.local/lib/python3.12/site-packages/airflow/example_dags/example_dynamic_task_mapping.py
[2025-04-11T07:08:29.186+0000] {processor.py:914} INFO - Processing file /home/airflow/.local/lib/python3.12/site-packages/airflow/example_dags/example_dynamic_task_mapping.py for tasks to queue
[2025-04-11T07:08:29.190+0000] {logging_mixin.py:190} INFO - [2025-04-11T07:08:29.189+0000] {dagbag.py:588} INFO - Filling up the DagBag from /home/airflow/.local/lib/python3.12/site-packages/airflow/example_dags/example_dynamic_task_mapping.py
[2025-04-11T07:08:29.209+0000] {processor.py:925} INFO - DAG(s) 'example_dynamic_task_mapping' retrieved from /home/airflow/.local/lib/python3.12/site-packages/airflow/example_dags/example_dynamic_task_mapping.py
[2025-04-11T07:08:29.230+0000] {logging_mixin.py:190} INFO - [2025-04-11T07:08:29.230+0000] {dag.py:3239} INFO - Sync 1 DAGs
[2025-04-11T07:08:29.248+0000] {logging_mixin.py:190} INFO - [2025-04-11T07:08:29.248+0000] {dag.py:4180} INFO - Setting next_dagrun for example_dynamic_task_mapping to None, run_after=None
[2025-04-11T07:08:29.276+0000] {processor.py:208} INFO - Processing /home/airflow/.local/lib/python3.12/site-packages/airflow/example_dags/example_dynamic_task_mapping.py took 0.110 seconds
