[2025-04-11T07:02:48.033+0000] {processor.py:186} INFO - Started process (PID=81) to work on /home/airflow/.local/lib/python3.12/site-packages/airflow/example_dags/example_bash_decorator.py
[2025-04-11T07:02:48.040+0000] {processor.py:914} INFO - Processing file /home/airflow/.local/lib/python3.12/site-packages/airflow/example_dags/example_bash_decorator.py for tasks to queue
[2025-04-11T07:02:48.084+0000] {logging_mixin.py:190} INFO - [2025-04-11T07:02:48.073+0000] {dagbag.py:588} INFO - Filling up the DagBag from /home/airflow/.local/lib/python3.12/site-packages/airflow/example_dags/example_bash_decorator.py
[2025-04-11T07:02:48.367+0000] {processor.py:925} INFO - DAG(s) 'example_bash_decorator' retrieved from /home/airflow/.local/lib/python3.12/site-packages/airflow/example_dags/example_bash_decorator.py
[2025-04-11T07:02:48.922+0000] {logging_mixin.py:190} INFO - [2025-04-11T07:02:48.913+0000] {override.py:1912} INFO - Created Permission View: can delete on DAG:example_bash_decorator
[2025-04-11T07:02:48.968+0000] {logging_mixin.py:190} INFO - [2025-04-11T07:02:48.966+0000] {override.py:1912} INFO - Created Permission View: can read on DAG:example_bash_decorator
[2025-04-11T07:02:48.987+0000] {logging_mixin.py:190} INFO - [2025-04-11T07:02:48.986+0000] {override.py:1912} INFO - Created Permission View: can edit on DAG:example_bash_decorator
[2025-04-11T07:02:49.005+0000] {logging_mixin.py:190} INFO - [2025-04-11T07:02:49.004+0000] {override.py:1912} INFO - Created Permission View: can delete on DAG Run:example_bash_decorator
[2025-04-11T07:02:49.024+0000] {logging_mixin.py:190} INFO - [2025-04-11T07:02:49.024+0000] {override.py:1912} INFO - Created Permission View: can create on DAG Run:example_bash_decorator
[2025-04-11T07:02:49.041+0000] {logging_mixin.py:190} INFO - [2025-04-11T07:02:49.040+0000] {override.py:1912} INFO - Created Permission View: can read on DAG Run:example_bash_decorator
[2025-04-11T07:02:49.061+0000] {logging_mixin.py:190} INFO - [2025-04-11T07:02:49.059+0000] {override.py:1912} INFO - Created Permission View: menu access on DAG Run:example_bash_decorator
[2025-04-11T07:02:49.064+0000] {logging_mixin.py:190} INFO - [2025-04-11T07:02:49.063+0000] {dag.py:3239} INFO - Sync 1 DAGs
[2025-04-11T07:02:49.169+0000] {logging_mixin.py:190} INFO - [2025-04-11T07:02:49.168+0000] {dag.py:3262} INFO - Creating ORM DAG for example_bash_decorator
[2025-04-11T07:02:49.172+0000] {logging_mixin.py:190} INFO - [2025-04-11T07:02:49.171+0000] {dag.py:4180} INFO - Setting next_dagrun for example_bash_decorator to None, run_after=None
[2025-04-11T07:02:49.270+0000] {processor.py:208} INFO - Processing /home/airflow/.local/lib/python3.12/site-packages/airflow/example_dags/example_bash_decorator.py took 1.300 seconds
[2025-04-11T07:04:56.151+0000] {processor.py:186} INFO - Started process (PID=75) to work on /home/airflow/.local/lib/python3.12/site-packages/airflow/example_dags/example_bash_decorator.py
[2025-04-11T07:04:56.154+0000] {processor.py:914} INFO - Processing file /home/airflow/.local/lib/python3.12/site-packages/airflow/example_dags/example_bash_decorator.py for tasks to queue
[2025-04-11T07:04:56.161+0000] {logging_mixin.py:190} INFO - [2025-04-11T07:04:56.160+0000] {dagbag.py:588} INFO - Filling up the DagBag from /home/airflow/.local/lib/python3.12/site-packages/airflow/example_dags/example_bash_decorator.py
[2025-04-11T07:04:56.211+0000] {processor.py:925} INFO - DAG(s) 'example_bash_decorator' retrieved from /home/airflow/.local/lib/python3.12/site-packages/airflow/example_dags/example_bash_decorator.py
[2025-04-11T07:04:56.683+0000] {logging_mixin.py:190} INFO - [2025-04-11T07:04:56.682+0000] {dag.py:3239} INFO - Sync 1 DAGs
[2025-04-11T07:04:56.718+0000] {logging_mixin.py:190} INFO - [2025-04-11T07:04:56.718+0000] {dag.py:4180} INFO - Setting next_dagrun for example_bash_decorator to None, run_after=None
[2025-04-11T07:04:56.777+0000] {processor.py:208} INFO - Processing /home/airflow/.local/lib/python3.12/site-packages/airflow/example_dags/example_bash_decorator.py took 0.646 seconds
[2025-04-11T07:05:45.467+0000] {processor.py:186} INFO - Started process (PID=144) to work on /home/airflow/.local/lib/python3.12/site-packages/airflow/example_dags/example_bash_decorator.py
[2025-04-11T07:05:45.469+0000] {processor.py:914} INFO - Processing file /home/airflow/.local/lib/python3.12/site-packages/airflow/example_dags/example_bash_decorator.py for tasks to queue
[2025-04-11T07:05:45.471+0000] {logging_mixin.py:190} INFO - [2025-04-11T07:05:45.471+0000] {dagbag.py:588} INFO - Filling up the DagBag from /home/airflow/.local/lib/python3.12/site-packages/airflow/example_dags/example_bash_decorator.py
[2025-04-11T07:05:45.498+0000] {processor.py:925} INFO - DAG(s) 'example_bash_decorator' retrieved from /home/airflow/.local/lib/python3.12/site-packages/airflow/example_dags/example_bash_decorator.py
[2025-04-11T07:05:45.554+0000] {logging_mixin.py:190} INFO - [2025-04-11T07:05:45.554+0000] {dag.py:3239} INFO - Sync 1 DAGs
[2025-04-11T07:05:45.592+0000] {logging_mixin.py:190} INFO - [2025-04-11T07:05:45.592+0000] {dag.py:4180} INFO - Setting next_dagrun for example_bash_decorator to None, run_after=None
[2025-04-11T07:05:45.615+0000] {processor.py:208} INFO - Processing /home/airflow/.local/lib/python3.12/site-packages/airflow/example_dags/example_bash_decorator.py took 0.156 seconds
[2025-04-11T07:06:17.864+0000] {processor.py:186} INFO - Started process (PID=207) to work on /home/airflow/.local/lib/python3.12/site-packages/airflow/example_dags/example_bash_decorator.py
[2025-04-11T07:06:17.865+0000] {processor.py:914} INFO - Processing file /home/airflow/.local/lib/python3.12/site-packages/airflow/example_dags/example_bash_decorator.py for tasks to queue
[2025-04-11T07:06:17.867+0000] {logging_mixin.py:190} INFO - [2025-04-11T07:06:17.867+0000] {dagbag.py:588} INFO - Filling up the DagBag from /home/airflow/.local/lib/python3.12/site-packages/airflow/example_dags/example_bash_decorator.py
[2025-04-11T07:06:17.881+0000] {processor.py:925} INFO - DAG(s) 'example_bash_decorator' retrieved from /home/airflow/.local/lib/python3.12/site-packages/airflow/example_dags/example_bash_decorator.py
[2025-04-11T07:06:17.897+0000] {logging_mixin.py:190} INFO - [2025-04-11T07:06:17.897+0000] {dag.py:3239} INFO - Sync 1 DAGs
[2025-04-11T07:06:17.906+0000] {logging_mixin.py:190} INFO - [2025-04-11T07:06:17.906+0000] {dag.py:4180} INFO - Setting next_dagrun for example_bash_decorator to None, run_after=None
[2025-04-11T07:06:17.916+0000] {processor.py:208} INFO - Processing /home/airflow/.local/lib/python3.12/site-packages/airflow/example_dags/example_bash_decorator.py took 0.057 seconds
[2025-04-11T07:06:49.410+0000] {processor.py:186} INFO - Started process (PID=270) to work on /home/airflow/.local/lib/python3.12/site-packages/airflow/example_dags/example_bash_decorator.py
[2025-04-11T07:06:49.411+0000] {processor.py:914} INFO - Processing file /home/airflow/.local/lib/python3.12/site-packages/airflow/example_dags/example_bash_decorator.py for tasks to queue
[2025-04-11T07:06:49.413+0000] {logging_mixin.py:190} INFO - [2025-04-11T07:06:49.412+0000] {dagbag.py:588} INFO - Filling up the DagBag from /home/airflow/.local/lib/python3.12/site-packages/airflow/example_dags/example_bash_decorator.py
[2025-04-11T07:06:49.428+0000] {processor.py:925} INFO - DAG(s) 'example_bash_decorator' retrieved from /home/airflow/.local/lib/python3.12/site-packages/airflow/example_dags/example_bash_decorator.py
[2025-04-11T07:06:49.455+0000] {logging_mixin.py:190} INFO - [2025-04-11T07:06:49.455+0000] {dag.py:3239} INFO - Sync 1 DAGs
[2025-04-11T07:06:49.482+0000] {logging_mixin.py:190} INFO - [2025-04-11T07:06:49.482+0000] {dag.py:4180} INFO - Setting next_dagrun for example_bash_decorator to None, run_after=None
[2025-04-11T07:06:49.499+0000] {processor.py:208} INFO - Processing /home/airflow/.local/lib/python3.12/site-packages/airflow/example_dags/example_bash_decorator.py took 0.096 seconds
[2025-04-11T07:07:21.421+0000] {processor.py:186} INFO - Started process (PID=333) to work on /home/airflow/.local/lib/python3.12/site-packages/airflow/example_dags/example_bash_decorator.py
[2025-04-11T07:07:21.422+0000] {processor.py:914} INFO - Processing file /home/airflow/.local/lib/python3.12/site-packages/airflow/example_dags/example_bash_decorator.py for tasks to queue
[2025-04-11T07:07:21.424+0000] {logging_mixin.py:190} INFO - [2025-04-11T07:07:21.424+0000] {dagbag.py:588} INFO - Filling up the DagBag from /home/airflow/.local/lib/python3.12/site-packages/airflow/example_dags/example_bash_decorator.py
[2025-04-11T07:07:21.439+0000] {processor.py:925} INFO - DAG(s) 'example_bash_decorator' retrieved from /home/airflow/.local/lib/python3.12/site-packages/airflow/example_dags/example_bash_decorator.py
[2025-04-11T07:07:21.462+0000] {logging_mixin.py:190} INFO - [2025-04-11T07:07:21.461+0000] {dag.py:3239} INFO - Sync 1 DAGs
[2025-04-11T07:07:21.484+0000] {logging_mixin.py:190} INFO - [2025-04-11T07:07:21.484+0000] {dag.py:4180} INFO - Setting next_dagrun for example_bash_decorator to None, run_after=None
[2025-04-11T07:07:21.500+0000] {processor.py:208} INFO - Processing /home/airflow/.local/lib/python3.12/site-packages/airflow/example_dags/example_bash_decorator.py took 0.093 seconds
[2025-04-11T07:07:52.574+0000] {processor.py:186} INFO - Started process (PID=394) to work on /home/airflow/.local/lib/python3.12/site-packages/airflow/example_dags/example_bash_decorator.py
[2025-04-11T07:07:52.576+0000] {processor.py:914} INFO - Processing file /home/airflow/.local/lib/python3.12/site-packages/airflow/example_dags/example_bash_decorator.py for tasks to queue
[2025-04-11T07:07:52.578+0000] {logging_mixin.py:190} INFO - [2025-04-11T07:07:52.578+0000] {dagbag.py:588} INFO - Filling up the DagBag from /home/airflow/.local/lib/python3.12/site-packages/airflow/example_dags/example_bash_decorator.py
[2025-04-11T07:07:52.592+0000] {processor.py:925} INFO - DAG(s) 'example_bash_decorator' retrieved from /home/airflow/.local/lib/python3.12/site-packages/airflow/example_dags/example_bash_decorator.py
[2025-04-11T07:07:52.619+0000] {logging_mixin.py:190} INFO - [2025-04-11T07:07:52.619+0000] {dag.py:3239} INFO - Sync 1 DAGs
[2025-04-11T07:07:52.631+0000] {logging_mixin.py:190} INFO - [2025-04-11T07:07:52.630+0000] {dag.py:4180} INFO - Setting next_dagrun for example_bash_decorator to None, run_after=None
[2025-04-11T07:07:52.643+0000] {processor.py:208} INFO - Processing /home/airflow/.local/lib/python3.12/site-packages/airflow/example_dags/example_bash_decorator.py took 0.092 seconds
[2025-04-11T07:08:23.090+0000] {processor.py:186} INFO - Started process (PID=456) to work on /home/airflow/.local/lib/python3.12/site-packages/airflow/example_dags/example_bash_decorator.py
[2025-04-11T07:08:23.096+0000] {processor.py:914} INFO - Processing file /home/airflow/.local/lib/python3.12/site-packages/airflow/example_dags/example_bash_decorator.py for tasks to queue
[2025-04-11T07:08:23.123+0000] {logging_mixin.py:190} INFO - [2025-04-11T07:08:23.123+0000] {dagbag.py:588} INFO - Filling up the DagBag from /home/airflow/.local/lib/python3.12/site-packages/airflow/example_dags/example_bash_decorator.py
[2025-04-11T07:08:23.174+0000] {processor.py:925} INFO - DAG(s) 'example_bash_decorator' retrieved from /home/airflow/.local/lib/python3.12/site-packages/airflow/example_dags/example_bash_decorator.py
[2025-04-11T07:08:23.235+0000] {logging_mixin.py:190} INFO - [2025-04-11T07:08:23.235+0000] {dag.py:3239} INFO - Sync 1 DAGs
[2025-04-11T07:08:23.279+0000] {logging_mixin.py:190} INFO - [2025-04-11T07:08:23.278+0000] {dag.py:4180} INFO - Setting next_dagrun for example_bash_decorator to None, run_after=None
[2025-04-11T07:08:23.316+0000] {processor.py:208} INFO - Processing /home/airflow/.local/lib/python3.12/site-packages/airflow/example_dags/example_bash_decorator.py took 0.252 seconds
