[2025-04-11T07:05:00.306+0000] {processor.py:186} INFO - Started process (PID=92) to work on /home/airflow/.local/lib/python3.12/site-packages/airflow/example_dags/example_trigger_controller_dag.py
[2025-04-11T07:05:00.308+0000] {processor.py:914} INFO - Processing file /home/airflow/.local/lib/python3.12/site-packages/airflow/example_dags/example_trigger_controller_dag.py for tasks to queue
[2025-04-11T07:05:00.311+0000] {logging_mixin.py:190} INFO - [2025-04-11T07:05:00.310+0000] {dagbag.py:588} INFO - Filling up the DagBag from /home/airflow/.local/lib/python3.12/site-packages/airflow/example_dags/example_trigger_controller_dag.py
[2025-04-11T07:05:00.318+0000] {processor.py:925} INFO - DAG(s) 'example_trigger_controller_dag' retrieved from /home/airflow/.local/lib/python3.12/site-packages/airflow/example_dags/example_trigger_controller_dag.py
[2025-04-11T07:05:00.428+0000] {logging_mixin.py:190} INFO - [2025-04-11T07:05:00.427+0000] {override.py:1912} INFO - Created Permission View: can read on DAG:example_trigger_controller_dag
[2025-04-11T07:05:00.441+0000] {logging_mixin.py:190} INFO - [2025-04-11T07:05:00.441+0000] {override.py:1912} INFO - Created Permission View: can edit on DAG:example_trigger_controller_dag
[2025-04-11T07:05:00.447+0000] {logging_mixin.py:190} INFO - [2025-04-11T07:05:00.447+0000] {override.py:1912} INFO - Created Permission View: can delete on DAG:example_trigger_controller_dag
[2025-04-11T07:05:00.454+0000] {logging_mixin.py:190} INFO - [2025-04-11T07:05:00.453+0000] {override.py:1912} INFO - Created Permission View: menu access on DAG Run:example_trigger_controller_dag
[2025-04-11T07:05:00.459+0000] {logging_mixin.py:190} INFO - [2025-04-11T07:05:00.459+0000] {override.py:1912} INFO - Created Permission View: can create on DAG Run:example_trigger_controller_dag
[2025-04-11T07:05:00.465+0000] {logging_mixin.py:190} INFO - [2025-04-11T07:05:00.465+0000] {override.py:1912} INFO - Created Permission View: can read on DAG Run:example_trigger_controller_dag
[2025-04-11T07:05:00.472+0000] {logging_mixin.py:190} INFO - [2025-04-11T07:05:00.472+0000] {override.py:1912} INFO - Created Permission View: can delete on DAG Run:example_trigger_controller_dag
[2025-04-11T07:05:00.473+0000] {logging_mixin.py:190} INFO - [2025-04-11T07:05:00.472+0000] {dag.py:3239} INFO - Sync 1 DAGs
[2025-04-11T07:05:00.485+0000] {logging_mixin.py:190} INFO - [2025-04-11T07:05:00.485+0000] {dag.py:3262} INFO - Creating ORM DAG for example_trigger_controller_dag
[2025-04-11T07:05:00.494+0000] {logging_mixin.py:190} INFO - [2025-04-11T07:05:00.493+0000] {dag.py:4180} INFO - Setting next_dagrun for example_trigger_controller_dag to 2021-01-01 00:00:00+00:00, run_after=2021-01-01 00:00:00+00:00
[2025-04-11T07:05:00.508+0000] {processor.py:208} INFO - Processing /home/airflow/.local/lib/python3.12/site-packages/airflow/example_dags/example_trigger_controller_dag.py took 0.208 seconds
[2025-04-11T07:05:49.170+0000] {processor.py:186} INFO - Started process (PID=161) to work on /home/airflow/.local/lib/python3.12/site-packages/airflow/example_dags/example_trigger_controller_dag.py
[2025-04-11T07:05:49.175+0000] {processor.py:914} INFO - Processing file /home/airflow/.local/lib/python3.12/site-packages/airflow/example_dags/example_trigger_controller_dag.py for tasks to queue
[2025-04-11T07:05:49.181+0000] {logging_mixin.py:190} INFO - [2025-04-11T07:05:49.180+0000] {dagbag.py:588} INFO - Filling up the DagBag from /home/airflow/.local/lib/python3.12/site-packages/airflow/example_dags/example_trigger_controller_dag.py
[2025-04-11T07:05:49.199+0000] {processor.py:925} INFO - DAG(s) 'example_trigger_controller_dag' retrieved from /home/airflow/.local/lib/python3.12/site-packages/airflow/example_dags/example_trigger_controller_dag.py
[2025-04-11T07:05:49.229+0000] {logging_mixin.py:190} INFO - [2025-04-11T07:05:49.229+0000] {dag.py:3239} INFO - Sync 1 DAGs
[2025-04-11T07:05:49.264+0000] {logging_mixin.py:190} INFO - [2025-04-11T07:05:49.264+0000] {dag.py:4180} INFO - Setting next_dagrun for example_trigger_controller_dag to 2021-01-01 00:00:00+00:00, run_after=2021-01-01 00:00:00+00:00
[2025-04-11T07:05:49.281+0000] {processor.py:208} INFO - Processing /home/airflow/.local/lib/python3.12/site-packages/airflow/example_dags/example_trigger_controller_dag.py took 0.126 seconds
[2025-04-11T07:06:20.025+0000] {processor.py:186} INFO - Started process (PID=224) to work on /home/airflow/.local/lib/python3.12/site-packages/airflow/example_dags/example_trigger_controller_dag.py
[2025-04-11T07:06:20.027+0000] {processor.py:914} INFO - Processing file /home/airflow/.local/lib/python3.12/site-packages/airflow/example_dags/example_trigger_controller_dag.py for tasks to queue
[2025-04-11T07:06:20.033+0000] {logging_mixin.py:190} INFO - [2025-04-11T07:06:20.033+0000] {dagbag.py:588} INFO - Filling up the DagBag from /home/airflow/.local/lib/python3.12/site-packages/airflow/example_dags/example_trigger_controller_dag.py
[2025-04-11T07:06:20.051+0000] {processor.py:925} INFO - DAG(s) 'example_trigger_controller_dag' retrieved from /home/airflow/.local/lib/python3.12/site-packages/airflow/example_dags/example_trigger_controller_dag.py
[2025-04-11T07:06:20.083+0000] {logging_mixin.py:190} INFO - [2025-04-11T07:06:20.083+0000] {dag.py:3239} INFO - Sync 1 DAGs
[2025-04-11T07:06:20.121+0000] {logging_mixin.py:190} INFO - [2025-04-11T07:06:20.121+0000] {dag.py:4180} INFO - Setting next_dagrun for example_trigger_controller_dag to 2021-01-01 00:00:00+00:00, run_after=2021-01-01 00:00:00+00:00
[2025-04-11T07:06:20.154+0000] {processor.py:208} INFO - Processing /home/airflow/.local/lib/python3.12/site-packages/airflow/example_dags/example_trigger_controller_dag.py took 0.145 seconds
[2025-04-11T07:06:50.576+0000] {processor.py:186} INFO - Started process (PID=286) to work on /home/airflow/.local/lib/python3.12/site-packages/airflow/example_dags/example_trigger_controller_dag.py
[2025-04-11T07:06:50.578+0000] {processor.py:914} INFO - Processing file /home/airflow/.local/lib/python3.12/site-packages/airflow/example_dags/example_trigger_controller_dag.py for tasks to queue
[2025-04-11T07:06:50.580+0000] {logging_mixin.py:190} INFO - [2025-04-11T07:06:50.580+0000] {dagbag.py:588} INFO - Filling up the DagBag from /home/airflow/.local/lib/python3.12/site-packages/airflow/example_dags/example_trigger_controller_dag.py
[2025-04-11T07:06:50.588+0000] {processor.py:925} INFO - DAG(s) 'example_trigger_controller_dag' retrieved from /home/airflow/.local/lib/python3.12/site-packages/airflow/example_dags/example_trigger_controller_dag.py
[2025-04-11T07:06:50.608+0000] {logging_mixin.py:190} INFO - [2025-04-11T07:06:50.608+0000] {dag.py:3239} INFO - Sync 1 DAGs
[2025-04-11T07:06:50.629+0000] {logging_mixin.py:190} INFO - [2025-04-11T07:06:50.628+0000] {dag.py:4180} INFO - Setting next_dagrun for example_trigger_controller_dag to 2021-01-01 00:00:00+00:00, run_after=2021-01-01 00:00:00+00:00
[2025-04-11T07:06:50.644+0000] {processor.py:208} INFO - Processing /home/airflow/.local/lib/python3.12/site-packages/airflow/example_dags/example_trigger_controller_dag.py took 0.072 seconds
[2025-04-11T07:07:24.053+0000] {processor.py:186} INFO - Started process (PID=350) to work on /home/airflow/.local/lib/python3.12/site-packages/airflow/example_dags/example_trigger_controller_dag.py
[2025-04-11T07:07:24.056+0000] {processor.py:914} INFO - Processing file /home/airflow/.local/lib/python3.12/site-packages/airflow/example_dags/example_trigger_controller_dag.py for tasks to queue
[2025-04-11T07:07:24.067+0000] {logging_mixin.py:190} INFO - [2025-04-11T07:07:24.065+0000] {dagbag.py:588} INFO - Filling up the DagBag from /home/airflow/.local/lib/python3.12/site-packages/airflow/example_dags/example_trigger_controller_dag.py
[2025-04-11T07:07:24.089+0000] {processor.py:925} INFO - DAG(s) 'example_trigger_controller_dag' retrieved from /home/airflow/.local/lib/python3.12/site-packages/airflow/example_dags/example_trigger_controller_dag.py
[2025-04-11T07:07:24.168+0000] {logging_mixin.py:190} INFO - [2025-04-11T07:07:24.168+0000] {dag.py:3239} INFO - Sync 1 DAGs
[2025-04-11T07:07:24.260+0000] {logging_mixin.py:190} INFO - [2025-04-11T07:07:24.258+0000] {dag.py:4180} INFO - Setting next_dagrun for example_trigger_controller_dag to 2021-01-01 00:00:00+00:00, run_after=2021-01-01 00:00:00+00:00
[2025-04-11T07:07:24.330+0000] {processor.py:208} INFO - Processing /home/airflow/.local/lib/python3.12/site-packages/airflow/example_dags/example_trigger_controller_dag.py took 0.305 seconds
[2025-04-11T07:07:55.031+0000] {processor.py:186} INFO - Started process (PID=412) to work on /home/airflow/.local/lib/python3.12/site-packages/airflow/example_dags/example_trigger_controller_dag.py
[2025-04-11T07:07:55.033+0000] {processor.py:914} INFO - Processing file /home/airflow/.local/lib/python3.12/site-packages/airflow/example_dags/example_trigger_controller_dag.py for tasks to queue
[2025-04-11T07:07:55.036+0000] {logging_mixin.py:190} INFO - [2025-04-11T07:07:55.035+0000] {dagbag.py:588} INFO - Filling up the DagBag from /home/airflow/.local/lib/python3.12/site-packages/airflow/example_dags/example_trigger_controller_dag.py
[2025-04-11T07:07:55.042+0000] {processor.py:925} INFO - DAG(s) 'example_trigger_controller_dag' retrieved from /home/airflow/.local/lib/python3.12/site-packages/airflow/example_dags/example_trigger_controller_dag.py
[2025-04-11T07:07:55.057+0000] {logging_mixin.py:190} INFO - [2025-04-11T07:07:55.057+0000] {dag.py:3239} INFO - Sync 1 DAGs
[2025-04-11T07:07:55.080+0000] {logging_mixin.py:190} INFO - [2025-04-11T07:07:55.080+0000] {dag.py:4180} INFO - Setting next_dagrun for example_trigger_controller_dag to 2021-01-01 00:00:00+00:00, run_after=2021-01-01 00:00:00+00:00
[2025-04-11T07:07:55.096+0000] {processor.py:208} INFO - Processing /home/airflow/.local/lib/python3.12/site-packages/airflow/example_dags/example_trigger_controller_dag.py took 0.073 seconds
[2025-04-11T07:08:29.585+0000] {processor.py:186} INFO - Started process (PID=476) to work on /home/airflow/.local/lib/python3.12/site-packages/airflow/example_dags/example_trigger_controller_dag.py
[2025-04-11T07:08:29.589+0000] {processor.py:914} INFO - Processing file /home/airflow/.local/lib/python3.12/site-packages/airflow/example_dags/example_trigger_controller_dag.py for tasks to queue
[2025-04-11T07:08:29.592+0000] {logging_mixin.py:190} INFO - [2025-04-11T07:08:29.591+0000] {dagbag.py:588} INFO - Filling up the DagBag from /home/airflow/.local/lib/python3.12/site-packages/airflow/example_dags/example_trigger_controller_dag.py
[2025-04-11T07:08:29.600+0000] {processor.py:925} INFO - DAG(s) 'example_trigger_controller_dag' retrieved from /home/airflow/.local/lib/python3.12/site-packages/airflow/example_dags/example_trigger_controller_dag.py
[2025-04-11T07:08:29.616+0000] {logging_mixin.py:190} INFO - [2025-04-11T07:08:29.616+0000] {dag.py:3239} INFO - Sync 1 DAGs
[2025-04-11T07:08:29.635+0000] {logging_mixin.py:190} INFO - [2025-04-11T07:08:29.635+0000] {dag.py:4180} INFO - Setting next_dagrun for example_trigger_controller_dag to 2021-01-01 00:00:00+00:00, run_after=2021-01-01 00:00:00+00:00
[2025-04-11T07:08:29.648+0000] {processor.py:208} INFO - Processing /home/airflow/.local/lib/python3.12/site-packages/airflow/example_dags/example_trigger_controller_dag.py took 0.069 seconds
