[2025-04-11T07:05:23.437+0000] {processor.py:186} INFO - Started process (PID=119) to work on /home/airflow/.local/lib/python3.12/site-packages/airflow/example_dags/example_sla_dag.py
[2025-04-11T07:05:23.462+0000] {processor.py:914} INFO - Processing file /home/airflow/.local/lib/python3.12/site-packages/airflow/example_dags/example_sla_dag.py for tasks to queue
[2025-04-11T07:05:23.539+0000] {logging_mixin.py:190} INFO - [2025-04-11T07:05:23.537+0000] {dagbag.py:588} INFO - Filling up the DagBag from /home/airflow/.local/lib/python3.12/site-packages/airflow/example_dags/example_sla_dag.py
[2025-04-11T07:05:23.703+0000] {processor.py:925} INFO - DAG(s) 'example_sla_dag' retrieved from /home/airflow/.local/lib/python3.12/site-packages/airflow/example_dags/example_sla_dag.py
[2025-04-11T07:05:25.101+0000] {logging_mixin.py:190} INFO - [2025-04-11T07:05:25.069+0000] {override.py:1912} INFO - Created Permission View: can read on DAG:example_sla_dag
[2025-04-11T07:05:25.149+0000] {logging_mixin.py:190} INFO - [2025-04-11T07:05:25.148+0000] {override.py:1912} INFO - Created Permission View: can edit on DAG:example_sla_dag
[2025-04-11T07:05:25.167+0000] {logging_mixin.py:190} INFO - [2025-04-11T07:05:25.166+0000] {override.py:1912} INFO - Created Permission View: can delete on DAG:example_sla_dag
[2025-04-11T07:05:25.195+0000] {logging_mixin.py:190} INFO - [2025-04-11T07:05:25.193+0000] {override.py:1912} INFO - Created Permission View: menu access on DAG Run:example_sla_dag
[2025-04-11T07:05:25.237+0000] {logging_mixin.py:190} INFO - [2025-04-11T07:05:25.236+0000] {override.py:1912} INFO - Created Permission View: can create on DAG Run:example_sla_dag
[2025-04-11T07:05:25.262+0000] {logging_mixin.py:190} INFO - [2025-04-11T07:05:25.261+0000] {override.py:1912} INFO - Created Permission View: can read on DAG Run:example_sla_dag
[2025-04-11T07:05:25.286+0000] {logging_mixin.py:190} INFO - [2025-04-11T07:05:25.284+0000] {override.py:1912} INFO - Created Permission View: can delete on DAG Run:example_sla_dag
[2025-04-11T07:05:25.300+0000] {logging_mixin.py:190} INFO - [2025-04-11T07:05:25.297+0000] {dag.py:3239} INFO - Sync 1 DAGs
[2025-04-11T07:05:25.378+0000] {logging_mixin.py:190} INFO - [2025-04-11T07:05:25.377+0000] {dag.py:3262} INFO - Creating ORM DAG for example_sla_dag
[2025-04-11T07:05:25.465+0000] {logging_mixin.py:190} INFO - [2025-04-11T07:05:25.464+0000] {dag.py:4180} INFO - Setting next_dagrun for example_sla_dag to 2025-04-11 07:02:00+00:00, run_after=2025-04-11 07:04:00+00:00
[2025-04-11T07:05:25.639+0000] {processor.py:208} INFO - Processing /home/airflow/.local/lib/python3.12/site-packages/airflow/example_dags/example_sla_dag.py took 2.270 seconds
[2025-04-11T07:05:56.738+0000] {processor.py:186} INFO - Started process (PID=182) to work on /home/airflow/.local/lib/python3.12/site-packages/airflow/example_dags/example_sla_dag.py
[2025-04-11T07:05:56.744+0000] {processor.py:914} INFO - Processing file /home/airflow/.local/lib/python3.12/site-packages/airflow/example_dags/example_sla_dag.py for tasks to queue
[2025-04-11T07:05:56.755+0000] {logging_mixin.py:190} INFO - [2025-04-11T07:05:56.755+0000] {dagbag.py:588} INFO - Filling up the DagBag from /home/airflow/.local/lib/python3.12/site-packages/airflow/example_dags/example_sla_dag.py
[2025-04-11T07:05:56.798+0000] {processor.py:925} INFO - DAG(s) 'example_sla_dag' retrieved from /home/airflow/.local/lib/python3.12/site-packages/airflow/example_dags/example_sla_dag.py
[2025-04-11T07:05:56.846+0000] {logging_mixin.py:190} INFO - [2025-04-11T07:05:56.845+0000] {dag.py:3239} INFO - Sync 1 DAGs
[2025-04-11T07:05:56.900+0000] {logging_mixin.py:190} INFO - [2025-04-11T07:05:56.900+0000] {dag.py:4180} INFO - Setting next_dagrun for example_sla_dag to 2025-04-11 07:02:00+00:00, run_after=2025-04-11 07:04:00+00:00
[2025-04-11T07:05:56.930+0000] {processor.py:208} INFO - Processing /home/airflow/.local/lib/python3.12/site-packages/airflow/example_dags/example_sla_dag.py took 0.222 seconds
[2025-04-11T07:06:27.143+0000] {processor.py:186} INFO - Started process (PID=245) to work on /home/airflow/.local/lib/python3.12/site-packages/airflow/example_dags/example_sla_dag.py
[2025-04-11T07:06:27.153+0000] {processor.py:914} INFO - Processing file /home/airflow/.local/lib/python3.12/site-packages/airflow/example_dags/example_sla_dag.py for tasks to queue
[2025-04-11T07:06:27.169+0000] {logging_mixin.py:190} INFO - [2025-04-11T07:06:27.167+0000] {dagbag.py:588} INFO - Filling up the DagBag from /home/airflow/.local/lib/python3.12/site-packages/airflow/example_dags/example_sla_dag.py
[2025-04-11T07:06:27.212+0000] {processor.py:925} INFO - DAG(s) 'example_sla_dag' retrieved from /home/airflow/.local/lib/python3.12/site-packages/airflow/example_dags/example_sla_dag.py
[2025-04-11T07:06:27.287+0000] {logging_mixin.py:190} INFO - [2025-04-11T07:06:27.286+0000] {dag.py:3239} INFO - Sync 1 DAGs
[2025-04-11T07:06:27.394+0000] {logging_mixin.py:190} INFO - [2025-04-11T07:06:27.393+0000] {dag.py:4180} INFO - Setting next_dagrun for example_sla_dag to 2025-04-11 07:04:00+00:00, run_after=2025-04-11 07:06:00+00:00
[2025-04-11T07:06:27.450+0000] {processor.py:208} INFO - Processing /home/airflow/.local/lib/python3.12/site-packages/airflow/example_dags/example_sla_dag.py took 0.325 seconds
[2025-04-11T07:06:57.556+0000] {processor.py:186} INFO - Started process (PID=307) to work on /home/airflow/.local/lib/python3.12/site-packages/airflow/example_dags/example_sla_dag.py
[2025-04-11T07:06:57.562+0000] {processor.py:914} INFO - Processing file /home/airflow/.local/lib/python3.12/site-packages/airflow/example_dags/example_sla_dag.py for tasks to queue
[2025-04-11T07:06:57.566+0000] {logging_mixin.py:190} INFO - [2025-04-11T07:06:57.566+0000] {dagbag.py:588} INFO - Filling up the DagBag from /home/airflow/.local/lib/python3.12/site-packages/airflow/example_dags/example_sla_dag.py
[2025-04-11T07:06:57.602+0000] {processor.py:925} INFO - DAG(s) 'example_sla_dag' retrieved from /home/airflow/.local/lib/python3.12/site-packages/airflow/example_dags/example_sla_dag.py
[2025-04-11T07:06:57.650+0000] {logging_mixin.py:190} INFO - [2025-04-11T07:06:57.649+0000] {dag.py:3239} INFO - Sync 1 DAGs
[2025-04-11T07:06:57.706+0000] {logging_mixin.py:190} INFO - [2025-04-11T07:06:57.705+0000] {dag.py:4180} INFO - Setting next_dagrun for example_sla_dag to 2025-04-11 07:04:00+00:00, run_after=2025-04-11 07:06:00+00:00
[2025-04-11T07:06:57.728+0000] {processor.py:208} INFO - Processing /home/airflow/.local/lib/python3.12/site-packages/airflow/example_dags/example_sla_dag.py took 0.190 seconds
[2025-04-11T07:07:28.051+0000] {processor.py:186} INFO - Started process (PID=370) to work on /home/airflow/.local/lib/python3.12/site-packages/airflow/example_dags/example_sla_dag.py
[2025-04-11T07:07:28.053+0000] {processor.py:914} INFO - Processing file /home/airflow/.local/lib/python3.12/site-packages/airflow/example_dags/example_sla_dag.py for tasks to queue
[2025-04-11T07:07:28.057+0000] {logging_mixin.py:190} INFO - [2025-04-11T07:07:28.057+0000] {dagbag.py:588} INFO - Filling up the DagBag from /home/airflow/.local/lib/python3.12/site-packages/airflow/example_dags/example_sla_dag.py
[2025-04-11T07:07:28.074+0000] {processor.py:925} INFO - DAG(s) 'example_sla_dag' retrieved from /home/airflow/.local/lib/python3.12/site-packages/airflow/example_dags/example_sla_dag.py
[2025-04-11T07:07:28.104+0000] {logging_mixin.py:190} INFO - [2025-04-11T07:07:28.103+0000] {dag.py:3239} INFO - Sync 1 DAGs
[2025-04-11T07:07:28.131+0000] {logging_mixin.py:190} INFO - [2025-04-11T07:07:28.131+0000] {dag.py:4180} INFO - Setting next_dagrun for example_sla_dag to 2025-04-11 07:04:00+00:00, run_after=2025-04-11 07:06:00+00:00
[2025-04-11T07:07:28.145+0000] {processor.py:208} INFO - Processing /home/airflow/.local/lib/python3.12/site-packages/airflow/example_dags/example_sla_dag.py took 0.104 seconds
[2025-04-11T07:07:58.944+0000] {processor.py:186} INFO - Started process (PID=433) to work on /home/airflow/.local/lib/python3.12/site-packages/airflow/example_dags/example_sla_dag.py
[2025-04-11T07:07:58.948+0000] {processor.py:914} INFO - Processing file /home/airflow/.local/lib/python3.12/site-packages/airflow/example_dags/example_sla_dag.py for tasks to queue
[2025-04-11T07:07:58.952+0000] {logging_mixin.py:190} INFO - [2025-04-11T07:07:58.952+0000] {dagbag.py:588} INFO - Filling up the DagBag from /home/airflow/.local/lib/python3.12/site-packages/airflow/example_dags/example_sla_dag.py
[2025-04-11T07:07:58.972+0000] {processor.py:925} INFO - DAG(s) 'example_sla_dag' retrieved from /home/airflow/.local/lib/python3.12/site-packages/airflow/example_dags/example_sla_dag.py
[2025-04-11T07:07:58.995+0000] {logging_mixin.py:190} INFO - [2025-04-11T07:07:58.995+0000] {dag.py:3239} INFO - Sync 1 DAGs
[2025-04-11T07:07:59.028+0000] {logging_mixin.py:190} INFO - [2025-04-11T07:07:59.027+0000] {dag.py:4180} INFO - Setting next_dagrun for example_sla_dag to 2025-04-11 07:04:00+00:00, run_after=2025-04-11 07:06:00+00:00
[2025-04-11T07:07:59.061+0000] {processor.py:208} INFO - Processing /home/airflow/.local/lib/python3.12/site-packages/airflow/example_dags/example_sla_dag.py took 0.129 seconds
[2025-04-11T07:08:30.789+0000] {processor.py:186} INFO - Started process (PID=496) to work on /home/airflow/.local/lib/python3.12/site-packages/airflow/example_dags/example_sla_dag.py
[2025-04-11T07:08:30.796+0000] {processor.py:914} INFO - Processing file /home/airflow/.local/lib/python3.12/site-packages/airflow/example_dags/example_sla_dag.py for tasks to queue
[2025-04-11T07:08:30.812+0000] {logging_mixin.py:190} INFO - [2025-04-11T07:08:30.811+0000] {dagbag.py:588} INFO - Filling up the DagBag from /home/airflow/.local/lib/python3.12/site-packages/airflow/example_dags/example_sla_dag.py
[2025-04-11T07:08:30.933+0000] {processor.py:925} INFO - DAG(s) 'example_sla_dag' retrieved from /home/airflow/.local/lib/python3.12/site-packages/airflow/example_dags/example_sla_dag.py
[2025-04-11T07:08:31.103+0000] {logging_mixin.py:190} INFO - [2025-04-11T07:08:31.102+0000] {dag.py:3239} INFO - Sync 1 DAGs
[2025-04-11T07:08:31.244+0000] {logging_mixin.py:190} INFO - [2025-04-11T07:08:31.244+0000] {dag.py:4180} INFO - Setting next_dagrun for example_sla_dag to 2025-04-11 07:06:00+00:00, run_after=2025-04-11 07:08:00+00:00
[2025-04-11T07:08:31.283+0000] {processor.py:208} INFO - Processing /home/airflow/.local/lib/python3.12/site-packages/airflow/example_dags/example_sla_dag.py took 0.558 seconds
