[2025-04-11T07:02:31.228+0000] {processor.py:186} INFO - Started process (PID=69) to work on /home/airflow/.local/lib/python3.12/site-packages/airflow/example_dags/example_datasets.py
[2025-04-11T07:02:31.230+0000] {processor.py:914} INFO - Processing file /home/airflow/.local/lib/python3.12/site-packages/airflow/example_dags/example_datasets.py for tasks to queue
[2025-04-11T07:02:31.235+0000] {logging_mixin.py:190} INFO - [2025-04-11T07:02:31.234+0000] {dagbag.py:588} INFO - Filling up the DagBag from /home/airflow/.local/lib/python3.12/site-packages/airflow/example_dags/example_datasets.py
[2025-04-11T07:02:36.734+0000] {processor.py:925} INFO - DAG(s) 'dataset_consumes_unknown_never_scheduled', 'conditional_dataset_and_time_based_timetable', 'dataset_consumes_1', 'consume_1_or_both_2_and_3_with_dataset_expressions', 'consume_1_and_2_with_dataset_expressions', 'dataset_consumes_1_never_scheduled', 'dataset_produces_1', 'consume_1_or_2_with_dataset_expressions', 'dataset_produces_2', 'dataset_consumes_1_and_2' retrieved from /home/airflow/.local/lib/python3.12/site-packages/airflow/example_dags/example_datasets.py
[2025-04-11T07:02:42.882+0000] {logging_mixin.py:190} INFO - [2025-04-11T07:02:42.858+0000] {override.py:1912} INFO - Created Permission View: can delete on DAG:dataset_consumes_unknown_never_scheduled
[2025-04-11T07:02:42.940+0000] {logging_mixin.py:190} INFO - [2025-04-11T07:02:42.939+0000] {override.py:1912} INFO - Created Permission View: can read on DAG:dataset_consumes_unknown_never_scheduled
[2025-04-11T07:02:42.954+0000] {logging_mixin.py:190} INFO - [2025-04-11T07:02:42.953+0000] {override.py:1912} INFO - Created Permission View: can edit on DAG:dataset_consumes_unknown_never_scheduled
[2025-04-11T07:02:42.971+0000] {logging_mixin.py:190} INFO - [2025-04-11T07:02:42.970+0000] {override.py:1912} INFO - Created Permission View: can delete on DAG Run:dataset_consumes_unknown_never_scheduled
[2025-04-11T07:02:42.984+0000] {logging_mixin.py:190} INFO - [2025-04-11T07:02:42.983+0000] {override.py:1912} INFO - Created Permission View: can create on DAG Run:dataset_consumes_unknown_never_scheduled
[2025-04-11T07:02:43.000+0000] {logging_mixin.py:190} INFO - [2025-04-11T07:02:42.999+0000] {override.py:1912} INFO - Created Permission View: can read on DAG Run:dataset_consumes_unknown_never_scheduled
[2025-04-11T07:02:43.015+0000] {logging_mixin.py:190} INFO - [2025-04-11T07:02:43.015+0000] {override.py:1912} INFO - Created Permission View: menu access on DAG Run:dataset_consumes_unknown_never_scheduled
[2025-04-11T07:02:43.055+0000] {logging_mixin.py:190} INFO - [2025-04-11T07:02:43.055+0000] {override.py:1912} INFO - Created Permission View: can delete on DAG:conditional_dataset_and_time_based_timetable
[2025-04-11T07:02:43.076+0000] {logging_mixin.py:190} INFO - [2025-04-11T07:02:43.076+0000] {override.py:1912} INFO - Created Permission View: can read on DAG:conditional_dataset_and_time_based_timetable
[2025-04-11T07:02:43.112+0000] {logging_mixin.py:190} INFO - [2025-04-11T07:02:43.111+0000] {override.py:1912} INFO - Created Permission View: can edit on DAG:conditional_dataset_and_time_based_timetable
[2025-04-11T07:02:43.138+0000] {logging_mixin.py:190} INFO - [2025-04-11T07:02:43.138+0000] {override.py:1912} INFO - Created Permission View: can delete on DAG Run:conditional_dataset_and_time_based_timetable
[2025-04-11T07:02:43.163+0000] {logging_mixin.py:190} INFO - [2025-04-11T07:02:43.162+0000] {override.py:1912} INFO - Created Permission View: can create on DAG Run:conditional_dataset_and_time_based_timetable
[2025-04-11T07:02:43.189+0000] {logging_mixin.py:190} INFO - [2025-04-11T07:02:43.189+0000] {override.py:1912} INFO - Created Permission View: can read on DAG Run:conditional_dataset_and_time_based_timetable
[2025-04-11T07:02:43.207+0000] {logging_mixin.py:190} INFO - [2025-04-11T07:02:43.206+0000] {override.py:1912} INFO - Created Permission View: menu access on DAG Run:conditional_dataset_and_time_based_timetable
[2025-04-11T07:02:43.270+0000] {logging_mixin.py:190} INFO - [2025-04-11T07:02:43.267+0000] {override.py:1912} INFO - Created Permission View: can delete on DAG:dataset_consumes_1
[2025-04-11T07:02:43.311+0000] {logging_mixin.py:190} INFO - [2025-04-11T07:02:43.308+0000] {override.py:1912} INFO - Created Permission View: can read on DAG:dataset_consumes_1
[2025-04-11T07:02:43.345+0000] {logging_mixin.py:190} INFO - [2025-04-11T07:02:43.344+0000] {override.py:1912} INFO - Created Permission View: can edit on DAG:dataset_consumes_1
[2025-04-11T07:02:43.392+0000] {logging_mixin.py:190} INFO - [2025-04-11T07:02:43.386+0000] {override.py:1912} INFO - Created Permission View: can delete on DAG Run:dataset_consumes_1
[2025-04-11T07:02:43.445+0000] {logging_mixin.py:190} INFO - [2025-04-11T07:02:43.444+0000] {override.py:1912} INFO - Created Permission View: can create on DAG Run:dataset_consumes_1
[2025-04-11T07:02:43.482+0000] {logging_mixin.py:190} INFO - [2025-04-11T07:02:43.480+0000] {override.py:1912} INFO - Created Permission View: can read on DAG Run:dataset_consumes_1
[2025-04-11T07:02:43.574+0000] {logging_mixin.py:190} INFO - [2025-04-11T07:02:43.573+0000] {override.py:1912} INFO - Created Permission View: menu access on DAG Run:dataset_consumes_1
[2025-04-11T07:02:43.691+0000] {logging_mixin.py:190} INFO - [2025-04-11T07:02:43.690+0000] {override.py:1912} INFO - Created Permission View: can delete on DAG:consume_1_or_both_2_and_3_with_dataset_expressions
[2025-04-11T07:02:43.731+0000] {logging_mixin.py:190} INFO - [2025-04-11T07:02:43.730+0000] {override.py:1912} INFO - Created Permission View: can read on DAG:consume_1_or_both_2_and_3_with_dataset_expressions
[2025-04-11T07:02:43.775+0000] {logging_mixin.py:190} INFO - [2025-04-11T07:02:43.773+0000] {override.py:1912} INFO - Created Permission View: can edit on DAG:consume_1_or_both_2_and_3_with_dataset_expressions
[2025-04-11T07:02:43.846+0000] {logging_mixin.py:190} INFO - [2025-04-11T07:02:43.843+0000] {override.py:1912} INFO - Created Permission View: can delete on DAG Run:consume_1_or_both_2_and_3_with_dataset_expressions
[2025-04-11T07:02:43.936+0000] {logging_mixin.py:190} INFO - [2025-04-11T07:02:43.934+0000] {override.py:1912} INFO - Created Permission View: can create on DAG Run:consume_1_or_both_2_and_3_with_dataset_expressions
[2025-04-11T07:02:44.015+0000] {logging_mixin.py:190} INFO - [2025-04-11T07:02:44.012+0000] {override.py:1912} INFO - Created Permission View: can read on DAG Run:consume_1_or_both_2_and_3_with_dataset_expressions
[2025-04-11T07:02:44.049+0000] {logging_mixin.py:190} INFO - [2025-04-11T07:02:44.049+0000] {override.py:1912} INFO - Created Permission View: menu access on DAG Run:consume_1_or_both_2_and_3_with_dataset_expressions
[2025-04-11T07:02:44.108+0000] {logging_mixin.py:190} INFO - [2025-04-11T07:02:44.107+0000] {override.py:1912} INFO - Created Permission View: can delete on DAG:consume_1_and_2_with_dataset_expressions
[2025-04-11T07:02:44.120+0000] {logging_mixin.py:190} INFO - [2025-04-11T07:02:44.119+0000] {override.py:1912} INFO - Created Permission View: can read on DAG:consume_1_and_2_with_dataset_expressions
[2025-04-11T07:02:44.135+0000] {logging_mixin.py:190} INFO - [2025-04-11T07:02:44.134+0000] {override.py:1912} INFO - Created Permission View: can edit on DAG:consume_1_and_2_with_dataset_expressions
[2025-04-11T07:02:44.152+0000] {logging_mixin.py:190} INFO - [2025-04-11T07:02:44.151+0000] {override.py:1912} INFO - Created Permission View: can delete on DAG Run:consume_1_and_2_with_dataset_expressions
[2025-04-11T07:02:44.164+0000] {logging_mixin.py:190} INFO - [2025-04-11T07:02:44.164+0000] {override.py:1912} INFO - Created Permission View: can create on DAG Run:consume_1_and_2_with_dataset_expressions
[2025-04-11T07:02:44.182+0000] {logging_mixin.py:190} INFO - [2025-04-11T07:02:44.181+0000] {override.py:1912} INFO - Created Permission View: can read on DAG Run:consume_1_and_2_with_dataset_expressions
[2025-04-11T07:02:44.200+0000] {logging_mixin.py:190} INFO - [2025-04-11T07:02:44.199+0000] {override.py:1912} INFO - Created Permission View: menu access on DAG Run:consume_1_and_2_with_dataset_expressions
[2025-04-11T07:02:44.248+0000] {logging_mixin.py:190} INFO - [2025-04-11T07:02:44.247+0000] {override.py:1912} INFO - Created Permission View: can delete on DAG:dataset_consumes_1_never_scheduled
[2025-04-11T07:02:44.267+0000] {logging_mixin.py:190} INFO - [2025-04-11T07:02:44.266+0000] {override.py:1912} INFO - Created Permission View: can read on DAG:dataset_consumes_1_never_scheduled
[2025-04-11T07:02:44.280+0000] {logging_mixin.py:190} INFO - [2025-04-11T07:02:44.279+0000] {override.py:1912} INFO - Created Permission View: can edit on DAG:dataset_consumes_1_never_scheduled
[2025-04-11T07:02:44.298+0000] {logging_mixin.py:190} INFO - [2025-04-11T07:02:44.297+0000] {override.py:1912} INFO - Created Permission View: can delete on DAG Run:dataset_consumes_1_never_scheduled
[2025-04-11T07:02:44.320+0000] {logging_mixin.py:190} INFO - [2025-04-11T07:02:44.319+0000] {override.py:1912} INFO - Created Permission View: can create on DAG Run:dataset_consumes_1_never_scheduled
[2025-04-11T07:02:44.333+0000] {logging_mixin.py:190} INFO - [2025-04-11T07:02:44.332+0000] {override.py:1912} INFO - Created Permission View: can read on DAG Run:dataset_consumes_1_never_scheduled
[2025-04-11T07:02:44.348+0000] {logging_mixin.py:190} INFO - [2025-04-11T07:02:44.348+0000] {override.py:1912} INFO - Created Permission View: menu access on DAG Run:dataset_consumes_1_never_scheduled
[2025-04-11T07:02:44.383+0000] {logging_mixin.py:190} INFO - [2025-04-11T07:02:44.382+0000] {override.py:1912} INFO - Created Permission View: can delete on DAG:dataset_produces_1
[2025-04-11T07:02:44.403+0000] {logging_mixin.py:190} INFO - [2025-04-11T07:02:44.401+0000] {override.py:1912} INFO - Created Permission View: can read on DAG:dataset_produces_1
[2025-04-11T07:02:44.417+0000] {logging_mixin.py:190} INFO - [2025-04-11T07:02:44.416+0000] {override.py:1912} INFO - Created Permission View: can edit on DAG:dataset_produces_1
[2025-04-11T07:02:44.501+0000] {logging_mixin.py:190} INFO - [2025-04-11T07:02:44.484+0000] {override.py:1912} INFO - Created Permission View: can delete on DAG Run:dataset_produces_1
[2025-04-11T07:02:44.559+0000] {logging_mixin.py:190} INFO - [2025-04-11T07:02:44.558+0000] {override.py:1912} INFO - Created Permission View: can create on DAG Run:dataset_produces_1
[2025-04-11T07:02:44.580+0000] {logging_mixin.py:190} INFO - [2025-04-11T07:02:44.579+0000] {override.py:1912} INFO - Created Permission View: can read on DAG Run:dataset_produces_1
[2025-04-11T07:02:44.593+0000] {logging_mixin.py:190} INFO - [2025-04-11T07:02:44.592+0000] {override.py:1912} INFO - Created Permission View: menu access on DAG Run:dataset_produces_1
[2025-04-11T07:02:44.626+0000] {logging_mixin.py:190} INFO - [2025-04-11T07:02:44.624+0000] {override.py:1912} INFO - Created Permission View: can delete on DAG:consume_1_or_2_with_dataset_expressions
[2025-04-11T07:02:44.646+0000] {logging_mixin.py:190} INFO - [2025-04-11T07:02:44.645+0000] {override.py:1912} INFO - Created Permission View: can read on DAG:consume_1_or_2_with_dataset_expressions
[2025-04-11T07:02:44.666+0000] {logging_mixin.py:190} INFO - [2025-04-11T07:02:44.665+0000] {override.py:1912} INFO - Created Permission View: can edit on DAG:consume_1_or_2_with_dataset_expressions
[2025-04-11T07:02:44.687+0000] {logging_mixin.py:190} INFO - [2025-04-11T07:02:44.686+0000] {override.py:1912} INFO - Created Permission View: can delete on DAG Run:consume_1_or_2_with_dataset_expressions
[2025-04-11T07:02:44.704+0000] {logging_mixin.py:190} INFO - [2025-04-11T07:02:44.704+0000] {override.py:1912} INFO - Created Permission View: can create on DAG Run:consume_1_or_2_with_dataset_expressions
[2025-04-11T07:02:44.722+0000] {logging_mixin.py:190} INFO - [2025-04-11T07:02:44.721+0000] {override.py:1912} INFO - Created Permission View: can read on DAG Run:consume_1_or_2_with_dataset_expressions
[2025-04-11T07:02:44.740+0000] {logging_mixin.py:190} INFO - [2025-04-11T07:02:44.740+0000] {override.py:1912} INFO - Created Permission View: menu access on DAG Run:consume_1_or_2_with_dataset_expressions
[2025-04-11T07:02:44.776+0000] {logging_mixin.py:190} INFO - [2025-04-11T07:02:44.775+0000] {override.py:1912} INFO - Created Permission View: can delete on DAG:dataset_produces_2
[2025-04-11T07:02:44.792+0000] {logging_mixin.py:190} INFO - [2025-04-11T07:02:44.791+0000] {override.py:1912} INFO - Created Permission View: can read on DAG:dataset_produces_2
[2025-04-11T07:02:44.811+0000] {logging_mixin.py:190} INFO - [2025-04-11T07:02:44.811+0000] {override.py:1912} INFO - Created Permission View: can edit on DAG:dataset_produces_2
[2025-04-11T07:02:44.827+0000] {logging_mixin.py:190} INFO - [2025-04-11T07:02:44.825+0000] {override.py:1912} INFO - Created Permission View: can delete on DAG Run:dataset_produces_2
[2025-04-11T07:02:44.843+0000] {logging_mixin.py:190} INFO - [2025-04-11T07:02:44.843+0000] {override.py:1912} INFO - Created Permission View: can create on DAG Run:dataset_produces_2
[2025-04-11T07:02:44.856+0000] {logging_mixin.py:190} INFO - [2025-04-11T07:02:44.855+0000] {override.py:1912} INFO - Created Permission View: can read on DAG Run:dataset_produces_2
[2025-04-11T07:02:44.871+0000] {logging_mixin.py:190} INFO - [2025-04-11T07:02:44.870+0000] {override.py:1912} INFO - Created Permission View: menu access on DAG Run:dataset_produces_2
[2025-04-11T07:02:44.900+0000] {logging_mixin.py:190} INFO - [2025-04-11T07:02:44.899+0000] {override.py:1912} INFO - Created Permission View: can delete on DAG:dataset_consumes_1_and_2
[2025-04-11T07:02:44.913+0000] {logging_mixin.py:190} INFO - [2025-04-11T07:02:44.912+0000] {override.py:1912} INFO - Created Permission View: can read on DAG:dataset_consumes_1_and_2
[2025-04-11T07:02:44.933+0000] {logging_mixin.py:190} INFO - [2025-04-11T07:02:44.933+0000] {override.py:1912} INFO - Created Permission View: can edit on DAG:dataset_consumes_1_and_2
[2025-04-11T07:02:44.954+0000] {logging_mixin.py:190} INFO - [2025-04-11T07:02:44.954+0000] {override.py:1912} INFO - Created Permission View: can delete on DAG Run:dataset_consumes_1_and_2
[2025-04-11T07:02:44.970+0000] {logging_mixin.py:190} INFO - [2025-04-11T07:02:44.970+0000] {override.py:1912} INFO - Created Permission View: can create on DAG Run:dataset_consumes_1_and_2
[2025-04-11T07:02:44.981+0000] {logging_mixin.py:190} INFO - [2025-04-11T07:02:44.981+0000] {override.py:1912} INFO - Created Permission View: can read on DAG Run:dataset_consumes_1_and_2
[2025-04-11T07:02:44.995+0000] {logging_mixin.py:190} INFO - [2025-04-11T07:02:44.995+0000] {override.py:1912} INFO - Created Permission View: menu access on DAG Run:dataset_consumes_1_and_2
[2025-04-11T07:02:44.997+0000] {logging_mixin.py:190} INFO - [2025-04-11T07:02:44.997+0000] {dag.py:3239} INFO - Sync 10 DAGs
[2025-04-11T07:02:45.076+0000] {logging_mixin.py:190} INFO - [2025-04-11T07:02:45.075+0000] {dag.py:3262} INFO - Creating ORM DAG for dataset_consumes_1_never_scheduled
[2025-04-11T07:02:45.078+0000] {logging_mixin.py:190} INFO - [2025-04-11T07:02:45.078+0000] {dag.py:3262} INFO - Creating ORM DAG for dataset_produces_2
[2025-04-11T07:02:45.080+0000] {logging_mixin.py:190} INFO - [2025-04-11T07:02:45.080+0000] {dag.py:3262} INFO - Creating ORM DAG for dataset_consumes_1
[2025-04-11T07:02:45.083+0000] {logging_mixin.py:190} INFO - [2025-04-11T07:02:45.082+0000] {dag.py:3262} INFO - Creating ORM DAG for consume_1_and_2_with_dataset_expressions
[2025-04-11T07:02:45.085+0000] {logging_mixin.py:190} INFO - [2025-04-11T07:02:45.085+0000] {dag.py:3262} INFO - Creating ORM DAG for consume_1_or_2_with_dataset_expressions
[2025-04-11T07:02:45.087+0000] {logging_mixin.py:190} INFO - [2025-04-11T07:02:45.087+0000] {dag.py:3262} INFO - Creating ORM DAG for dataset_consumes_1_and_2
[2025-04-11T07:02:45.091+0000] {logging_mixin.py:190} INFO - [2025-04-11T07:02:45.091+0000] {dag.py:3262} INFO - Creating ORM DAG for dataset_produces_1
[2025-04-11T07:02:45.093+0000] {logging_mixin.py:190} INFO - [2025-04-11T07:02:45.093+0000] {dag.py:3262} INFO - Creating ORM DAG for dataset_consumes_unknown_never_scheduled
[2025-04-11T07:02:45.094+0000] {logging_mixin.py:190} INFO - [2025-04-11T07:02:45.094+0000] {dag.py:3262} INFO - Creating ORM DAG for consume_1_or_both_2_and_3_with_dataset_expressions
[2025-04-11T07:02:45.096+0000] {logging_mixin.py:190} INFO - [2025-04-11T07:02:45.096+0000] {dag.py:3262} INFO - Creating ORM DAG for conditional_dataset_and_time_based_timetable
[2025-04-11T07:02:45.146+0000] {logging_mixin.py:190} INFO - [2025-04-11T07:02:45.145+0000] {dag.py:4180} INFO - Setting next_dagrun for conditional_dataset_and_time_based_timetable to 2025-04-09 01:00:00+00:00, run_after=2025-04-09 01:00:00+00:00
[2025-04-11T07:02:45.151+0000] {logging_mixin.py:190} INFO - [2025-04-11T07:02:45.150+0000] {dag.py:4180} INFO - Setting next_dagrun for consume_1_and_2_with_dataset_expressions to None, run_after=None
[2025-04-11T07:02:45.155+0000] {logging_mixin.py:190} INFO - [2025-04-11T07:02:45.154+0000] {dag.py:4180} INFO - Setting next_dagrun for consume_1_or_2_with_dataset_expressions to None, run_after=None
[2025-04-11T07:02:45.159+0000] {logging_mixin.py:190} INFO - [2025-04-11T07:02:45.158+0000] {dag.py:4180} INFO - Setting next_dagrun for consume_1_or_both_2_and_3_with_dataset_expressions to None, run_after=None
[2025-04-11T07:02:45.163+0000] {logging_mixin.py:190} INFO - [2025-04-11T07:02:45.163+0000] {dag.py:4180} INFO - Setting next_dagrun for dataset_consumes_1 to None, run_after=None
[2025-04-11T07:02:45.165+0000] {logging_mixin.py:190} INFO - [2025-04-11T07:02:45.165+0000] {dag.py:4180} INFO - Setting next_dagrun for dataset_consumes_1_and_2 to None, run_after=None
[2025-04-11T07:02:45.168+0000] {logging_mixin.py:190} INFO - [2025-04-11T07:02:45.168+0000] {dag.py:4180} INFO - Setting next_dagrun for dataset_consumes_1_never_scheduled to None, run_after=None
[2025-04-11T07:02:45.171+0000] {logging_mixin.py:190} INFO - [2025-04-11T07:02:45.171+0000] {dag.py:4180} INFO - Setting next_dagrun for dataset_consumes_unknown_never_scheduled to None, run_after=None
[2025-04-11T07:02:45.175+0000] {logging_mixin.py:190} INFO - [2025-04-11T07:02:45.174+0000] {dag.py:4180} INFO - Setting next_dagrun for dataset_produces_1 to 2025-04-10 00:00:00+00:00, run_after=2025-04-11 00:00:00+00:00
[2025-04-11T07:02:45.180+0000] {logging_mixin.py:190} INFO - [2025-04-11T07:02:45.179+0000] {dag.py:4180} INFO - Setting next_dagrun for dataset_produces_2 to None, run_after=None
[2025-04-11T07:02:45.539+0000] {processor.py:208} INFO - Processing /home/airflow/.local/lib/python3.12/site-packages/airflow/example_dags/example_datasets.py took 14.323 seconds
[2025-04-11T07:04:51.599+0000] {processor.py:186} INFO - Started process (PID=69) to work on /home/airflow/.local/lib/python3.12/site-packages/airflow/example_dags/example_datasets.py
[2025-04-11T07:04:51.606+0000] {processor.py:914} INFO - Processing file /home/airflow/.local/lib/python3.12/site-packages/airflow/example_dags/example_datasets.py for tasks to queue
[2025-04-11T07:04:51.625+0000] {logging_mixin.py:190} INFO - [2025-04-11T07:04:51.623+0000] {dagbag.py:588} INFO - Filling up the DagBag from /home/airflow/.local/lib/python3.12/site-packages/airflow/example_dags/example_datasets.py
[2025-04-11T07:04:53.666+0000] {processor.py:925} INFO - DAG(s) 'consume_1_or_2_with_dataset_expressions', 'dataset_consumes_1', 'consume_1_or_both_2_and_3_with_dataset_expressions', 'dataset_produces_2', 'dataset_consumes_unknown_never_scheduled', 'consume_1_and_2_with_dataset_expressions', 'conditional_dataset_and_time_based_timetable', 'dataset_produces_1', 'dataset_consumes_1_never_scheduled', 'dataset_consumes_1_and_2' retrieved from /home/airflow/.local/lib/python3.12/site-packages/airflow/example_dags/example_datasets.py
[2025-04-11T07:04:53.833+0000] {logging_mixin.py:190} INFO - [2025-04-11T07:04:53.831+0000] {dag.py:3239} INFO - Sync 10 DAGs
[2025-04-11T07:04:55.090+0000] {logging_mixin.py:190} INFO - [2025-04-11T07:04:55.088+0000] {dag.py:4180} INFO - Setting next_dagrun for conditional_dataset_and_time_based_timetable to 2025-04-09 01:00:00+00:00, run_after=2025-04-09 01:00:00+00:00
[2025-04-11T07:04:55.104+0000] {logging_mixin.py:190} INFO - [2025-04-11T07:04:55.103+0000] {dag.py:4180} INFO - Setting next_dagrun for consume_1_and_2_with_dataset_expressions to None, run_after=None
[2025-04-11T07:04:55.111+0000] {logging_mixin.py:190} INFO - [2025-04-11T07:04:55.111+0000] {dag.py:4180} INFO - Setting next_dagrun for consume_1_or_2_with_dataset_expressions to None, run_after=None
[2025-04-11T07:04:55.115+0000] {logging_mixin.py:190} INFO - [2025-04-11T07:04:55.115+0000] {dag.py:4180} INFO - Setting next_dagrun for consume_1_or_both_2_and_3_with_dataset_expressions to None, run_after=None
[2025-04-11T07:04:55.118+0000] {logging_mixin.py:190} INFO - [2025-04-11T07:04:55.117+0000] {dag.py:4180} INFO - Setting next_dagrun for dataset_consumes_1 to None, run_after=None
[2025-04-11T07:04:55.120+0000] {logging_mixin.py:190} INFO - [2025-04-11T07:04:55.120+0000] {dag.py:4180} INFO - Setting next_dagrun for dataset_consumes_1_and_2 to None, run_after=None
[2025-04-11T07:04:55.125+0000] {logging_mixin.py:190} INFO - [2025-04-11T07:04:55.125+0000] {dag.py:4180} INFO - Setting next_dagrun for dataset_consumes_1_never_scheduled to None, run_after=None
[2025-04-11T07:04:55.130+0000] {logging_mixin.py:190} INFO - [2025-04-11T07:04:55.129+0000] {dag.py:4180} INFO - Setting next_dagrun for dataset_consumes_unknown_never_scheduled to None, run_after=None
[2025-04-11T07:04:55.138+0000] {logging_mixin.py:190} INFO - [2025-04-11T07:04:55.137+0000] {dag.py:4180} INFO - Setting next_dagrun for dataset_produces_1 to 2025-04-10 00:00:00+00:00, run_after=2025-04-11 00:00:00+00:00
[2025-04-11T07:04:55.140+0000] {logging_mixin.py:190} INFO - [2025-04-11T07:04:55.139+0000] {dag.py:4180} INFO - Setting next_dagrun for dataset_produces_2 to None, run_after=None
[2025-04-11T07:04:55.277+0000] {processor.py:208} INFO - Processing /home/airflow/.local/lib/python3.12/site-packages/airflow/example_dags/example_datasets.py took 3.707 seconds
[2025-04-11T07:05:41.544+0000] {processor.py:186} INFO - Started process (PID=138) to work on /home/airflow/.local/lib/python3.12/site-packages/airflow/example_dags/example_datasets.py
[2025-04-11T07:05:41.546+0000] {processor.py:914} INFO - Processing file /home/airflow/.local/lib/python3.12/site-packages/airflow/example_dags/example_datasets.py for tasks to queue
[2025-04-11T07:05:41.551+0000] {logging_mixin.py:190} INFO - [2025-04-11T07:05:41.550+0000] {dagbag.py:588} INFO - Filling up the DagBag from /home/airflow/.local/lib/python3.12/site-packages/airflow/example_dags/example_datasets.py
[2025-04-11T07:05:43.774+0000] {processor.py:925} INFO - DAG(s) 'consume_1_or_2_with_dataset_expressions', 'conditional_dataset_and_time_based_timetable', 'dataset_consumes_1', 'dataset_consumes_1_and_2', 'dataset_produces_2', 'consume_1_and_2_with_dataset_expressions', 'consume_1_or_both_2_and_3_with_dataset_expressions', 'dataset_consumes_unknown_never_scheduled', 'dataset_consumes_1_never_scheduled', 'dataset_produces_1' retrieved from /home/airflow/.local/lib/python3.12/site-packages/airflow/example_dags/example_datasets.py
[2025-04-11T07:05:43.998+0000] {logging_mixin.py:190} INFO - [2025-04-11T07:05:43.995+0000] {dag.py:3239} INFO - Sync 10 DAGs
[2025-04-11T07:05:44.068+0000] {logging_mixin.py:190} INFO - [2025-04-11T07:05:44.066+0000] {dag.py:4180} INFO - Setting next_dagrun for conditional_dataset_and_time_based_timetable to 2025-04-09 01:00:00+00:00, run_after=2025-04-09 01:00:00+00:00
[2025-04-11T07:05:44.075+0000] {logging_mixin.py:190} INFO - [2025-04-11T07:05:44.075+0000] {dag.py:4180} INFO - Setting next_dagrun for consume_1_and_2_with_dataset_expressions to None, run_after=None
[2025-04-11T07:05:44.079+0000] {logging_mixin.py:190} INFO - [2025-04-11T07:05:44.078+0000] {dag.py:4180} INFO - Setting next_dagrun for consume_1_or_2_with_dataset_expressions to None, run_after=None
[2025-04-11T07:05:44.082+0000] {logging_mixin.py:190} INFO - [2025-04-11T07:05:44.082+0000] {dag.py:4180} INFO - Setting next_dagrun for consume_1_or_both_2_and_3_with_dataset_expressions to None, run_after=None
[2025-04-11T07:05:44.085+0000] {logging_mixin.py:190} INFO - [2025-04-11T07:05:44.084+0000] {dag.py:4180} INFO - Setting next_dagrun for dataset_consumes_1 to None, run_after=None
[2025-04-11T07:05:44.088+0000] {logging_mixin.py:190} INFO - [2025-04-11T07:05:44.087+0000] {dag.py:4180} INFO - Setting next_dagrun for dataset_consumes_1_and_2 to None, run_after=None
[2025-04-11T07:05:44.091+0000] {logging_mixin.py:190} INFO - [2025-04-11T07:05:44.090+0000] {dag.py:4180} INFO - Setting next_dagrun for dataset_consumes_1_never_scheduled to None, run_after=None
[2025-04-11T07:05:44.093+0000] {logging_mixin.py:190} INFO - [2025-04-11T07:05:44.092+0000] {dag.py:4180} INFO - Setting next_dagrun for dataset_consumes_unknown_never_scheduled to None, run_after=None
[2025-04-11T07:05:44.097+0000] {logging_mixin.py:190} INFO - [2025-04-11T07:05:44.096+0000] {dag.py:4180} INFO - Setting next_dagrun for dataset_produces_1 to 2025-04-10 00:00:00+00:00, run_after=2025-04-11 00:00:00+00:00
[2025-04-11T07:05:44.100+0000] {logging_mixin.py:190} INFO - [2025-04-11T07:05:44.099+0000] {dag.py:4180} INFO - Setting next_dagrun for dataset_produces_2 to None, run_after=None
[2025-04-11T07:05:44.341+0000] {processor.py:208} INFO - Processing /home/airflow/.local/lib/python3.12/site-packages/airflow/example_dags/example_datasets.py took 2.808 seconds
[2025-04-11T07:06:15.579+0000] {processor.py:186} INFO - Started process (PID=201) to work on /home/airflow/.local/lib/python3.12/site-packages/airflow/example_dags/example_datasets.py
[2025-04-11T07:06:15.593+0000] {processor.py:914} INFO - Processing file /home/airflow/.local/lib/python3.12/site-packages/airflow/example_dags/example_datasets.py for tasks to queue
[2025-04-11T07:06:15.620+0000] {logging_mixin.py:190} INFO - [2025-04-11T07:06:15.619+0000] {dagbag.py:588} INFO - Filling up the DagBag from /home/airflow/.local/lib/python3.12/site-packages/airflow/example_dags/example_datasets.py
[2025-04-11T07:06:17.194+0000] {processor.py:925} INFO - DAG(s) 'consume_1_or_2_with_dataset_expressions', 'consume_1_and_2_with_dataset_expressions', 'dataset_consumes_unknown_never_scheduled', 'consume_1_or_both_2_and_3_with_dataset_expressions', 'dataset_consumes_1_and_2', 'dataset_produces_1', 'dataset_consumes_1', 'dataset_produces_2', 'conditional_dataset_and_time_based_timetable', 'dataset_consumes_1_never_scheduled' retrieved from /home/airflow/.local/lib/python3.12/site-packages/airflow/example_dags/example_datasets.py
[2025-04-11T07:06:17.256+0000] {logging_mixin.py:190} INFO - [2025-04-11T07:06:17.255+0000] {dag.py:3239} INFO - Sync 10 DAGs
[2025-04-11T07:06:17.284+0000] {logging_mixin.py:190} INFO - [2025-04-11T07:06:17.284+0000] {dag.py:4180} INFO - Setting next_dagrun for conditional_dataset_and_time_based_timetable to 2025-04-09 01:00:00+00:00, run_after=2025-04-09 01:00:00+00:00
[2025-04-11T07:06:17.288+0000] {logging_mixin.py:190} INFO - [2025-04-11T07:06:17.287+0000] {dag.py:4180} INFO - Setting next_dagrun for consume_1_and_2_with_dataset_expressions to None, run_after=None
[2025-04-11T07:06:17.290+0000] {logging_mixin.py:190} INFO - [2025-04-11T07:06:17.290+0000] {dag.py:4180} INFO - Setting next_dagrun for consume_1_or_2_with_dataset_expressions to None, run_after=None
[2025-04-11T07:06:17.292+0000] {logging_mixin.py:190} INFO - [2025-04-11T07:06:17.292+0000] {dag.py:4180} INFO - Setting next_dagrun for consume_1_or_both_2_and_3_with_dataset_expressions to None, run_after=None
[2025-04-11T07:06:17.293+0000] {logging_mixin.py:190} INFO - [2025-04-11T07:06:17.293+0000] {dag.py:4180} INFO - Setting next_dagrun for dataset_consumes_1 to None, run_after=None
[2025-04-11T07:06:17.294+0000] {logging_mixin.py:190} INFO - [2025-04-11T07:06:17.294+0000] {dag.py:4180} INFO - Setting next_dagrun for dataset_consumes_1_and_2 to None, run_after=None
[2025-04-11T07:06:17.295+0000] {logging_mixin.py:190} INFO - [2025-04-11T07:06:17.295+0000] {dag.py:4180} INFO - Setting next_dagrun for dataset_consumes_1_never_scheduled to None, run_after=None
[2025-04-11T07:06:17.296+0000] {logging_mixin.py:190} INFO - [2025-04-11T07:06:17.296+0000] {dag.py:4180} INFO - Setting next_dagrun for dataset_consumes_unknown_never_scheduled to None, run_after=None
[2025-04-11T07:06:17.298+0000] {logging_mixin.py:190} INFO - [2025-04-11T07:06:17.298+0000] {dag.py:4180} INFO - Setting next_dagrun for dataset_produces_1 to 2025-04-10 00:00:00+00:00, run_after=2025-04-11 00:00:00+00:00
[2025-04-11T07:06:17.299+0000] {logging_mixin.py:190} INFO - [2025-04-11T07:06:17.299+0000] {dag.py:4180} INFO - Setting next_dagrun for dataset_produces_2 to None, run_after=None
[2025-04-11T07:06:17.350+0000] {processor.py:208} INFO - Processing /home/airflow/.local/lib/python3.12/site-packages/airflow/example_dags/example_datasets.py took 1.796 seconds
[2025-04-11T07:06:47.693+0000] {processor.py:186} INFO - Started process (PID=263) to work on /home/airflow/.local/lib/python3.12/site-packages/airflow/example_dags/example_datasets.py
[2025-04-11T07:06:47.696+0000] {processor.py:914} INFO - Processing file /home/airflow/.local/lib/python3.12/site-packages/airflow/example_dags/example_datasets.py for tasks to queue
[2025-04-11T07:06:47.704+0000] {logging_mixin.py:190} INFO - [2025-04-11T07:06:47.703+0000] {dagbag.py:588} INFO - Filling up the DagBag from /home/airflow/.local/lib/python3.12/site-packages/airflow/example_dags/example_datasets.py
[2025-04-11T07:06:48.686+0000] {processor.py:925} INFO - DAG(s) 'consume_1_or_2_with_dataset_expressions', 'dataset_consumes_1_and_2', 'conditional_dataset_and_time_based_timetable', 'consume_1_or_both_2_and_3_with_dataset_expressions', 'dataset_consumes_1_never_scheduled', 'consume_1_and_2_with_dataset_expressions', 'dataset_consumes_1', 'dataset_consumes_unknown_never_scheduled', 'dataset_produces_1', 'dataset_produces_2' retrieved from /home/airflow/.local/lib/python3.12/site-packages/airflow/example_dags/example_datasets.py
[2025-04-11T07:06:48.739+0000] {logging_mixin.py:190} INFO - [2025-04-11T07:06:48.739+0000] {dag.py:3239} INFO - Sync 10 DAGs
[2025-04-11T07:06:48.766+0000] {logging_mixin.py:190} INFO - [2025-04-11T07:06:48.766+0000] {dag.py:4180} INFO - Setting next_dagrun for conditional_dataset_and_time_based_timetable to 2025-04-09 01:00:00+00:00, run_after=2025-04-09 01:00:00+00:00
[2025-04-11T07:06:48.769+0000] {logging_mixin.py:190} INFO - [2025-04-11T07:06:48.769+0000] {dag.py:4180} INFO - Setting next_dagrun for consume_1_and_2_with_dataset_expressions to None, run_after=None
[2025-04-11T07:06:48.770+0000] {logging_mixin.py:190} INFO - [2025-04-11T07:06:48.770+0000] {dag.py:4180} INFO - Setting next_dagrun for consume_1_or_2_with_dataset_expressions to None, run_after=None
[2025-04-11T07:06:48.771+0000] {logging_mixin.py:190} INFO - [2025-04-11T07:06:48.771+0000] {dag.py:4180} INFO - Setting next_dagrun for consume_1_or_both_2_and_3_with_dataset_expressions to None, run_after=None
[2025-04-11T07:06:48.772+0000] {logging_mixin.py:190} INFO - [2025-04-11T07:06:48.772+0000] {dag.py:4180} INFO - Setting next_dagrun for dataset_consumes_1 to None, run_after=None
[2025-04-11T07:06:48.773+0000] {logging_mixin.py:190} INFO - [2025-04-11T07:06:48.773+0000] {dag.py:4180} INFO - Setting next_dagrun for dataset_consumes_1_and_2 to None, run_after=None
[2025-04-11T07:06:48.774+0000] {logging_mixin.py:190} INFO - [2025-04-11T07:06:48.774+0000] {dag.py:4180} INFO - Setting next_dagrun for dataset_consumes_1_never_scheduled to None, run_after=None
[2025-04-11T07:06:48.775+0000] {logging_mixin.py:190} INFO - [2025-04-11T07:06:48.775+0000] {dag.py:4180} INFO - Setting next_dagrun for dataset_consumes_unknown_never_scheduled to None, run_after=None
[2025-04-11T07:06:48.777+0000] {logging_mixin.py:190} INFO - [2025-04-11T07:06:48.777+0000] {dag.py:4180} INFO - Setting next_dagrun for dataset_produces_1 to 2025-04-10 00:00:00+00:00, run_after=2025-04-11 00:00:00+00:00
[2025-04-11T07:06:48.778+0000] {logging_mixin.py:190} INFO - [2025-04-11T07:06:48.778+0000] {dag.py:4180} INFO - Setting next_dagrun for dataset_produces_2 to None, run_after=None
[2025-04-11T07:06:48.814+0000] {processor.py:208} INFO - Processing /home/airflow/.local/lib/python3.12/site-packages/airflow/example_dags/example_datasets.py took 1.148 seconds
[2025-04-11T07:07:19.305+0000] {processor.py:186} INFO - Started process (PID=327) to work on /home/airflow/.local/lib/python3.12/site-packages/airflow/example_dags/example_datasets.py
[2025-04-11T07:07:19.307+0000] {processor.py:914} INFO - Processing file /home/airflow/.local/lib/python3.12/site-packages/airflow/example_dags/example_datasets.py for tasks to queue
[2025-04-11T07:07:19.310+0000] {logging_mixin.py:190} INFO - [2025-04-11T07:07:19.309+0000] {dagbag.py:588} INFO - Filling up the DagBag from /home/airflow/.local/lib/python3.12/site-packages/airflow/example_dags/example_datasets.py
[2025-04-11T07:07:20.985+0000] {processor.py:925} INFO - DAG(s) 'dataset_consumes_1_never_scheduled', 'consume_1_and_2_with_dataset_expressions', 'dataset_produces_1', 'consume_1_or_both_2_and_3_with_dataset_expressions', 'consume_1_or_2_with_dataset_expressions', 'dataset_consumes_1', 'dataset_produces_2', 'dataset_consumes_unknown_never_scheduled', 'dataset_consumes_1_and_2', 'conditional_dataset_and_time_based_timetable' retrieved from /home/airflow/.local/lib/python3.12/site-packages/airflow/example_dags/example_datasets.py
[2025-04-11T07:07:21.072+0000] {logging_mixin.py:190} INFO - [2025-04-11T07:07:21.070+0000] {dag.py:3239} INFO - Sync 10 DAGs
[2025-04-11T07:07:21.117+0000] {logging_mixin.py:190} INFO - [2025-04-11T07:07:21.117+0000] {dag.py:4180} INFO - Setting next_dagrun for conditional_dataset_and_time_based_timetable to 2025-04-09 01:00:00+00:00, run_after=2025-04-09 01:00:00+00:00
[2025-04-11T07:07:21.121+0000] {logging_mixin.py:190} INFO - [2025-04-11T07:07:21.120+0000] {dag.py:4180} INFO - Setting next_dagrun for consume_1_and_2_with_dataset_expressions to None, run_after=None
[2025-04-11T07:07:21.122+0000] {logging_mixin.py:190} INFO - [2025-04-11T07:07:21.122+0000] {dag.py:4180} INFO - Setting next_dagrun for consume_1_or_2_with_dataset_expressions to None, run_after=None
[2025-04-11T07:07:21.123+0000] {logging_mixin.py:190} INFO - [2025-04-11T07:07:21.123+0000] {dag.py:4180} INFO - Setting next_dagrun for consume_1_or_both_2_and_3_with_dataset_expressions to None, run_after=None
[2025-04-11T07:07:21.123+0000] {logging_mixin.py:190} INFO - [2025-04-11T07:07:21.123+0000] {dag.py:4180} INFO - Setting next_dagrun for dataset_consumes_1 to None, run_after=None
[2025-04-11T07:07:21.124+0000] {logging_mixin.py:190} INFO - [2025-04-11T07:07:21.124+0000] {dag.py:4180} INFO - Setting next_dagrun for dataset_consumes_1_and_2 to None, run_after=None
[2025-04-11T07:07:21.125+0000] {logging_mixin.py:190} INFO - [2025-04-11T07:07:21.125+0000] {dag.py:4180} INFO - Setting next_dagrun for dataset_consumes_1_never_scheduled to None, run_after=None
[2025-04-11T07:07:21.126+0000] {logging_mixin.py:190} INFO - [2025-04-11T07:07:21.126+0000] {dag.py:4180} INFO - Setting next_dagrun for dataset_consumes_unknown_never_scheduled to None, run_after=None
[2025-04-11T07:07:21.128+0000] {logging_mixin.py:190} INFO - [2025-04-11T07:07:21.128+0000] {dag.py:4180} INFO - Setting next_dagrun for dataset_produces_1 to 2025-04-10 00:00:00+00:00, run_after=2025-04-11 00:00:00+00:00
[2025-04-11T07:07:21.129+0000] {logging_mixin.py:190} INFO - [2025-04-11T07:07:21.129+0000] {dag.py:4180} INFO - Setting next_dagrun for dataset_produces_2 to None, run_after=None
[2025-04-11T07:07:21.155+0000] {processor.py:208} INFO - Processing /home/airflow/.local/lib/python3.12/site-packages/airflow/example_dags/example_datasets.py took 1.859 seconds
[2025-04-11T07:07:52.180+0000] {processor.py:186} INFO - Started process (PID=392) to work on /home/airflow/.local/lib/python3.12/site-packages/airflow/example_dags/example_datasets.py
[2025-04-11T07:07:52.183+0000] {processor.py:914} INFO - Processing file /home/airflow/.local/lib/python3.12/site-packages/airflow/example_dags/example_datasets.py for tasks to queue
[2025-04-11T07:07:52.189+0000] {logging_mixin.py:190} INFO - [2025-04-11T07:07:52.188+0000] {dagbag.py:588} INFO - Filling up the DagBag from /home/airflow/.local/lib/python3.12/site-packages/airflow/example_dags/example_datasets.py
[2025-04-11T07:07:53.387+0000] {processor.py:925} INFO - DAG(s) 'consume_1_and_2_with_dataset_expressions', 'dataset_consumes_1_and_2', 'dataset_consumes_unknown_never_scheduled', 'consume_1_or_both_2_and_3_with_dataset_expressions', 'conditional_dataset_and_time_based_timetable', 'consume_1_or_2_with_dataset_expressions', 'dataset_produces_2', 'dataset_consumes_1', 'dataset_produces_1', 'dataset_consumes_1_never_scheduled' retrieved from /home/airflow/.local/lib/python3.12/site-packages/airflow/example_dags/example_datasets.py
[2025-04-11T07:07:53.445+0000] {logging_mixin.py:190} INFO - [2025-04-11T07:07:53.445+0000] {dag.py:3239} INFO - Sync 10 DAGs
[2025-04-11T07:07:53.481+0000] {logging_mixin.py:190} INFO - [2025-04-11T07:07:53.481+0000] {dag.py:4180} INFO - Setting next_dagrun for conditional_dataset_and_time_based_timetable to 2025-04-09 01:00:00+00:00, run_after=2025-04-09 01:00:00+00:00
[2025-04-11T07:07:53.485+0000] {logging_mixin.py:190} INFO - [2025-04-11T07:07:53.484+0000] {dag.py:4180} INFO - Setting next_dagrun for consume_1_and_2_with_dataset_expressions to None, run_after=None
[2025-04-11T07:07:53.486+0000] {logging_mixin.py:190} INFO - [2025-04-11T07:07:53.486+0000] {dag.py:4180} INFO - Setting next_dagrun for consume_1_or_2_with_dataset_expressions to None, run_after=None
[2025-04-11T07:07:53.487+0000] {logging_mixin.py:190} INFO - [2025-04-11T07:07:53.487+0000] {dag.py:4180} INFO - Setting next_dagrun for consume_1_or_both_2_and_3_with_dataset_expressions to None, run_after=None
[2025-04-11T07:07:53.488+0000] {logging_mixin.py:190} INFO - [2025-04-11T07:07:53.488+0000] {dag.py:4180} INFO - Setting next_dagrun for dataset_consumes_1 to None, run_after=None
[2025-04-11T07:07:53.490+0000] {logging_mixin.py:190} INFO - [2025-04-11T07:07:53.490+0000] {dag.py:4180} INFO - Setting next_dagrun for dataset_consumes_1_and_2 to None, run_after=None
[2025-04-11T07:07:53.492+0000] {logging_mixin.py:190} INFO - [2025-04-11T07:07:53.492+0000] {dag.py:4180} INFO - Setting next_dagrun for dataset_consumes_1_never_scheduled to None, run_after=None
[2025-04-11T07:07:53.493+0000] {logging_mixin.py:190} INFO - [2025-04-11T07:07:53.493+0000] {dag.py:4180} INFO - Setting next_dagrun for dataset_consumes_unknown_never_scheduled to None, run_after=None
[2025-04-11T07:07:53.495+0000] {logging_mixin.py:190} INFO - [2025-04-11T07:07:53.495+0000] {dag.py:4180} INFO - Setting next_dagrun for dataset_produces_1 to 2025-04-10 00:00:00+00:00, run_after=2025-04-11 00:00:00+00:00
[2025-04-11T07:07:53.496+0000] {logging_mixin.py:190} INFO - [2025-04-11T07:07:53.496+0000] {dag.py:4180} INFO - Setting next_dagrun for dataset_produces_2 to None, run_after=None
[2025-04-11T07:07:53.532+0000] {processor.py:208} INFO - Processing /home/airflow/.local/lib/python3.12/site-packages/airflow/example_dags/example_datasets.py took 1.381 seconds
[2025-04-11T07:08:24.551+0000] {processor.py:186} INFO - Started process (PID=459) to work on /home/airflow/.local/lib/python3.12/site-packages/airflow/example_dags/example_datasets.py
[2025-04-11T07:08:24.555+0000] {processor.py:914} INFO - Processing file /home/airflow/.local/lib/python3.12/site-packages/airflow/example_dags/example_datasets.py for tasks to queue
[2025-04-11T07:08:24.560+0000] {logging_mixin.py:190} INFO - [2025-04-11T07:08:24.560+0000] {dagbag.py:588} INFO - Filling up the DagBag from /home/airflow/.local/lib/python3.12/site-packages/airflow/example_dags/example_datasets.py
[2025-04-11T07:08:25.719+0000] {processor.py:925} INFO - DAG(s) 'consume_1_and_2_with_dataset_expressions', 'dataset_produces_1', 'dataset_consumes_1_never_scheduled', 'consume_1_or_both_2_and_3_with_dataset_expressions', 'dataset_consumes_1', 'dataset_consumes_unknown_never_scheduled', 'consume_1_or_2_with_dataset_expressions', 'conditional_dataset_and_time_based_timetable', 'dataset_consumes_1_and_2', 'dataset_produces_2' retrieved from /home/airflow/.local/lib/python3.12/site-packages/airflow/example_dags/example_datasets.py
[2025-04-11T07:08:25.770+0000] {logging_mixin.py:190} INFO - [2025-04-11T07:08:25.770+0000] {dag.py:3239} INFO - Sync 10 DAGs
[2025-04-11T07:08:25.794+0000] {logging_mixin.py:190} INFO - [2025-04-11T07:08:25.793+0000] {dag.py:4180} INFO - Setting next_dagrun for conditional_dataset_and_time_based_timetable to 2025-04-09 01:00:00+00:00, run_after=2025-04-09 01:00:00+00:00
[2025-04-11T07:08:25.797+0000] {logging_mixin.py:190} INFO - [2025-04-11T07:08:25.797+0000] {dag.py:4180} INFO - Setting next_dagrun for consume_1_and_2_with_dataset_expressions to None, run_after=None
[2025-04-11T07:08:25.799+0000] {logging_mixin.py:190} INFO - [2025-04-11T07:08:25.799+0000] {dag.py:4180} INFO - Setting next_dagrun for consume_1_or_2_with_dataset_expressions to None, run_after=None
[2025-04-11T07:08:25.800+0000] {logging_mixin.py:190} INFO - [2025-04-11T07:08:25.800+0000] {dag.py:4180} INFO - Setting next_dagrun for consume_1_or_both_2_and_3_with_dataset_expressions to None, run_after=None
[2025-04-11T07:08:25.802+0000] {logging_mixin.py:190} INFO - [2025-04-11T07:08:25.801+0000] {dag.py:4180} INFO - Setting next_dagrun for dataset_consumes_1 to None, run_after=None
[2025-04-11T07:08:25.803+0000] {logging_mixin.py:190} INFO - [2025-04-11T07:08:25.803+0000] {dag.py:4180} INFO - Setting next_dagrun for dataset_consumes_1_and_2 to None, run_after=None
[2025-04-11T07:08:25.804+0000] {logging_mixin.py:190} INFO - [2025-04-11T07:08:25.803+0000] {dag.py:4180} INFO - Setting next_dagrun for dataset_consumes_1_never_scheduled to None, run_after=None
[2025-04-11T07:08:25.805+0000] {logging_mixin.py:190} INFO - [2025-04-11T07:08:25.804+0000] {dag.py:4180} INFO - Setting next_dagrun for dataset_consumes_unknown_never_scheduled to None, run_after=None
[2025-04-11T07:08:25.807+0000] {logging_mixin.py:190} INFO - [2025-04-11T07:08:25.807+0000] {dag.py:4180} INFO - Setting next_dagrun for dataset_produces_1 to 2025-04-10 00:00:00+00:00, run_after=2025-04-11 00:00:00+00:00
[2025-04-11T07:08:25.808+0000] {logging_mixin.py:190} INFO - [2025-04-11T07:08:25.808+0000] {dag.py:4180} INFO - Setting next_dagrun for dataset_produces_2 to None, run_after=None
[2025-04-11T07:08:25.940+0000] {processor.py:208} INFO - Processing /home/airflow/.local/lib/python3.12/site-packages/airflow/example_dags/example_datasets.py took 1.399 seconds
