[2025-04-11T07:04:59.971+0000] {processor.py:186} INFO - Started process (PID=90) to work on /home/airflow/.local/lib/python3.12/site-packages/airflow/example_dags/example_branch_datetime_operator.py
[2025-04-11T07:04:59.972+0000] {processor.py:914} INFO - Processing file /home/airflow/.local/lib/python3.12/site-packages/airflow/example_dags/example_branch_datetime_operator.py for tasks to queue
[2025-04-11T07:04:59.974+0000] {logging_mixin.py:190} INFO - [2025-04-11T07:04:59.973+0000] {dagbag.py:588} INFO - Filling up the DagBag from /home/airflow/.local/lib/python3.12/site-packages/airflow/example_dags/example_branch_datetime_operator.py
[2025-04-11T07:04:59.985+0000] {processor.py:925} INFO - DAG(s) 'example_branch_datetime_operator', 'example_branch_datetime_operator_3', 'example_branch_datetime_operator_2' retrieved from /home/airflow/.local/lib/python3.12/site-packages/airflow/example_dags/example_branch_datetime_operator.py
[2025-04-11T07:05:00.098+0000] {logging_mixin.py:190} INFO - [2025-04-11T07:05:00.097+0000] {override.py:1912} INFO - Created Permission View: can read on DAG:example_branch_datetime_operator
[2025-04-11T07:05:00.111+0000] {logging_mixin.py:190} INFO - [2025-04-11T07:05:00.110+0000] {override.py:1912} INFO - Created Permission View: can edit on DAG:example_branch_datetime_operator
[2025-04-11T07:05:00.116+0000] {logging_mixin.py:190} INFO - [2025-04-11T07:05:00.116+0000] {override.py:1912} INFO - Created Permission View: can delete on DAG:example_branch_datetime_operator
[2025-04-11T07:05:00.138+0000] {logging_mixin.py:190} INFO - [2025-04-11T07:05:00.137+0000] {override.py:1912} INFO - Created Permission View: menu access on DAG Run:example_branch_datetime_operator
[2025-04-11T07:05:00.144+0000] {logging_mixin.py:190} INFO - [2025-04-11T07:05:00.143+0000] {override.py:1912} INFO - Created Permission View: can create on DAG Run:example_branch_datetime_operator
[2025-04-11T07:05:00.149+0000] {logging_mixin.py:190} INFO - [2025-04-11T07:05:00.148+0000] {override.py:1912} INFO - Created Permission View: can read on DAG Run:example_branch_datetime_operator
[2025-04-11T07:05:00.153+0000] {logging_mixin.py:190} INFO - [2025-04-11T07:05:00.153+0000] {override.py:1912} INFO - Created Permission View: can delete on DAG Run:example_branch_datetime_operator
[2025-04-11T07:05:00.162+0000] {logging_mixin.py:190} INFO - [2025-04-11T07:05:00.162+0000] {override.py:1912} INFO - Created Permission View: can read on DAG:example_branch_datetime_operator_3
[2025-04-11T07:05:00.166+0000] {logging_mixin.py:190} INFO - [2025-04-11T07:05:00.166+0000] {override.py:1912} INFO - Created Permission View: can edit on DAG:example_branch_datetime_operator_3
[2025-04-11T07:05:00.170+0000] {logging_mixin.py:190} INFO - [2025-04-11T07:05:00.170+0000] {override.py:1912} INFO - Created Permission View: can delete on DAG:example_branch_datetime_operator_3
[2025-04-11T07:05:00.177+0000] {logging_mixin.py:190} INFO - [2025-04-11T07:05:00.177+0000] {override.py:1912} INFO - Created Permission View: menu access on DAG Run:example_branch_datetime_operator_3
[2025-04-11T07:05:00.181+0000] {logging_mixin.py:190} INFO - [2025-04-11T07:05:00.180+0000] {override.py:1912} INFO - Created Permission View: can create on DAG Run:example_branch_datetime_operator_3
[2025-04-11T07:05:00.184+0000] {logging_mixin.py:190} INFO - [2025-04-11T07:05:00.184+0000] {override.py:1912} INFO - Created Permission View: can read on DAG Run:example_branch_datetime_operator_3
[2025-04-11T07:05:00.188+0000] {logging_mixin.py:190} INFO - [2025-04-11T07:05:00.188+0000] {override.py:1912} INFO - Created Permission View: can delete on DAG Run:example_branch_datetime_operator_3
[2025-04-11T07:05:00.196+0000] {logging_mixin.py:190} INFO - [2025-04-11T07:05:00.195+0000] {override.py:1912} INFO - Created Permission View: can read on DAG:example_branch_datetime_operator_2
[2025-04-11T07:05:00.200+0000] {logging_mixin.py:190} INFO - [2025-04-11T07:05:00.200+0000] {override.py:1912} INFO - Created Permission View: can edit on DAG:example_branch_datetime_operator_2
[2025-04-11T07:05:00.203+0000] {logging_mixin.py:190} INFO - [2025-04-11T07:05:00.203+0000] {override.py:1912} INFO - Created Permission View: can delete on DAG:example_branch_datetime_operator_2
[2025-04-11T07:05:00.208+0000] {logging_mixin.py:190} INFO - [2025-04-11T07:05:00.208+0000] {override.py:1912} INFO - Created Permission View: menu access on DAG Run:example_branch_datetime_operator_2
[2025-04-11T07:05:00.213+0000] {logging_mixin.py:190} INFO - [2025-04-11T07:05:00.213+0000] {override.py:1912} INFO - Created Permission View: can create on DAG Run:example_branch_datetime_operator_2
[2025-04-11T07:05:00.216+0000] {logging_mixin.py:190} INFO - [2025-04-11T07:05:00.216+0000] {override.py:1912} INFO - Created Permission View: can read on DAG Run:example_branch_datetime_operator_2
[2025-04-11T07:05:00.220+0000] {logging_mixin.py:190} INFO - [2025-04-11T07:05:00.220+0000] {override.py:1912} INFO - Created Permission View: can delete on DAG Run:example_branch_datetime_operator_2
[2025-04-11T07:05:00.220+0000] {logging_mixin.py:190} INFO - [2025-04-11T07:05:00.220+0000] {dag.py:3239} INFO - Sync 3 DAGs
[2025-04-11T07:05:00.230+0000] {logging_mixin.py:190} INFO - [2025-04-11T07:05:00.230+0000] {dag.py:3262} INFO - Creating ORM DAG for example_branch_datetime_operator_2
[2025-04-11T07:05:00.231+0000] {logging_mixin.py:190} INFO - [2025-04-11T07:05:00.231+0000] {dag.py:3262} INFO - Creating ORM DAG for example_branch_datetime_operator_3
[2025-04-11T07:05:00.231+0000] {logging_mixin.py:190} INFO - [2025-04-11T07:05:00.231+0000] {dag.py:3262} INFO - Creating ORM DAG for example_branch_datetime_operator
[2025-04-11T07:05:00.246+0000] {logging_mixin.py:190} INFO - [2025-04-11T07:05:00.246+0000] {dag.py:4180} INFO - Setting next_dagrun for example_branch_datetime_operator to 2025-04-10 00:00:00+00:00, run_after=2025-04-11 00:00:00+00:00
[2025-04-11T07:05:00.248+0000] {logging_mixin.py:190} INFO - [2025-04-11T07:05:00.247+0000] {dag.py:4180} INFO - Setting next_dagrun for example_branch_datetime_operator_2 to 2025-04-10 00:00:00+00:00, run_after=2025-04-11 00:00:00+00:00
[2025-04-11T07:05:00.248+0000] {logging_mixin.py:190} INFO - [2025-04-11T07:05:00.248+0000] {dag.py:4180} INFO - Setting next_dagrun for example_branch_datetime_operator_3 to 2025-04-10 00:00:00+00:00, run_after=2025-04-11 00:00:00+00:00
[2025-04-11T07:05:00.265+0000] {processor.py:208} INFO - Processing /home/airflow/.local/lib/python3.12/site-packages/airflow/example_dags/example_branch_datetime_operator.py took 0.300 seconds
[2025-04-11T07:05:48.466+0000] {processor.py:186} INFO - Started process (PID=159) to work on /home/airflow/.local/lib/python3.12/site-packages/airflow/example_dags/example_branch_datetime_operator.py
[2025-04-11T07:05:48.471+0000] {processor.py:914} INFO - Processing file /home/airflow/.local/lib/python3.12/site-packages/airflow/example_dags/example_branch_datetime_operator.py for tasks to queue
[2025-04-11T07:05:48.491+0000] {logging_mixin.py:190} INFO - [2025-04-11T07:05:48.486+0000] {dagbag.py:588} INFO - Filling up the DagBag from /home/airflow/.local/lib/python3.12/site-packages/airflow/example_dags/example_branch_datetime_operator.py
[2025-04-11T07:05:48.574+0000] {processor.py:925} INFO - DAG(s) 'example_branch_datetime_operator_3', 'example_branch_datetime_operator', 'example_branch_datetime_operator_2' retrieved from /home/airflow/.local/lib/python3.12/site-packages/airflow/example_dags/example_branch_datetime_operator.py
[2025-04-11T07:05:48.934+0000] {logging_mixin.py:190} INFO - [2025-04-11T07:05:48.933+0000] {dag.py:3239} INFO - Sync 3 DAGs
[2025-04-11T07:05:49.036+0000] {logging_mixin.py:190} INFO - [2025-04-11T07:05:49.035+0000] {dag.py:4180} INFO - Setting next_dagrun for example_branch_datetime_operator to 2025-04-10 00:00:00+00:00, run_after=2025-04-11 00:00:00+00:00
[2025-04-11T07:05:49.043+0000] {logging_mixin.py:190} INFO - [2025-04-11T07:05:49.043+0000] {dag.py:4180} INFO - Setting next_dagrun for example_branch_datetime_operator_2 to 2025-04-10 00:00:00+00:00, run_after=2025-04-11 00:00:00+00:00
[2025-04-11T07:05:49.047+0000] {logging_mixin.py:190} INFO - [2025-04-11T07:05:49.047+0000] {dag.py:4180} INFO - Setting next_dagrun for example_branch_datetime_operator_3 to 2025-04-10 00:00:00+00:00, run_after=2025-04-11 00:00:00+00:00
[2025-04-11T07:05:49.080+0000] {processor.py:208} INFO - Processing /home/airflow/.local/lib/python3.12/site-packages/airflow/example_dags/example_branch_datetime_operator.py took 0.628 seconds
[2025-04-11T07:06:19.482+0000] {processor.py:186} INFO - Started process (PID=222) to work on /home/airflow/.local/lib/python3.12/site-packages/airflow/example_dags/example_branch_datetime_operator.py
[2025-04-11T07:06:19.490+0000] {processor.py:914} INFO - Processing file /home/airflow/.local/lib/python3.12/site-packages/airflow/example_dags/example_branch_datetime_operator.py for tasks to queue
[2025-04-11T07:06:19.497+0000] {logging_mixin.py:190} INFO - [2025-04-11T07:06:19.496+0000] {dagbag.py:588} INFO - Filling up the DagBag from /home/airflow/.local/lib/python3.12/site-packages/airflow/example_dags/example_branch_datetime_operator.py
[2025-04-11T07:06:19.532+0000] {processor.py:925} INFO - DAG(s) 'example_branch_datetime_operator', 'example_branch_datetime_operator_3', 'example_branch_datetime_operator_2' retrieved from /home/airflow/.local/lib/python3.12/site-packages/airflow/example_dags/example_branch_datetime_operator.py
[2025-04-11T07:06:19.607+0000] {logging_mixin.py:190} INFO - [2025-04-11T07:06:19.606+0000] {dag.py:3239} INFO - Sync 3 DAGs
[2025-04-11T07:06:19.659+0000] {logging_mixin.py:190} INFO - [2025-04-11T07:06:19.658+0000] {dag.py:4180} INFO - Setting next_dagrun for example_branch_datetime_operator to 2025-04-10 00:00:00+00:00, run_after=2025-04-11 00:00:00+00:00
[2025-04-11T07:06:19.669+0000] {logging_mixin.py:190} INFO - [2025-04-11T07:06:19.669+0000] {dag.py:4180} INFO - Setting next_dagrun for example_branch_datetime_operator_2 to 2025-04-10 00:00:00+00:00, run_after=2025-04-11 00:00:00+00:00
[2025-04-11T07:06:19.672+0000] {logging_mixin.py:190} INFO - [2025-04-11T07:06:19.672+0000] {dag.py:4180} INFO - Setting next_dagrun for example_branch_datetime_operator_3 to 2025-04-10 00:00:00+00:00, run_after=2025-04-11 00:00:00+00:00
[2025-04-11T07:06:19.734+0000] {processor.py:208} INFO - Processing /home/airflow/.local/lib/python3.12/site-packages/airflow/example_dags/example_branch_datetime_operator.py took 0.266 seconds
[2025-04-11T07:06:50.463+0000] {processor.py:186} INFO - Started process (PID=284) to work on /home/airflow/.local/lib/python3.12/site-packages/airflow/example_dags/example_branch_datetime_operator.py
[2025-04-11T07:06:50.465+0000] {processor.py:914} INFO - Processing file /home/airflow/.local/lib/python3.12/site-packages/airflow/example_dags/example_branch_datetime_operator.py for tasks to queue
[2025-04-11T07:06:50.471+0000] {logging_mixin.py:190} INFO - [2025-04-11T07:06:50.470+0000] {dagbag.py:588} INFO - Filling up the DagBag from /home/airflow/.local/lib/python3.12/site-packages/airflow/example_dags/example_branch_datetime_operator.py
[2025-04-11T07:06:50.483+0000] {processor.py:925} INFO - DAG(s) 'example_branch_datetime_operator', 'example_branch_datetime_operator_2', 'example_branch_datetime_operator_3' retrieved from /home/airflow/.local/lib/python3.12/site-packages/airflow/example_dags/example_branch_datetime_operator.py
[2025-04-11T07:06:50.515+0000] {logging_mixin.py:190} INFO - [2025-04-11T07:06:50.515+0000] {dag.py:3239} INFO - Sync 3 DAGs
[2025-04-11T07:06:50.535+0000] {logging_mixin.py:190} INFO - [2025-04-11T07:06:50.535+0000] {dag.py:4180} INFO - Setting next_dagrun for example_branch_datetime_operator to 2025-04-10 00:00:00+00:00, run_after=2025-04-11 00:00:00+00:00
[2025-04-11T07:06:50.538+0000] {logging_mixin.py:190} INFO - [2025-04-11T07:06:50.538+0000] {dag.py:4180} INFO - Setting next_dagrun for example_branch_datetime_operator_2 to 2025-04-10 00:00:00+00:00, run_after=2025-04-11 00:00:00+00:00
[2025-04-11T07:06:50.540+0000] {logging_mixin.py:190} INFO - [2025-04-11T07:06:50.540+0000] {dag.py:4180} INFO - Setting next_dagrun for example_branch_datetime_operator_3 to 2025-04-10 00:00:00+00:00, run_after=2025-04-11 00:00:00+00:00
[2025-04-11T07:06:50.550+0000] {processor.py:208} INFO - Processing /home/airflow/.local/lib/python3.12/site-packages/airflow/example_dags/example_branch_datetime_operator.py took 0.097 seconds
[2025-04-11T07:07:23.671+0000] {processor.py:186} INFO - Started process (PID=348) to work on /home/airflow/.local/lib/python3.12/site-packages/airflow/example_dags/example_branch_datetime_operator.py
[2025-04-11T07:07:23.672+0000] {processor.py:914} INFO - Processing file /home/airflow/.local/lib/python3.12/site-packages/airflow/example_dags/example_branch_datetime_operator.py for tasks to queue
[2025-04-11T07:07:23.676+0000] {logging_mixin.py:190} INFO - [2025-04-11T07:07:23.675+0000] {dagbag.py:588} INFO - Filling up the DagBag from /home/airflow/.local/lib/python3.12/site-packages/airflow/example_dags/example_branch_datetime_operator.py
[2025-04-11T07:07:23.686+0000] {processor.py:925} INFO - DAG(s) 'example_branch_datetime_operator_3', 'example_branch_datetime_operator', 'example_branch_datetime_operator_2' retrieved from /home/airflow/.local/lib/python3.12/site-packages/airflow/example_dags/example_branch_datetime_operator.py
[2025-04-11T07:07:23.716+0000] {logging_mixin.py:190} INFO - [2025-04-11T07:07:23.715+0000] {dag.py:3239} INFO - Sync 3 DAGs
[2025-04-11T07:07:23.748+0000] {logging_mixin.py:190} INFO - [2025-04-11T07:07:23.748+0000] {dag.py:4180} INFO - Setting next_dagrun for example_branch_datetime_operator to 2025-04-10 00:00:00+00:00, run_after=2025-04-11 00:00:00+00:00
[2025-04-11T07:07:23.752+0000] {logging_mixin.py:190} INFO - [2025-04-11T07:07:23.752+0000] {dag.py:4180} INFO - Setting next_dagrun for example_branch_datetime_operator_2 to 2025-04-10 00:00:00+00:00, run_after=2025-04-11 00:00:00+00:00
[2025-04-11T07:07:23.753+0000] {logging_mixin.py:190} INFO - [2025-04-11T07:07:23.753+0000] {dag.py:4180} INFO - Setting next_dagrun for example_branch_datetime_operator_3 to 2025-04-10 00:00:00+00:00, run_after=2025-04-11 00:00:00+00:00
[2025-04-11T07:07:23.766+0000] {processor.py:208} INFO - Processing /home/airflow/.local/lib/python3.12/site-packages/airflow/example_dags/example_branch_datetime_operator.py took 0.100 seconds
[2025-04-11T07:07:54.802+0000] {processor.py:186} INFO - Started process (PID=410) to work on /home/airflow/.local/lib/python3.12/site-packages/airflow/example_dags/example_branch_datetime_operator.py
[2025-04-11T07:07:54.803+0000] {processor.py:914} INFO - Processing file /home/airflow/.local/lib/python3.12/site-packages/airflow/example_dags/example_branch_datetime_operator.py for tasks to queue
[2025-04-11T07:07:54.805+0000] {logging_mixin.py:190} INFO - [2025-04-11T07:07:54.805+0000] {dagbag.py:588} INFO - Filling up the DagBag from /home/airflow/.local/lib/python3.12/site-packages/airflow/example_dags/example_branch_datetime_operator.py
[2025-04-11T07:07:54.815+0000] {processor.py:925} INFO - DAG(s) 'example_branch_datetime_operator_3', 'example_branch_datetime_operator', 'example_branch_datetime_operator_2' retrieved from /home/airflow/.local/lib/python3.12/site-packages/airflow/example_dags/example_branch_datetime_operator.py
[2025-04-11T07:07:54.884+0000] {logging_mixin.py:190} INFO - [2025-04-11T07:07:54.884+0000] {dag.py:3239} INFO - Sync 3 DAGs
[2025-04-11T07:07:54.928+0000] {logging_mixin.py:190} INFO - [2025-04-11T07:07:54.928+0000] {dag.py:4180} INFO - Setting next_dagrun for example_branch_datetime_operator to 2025-04-10 00:00:00+00:00, run_after=2025-04-11 00:00:00+00:00
[2025-04-11T07:07:54.938+0000] {logging_mixin.py:190} INFO - [2025-04-11T07:07:54.938+0000] {dag.py:4180} INFO - Setting next_dagrun for example_branch_datetime_operator_2 to 2025-04-10 00:00:00+00:00, run_after=2025-04-11 00:00:00+00:00
[2025-04-11T07:07:54.943+0000] {logging_mixin.py:190} INFO - [2025-04-11T07:07:54.943+0000] {dag.py:4180} INFO - Setting next_dagrun for example_branch_datetime_operator_3 to 2025-04-10 00:00:00+00:00, run_after=2025-04-11 00:00:00+00:00
[2025-04-11T07:07:54.982+0000] {processor.py:208} INFO - Processing /home/airflow/.local/lib/python3.12/site-packages/airflow/example_dags/example_branch_datetime_operator.py took 0.184 seconds
[2025-04-11T07:08:29.454+0000] {processor.py:186} INFO - Started process (PID=474) to work on /home/airflow/.local/lib/python3.12/site-packages/airflow/example_dags/example_branch_datetime_operator.py
[2025-04-11T07:08:29.455+0000] {processor.py:914} INFO - Processing file /home/airflow/.local/lib/python3.12/site-packages/airflow/example_dags/example_branch_datetime_operator.py for tasks to queue
[2025-04-11T07:08:29.458+0000] {logging_mixin.py:190} INFO - [2025-04-11T07:08:29.458+0000] {dagbag.py:588} INFO - Filling up the DagBag from /home/airflow/.local/lib/python3.12/site-packages/airflow/example_dags/example_branch_datetime_operator.py
[2025-04-11T07:08:29.466+0000] {processor.py:925} INFO - DAG(s) 'example_branch_datetime_operator_2', 'example_branch_datetime_operator', 'example_branch_datetime_operator_3' retrieved from /home/airflow/.local/lib/python3.12/site-packages/airflow/example_dags/example_branch_datetime_operator.py
[2025-04-11T07:08:29.497+0000] {logging_mixin.py:190} INFO - [2025-04-11T07:08:29.497+0000] {dag.py:3239} INFO - Sync 3 DAGs
[2025-04-11T07:08:29.516+0000] {logging_mixin.py:190} INFO - [2025-04-11T07:08:29.516+0000] {dag.py:4180} INFO - Setting next_dagrun for example_branch_datetime_operator to 2025-04-10 00:00:00+00:00, run_after=2025-04-11 00:00:00+00:00
[2025-04-11T07:08:29.522+0000] {logging_mixin.py:190} INFO - [2025-04-11T07:08:29.522+0000] {dag.py:4180} INFO - Setting next_dagrun for example_branch_datetime_operator_2 to 2025-04-10 00:00:00+00:00, run_after=2025-04-11 00:00:00+00:00
[2025-04-11T07:08:29.524+0000] {logging_mixin.py:190} INFO - [2025-04-11T07:08:29.524+0000] {dag.py:4180} INFO - Setting next_dagrun for example_branch_datetime_operator_3 to 2025-04-10 00:00:00+00:00, run_after=2025-04-11 00:00:00+00:00
[2025-04-11T07:08:29.551+0000] {processor.py:208} INFO - Processing /home/airflow/.local/lib/python3.12/site-packages/airflow/example_dags/example_branch_datetime_operator.py took 0.102 seconds
