[2025-04-11T07:02:55.508+0000] {processor.py:186} INFO - Started process (PID=88) to work on /home/airflow/.local/lib/python3.12/site-packages/airflow/example_dags/example_dataset_alias_with_no_taskflow.py
[2025-04-11T07:02:55.516+0000] {processor.py:914} INFO - Processing file /home/airflow/.local/lib/python3.12/site-packages/airflow/example_dags/example_dataset_alias_with_no_taskflow.py for tasks to queue
[2025-04-11T07:02:55.534+0000] {logging_mixin.py:190} INFO - [2025-04-11T07:02:55.532+0000] {dagbag.py:588} INFO - Filling up the DagBag from /home/airflow/.local/lib/python3.12/site-packages/airflow/example_dags/example_dataset_alias_with_no_taskflow.py
[2025-04-11T07:03:05.389+0000] {logging_mixin.py:190} INFO - [2025-04-11T07:03:05.378+0000] {process_utils.py:266} INFO - Waiting up to 5 seconds for processes to exit...
[2025-04-11T07:03:05.401+0000] {logging_mixin.py:190} WARNING - Exception ignored in: <function WeakKeyDictionary.__init__.<locals>.remove at 0xffff7f3c5300>
[2025-04-11T07:03:05.403+0000] {logging_mixin.py:190} WARNING - Traceback (most recent call last):
[2025-04-11T07:03:05.404+0000] {logging_mixin.py:190} WARNING -   File "/usr/local/lib/python3.12/weakref.py", line 369, in remove
[2025-04-11T07:03:05.406+0000] {logging_mixin.py:190} WARNING -     def remove(k, selfref=ref(self)):
[2025-04-11T07:03:05.409+0000] {logging_mixin.py:190} WARNING -   File "/home/airflow/.local/lib/python3.12/site-packages/airflow/dag_processing/manager.py", line 466, in _exit_gracefully
[2025-04-11T07:03:05.412+0000] {logging_mixin.py:190} WARNING -     self.log.debug("Current Stacktrace is: %s", "\n".join(map(str, inspect.stack())))
[2025-04-11T07:03:05.414+0000] {logging_mixin.py:190} WARNING -                                                                    ^^^^^^^^^^^^^^^
[2025-04-11T07:03:05.415+0000] {logging_mixin.py:190} WARNING -   File "/usr/local/lib/python3.12/inspect.py", line 1781, in stack
[2025-04-11T07:03:05.420+0000] {logging_mixin.py:190} WARNING -     return getouterframes(sys._getframe(1), context)
[2025-04-11T07:03:05.421+0000] {logging_mixin.py:190} WARNING -            ^^^^^^^^^^^^^^^^^^^^^^^^^^^^^^^^^^^^^^^^^
[2025-04-11T07:03:05.423+0000] {logging_mixin.py:190} WARNING -   File "/usr/local/lib/python3.12/inspect.py", line 1756, in getouterframes
[2025-04-11T07:03:05.425+0000] {logging_mixin.py:190} WARNING -     traceback_info = getframeinfo(frame, context)
[2025-04-11T07:03:05.425+0000] {logging_mixin.py:190} WARNING -                      ^^^^^^^^^^^^^^^^^^^^^^^^^^^^
[2025-04-11T07:03:05.426+0000] {logging_mixin.py:190} WARNING -   File "/usr/local/lib/python3.12/inspect.py", line 1718, in getframeinfo
[2025-04-11T07:03:05.428+0000] {logging_mixin.py:190} WARNING -     lines, lnum = findsource(frame)
[2025-04-11T07:03:05.429+0000] {logging_mixin.py:190} WARNING -                   ^^^^^^^^^^^^^^^^^
[2025-04-11T07:03:05.430+0000] {logging_mixin.py:190} WARNING -   File "/usr/local/lib/python3.12/inspect.py", line 1090, in findsource
[2025-04-11T07:03:05.431+0000] {logging_mixin.py:190} WARNING -     module = getmodule(object, file)
[2025-04-11T07:03:05.434+0000] {logging_mixin.py:190} WARNING -              ^^^^^^^^^^^^^^^^^^^^^^^
[2025-04-11T07:03:05.435+0000] {logging_mixin.py:190} WARNING -   File "/usr/local/lib/python3.12/inspect.py", line 1013, in getmodule
[2025-04-11T07:03:05.437+0000] {logging_mixin.py:190} WARNING -     f = getabsfile(module)
[2025-04-11T07:03:05.439+0000] {logging_mixin.py:190} WARNING -         ^^^^^^^^^^^^^^^^^^
[2025-04-11T07:03:05.440+0000] {logging_mixin.py:190} WARNING -   File "/usr/local/lib/python3.12/inspect.py", line 982, in getabsfile
[2025-04-11T07:03:05.442+0000] {logging_mixin.py:190} WARNING -     _filename = getsourcefile(object) or getfile(object)
[2025-04-11T07:03:05.444+0000] {logging_mixin.py:190} WARNING -                 ^^^^^^^^^^^^^^^^^^^^^
[2025-04-11T07:03:05.447+0000] {logging_mixin.py:190} WARNING -   File "/usr/local/lib/python3.12/inspect.py", line 967, in getsourcefile
[2025-04-11T07:03:05.448+0000] {logging_mixin.py:190} WARNING -     if os.path.exists(filename):
[2025-04-11T07:03:05.449+0000] {logging_mixin.py:190} WARNING -        ^^^^^^^^^^^^^^^^^^^^^^^^
[2025-04-11T07:03:05.450+0000] {logging_mixin.py:190} WARNING -   File "<frozen genericpath>", line 19, in exists
[2025-04-11T07:03:05.451+0000] {logging_mixin.py:190} WARNING -   File "/home/airflow/.local/lib/python3.12/site-packages/airflow/dag_processing/manager.py", line 470, in _exit_gracefully
[2025-04-11T07:03:05.452+0000] {logging_mixin.py:190} WARNING -     sys.exit(os.EX_OK)
[2025-04-11T07:03:05.453+0000] {logging_mixin.py:190} WARNING - SystemExit: 0
[2025-04-11T07:03:05.682+0000] {processor.py:925} INFO - DAG(s) 'dataset_alias_example_alias_producer_with_no_taskflow', 'dataset_s3_bucket_consumer_with_no_taskflow', 'dataset_alias_example_alias_consumer_with_no_taskflow', 'dataset_s3_bucket_producer_with_no_taskflow' retrieved from /home/airflow/.local/lib/python3.12/site-packages/airflow/example_dags/example_dataset_alias_with_no_taskflow.py
[2025-04-11T07:03:05.964+0000] {logging_mixin.py:190} INFO - [2025-04-11T07:03:05.962+0000] {override.py:1912} INFO - Created Permission View: can delete on DAG:dataset_alias_example_alias_producer_with_no_taskflow
[2025-04-11T07:03:05.979+0000] {logging_mixin.py:190} INFO - [2025-04-11T07:03:05.979+0000] {override.py:1912} INFO - Created Permission View: can read on DAG:dataset_alias_example_alias_producer_with_no_taskflow
[2025-04-11T07:03:05.990+0000] {logging_mixin.py:190} INFO - [2025-04-11T07:03:05.989+0000] {override.py:1912} INFO - Created Permission View: can edit on DAG:dataset_alias_example_alias_producer_with_no_taskflow
[2025-04-11T07:03:06.027+0000] {logging_mixin.py:190} INFO - [2025-04-11T07:03:06.026+0000] {override.py:1912} INFO - Created Permission View: can delete on DAG Run:dataset_alias_example_alias_producer_with_no_taskflow
[2025-04-11T07:03:06.063+0000] {logging_mixin.py:190} INFO - [2025-04-11T07:03:06.062+0000] {override.py:1912} INFO - Created Permission View: can create on DAG Run:dataset_alias_example_alias_producer_with_no_taskflow
[2025-04-11T07:03:06.093+0000] {logging_mixin.py:190} INFO - [2025-04-11T07:03:06.092+0000] {override.py:1912} INFO - Created Permission View: can read on DAG Run:dataset_alias_example_alias_producer_with_no_taskflow
[2025-04-11T07:03:06.150+0000] {logging_mixin.py:190} INFO - [2025-04-11T07:03:06.147+0000] {override.py:1912} INFO - Created Permission View: menu access on DAG Run:dataset_alias_example_alias_producer_with_no_taskflow
[2025-04-11T07:03:06.205+0000] {logging_mixin.py:190} INFO - [2025-04-11T07:03:06.203+0000] {override.py:1912} INFO - Created Permission View: can delete on DAG:dataset_s3_bucket_consumer_with_no_taskflow
[2025-04-11T07:03:06.219+0000] {logging_mixin.py:190} INFO - [2025-04-11T07:03:06.219+0000] {override.py:1912} INFO - Created Permission View: can read on DAG:dataset_s3_bucket_consumer_with_no_taskflow
[2025-04-11T07:03:06.240+0000] {logging_mixin.py:190} INFO - [2025-04-11T07:03:06.238+0000] {override.py:1912} INFO - Created Permission View: can edit on DAG:dataset_s3_bucket_consumer_with_no_taskflow
[2025-04-11T07:03:06.255+0000] {logging_mixin.py:190} INFO - [2025-04-11T07:03:06.255+0000] {override.py:1912} INFO - Created Permission View: can delete on DAG Run:dataset_s3_bucket_consumer_with_no_taskflow
[2025-04-11T07:03:06.264+0000] {logging_mixin.py:190} INFO - [2025-04-11T07:03:06.263+0000] {override.py:1912} INFO - Created Permission View: can create on DAG Run:dataset_s3_bucket_consumer_with_no_taskflow
[2025-04-11T07:03:06.283+0000] {logging_mixin.py:190} INFO - [2025-04-11T07:03:06.282+0000] {override.py:1912} INFO - Created Permission View: can read on DAG Run:dataset_s3_bucket_consumer_with_no_taskflow
[2025-04-11T07:03:06.307+0000] {logging_mixin.py:190} INFO - [2025-04-11T07:03:06.307+0000] {override.py:1912} INFO - Created Permission View: menu access on DAG Run:dataset_s3_bucket_consumer_with_no_taskflow
[2025-04-11T07:03:06.349+0000] {logging_mixin.py:190} INFO - [2025-04-11T07:03:06.348+0000] {override.py:1912} INFO - Created Permission View: can delete on DAG:dataset_alias_example_alias_consumer_with_no_taskflow
[2025-04-11T07:03:06.363+0000] {logging_mixin.py:190} INFO - [2025-04-11T07:03:06.362+0000] {override.py:1912} INFO - Created Permission View: can read on DAG:dataset_alias_example_alias_consumer_with_no_taskflow
[2025-04-11T07:03:06.377+0000] {logging_mixin.py:190} INFO - [2025-04-11T07:03:06.377+0000] {override.py:1912} INFO - Created Permission View: can edit on DAG:dataset_alias_example_alias_consumer_with_no_taskflow
[2025-04-11T07:03:06.392+0000] {logging_mixin.py:190} INFO - [2025-04-11T07:03:06.391+0000] {override.py:1912} INFO - Created Permission View: can delete on DAG Run:dataset_alias_example_alias_consumer_with_no_taskflow
[2025-04-11T07:03:06.413+0000] {logging_mixin.py:190} INFO - [2025-04-11T07:03:06.413+0000] {override.py:1912} INFO - Created Permission View: can create on DAG Run:dataset_alias_example_alias_consumer_with_no_taskflow
[2025-04-11T07:03:06.426+0000] {logging_mixin.py:190} INFO - [2025-04-11T07:03:06.425+0000] {override.py:1912} INFO - Created Permission View: can read on DAG Run:dataset_alias_example_alias_consumer_with_no_taskflow
[2025-04-11T07:03:06.443+0000] {logging_mixin.py:190} INFO - [2025-04-11T07:03:06.442+0000] {override.py:1912} INFO - Created Permission View: menu access on DAG Run:dataset_alias_example_alias_consumer_with_no_taskflow
[2025-04-11T07:03:06.477+0000] {logging_mixin.py:190} INFO - [2025-04-11T07:03:06.477+0000] {override.py:1912} INFO - Created Permission View: can delete on DAG:dataset_s3_bucket_producer_with_no_taskflow
[2025-04-11T07:03:06.493+0000] {logging_mixin.py:190} INFO - [2025-04-11T07:03:06.492+0000] {override.py:1912} INFO - Created Permission View: can read on DAG:dataset_s3_bucket_producer_with_no_taskflow
[2025-04-11T07:03:06.508+0000] {logging_mixin.py:190} INFO - [2025-04-11T07:03:06.508+0000] {override.py:1912} INFO - Created Permission View: can edit on DAG:dataset_s3_bucket_producer_with_no_taskflow
[2025-04-11T07:03:06.522+0000] {logging_mixin.py:190} INFO - [2025-04-11T07:03:06.521+0000] {override.py:1912} INFO - Created Permission View: can delete on DAG Run:dataset_s3_bucket_producer_with_no_taskflow
[2025-04-11T07:03:06.533+0000] {logging_mixin.py:190} INFO - [2025-04-11T07:03:06.533+0000] {override.py:1912} INFO - Created Permission View: can create on DAG Run:dataset_s3_bucket_producer_with_no_taskflow
[2025-04-11T07:03:06.556+0000] {logging_mixin.py:190} INFO - [2025-04-11T07:03:06.556+0000] {override.py:1912} INFO - Created Permission View: can read on DAG Run:dataset_s3_bucket_producer_with_no_taskflow
[2025-04-11T07:03:06.570+0000] {logging_mixin.py:190} INFO - [2025-04-11T07:03:06.570+0000] {override.py:1912} INFO - Created Permission View: menu access on DAG Run:dataset_s3_bucket_producer_with_no_taskflow
[2025-04-11T07:03:06.571+0000] {logging_mixin.py:190} INFO - [2025-04-11T07:03:06.571+0000] {dag.py:3239} INFO - Sync 4 DAGs
[2025-04-11T07:03:06.653+0000] {logging_mixin.py:190} INFO - [2025-04-11T07:03:06.650+0000] {dag.py:3262} INFO - Creating ORM DAG for dataset_alias_example_alias_consumer_with_no_taskflow
[2025-04-11T07:03:06.656+0000] {logging_mixin.py:190} INFO - [2025-04-11T07:03:06.655+0000] {dag.py:3262} INFO - Creating ORM DAG for dataset_s3_bucket_consumer_with_no_taskflow
[2025-04-11T07:03:06.659+0000] {logging_mixin.py:190} INFO - [2025-04-11T07:03:06.658+0000] {dag.py:3262} INFO - Creating ORM DAG for dataset_s3_bucket_producer_with_no_taskflow
[2025-04-11T07:03:06.660+0000] {logging_mixin.py:190} INFO - [2025-04-11T07:03:06.660+0000] {dag.py:3262} INFO - Creating ORM DAG for dataset_alias_example_alias_producer_with_no_taskflow
[2025-04-11T07:03:06.697+0000] {logging_mixin.py:190} INFO - [2025-04-11T07:03:06.696+0000] {dag.py:4180} INFO - Setting next_dagrun for dataset_alias_example_alias_consumer_with_no_taskflow to None, run_after=None
[2025-04-11T07:03:06.705+0000] {logging_mixin.py:190} INFO - [2025-04-11T07:03:06.704+0000] {dag.py:4180} INFO - Setting next_dagrun for dataset_alias_example_alias_producer_with_no_taskflow to None, run_after=None
[2025-04-11T07:03:06.707+0000] {logging_mixin.py:190} INFO - [2025-04-11T07:03:06.706+0000] {dag.py:4180} INFO - Setting next_dagrun for dataset_s3_bucket_consumer_with_no_taskflow to None, run_after=None
[2025-04-11T07:03:06.708+0000] {logging_mixin.py:190} INFO - [2025-04-11T07:03:06.708+0000] {dag.py:4180} INFO - Setting next_dagrun for dataset_s3_bucket_producer_with_no_taskflow to None, run_after=None
[2025-04-11T07:03:06.811+0000] {processor.py:208} INFO - Processing /home/airflow/.local/lib/python3.12/site-packages/airflow/example_dags/example_dataset_alias_with_no_taskflow.py took 11.351 seconds
[2025-04-11T07:04:58.067+0000] {processor.py:186} INFO - Started process (PID=82) to work on /home/airflow/.local/lib/python3.12/site-packages/airflow/example_dags/example_dataset_alias_with_no_taskflow.py
[2025-04-11T07:04:58.070+0000] {processor.py:914} INFO - Processing file /home/airflow/.local/lib/python3.12/site-packages/airflow/example_dags/example_dataset_alias_with_no_taskflow.py for tasks to queue
[2025-04-11T07:04:58.073+0000] {logging_mixin.py:190} INFO - [2025-04-11T07:04:58.073+0000] {dagbag.py:588} INFO - Filling up the DagBag from /home/airflow/.local/lib/python3.12/site-packages/airflow/example_dags/example_dataset_alias_with_no_taskflow.py
[2025-04-11T07:04:59.679+0000] {processor.py:925} INFO - DAG(s) 'dataset_alias_example_alias_producer_with_no_taskflow', 'dataset_s3_bucket_producer_with_no_taskflow', 'dataset_alias_example_alias_consumer_with_no_taskflow', 'dataset_s3_bucket_consumer_with_no_taskflow' retrieved from /home/airflow/.local/lib/python3.12/site-packages/airflow/example_dags/example_dataset_alias_with_no_taskflow.py
[2025-04-11T07:04:59.712+0000] {logging_mixin.py:190} INFO - [2025-04-11T07:04:59.712+0000] {dag.py:3239} INFO - Sync 4 DAGs
[2025-04-11T07:04:59.749+0000] {logging_mixin.py:190} INFO - [2025-04-11T07:04:59.748+0000] {dag.py:4180} INFO - Setting next_dagrun for dataset_alias_example_alias_consumer_with_no_taskflow to None, run_after=None
[2025-04-11T07:04:59.751+0000] {logging_mixin.py:190} INFO - [2025-04-11T07:04:59.751+0000] {dag.py:4180} INFO - Setting next_dagrun for dataset_alias_example_alias_producer_with_no_taskflow to None, run_after=None
[2025-04-11T07:04:59.752+0000] {logging_mixin.py:190} INFO - [2025-04-11T07:04:59.752+0000] {dag.py:4180} INFO - Setting next_dagrun for dataset_s3_bucket_consumer_with_no_taskflow to None, run_after=None
[2025-04-11T07:04:59.753+0000] {logging_mixin.py:190} INFO - [2025-04-11T07:04:59.753+0000] {dag.py:4180} INFO - Setting next_dagrun for dataset_s3_bucket_producer_with_no_taskflow to None, run_after=None
[2025-04-11T07:04:59.794+0000] {processor.py:208} INFO - Processing /home/airflow/.local/lib/python3.12/site-packages/airflow/example_dags/example_dataset_alias_with_no_taskflow.py took 1.735 seconds
[2025-04-11T07:05:46.443+0000] {processor.py:186} INFO - Started process (PID=151) to work on /home/airflow/.local/lib/python3.12/site-packages/airflow/example_dags/example_dataset_alias_with_no_taskflow.py
[2025-04-11T07:05:46.445+0000] {processor.py:914} INFO - Processing file /home/airflow/.local/lib/python3.12/site-packages/airflow/example_dags/example_dataset_alias_with_no_taskflow.py for tasks to queue
[2025-04-11T07:05:46.449+0000] {logging_mixin.py:190} INFO - [2025-04-11T07:05:46.448+0000] {dagbag.py:588} INFO - Filling up the DagBag from /home/airflow/.local/lib/python3.12/site-packages/airflow/example_dags/example_dataset_alias_with_no_taskflow.py
[2025-04-11T07:05:48.315+0000] {processor.py:925} INFO - DAG(s) 'dataset_s3_bucket_producer_with_no_taskflow', 'dataset_alias_example_alias_producer_with_no_taskflow', 'dataset_s3_bucket_consumer_with_no_taskflow', 'dataset_alias_example_alias_consumer_with_no_taskflow' retrieved from /home/airflow/.local/lib/python3.12/site-packages/airflow/example_dags/example_dataset_alias_with_no_taskflow.py
[2025-04-11T07:05:48.336+0000] {logging_mixin.py:190} INFO - [2025-04-11T07:05:48.335+0000] {dag.py:3239} INFO - Sync 4 DAGs
[2025-04-11T07:05:48.384+0000] {logging_mixin.py:190} INFO - [2025-04-11T07:05:48.383+0000] {dag.py:4180} INFO - Setting next_dagrun for dataset_alias_example_alias_consumer_with_no_taskflow to None, run_after=None
[2025-04-11T07:05:48.389+0000] {logging_mixin.py:190} INFO - [2025-04-11T07:05:48.389+0000] {dag.py:4180} INFO - Setting next_dagrun for dataset_alias_example_alias_producer_with_no_taskflow to None, run_after=None
[2025-04-11T07:05:48.397+0000] {logging_mixin.py:190} INFO - [2025-04-11T07:05:48.396+0000] {dag.py:4180} INFO - Setting next_dagrun for dataset_s3_bucket_consumer_with_no_taskflow to None, run_after=None
[2025-04-11T07:05:48.404+0000] {logging_mixin.py:190} INFO - [2025-04-11T07:05:48.403+0000] {dag.py:4180} INFO - Setting next_dagrun for dataset_s3_bucket_producer_with_no_taskflow to None, run_after=None
[2025-04-11T07:05:48.437+0000] {processor.py:208} INFO - Processing /home/airflow/.local/lib/python3.12/site-packages/airflow/example_dags/example_dataset_alias_with_no_taskflow.py took 2.001 seconds
[2025-04-11T07:06:18.995+0000] {processor.py:186} INFO - Started process (PID=218) to work on /home/airflow/.local/lib/python3.12/site-packages/airflow/example_dags/example_dataset_alias_with_no_taskflow.py
[2025-04-11T07:06:18.997+0000] {processor.py:914} INFO - Processing file /home/airflow/.local/lib/python3.12/site-packages/airflow/example_dags/example_dataset_alias_with_no_taskflow.py for tasks to queue
[2025-04-11T07:06:19.001+0000] {logging_mixin.py:190} INFO - [2025-04-11T07:06:19.001+0000] {dagbag.py:588} INFO - Filling up the DagBag from /home/airflow/.local/lib/python3.12/site-packages/airflow/example_dags/example_dataset_alias_with_no_taskflow.py
[2025-04-11T07:06:20.245+0000] {processor.py:925} INFO - DAG(s) 'dataset_s3_bucket_producer_with_no_taskflow', 'dataset_alias_example_alias_producer_with_no_taskflow', 'dataset_s3_bucket_consumer_with_no_taskflow', 'dataset_alias_example_alias_consumer_with_no_taskflow' retrieved from /home/airflow/.local/lib/python3.12/site-packages/airflow/example_dags/example_dataset_alias_with_no_taskflow.py
[2025-04-11T07:06:20.270+0000] {logging_mixin.py:190} INFO - [2025-04-11T07:06:20.269+0000] {dag.py:3239} INFO - Sync 4 DAGs
[2025-04-11T07:06:20.312+0000] {logging_mixin.py:190} INFO - [2025-04-11T07:06:20.312+0000] {dag.py:4180} INFO - Setting next_dagrun for dataset_alias_example_alias_consumer_with_no_taskflow to None, run_after=None
[2025-04-11T07:06:20.319+0000] {logging_mixin.py:190} INFO - [2025-04-11T07:06:20.319+0000] {dag.py:4180} INFO - Setting next_dagrun for dataset_alias_example_alias_producer_with_no_taskflow to None, run_after=None
[2025-04-11T07:06:20.321+0000] {logging_mixin.py:190} INFO - [2025-04-11T07:06:20.321+0000] {dag.py:4180} INFO - Setting next_dagrun for dataset_s3_bucket_consumer_with_no_taskflow to None, run_after=None
[2025-04-11T07:06:20.323+0000] {logging_mixin.py:190} INFO - [2025-04-11T07:06:20.323+0000] {dag.py:4180} INFO - Setting next_dagrun for dataset_s3_bucket_producer_with_no_taskflow to None, run_after=None
[2025-04-11T07:06:20.347+0000] {processor.py:208} INFO - Processing /home/airflow/.local/lib/python3.12/site-packages/airflow/example_dags/example_dataset_alias_with_no_taskflow.py took 1.363 seconds
[2025-04-11T07:06:50.612+0000] {processor.py:186} INFO - Started process (PID=287) to work on /home/airflow/.local/lib/python3.12/site-packages/airflow/example_dags/example_dataset_alias_with_no_taskflow.py
[2025-04-11T07:06:50.615+0000] {processor.py:914} INFO - Processing file /home/airflow/.local/lib/python3.12/site-packages/airflow/example_dags/example_dataset_alias_with_no_taskflow.py for tasks to queue
[2025-04-11T07:06:50.617+0000] {logging_mixin.py:190} INFO - [2025-04-11T07:06:50.617+0000] {dagbag.py:588} INFO - Filling up the DagBag from /home/airflow/.local/lib/python3.12/site-packages/airflow/example_dags/example_dataset_alias_with_no_taskflow.py
[2025-04-11T07:06:51.512+0000] {processor.py:925} INFO - DAG(s) 'dataset_alias_example_alias_producer_with_no_taskflow', 'dataset_alias_example_alias_consumer_with_no_taskflow', 'dataset_s3_bucket_producer_with_no_taskflow', 'dataset_s3_bucket_consumer_with_no_taskflow' retrieved from /home/airflow/.local/lib/python3.12/site-packages/airflow/example_dags/example_dataset_alias_with_no_taskflow.py
[2025-04-11T07:06:51.536+0000] {logging_mixin.py:190} INFO - [2025-04-11T07:06:51.535+0000] {dag.py:3239} INFO - Sync 4 DAGs
[2025-04-11T07:06:51.554+0000] {logging_mixin.py:190} INFO - [2025-04-11T07:06:51.553+0000] {dag.py:4180} INFO - Setting next_dagrun for dataset_alias_example_alias_consumer_with_no_taskflow to None, run_after=None
[2025-04-11T07:06:51.555+0000] {logging_mixin.py:190} INFO - [2025-04-11T07:06:51.555+0000] {dag.py:4180} INFO - Setting next_dagrun for dataset_alias_example_alias_producer_with_no_taskflow to None, run_after=None
[2025-04-11T07:06:51.556+0000] {logging_mixin.py:190} INFO - [2025-04-11T07:06:51.556+0000] {dag.py:4180} INFO - Setting next_dagrun for dataset_s3_bucket_consumer_with_no_taskflow to None, run_after=None
[2025-04-11T07:06:51.557+0000] {logging_mixin.py:190} INFO - [2025-04-11T07:06:51.557+0000] {dag.py:4180} INFO - Setting next_dagrun for dataset_s3_bucket_producer_with_no_taskflow to None, run_after=None
[2025-04-11T07:06:51.572+0000] {processor.py:208} INFO - Processing /home/airflow/.local/lib/python3.12/site-packages/airflow/example_dags/example_dataset_alias_with_no_taskflow.py took 0.967 seconds
[2025-04-11T07:07:23.638+0000] {processor.py:186} INFO - Started process (PID=347) to work on /home/airflow/.local/lib/python3.12/site-packages/airflow/example_dags/example_dataset_alias_with_no_taskflow.py
[2025-04-11T07:07:23.639+0000] {processor.py:914} INFO - Processing file /home/airflow/.local/lib/python3.12/site-packages/airflow/example_dags/example_dataset_alias_with_no_taskflow.py for tasks to queue
[2025-04-11T07:07:23.642+0000] {logging_mixin.py:190} INFO - [2025-04-11T07:07:23.642+0000] {dagbag.py:588} INFO - Filling up the DagBag from /home/airflow/.local/lib/python3.12/site-packages/airflow/example_dags/example_dataset_alias_with_no_taskflow.py
[2025-04-11T07:07:25.059+0000] {processor.py:925} INFO - DAG(s) 'dataset_s3_bucket_producer_with_no_taskflow', 'dataset_alias_example_alias_producer_with_no_taskflow', 'dataset_s3_bucket_consumer_with_no_taskflow', 'dataset_alias_example_alias_consumer_with_no_taskflow' retrieved from /home/airflow/.local/lib/python3.12/site-packages/airflow/example_dags/example_dataset_alias_with_no_taskflow.py
[2025-04-11T07:07:25.089+0000] {logging_mixin.py:190} INFO - [2025-04-11T07:07:25.087+0000] {dag.py:3239} INFO - Sync 4 DAGs
[2025-04-11T07:07:25.128+0000] {logging_mixin.py:190} INFO - [2025-04-11T07:07:25.128+0000] {dag.py:4180} INFO - Setting next_dagrun for dataset_alias_example_alias_consumer_with_no_taskflow to None, run_after=None
[2025-04-11T07:07:25.131+0000] {logging_mixin.py:190} INFO - [2025-04-11T07:07:25.131+0000] {dag.py:4180} INFO - Setting next_dagrun for dataset_alias_example_alias_producer_with_no_taskflow to None, run_after=None
[2025-04-11T07:07:25.133+0000] {logging_mixin.py:190} INFO - [2025-04-11T07:07:25.132+0000] {dag.py:4180} INFO - Setting next_dagrun for dataset_s3_bucket_consumer_with_no_taskflow to None, run_after=None
[2025-04-11T07:07:25.134+0000] {logging_mixin.py:190} INFO - [2025-04-11T07:07:25.134+0000] {dag.py:4180} INFO - Setting next_dagrun for dataset_s3_bucket_producer_with_no_taskflow to None, run_after=None
[2025-04-11T07:07:25.152+0000] {processor.py:208} INFO - Processing /home/airflow/.local/lib/python3.12/site-packages/airflow/example_dags/example_dataset_alias_with_no_taskflow.py took 1.523 seconds
[2025-04-11T07:07:55.358+0000] {processor.py:186} INFO - Started process (PID=417) to work on /home/airflow/.local/lib/python3.12/site-packages/airflow/example_dags/example_dataset_alias_with_no_taskflow.py
[2025-04-11T07:07:55.362+0000] {processor.py:914} INFO - Processing file /home/airflow/.local/lib/python3.12/site-packages/airflow/example_dags/example_dataset_alias_with_no_taskflow.py for tasks to queue
[2025-04-11T07:07:55.364+0000] {logging_mixin.py:190} INFO - [2025-04-11T07:07:55.364+0000] {dagbag.py:588} INFO - Filling up the DagBag from /home/airflow/.local/lib/python3.12/site-packages/airflow/example_dags/example_dataset_alias_with_no_taskflow.py
[2025-04-11T07:07:56.393+0000] {processor.py:925} INFO - DAG(s) 'dataset_alias_example_alias_consumer_with_no_taskflow', 'dataset_alias_example_alias_producer_with_no_taskflow', 'dataset_s3_bucket_producer_with_no_taskflow', 'dataset_s3_bucket_consumer_with_no_taskflow' retrieved from /home/airflow/.local/lib/python3.12/site-packages/airflow/example_dags/example_dataset_alias_with_no_taskflow.py
[2025-04-11T07:07:56.422+0000] {logging_mixin.py:190} INFO - [2025-04-11T07:07:56.419+0000] {dag.py:3239} INFO - Sync 4 DAGs
[2025-04-11T07:07:56.444+0000] {logging_mixin.py:190} INFO - [2025-04-11T07:07:56.444+0000] {dag.py:4180} INFO - Setting next_dagrun for dataset_alias_example_alias_consumer_with_no_taskflow to None, run_after=None
[2025-04-11T07:07:56.447+0000] {logging_mixin.py:190} INFO - [2025-04-11T07:07:56.447+0000] {dag.py:4180} INFO - Setting next_dagrun for dataset_alias_example_alias_producer_with_no_taskflow to None, run_after=None
[2025-04-11T07:07:56.448+0000] {logging_mixin.py:190} INFO - [2025-04-11T07:07:56.448+0000] {dag.py:4180} INFO - Setting next_dagrun for dataset_s3_bucket_consumer_with_no_taskflow to None, run_after=None
[2025-04-11T07:07:56.450+0000] {logging_mixin.py:190} INFO - [2025-04-11T07:07:56.450+0000] {dag.py:4180} INFO - Setting next_dagrun for dataset_s3_bucket_producer_with_no_taskflow to None, run_after=None
[2025-04-11T07:07:56.478+0000] {processor.py:208} INFO - Processing /home/airflow/.local/lib/python3.12/site-packages/airflow/example_dags/example_dataset_alias_with_no_taskflow.py took 1.125 seconds
[2025-04-11T07:08:27.442+0000] {processor.py:186} INFO - Started process (PID=466) to work on /home/airflow/.local/lib/python3.12/site-packages/airflow/example_dags/example_dataset_alias_with_no_taskflow.py
[2025-04-11T07:08:27.445+0000] {processor.py:914} INFO - Processing file /home/airflow/.local/lib/python3.12/site-packages/airflow/example_dags/example_dataset_alias_with_no_taskflow.py for tasks to queue
[2025-04-11T07:08:27.461+0000] {logging_mixin.py:190} INFO - [2025-04-11T07:08:27.458+0000] {dagbag.py:588} INFO - Filling up the DagBag from /home/airflow/.local/lib/python3.12/site-packages/airflow/example_dags/example_dataset_alias_with_no_taskflow.py
[2025-04-11T07:08:29.129+0000] {processor.py:925} INFO - DAG(s) 'dataset_alias_example_alias_consumer_with_no_taskflow', 'dataset_alias_example_alias_producer_with_no_taskflow', 'dataset_s3_bucket_producer_with_no_taskflow', 'dataset_s3_bucket_consumer_with_no_taskflow' retrieved from /home/airflow/.local/lib/python3.12/site-packages/airflow/example_dags/example_dataset_alias_with_no_taskflow.py
[2025-04-11T07:08:29.142+0000] {logging_mixin.py:190} INFO - [2025-04-11T07:08:29.141+0000] {dag.py:3239} INFO - Sync 4 DAGs
[2025-04-11T07:08:29.166+0000] {logging_mixin.py:190} INFO - [2025-04-11T07:08:29.166+0000] {dag.py:4180} INFO - Setting next_dagrun for dataset_alias_example_alias_consumer_with_no_taskflow to None, run_after=None
[2025-04-11T07:08:29.168+0000] {logging_mixin.py:190} INFO - [2025-04-11T07:08:29.168+0000] {dag.py:4180} INFO - Setting next_dagrun for dataset_alias_example_alias_producer_with_no_taskflow to None, run_after=None
[2025-04-11T07:08:29.170+0000] {logging_mixin.py:190} INFO - [2025-04-11T07:08:29.170+0000] {dag.py:4180} INFO - Setting next_dagrun for dataset_s3_bucket_consumer_with_no_taskflow to None, run_after=None
[2025-04-11T07:08:29.171+0000] {logging_mixin.py:190} INFO - [2025-04-11T07:08:29.171+0000] {dag.py:4180} INFO - Setting next_dagrun for dataset_s3_bucket_producer_with_no_taskflow to None, run_after=None
[2025-04-11T07:08:29.192+0000] {processor.py:208} INFO - Processing /home/airflow/.local/lib/python3.12/site-packages/airflow/example_dags/example_dataset_alias_with_no_taskflow.py took 1.778 seconds
