[2025-04-11T07:05:09.770+0000] {processor.py:186} INFO - Started process (PID=114) to work on /home/airflow/.local/lib/python3.12/site-packages/airflow/example_dags/example_outlet_event_extra.py
[2025-04-11T07:05:09.785+0000] {processor.py:914} INFO - Processing file /home/airflow/.local/lib/python3.12/site-packages/airflow/example_dags/example_outlet_event_extra.py for tasks to queue
[2025-04-11T07:05:09.814+0000] {logging_mixin.py:190} INFO - [2025-04-11T07:05:09.809+0000] {dagbag.py:588} INFO - Filling up the DagBag from /home/airflow/.local/lib/python3.12/site-packages/airflow/example_dags/example_outlet_event_extra.py
[2025-04-11T07:05:20.104+0000] {processor.py:925} INFO - DAG(s) 'dataset_with_extra_by_context', 'dataset_with_extra_by_yield', 'dataset_with_extra_from_classic_operator' retrieved from /home/airflow/.local/lib/python3.12/site-packages/airflow/example_dags/example_outlet_event_extra.py
[2025-04-11T07:05:21.440+0000] {logging_mixin.py:190} INFO - [2025-04-11T07:05:21.290+0000] {override.py:1912} INFO - Created Permission View: can read on DAG:dataset_with_extra_by_context
[2025-04-11T07:05:21.575+0000] {logging_mixin.py:190} INFO - [2025-04-11T07:05:21.574+0000] {override.py:1912} INFO - Created Permission View: can edit on DAG:dataset_with_extra_by_context
[2025-04-11T07:05:21.594+0000] {logging_mixin.py:190} INFO - [2025-04-11T07:05:21.593+0000] {override.py:1912} INFO - Created Permission View: can delete on DAG:dataset_with_extra_by_context
[2025-04-11T07:05:21.619+0000] {logging_mixin.py:190} INFO - [2025-04-11T07:05:21.618+0000] {override.py:1912} INFO - Created Permission View: menu access on DAG Run:dataset_with_extra_by_context
[2025-04-11T07:05:21.636+0000] {logging_mixin.py:190} INFO - [2025-04-11T07:05:21.635+0000] {override.py:1912} INFO - Created Permission View: can create on DAG Run:dataset_with_extra_by_context
[2025-04-11T07:05:21.655+0000] {logging_mixin.py:190} INFO - [2025-04-11T07:05:21.654+0000] {override.py:1912} INFO - Created Permission View: can read on DAG Run:dataset_with_extra_by_context
[2025-04-11T07:05:21.680+0000] {logging_mixin.py:190} INFO - [2025-04-11T07:05:21.678+0000] {override.py:1912} INFO - Created Permission View: can delete on DAG Run:dataset_with_extra_by_context
[2025-04-11T07:05:21.766+0000] {logging_mixin.py:190} INFO - [2025-04-11T07:05:21.765+0000] {override.py:1912} INFO - Created Permission View: can read on DAG:dataset_with_extra_by_yield
[2025-04-11T07:05:21.789+0000] {logging_mixin.py:190} INFO - [2025-04-11T07:05:21.788+0000] {override.py:1912} INFO - Created Permission View: can edit on DAG:dataset_with_extra_by_yield
[2025-04-11T07:05:21.820+0000] {logging_mixin.py:190} INFO - [2025-04-11T07:05:21.819+0000] {override.py:1912} INFO - Created Permission View: can delete on DAG:dataset_with_extra_by_yield
[2025-04-11T07:05:21.833+0000] {logging_mixin.py:190} INFO - [2025-04-11T07:05:21.832+0000] {override.py:1912} INFO - Created Permission View: menu access on DAG Run:dataset_with_extra_by_yield
[2025-04-11T07:05:21.855+0000] {logging_mixin.py:190} INFO - [2025-04-11T07:05:21.854+0000] {override.py:1912} INFO - Created Permission View: can create on DAG Run:dataset_with_extra_by_yield
[2025-04-11T07:05:21.886+0000] {logging_mixin.py:190} INFO - [2025-04-11T07:05:21.884+0000] {override.py:1912} INFO - Created Permission View: can read on DAG Run:dataset_with_extra_by_yield
[2025-04-11T07:05:21.920+0000] {logging_mixin.py:190} INFO - [2025-04-11T07:05:21.913+0000] {override.py:1912} INFO - Created Permission View: can delete on DAG Run:dataset_with_extra_by_yield
[2025-04-11T07:05:22.097+0000] {logging_mixin.py:190} INFO - [2025-04-11T07:05:22.090+0000] {override.py:1912} INFO - Created Permission View: can read on DAG:dataset_with_extra_from_classic_operator
[2025-04-11T07:05:22.213+0000] {logging_mixin.py:190} INFO - [2025-04-11T07:05:22.211+0000] {override.py:1912} INFO - Created Permission View: can edit on DAG:dataset_with_extra_from_classic_operator
[2025-04-11T07:05:22.287+0000] {logging_mixin.py:190} INFO - [2025-04-11T07:05:22.286+0000] {override.py:1912} INFO - Created Permission View: can delete on DAG:dataset_with_extra_from_classic_operator
[2025-04-11T07:05:22.344+0000] {logging_mixin.py:190} INFO - [2025-04-11T07:05:22.330+0000] {override.py:1912} INFO - Created Permission View: menu access on DAG Run:dataset_with_extra_from_classic_operator
[2025-04-11T07:05:22.497+0000] {logging_mixin.py:190} INFO - [2025-04-11T07:05:22.485+0000] {override.py:1912} INFO - Created Permission View: can create on DAG Run:dataset_with_extra_from_classic_operator
[2025-04-11T07:05:22.551+0000] {logging_mixin.py:190} INFO - [2025-04-11T07:05:22.551+0000] {override.py:1912} INFO - Created Permission View: can read on DAG Run:dataset_with_extra_from_classic_operator
[2025-04-11T07:05:22.586+0000] {logging_mixin.py:190} INFO - [2025-04-11T07:05:22.584+0000] {override.py:1912} INFO - Created Permission View: can delete on DAG Run:dataset_with_extra_from_classic_operator
[2025-04-11T07:05:22.598+0000] {logging_mixin.py:190} INFO - [2025-04-11T07:05:22.597+0000] {dag.py:3239} INFO - Sync 3 DAGs
[2025-04-11T07:05:22.756+0000] {logging_mixin.py:190} INFO - [2025-04-11T07:05:22.754+0000] {dag.py:3262} INFO - Creating ORM DAG for dataset_with_extra_from_classic_operator
[2025-04-11T07:05:22.759+0000] {logging_mixin.py:190} INFO - [2025-04-11T07:05:22.759+0000] {dag.py:3262} INFO - Creating ORM DAG for dataset_with_extra_by_context
[2025-04-11T07:05:22.762+0000] {logging_mixin.py:190} INFO - [2025-04-11T07:05:22.761+0000] {dag.py:3262} INFO - Creating ORM DAG for dataset_with_extra_by_yield
[2025-04-11T07:05:22.835+0000] {logging_mixin.py:190} INFO - [2025-04-11T07:05:22.834+0000] {dag.py:4180} INFO - Setting next_dagrun for dataset_with_extra_by_context to 2025-04-10 00:00:00+00:00, run_after=2025-04-11 00:00:00+00:00
[2025-04-11T07:05:22.842+0000] {logging_mixin.py:190} INFO - [2025-04-11T07:05:22.841+0000] {dag.py:4180} INFO - Setting next_dagrun for dataset_with_extra_by_yield to 2025-04-10 00:00:00+00:00, run_after=2025-04-11 00:00:00+00:00
[2025-04-11T07:05:22.848+0000] {logging_mixin.py:190} INFO - [2025-04-11T07:05:22.847+0000] {dag.py:4180} INFO - Setting next_dagrun for dataset_with_extra_from_classic_operator to 2025-04-10 00:00:00+00:00, run_after=2025-04-11 00:00:00+00:00
[2025-04-11T07:05:23.022+0000] {processor.py:208} INFO - Processing /home/airflow/.local/lib/python3.12/site-packages/airflow/example_dags/example_outlet_event_extra.py took 13.297 seconds
[2025-04-11T07:05:53.345+0000] {processor.py:186} INFO - Started process (PID=180) to work on /home/airflow/.local/lib/python3.12/site-packages/airflow/example_dags/example_outlet_event_extra.py
[2025-04-11T07:05:53.353+0000] {processor.py:914} INFO - Processing file /home/airflow/.local/lib/python3.12/site-packages/airflow/example_dags/example_outlet_event_extra.py for tasks to queue
[2025-04-11T07:05:53.359+0000] {logging_mixin.py:190} INFO - [2025-04-11T07:05:53.358+0000] {dagbag.py:588} INFO - Filling up the DagBag from /home/airflow/.local/lib/python3.12/site-packages/airflow/example_dags/example_outlet_event_extra.py
[2025-04-11T07:05:56.509+0000] {processor.py:925} INFO - DAG(s) 'dataset_with_extra_by_context', 'dataset_with_extra_by_yield', 'dataset_with_extra_from_classic_operator' retrieved from /home/airflow/.local/lib/python3.12/site-packages/airflow/example_dags/example_outlet_event_extra.py
[2025-04-11T07:05:56.651+0000] {logging_mixin.py:190} INFO - [2025-04-11T07:05:56.650+0000] {dag.py:3239} INFO - Sync 3 DAGs
[2025-04-11T07:05:56.724+0000] {logging_mixin.py:190} INFO - [2025-04-11T07:05:56.723+0000] {dag.py:4180} INFO - Setting next_dagrun for dataset_with_extra_by_context to 2025-04-10 00:00:00+00:00, run_after=2025-04-11 00:00:00+00:00
[2025-04-11T07:05:56.741+0000] {logging_mixin.py:190} INFO - [2025-04-11T07:05:56.741+0000] {dag.py:4180} INFO - Setting next_dagrun for dataset_with_extra_by_yield to 2025-04-10 00:00:00+00:00, run_after=2025-04-11 00:00:00+00:00
[2025-04-11T07:05:56.743+0000] {logging_mixin.py:190} INFO - [2025-04-11T07:05:56.743+0000] {dag.py:4180} INFO - Setting next_dagrun for dataset_with_extra_from_classic_operator to 2025-04-10 00:00:00+00:00, run_after=2025-04-11 00:00:00+00:00
[2025-04-11T07:05:56.779+0000] {processor.py:208} INFO - Processing /home/airflow/.local/lib/python3.12/site-packages/airflow/example_dags/example_outlet_event_extra.py took 3.443 seconds
[2025-04-11T07:06:27.122+0000] {processor.py:186} INFO - Started process (PID=244) to work on /home/airflow/.local/lib/python3.12/site-packages/airflow/example_dags/example_outlet_event_extra.py
[2025-04-11T07:06:27.124+0000] {processor.py:914} INFO - Processing file /home/airflow/.local/lib/python3.12/site-packages/airflow/example_dags/example_outlet_event_extra.py for tasks to queue
[2025-04-11T07:06:27.127+0000] {logging_mixin.py:190} INFO - [2025-04-11T07:06:27.127+0000] {dagbag.py:588} INFO - Filling up the DagBag from /home/airflow/.local/lib/python3.12/site-packages/airflow/example_dags/example_outlet_event_extra.py
[2025-04-11T07:06:29.803+0000] {processor.py:925} INFO - DAG(s) 'dataset_with_extra_from_classic_operator', 'dataset_with_extra_by_yield', 'dataset_with_extra_by_context' retrieved from /home/airflow/.local/lib/python3.12/site-packages/airflow/example_dags/example_outlet_event_extra.py
[2025-04-11T07:06:29.828+0000] {logging_mixin.py:190} INFO - [2025-04-11T07:06:29.828+0000] {dag.py:3239} INFO - Sync 3 DAGs
[2025-04-11T07:06:29.847+0000] {logging_mixin.py:190} INFO - [2025-04-11T07:06:29.847+0000] {dag.py:4180} INFO - Setting next_dagrun for dataset_with_extra_by_context to 2025-04-10 00:00:00+00:00, run_after=2025-04-11 00:00:00+00:00
[2025-04-11T07:06:29.852+0000] {logging_mixin.py:190} INFO - [2025-04-11T07:06:29.851+0000] {dag.py:4180} INFO - Setting next_dagrun for dataset_with_extra_by_yield to 2025-04-10 00:00:00+00:00, run_after=2025-04-11 00:00:00+00:00
[2025-04-11T07:06:29.856+0000] {logging_mixin.py:190} INFO - [2025-04-11T07:06:29.855+0000] {dag.py:4180} INFO - Setting next_dagrun for dataset_with_extra_from_classic_operator to 2025-04-10 00:00:00+00:00, run_after=2025-04-11 00:00:00+00:00
[2025-04-11T07:06:29.876+0000] {processor.py:208} INFO - Processing /home/airflow/.local/lib/python3.12/site-packages/airflow/example_dags/example_outlet_event_extra.py took 2.770 seconds
[2025-04-11T07:07:00.587+0000] {processor.py:186} INFO - Started process (PID=311) to work on /home/airflow/.local/lib/python3.12/site-packages/airflow/example_dags/example_outlet_event_extra.py
[2025-04-11T07:07:00.591+0000] {processor.py:914} INFO - Processing file /home/airflow/.local/lib/python3.12/site-packages/airflow/example_dags/example_outlet_event_extra.py for tasks to queue
[2025-04-11T07:07:00.609+0000] {logging_mixin.py:190} INFO - [2025-04-11T07:07:00.606+0000] {dagbag.py:588} INFO - Filling up the DagBag from /home/airflow/.local/lib/python3.12/site-packages/airflow/example_dags/example_outlet_event_extra.py
[2025-04-11T07:07:11.657+0000] {processor.py:925} INFO - DAG(s) 'dataset_with_extra_by_yield', 'dataset_with_extra_from_classic_operator', 'dataset_with_extra_by_context' retrieved from /home/airflow/.local/lib/python3.12/site-packages/airflow/example_dags/example_outlet_event_extra.py
[2025-04-11T07:07:11.780+0000] {logging_mixin.py:190} INFO - [2025-04-11T07:07:11.779+0000] {dag.py:3239} INFO - Sync 3 DAGs
[2025-04-11T07:07:11.906+0000] {logging_mixin.py:190} INFO - [2025-04-11T07:07:11.904+0000] {dag.py:4180} INFO - Setting next_dagrun for dataset_with_extra_by_context to 2025-04-10 00:00:00+00:00, run_after=2025-04-11 00:00:00+00:00
[2025-04-11T07:07:11.931+0000] {logging_mixin.py:190} INFO - [2025-04-11T07:07:11.931+0000] {dag.py:4180} INFO - Setting next_dagrun for dataset_with_extra_by_yield to 2025-04-10 00:00:00+00:00, run_after=2025-04-11 00:00:00+00:00
[2025-04-11T07:07:11.939+0000] {logging_mixin.py:190} INFO - [2025-04-11T07:07:11.938+0000] {dag.py:4180} INFO - Setting next_dagrun for dataset_with_extra_from_classic_operator to 2025-04-10 00:00:00+00:00, run_after=2025-04-11 00:00:00+00:00
[2025-04-11T07:07:12.059+0000] {processor.py:208} INFO - Processing /home/airflow/.local/lib/python3.12/site-packages/airflow/example_dags/example_outlet_event_extra.py took 11.499 seconds
[2025-04-11T07:07:42.903+0000] {processor.py:186} INFO - Started process (PID=382) to work on /home/airflow/.local/lib/python3.12/site-packages/airflow/example_dags/example_outlet_event_extra.py
[2025-04-11T07:07:42.906+0000] {processor.py:914} INFO - Processing file /home/airflow/.local/lib/python3.12/site-packages/airflow/example_dags/example_outlet_event_extra.py for tasks to queue
[2025-04-11T07:07:42.921+0000] {logging_mixin.py:190} INFO - [2025-04-11T07:07:42.919+0000] {dagbag.py:588} INFO - Filling up the DagBag from /home/airflow/.local/lib/python3.12/site-packages/airflow/example_dags/example_outlet_event_extra.py
[2025-04-11T07:07:47.558+0000] {processor.py:925} INFO - DAG(s) 'dataset_with_extra_from_classic_operator', 'dataset_with_extra_by_context', 'dataset_with_extra_by_yield' retrieved from /home/airflow/.local/lib/python3.12/site-packages/airflow/example_dags/example_outlet_event_extra.py
[2025-04-11T07:07:47.608+0000] {logging_mixin.py:190} INFO - [2025-04-11T07:07:47.607+0000] {dag.py:3239} INFO - Sync 3 DAGs
[2025-04-11T07:07:47.632+0000] {logging_mixin.py:190} INFO - [2025-04-11T07:07:47.632+0000] {dag.py:4180} INFO - Setting next_dagrun for dataset_with_extra_by_context to 2025-04-10 00:00:00+00:00, run_after=2025-04-11 00:00:00+00:00
[2025-04-11T07:07:47.636+0000] {logging_mixin.py:190} INFO - [2025-04-11T07:07:47.635+0000] {dag.py:4180} INFO - Setting next_dagrun for dataset_with_extra_by_yield to 2025-04-10 00:00:00+00:00, run_after=2025-04-11 00:00:00+00:00
[2025-04-11T07:07:47.637+0000] {logging_mixin.py:190} INFO - [2025-04-11T07:07:47.637+0000] {dag.py:4180} INFO - Setting next_dagrun for dataset_with_extra_from_classic_operator to 2025-04-10 00:00:00+00:00, run_after=2025-04-11 00:00:00+00:00
[2025-04-11T07:07:47.656+0000] {processor.py:208} INFO - Processing /home/airflow/.local/lib/python3.12/site-packages/airflow/example_dags/example_outlet_event_extra.py took 4.782 seconds
[2025-04-11T07:08:18.116+0000] {processor.py:186} INFO - Started process (PID=450) to work on /home/airflow/.local/lib/python3.12/site-packages/airflow/example_dags/example_outlet_event_extra.py
[2025-04-11T07:08:18.125+0000] {processor.py:914} INFO - Processing file /home/airflow/.local/lib/python3.12/site-packages/airflow/example_dags/example_outlet_event_extra.py for tasks to queue
[2025-04-11T07:08:18.131+0000] {logging_mixin.py:190} INFO - [2025-04-11T07:08:18.131+0000] {dagbag.py:588} INFO - Filling up the DagBag from /home/airflow/.local/lib/python3.12/site-packages/airflow/example_dags/example_outlet_event_extra.py
[2025-04-11T07:08:22.953+0000] {processor.py:925} INFO - DAG(s) 'dataset_with_extra_by_yield', 'dataset_with_extra_from_classic_operator', 'dataset_with_extra_by_context' retrieved from /home/airflow/.local/lib/python3.12/site-packages/airflow/example_dags/example_outlet_event_extra.py
[2025-04-11T07:08:23.040+0000] {logging_mixin.py:190} INFO - [2025-04-11T07:08:23.039+0000] {dag.py:3239} INFO - Sync 3 DAGs
[2025-04-11T07:08:23.128+0000] {logging_mixin.py:190} INFO - [2025-04-11T07:08:23.127+0000] {dag.py:4180} INFO - Setting next_dagrun for dataset_with_extra_by_context to 2025-04-10 00:00:00+00:00, run_after=2025-04-11 00:00:00+00:00
[2025-04-11T07:08:23.145+0000] {logging_mixin.py:190} INFO - [2025-04-11T07:08:23.145+0000] {dag.py:4180} INFO - Setting next_dagrun for dataset_with_extra_by_yield to 2025-04-10 00:00:00+00:00, run_after=2025-04-11 00:00:00+00:00
[2025-04-11T07:08:23.149+0000] {logging_mixin.py:190} INFO - [2025-04-11T07:08:23.149+0000] {dag.py:4180} INFO - Setting next_dagrun for dataset_with_extra_from_classic_operator to 2025-04-10 00:00:00+00:00, run_after=2025-04-11 00:00:00+00:00
[2025-04-11T07:08:23.207+0000] {processor.py:208} INFO - Processing /home/airflow/.local/lib/python3.12/site-packages/airflow/example_dags/example_outlet_event_extra.py took 5.122 seconds
