[2025-04-11T07:05:18.344+0000] {processor.py:186} INFO - Started process (PID=117) to work on /home/airflow/.local/lib/python3.12/site-packages/airflow/example_dags/example_subdag_operator.py
[2025-04-11T07:05:18.358+0000] {processor.py:914} INFO - Processing file /home/airflow/.local/lib/python3.12/site-packages/airflow/example_dags/example_subdag_operator.py for tasks to queue
[2025-04-11T07:05:18.386+0000] {logging_mixin.py:190} INFO - [2025-04-11T07:05:18.381+0000] {dagbag.py:588} INFO - Filling up the DagBag from /home/airflow/.local/lib/python3.12/site-packages/airflow/example_dags/example_subdag_operator.py
[2025-04-11T07:05:18.625+0000] {processor.py:925} INFO - DAG(s) 'example_subdag_operator.section-1', 'example_subdag_operator.section-2', 'example_subdag_operator' retrieved from /home/airflow/.local/lib/python3.12/site-packages/airflow/example_dags/example_subdag_operator.py
[2025-04-11T07:05:19.706+0000] {logging_mixin.py:190} INFO - [2025-04-11T07:05:19.657+0000] {override.py:1912} INFO - Created Permission View: can read on DAG:example_subdag_operator
[2025-04-11T07:05:19.757+0000] {logging_mixin.py:190} INFO - [2025-04-11T07:05:19.756+0000] {override.py:1912} INFO - Created Permission View: can edit on DAG:example_subdag_operator
[2025-04-11T07:05:19.773+0000] {logging_mixin.py:190} INFO - [2025-04-11T07:05:19.773+0000] {override.py:1912} INFO - Created Permission View: can delete on DAG:example_subdag_operator
[2025-04-11T07:05:19.788+0000] {logging_mixin.py:190} INFO - [2025-04-11T07:05:19.787+0000] {override.py:1912} INFO - Created Permission View: menu access on DAG Run:example_subdag_operator
[2025-04-11T07:05:19.803+0000] {logging_mixin.py:190} INFO - [2025-04-11T07:05:19.802+0000] {override.py:1912} INFO - Created Permission View: can create on DAG Run:example_subdag_operator
[2025-04-11T07:05:19.824+0000] {logging_mixin.py:190} INFO - [2025-04-11T07:05:19.823+0000] {override.py:1912} INFO - Created Permission View: can read on DAG Run:example_subdag_operator
[2025-04-11T07:05:19.843+0000] {logging_mixin.py:190} INFO - [2025-04-11T07:05:19.842+0000] {override.py:1912} INFO - Created Permission View: can delete on DAG Run:example_subdag_operator
[2025-04-11T07:05:19.846+0000] {logging_mixin.py:190} INFO - [2025-04-11T07:05:19.845+0000] {dag.py:3239} INFO - Sync 3 DAGs
[2025-04-11T07:05:19.949+0000] {logging_mixin.py:190} INFO - [2025-04-11T07:05:19.948+0000] {dag.py:3262} INFO - Creating ORM DAG for example_subdag_operator.section-1
[2025-04-11T07:05:19.951+0000] {logging_mixin.py:190} INFO - [2025-04-11T07:05:19.951+0000] {dag.py:3262} INFO - Creating ORM DAG for example_subdag_operator
[2025-04-11T07:05:19.963+0000] {logging_mixin.py:190} INFO - [2025-04-11T07:05:19.963+0000] {dag.py:3262} INFO - Creating ORM DAG for example_subdag_operator.section-2
[2025-04-11T07:05:20.057+0000] {logging_mixin.py:190} INFO - [2025-04-11T07:05:20.056+0000] {dag.py:4180} INFO - Setting next_dagrun for example_subdag_operator to 2022-01-01 00:00:00+00:00, run_after=2022-01-01 00:00:00+00:00
[2025-04-11T07:05:20.065+0000] {logging_mixin.py:190} INFO - [2025-04-11T07:05:20.063+0000] {dag.py:4180} INFO - Setting next_dagrun for example_subdag_operator.section-1 to None, run_after=None
[2025-04-11T07:05:20.066+0000] {logging_mixin.py:190} INFO - [2025-04-11T07:05:20.065+0000] {dag.py:4180} INFO - Setting next_dagrun for example_subdag_operator.section-2 to None, run_after=None
[2025-04-11T07:05:20.159+0000] {logging_mixin.py:190} INFO - [2025-04-11T07:05:20.155+0000] {dag.py:3239} INFO - Sync 2 DAGs
[2025-04-11T07:05:20.236+0000] {logging_mixin.py:190} INFO - [2025-04-11T07:05:20.228+0000] {dag.py:4180} INFO - Setting next_dagrun for example_subdag_operator.section-1 to None, run_after=None
[2025-04-11T07:05:20.287+0000] {logging_mixin.py:190} INFO - [2025-04-11T07:05:20.287+0000] {dag.py:4180} INFO - Setting next_dagrun for example_subdag_operator.section-2 to None, run_after=None
[2025-04-11T07:05:20.393+0000] {processor.py:208} INFO - Processing /home/airflow/.local/lib/python3.12/site-packages/airflow/example_dags/example_subdag_operator.py took 2.105 seconds
[2025-04-11T07:05:53.040+0000] {processor.py:186} INFO - Started process (PID=179) to work on /home/airflow/.local/lib/python3.12/site-packages/airflow/example_dags/example_subdag_operator.py
[2025-04-11T07:05:53.045+0000] {processor.py:914} INFO - Processing file /home/airflow/.local/lib/python3.12/site-packages/airflow/example_dags/example_subdag_operator.py for tasks to queue
[2025-04-11T07:05:53.054+0000] {logging_mixin.py:190} INFO - [2025-04-11T07:05:53.053+0000] {dagbag.py:588} INFO - Filling up the DagBag from /home/airflow/.local/lib/python3.12/site-packages/airflow/example_dags/example_subdag_operator.py
[2025-04-11T07:05:53.273+0000] {processor.py:925} INFO - DAG(s) 'example_subdag_operator.section-1', 'example_subdag_operator.section-2', 'example_subdag_operator' retrieved from /home/airflow/.local/lib/python3.12/site-packages/airflow/example_dags/example_subdag_operator.py
[2025-04-11T07:05:53.335+0000] {logging_mixin.py:190} INFO - [2025-04-11T07:05:53.335+0000] {dag.py:3239} INFO - Sync 3 DAGs
[2025-04-11T07:05:53.399+0000] {logging_mixin.py:190} INFO - [2025-04-11T07:05:53.398+0000] {dag.py:4180} INFO - Setting next_dagrun for example_subdag_operator to 2022-01-01 00:00:00+00:00, run_after=2022-01-01 00:00:00+00:00
[2025-04-11T07:05:53.409+0000] {logging_mixin.py:190} INFO - [2025-04-11T07:05:53.409+0000] {dag.py:4180} INFO - Setting next_dagrun for example_subdag_operator.section-1 to None, run_after=None
[2025-04-11T07:05:53.413+0000] {logging_mixin.py:190} INFO - [2025-04-11T07:05:53.412+0000] {dag.py:4180} INFO - Setting next_dagrun for example_subdag_operator.section-2 to None, run_after=None
[2025-04-11T07:05:53.468+0000] {logging_mixin.py:190} INFO - [2025-04-11T07:05:53.466+0000] {dag.py:3239} INFO - Sync 2 DAGs
[2025-04-11T07:05:53.506+0000] {logging_mixin.py:190} INFO - [2025-04-11T07:05:53.505+0000] {dag.py:4180} INFO - Setting next_dagrun for example_subdag_operator.section-1 to None, run_after=None
[2025-04-11T07:05:53.508+0000] {logging_mixin.py:190} INFO - [2025-04-11T07:05:53.508+0000] {dag.py:4180} INFO - Setting next_dagrun for example_subdag_operator.section-2 to None, run_after=None
[2025-04-11T07:05:53.554+0000] {processor.py:208} INFO - Processing /home/airflow/.local/lib/python3.12/site-packages/airflow/example_dags/example_subdag_operator.py took 0.530 seconds
[2025-04-11T07:06:24.524+0000] {processor.py:186} INFO - Started process (PID=242) to work on /home/airflow/.local/lib/python3.12/site-packages/airflow/example_dags/example_subdag_operator.py
[2025-04-11T07:06:24.527+0000] {processor.py:914} INFO - Processing file /home/airflow/.local/lib/python3.12/site-packages/airflow/example_dags/example_subdag_operator.py for tasks to queue
[2025-04-11T07:06:24.535+0000] {logging_mixin.py:190} INFO - [2025-04-11T07:06:24.535+0000] {dagbag.py:588} INFO - Filling up the DagBag from /home/airflow/.local/lib/python3.12/site-packages/airflow/example_dags/example_subdag_operator.py
[2025-04-11T07:06:24.592+0000] {processor.py:925} INFO - DAG(s) 'example_subdag_operator.section-1', 'example_subdag_operator.section-2', 'example_subdag_operator' retrieved from /home/airflow/.local/lib/python3.12/site-packages/airflow/example_dags/example_subdag_operator.py
[2025-04-11T07:06:24.616+0000] {logging_mixin.py:190} INFO - [2025-04-11T07:06:24.616+0000] {dag.py:3239} INFO - Sync 3 DAGs
[2025-04-11T07:06:24.661+0000] {logging_mixin.py:190} INFO - [2025-04-11T07:06:24.661+0000] {dag.py:4180} INFO - Setting next_dagrun for example_subdag_operator to 2022-01-01 00:00:00+00:00, run_after=2022-01-01 00:00:00+00:00
[2025-04-11T07:06:24.664+0000] {logging_mixin.py:190} INFO - [2025-04-11T07:06:24.664+0000] {dag.py:4180} INFO - Setting next_dagrun for example_subdag_operator.section-1 to None, run_after=None
[2025-04-11T07:06:24.665+0000] {logging_mixin.py:190} INFO - [2025-04-11T07:06:24.665+0000] {dag.py:4180} INFO - Setting next_dagrun for example_subdag_operator.section-2 to None, run_after=None
[2025-04-11T07:06:24.678+0000] {logging_mixin.py:190} INFO - [2025-04-11T07:06:24.678+0000] {dag.py:3239} INFO - Sync 2 DAGs
[2025-04-11T07:06:24.684+0000] {logging_mixin.py:190} INFO - [2025-04-11T07:06:24.683+0000] {dag.py:4180} INFO - Setting next_dagrun for example_subdag_operator.section-1 to None, run_after=None
[2025-04-11T07:06:24.685+0000] {logging_mixin.py:190} INFO - [2025-04-11T07:06:24.684+0000] {dag.py:4180} INFO - Setting next_dagrun for example_subdag_operator.section-2 to None, run_after=None
[2025-04-11T07:06:24.697+0000] {processor.py:208} INFO - Processing /home/airflow/.local/lib/python3.12/site-packages/airflow/example_dags/example_subdag_operator.py took 0.186 seconds
[2025-04-11T07:06:56.152+0000] {processor.py:186} INFO - Started process (PID=305) to work on /home/airflow/.local/lib/python3.12/site-packages/airflow/example_dags/example_subdag_operator.py
[2025-04-11T07:06:56.157+0000] {processor.py:914} INFO - Processing file /home/airflow/.local/lib/python3.12/site-packages/airflow/example_dags/example_subdag_operator.py for tasks to queue
[2025-04-11T07:06:56.177+0000] {logging_mixin.py:190} INFO - [2025-04-11T07:06:56.177+0000] {dagbag.py:588} INFO - Filling up the DagBag from /home/airflow/.local/lib/python3.12/site-packages/airflow/example_dags/example_subdag_operator.py
[2025-04-11T07:06:56.288+0000] {processor.py:925} INFO - DAG(s) 'example_subdag_operator.section-1', 'example_subdag_operator.section-2', 'example_subdag_operator' retrieved from /home/airflow/.local/lib/python3.12/site-packages/airflow/example_dags/example_subdag_operator.py
[2025-04-11T07:06:56.341+0000] {logging_mixin.py:190} INFO - [2025-04-11T07:06:56.340+0000] {dag.py:3239} INFO - Sync 3 DAGs
[2025-04-11T07:06:56.415+0000] {logging_mixin.py:190} INFO - [2025-04-11T07:06:56.414+0000] {dag.py:4180} INFO - Setting next_dagrun for example_subdag_operator to 2022-01-01 00:00:00+00:00, run_after=2022-01-01 00:00:00+00:00
[2025-04-11T07:06:56.421+0000] {logging_mixin.py:190} INFO - [2025-04-11T07:06:56.421+0000] {dag.py:4180} INFO - Setting next_dagrun for example_subdag_operator.section-1 to None, run_after=None
[2025-04-11T07:06:56.425+0000] {logging_mixin.py:190} INFO - [2025-04-11T07:06:56.425+0000] {dag.py:4180} INFO - Setting next_dagrun for example_subdag_operator.section-2 to None, run_after=None
[2025-04-11T07:06:56.438+0000] {logging_mixin.py:190} INFO - [2025-04-11T07:06:56.438+0000] {dag.py:3239} INFO - Sync 2 DAGs
[2025-04-11T07:06:56.447+0000] {logging_mixin.py:190} INFO - [2025-04-11T07:06:56.447+0000] {dag.py:4180} INFO - Setting next_dagrun for example_subdag_operator.section-1 to None, run_after=None
[2025-04-11T07:06:56.449+0000] {logging_mixin.py:190} INFO - [2025-04-11T07:06:56.448+0000] {dag.py:4180} INFO - Setting next_dagrun for example_subdag_operator.section-2 to None, run_after=None
[2025-04-11T07:06:56.466+0000] {processor.py:208} INFO - Processing /home/airflow/.local/lib/python3.12/site-packages/airflow/example_dags/example_subdag_operator.py took 0.343 seconds
[2025-04-11T07:07:26.796+0000] {processor.py:186} INFO - Started process (PID=368) to work on /home/airflow/.local/lib/python3.12/site-packages/airflow/example_dags/example_subdag_operator.py
[2025-04-11T07:07:26.802+0000] {processor.py:914} INFO - Processing file /home/airflow/.local/lib/python3.12/site-packages/airflow/example_dags/example_subdag_operator.py for tasks to queue
[2025-04-11T07:07:26.808+0000] {logging_mixin.py:190} INFO - [2025-04-11T07:07:26.808+0000] {dagbag.py:588} INFO - Filling up the DagBag from /home/airflow/.local/lib/python3.12/site-packages/airflow/example_dags/example_subdag_operator.py
[2025-04-11T07:07:26.877+0000] {processor.py:925} INFO - DAG(s) 'example_subdag_operator.section-1', 'example_subdag_operator.section-2', 'example_subdag_operator' retrieved from /home/airflow/.local/lib/python3.12/site-packages/airflow/example_dags/example_subdag_operator.py
[2025-04-11T07:07:26.891+0000] {logging_mixin.py:190} INFO - [2025-04-11T07:07:26.891+0000] {dag.py:3239} INFO - Sync 3 DAGs
[2025-04-11T07:07:26.939+0000] {logging_mixin.py:190} INFO - [2025-04-11T07:07:26.938+0000] {dag.py:4180} INFO - Setting next_dagrun for example_subdag_operator to 2022-01-01 00:00:00+00:00, run_after=2022-01-01 00:00:00+00:00
[2025-04-11T07:07:26.948+0000] {logging_mixin.py:190} INFO - [2025-04-11T07:07:26.947+0000] {dag.py:4180} INFO - Setting next_dagrun for example_subdag_operator.section-1 to None, run_after=None
[2025-04-11T07:07:26.951+0000] {logging_mixin.py:190} INFO - [2025-04-11T07:07:26.951+0000] {dag.py:4180} INFO - Setting next_dagrun for example_subdag_operator.section-2 to None, run_after=None
[2025-04-11T07:07:26.963+0000] {logging_mixin.py:190} INFO - [2025-04-11T07:07:26.963+0000] {dag.py:3239} INFO - Sync 2 DAGs
[2025-04-11T07:07:26.970+0000] {logging_mixin.py:190} INFO - [2025-04-11T07:07:26.969+0000] {dag.py:4180} INFO - Setting next_dagrun for example_subdag_operator.section-1 to None, run_after=None
[2025-04-11T07:07:26.970+0000] {logging_mixin.py:190} INFO - [2025-04-11T07:07:26.970+0000] {dag.py:4180} INFO - Setting next_dagrun for example_subdag_operator.section-2 to None, run_after=None
[2025-04-11T07:07:26.982+0000] {processor.py:208} INFO - Processing /home/airflow/.local/lib/python3.12/site-packages/airflow/example_dags/example_subdag_operator.py took 0.204 seconds
[2025-04-11T07:07:57.790+0000] {processor.py:186} INFO - Started process (PID=431) to work on /home/airflow/.local/lib/python3.12/site-packages/airflow/example_dags/example_subdag_operator.py
[2025-04-11T07:07:57.792+0000] {processor.py:914} INFO - Processing file /home/airflow/.local/lib/python3.12/site-packages/airflow/example_dags/example_subdag_operator.py for tasks to queue
[2025-04-11T07:07:57.796+0000] {logging_mixin.py:190} INFO - [2025-04-11T07:07:57.795+0000] {dagbag.py:588} INFO - Filling up the DagBag from /home/airflow/.local/lib/python3.12/site-packages/airflow/example_dags/example_subdag_operator.py
[2025-04-11T07:07:57.842+0000] {processor.py:925} INFO - DAG(s) 'example_subdag_operator.section-1', 'example_subdag_operator.section-2', 'example_subdag_operator' retrieved from /home/airflow/.local/lib/python3.12/site-packages/airflow/example_dags/example_subdag_operator.py
[2025-04-11T07:07:57.859+0000] {logging_mixin.py:190} INFO - [2025-04-11T07:07:57.859+0000] {dag.py:3239} INFO - Sync 3 DAGs
[2025-04-11T07:07:57.880+0000] {logging_mixin.py:190} INFO - [2025-04-11T07:07:57.880+0000] {dag.py:4180} INFO - Setting next_dagrun for example_subdag_operator to 2022-01-01 00:00:00+00:00, run_after=2022-01-01 00:00:00+00:00
[2025-04-11T07:07:57.887+0000] {logging_mixin.py:190} INFO - [2025-04-11T07:07:57.887+0000] {dag.py:4180} INFO - Setting next_dagrun for example_subdag_operator.section-1 to None, run_after=None
[2025-04-11T07:07:57.888+0000] {logging_mixin.py:190} INFO - [2025-04-11T07:07:57.888+0000] {dag.py:4180} INFO - Setting next_dagrun for example_subdag_operator.section-2 to None, run_after=None
[2025-04-11T07:07:57.892+0000] {logging_mixin.py:190} INFO - [2025-04-11T07:07:57.892+0000] {dag.py:3239} INFO - Sync 2 DAGs
[2025-04-11T07:07:57.897+0000] {logging_mixin.py:190} INFO - [2025-04-11T07:07:57.897+0000] {dag.py:4180} INFO - Setting next_dagrun for example_subdag_operator.section-1 to None, run_after=None
[2025-04-11T07:07:57.897+0000] {logging_mixin.py:190} INFO - [2025-04-11T07:07:57.897+0000] {dag.py:4180} INFO - Setting next_dagrun for example_subdag_operator.section-2 to None, run_after=None
[2025-04-11T07:07:57.904+0000] {processor.py:208} INFO - Processing /home/airflow/.local/lib/python3.12/site-packages/airflow/example_dags/example_subdag_operator.py took 0.134 seconds
[2025-04-11T07:08:30.614+0000] {processor.py:186} INFO - Started process (PID=494) to work on /home/airflow/.local/lib/python3.12/site-packages/airflow/example_dags/example_subdag_operator.py
[2025-04-11T07:08:30.615+0000] {processor.py:914} INFO - Processing file /home/airflow/.local/lib/python3.12/site-packages/airflow/example_dags/example_subdag_operator.py for tasks to queue
[2025-04-11T07:08:30.616+0000] {logging_mixin.py:190} INFO - [2025-04-11T07:08:30.616+0000] {dagbag.py:588} INFO - Filling up the DagBag from /home/airflow/.local/lib/python3.12/site-packages/airflow/example_dags/example_subdag_operator.py
[2025-04-11T07:08:30.645+0000] {processor.py:925} INFO - DAG(s) 'example_subdag_operator.section-1', 'example_subdag_operator.section-2', 'example_subdag_operator' retrieved from /home/airflow/.local/lib/python3.12/site-packages/airflow/example_dags/example_subdag_operator.py
[2025-04-11T07:08:30.664+0000] {logging_mixin.py:190} INFO - [2025-04-11T07:08:30.663+0000] {dag.py:3239} INFO - Sync 3 DAGs
[2025-04-11T07:08:30.685+0000] {logging_mixin.py:190} INFO - [2025-04-11T07:08:30.685+0000] {dag.py:4180} INFO - Setting next_dagrun for example_subdag_operator to 2022-01-01 00:00:00+00:00, run_after=2022-01-01 00:00:00+00:00
[2025-04-11T07:08:30.688+0000] {logging_mixin.py:190} INFO - [2025-04-11T07:08:30.688+0000] {dag.py:4180} INFO - Setting next_dagrun for example_subdag_operator.section-1 to None, run_after=None
[2025-04-11T07:08:30.689+0000] {logging_mixin.py:190} INFO - [2025-04-11T07:08:30.689+0000] {dag.py:4180} INFO - Setting next_dagrun for example_subdag_operator.section-2 to None, run_after=None
[2025-04-11T07:08:30.695+0000] {logging_mixin.py:190} INFO - [2025-04-11T07:08:30.695+0000] {dag.py:3239} INFO - Sync 2 DAGs
[2025-04-11T07:08:30.699+0000] {logging_mixin.py:190} INFO - [2025-04-11T07:08:30.699+0000] {dag.py:4180} INFO - Setting next_dagrun for example_subdag_operator.section-1 to None, run_after=None
[2025-04-11T07:08:30.700+0000] {logging_mixin.py:190} INFO - [2025-04-11T07:08:30.700+0000] {dag.py:4180} INFO - Setting next_dagrun for example_subdag_operator.section-2 to None, run_after=None
[2025-04-11T07:08:30.710+0000] {processor.py:208} INFO - Processing /home/airflow/.local/lib/python3.12/site-packages/airflow/example_dags/example_subdag_operator.py took 0.102 seconds
