[2025-04-11T07:05:00.135+0000] {processor.py:186} INFO - Started process (PID=91) to work on /home/airflow/.local/lib/python3.12/site-packages/airflow/example_dags/example_branch_python_dop_operator_3.py
[2025-04-11T07:05:00.136+0000] {processor.py:914} INFO - Processing file /home/airflow/.local/lib/python3.12/site-packages/airflow/example_dags/example_branch_python_dop_operator_3.py for tasks to queue
[2025-04-11T07:05:00.139+0000] {logging_mixin.py:190} INFO - [2025-04-11T07:05:00.139+0000] {dagbag.py:588} INFO - Filling up the DagBag from /home/airflow/.local/lib/python3.12/site-packages/airflow/example_dags/example_branch_python_dop_operator_3.py
[2025-04-11T07:05:00.150+0000] {processor.py:925} INFO - DAG(s) 'example_branch_dop_operator_v3' retrieved from /home/airflow/.local/lib/python3.12/site-packages/airflow/example_dags/example_branch_python_dop_operator_3.py
[2025-04-11T07:05:00.232+0000] {logging_mixin.py:190} INFO - [2025-04-11T07:05:00.231+0000] {override.py:1912} INFO - Created Permission View: can read on DAG:example_branch_dop_operator_v3
[2025-04-11T07:05:00.245+0000] {logging_mixin.py:190} INFO - [2025-04-11T07:05:00.245+0000] {override.py:1912} INFO - Created Permission View: can edit on DAG:example_branch_dop_operator_v3
[2025-04-11T07:05:00.250+0000] {logging_mixin.py:190} INFO - [2025-04-11T07:05:00.250+0000] {override.py:1912} INFO - Created Permission View: can delete on DAG:example_branch_dop_operator_v3
[2025-04-11T07:05:00.260+0000] {logging_mixin.py:190} INFO - [2025-04-11T07:05:00.259+0000] {override.py:1912} INFO - Created Permission View: menu access on DAG Run:example_branch_dop_operator_v3
[2025-04-11T07:05:00.264+0000] {logging_mixin.py:190} INFO - [2025-04-11T07:05:00.264+0000] {override.py:1912} INFO - Created Permission View: can create on DAG Run:example_branch_dop_operator_v3
[2025-04-11T07:05:00.269+0000] {logging_mixin.py:190} INFO - [2025-04-11T07:05:00.269+0000] {override.py:1912} INFO - Created Permission View: can read on DAG Run:example_branch_dop_operator_v3
[2025-04-11T07:05:00.278+0000] {logging_mixin.py:190} INFO - [2025-04-11T07:05:00.278+0000] {override.py:1912} INFO - Created Permission View: can delete on DAG Run:example_branch_dop_operator_v3
[2025-04-11T07:05:00.280+0000] {logging_mixin.py:190} INFO - [2025-04-11T07:05:00.280+0000] {dag.py:3239} INFO - Sync 1 DAGs
[2025-04-11T07:05:00.298+0000] {logging_mixin.py:190} INFO - [2025-04-11T07:05:00.298+0000] {dag.py:3262} INFO - Creating ORM DAG for example_branch_dop_operator_v3
[2025-04-11T07:05:00.312+0000] {logging_mixin.py:190} INFO - [2025-04-11T07:05:00.311+0000] {dag.py:4180} INFO - Setting next_dagrun for example_branch_dop_operator_v3 to 2025-04-11 07:04:00+00:00, run_after=2025-04-11 07:05:00+00:00
[2025-04-11T07:05:00.326+0000] {processor.py:208} INFO - Processing /home/airflow/.local/lib/python3.12/site-packages/airflow/example_dags/example_branch_python_dop_operator_3.py took 0.198 seconds
[2025-04-11T07:05:48.563+0000] {processor.py:186} INFO - Started process (PID=160) to work on /home/airflow/.local/lib/python3.12/site-packages/airflow/example_dags/example_branch_python_dop_operator_3.py
[2025-04-11T07:05:48.567+0000] {processor.py:914} INFO - Processing file /home/airflow/.local/lib/python3.12/site-packages/airflow/example_dags/example_branch_python_dop_operator_3.py for tasks to queue
[2025-04-11T07:05:48.651+0000] {logging_mixin.py:190} INFO - [2025-04-11T07:05:48.641+0000] {dagbag.py:588} INFO - Filling up the DagBag from /home/airflow/.local/lib/python3.12/site-packages/airflow/example_dags/example_branch_python_dop_operator_3.py
[2025-04-11T07:05:48.762+0000] {processor.py:925} INFO - DAG(s) 'example_branch_dop_operator_v3' retrieved from /home/airflow/.local/lib/python3.12/site-packages/airflow/example_dags/example_branch_python_dop_operator_3.py
[2025-04-11T07:05:48.935+0000] {logging_mixin.py:190} INFO - [2025-04-11T07:05:48.934+0000] {dag.py:3239} INFO - Sync 1 DAGs
[2025-04-11T07:05:49.038+0000] {logging_mixin.py:190} INFO - [2025-04-11T07:05:49.038+0000] {dag.py:4180} INFO - Setting next_dagrun for example_branch_dop_operator_v3 to 2025-04-11 07:04:00+00:00, run_after=2025-04-11 07:05:00+00:00
[2025-04-11T07:05:49.079+0000] {processor.py:208} INFO - Processing /home/airflow/.local/lib/python3.12/site-packages/airflow/example_dags/example_branch_python_dop_operator_3.py took 0.536 seconds
[2025-04-11T07:06:19.818+0000] {processor.py:186} INFO - Started process (PID=223) to work on /home/airflow/.local/lib/python3.12/site-packages/airflow/example_dags/example_branch_python_dop_operator_3.py
[2025-04-11T07:06:19.820+0000] {processor.py:914} INFO - Processing file /home/airflow/.local/lib/python3.12/site-packages/airflow/example_dags/example_branch_python_dop_operator_3.py for tasks to queue
[2025-04-11T07:06:19.827+0000] {logging_mixin.py:190} INFO - [2025-04-11T07:06:19.826+0000] {dagbag.py:588} INFO - Filling up the DagBag from /home/airflow/.local/lib/python3.12/site-packages/airflow/example_dags/example_branch_python_dop_operator_3.py
[2025-04-11T07:06:19.862+0000] {processor.py:925} INFO - DAG(s) 'example_branch_dop_operator_v3' retrieved from /home/airflow/.local/lib/python3.12/site-packages/airflow/example_dags/example_branch_python_dop_operator_3.py
[2025-04-11T07:06:19.914+0000] {logging_mixin.py:190} INFO - [2025-04-11T07:06:19.913+0000] {dag.py:3239} INFO - Sync 1 DAGs
[2025-04-11T07:06:19.949+0000] {logging_mixin.py:190} INFO - [2025-04-11T07:06:19.949+0000] {dag.py:4180} INFO - Setting next_dagrun for example_branch_dop_operator_v3 to 2025-04-11 07:05:00+00:00, run_after=2025-04-11 07:06:00+00:00
[2025-04-11T07:06:19.981+0000] {processor.py:208} INFO - Processing /home/airflow/.local/lib/python3.12/site-packages/airflow/example_dags/example_branch_python_dop_operator_3.py took 0.174 seconds
[2025-04-11T07:06:50.522+0000] {processor.py:186} INFO - Started process (PID=285) to work on /home/airflow/.local/lib/python3.12/site-packages/airflow/example_dags/example_branch_python_dop_operator_3.py
[2025-04-11T07:06:50.524+0000] {processor.py:914} INFO - Processing file /home/airflow/.local/lib/python3.12/site-packages/airflow/example_dags/example_branch_python_dop_operator_3.py for tasks to queue
[2025-04-11T07:06:50.526+0000] {logging_mixin.py:190} INFO - [2025-04-11T07:06:50.525+0000] {dagbag.py:588} INFO - Filling up the DagBag from /home/airflow/.local/lib/python3.12/site-packages/airflow/example_dags/example_branch_python_dop_operator_3.py
[2025-04-11T07:06:50.535+0000] {processor.py:925} INFO - DAG(s) 'example_branch_dop_operator_v3' retrieved from /home/airflow/.local/lib/python3.12/site-packages/airflow/example_dags/example_branch_python_dop_operator_3.py
[2025-04-11T07:06:50.552+0000] {logging_mixin.py:190} INFO - [2025-04-11T07:06:50.552+0000] {dag.py:3239} INFO - Sync 1 DAGs
[2025-04-11T07:06:50.572+0000] {logging_mixin.py:190} INFO - [2025-04-11T07:06:50.571+0000] {dag.py:4180} INFO - Setting next_dagrun for example_branch_dop_operator_v3 to 2025-04-11 07:05:00+00:00, run_after=2025-04-11 07:06:00+00:00
[2025-04-11T07:06:50.587+0000] {processor.py:208} INFO - Processing /home/airflow/.local/lib/python3.12/site-packages/airflow/example_dags/example_branch_python_dop_operator_3.py took 0.076 seconds
[2025-04-11T07:07:23.791+0000] {processor.py:186} INFO - Started process (PID=349) to work on /home/airflow/.local/lib/python3.12/site-packages/airflow/example_dags/example_branch_python_dop_operator_3.py
[2025-04-11T07:07:23.792+0000] {processor.py:914} INFO - Processing file /home/airflow/.local/lib/python3.12/site-packages/airflow/example_dags/example_branch_python_dop_operator_3.py for tasks to queue
[2025-04-11T07:07:23.796+0000] {logging_mixin.py:190} INFO - [2025-04-11T07:07:23.795+0000] {dagbag.py:588} INFO - Filling up the DagBag from /home/airflow/.local/lib/python3.12/site-packages/airflow/example_dags/example_branch_python_dop_operator_3.py
[2025-04-11T07:07:23.812+0000] {processor.py:925} INFO - DAG(s) 'example_branch_dop_operator_v3' retrieved from /home/airflow/.local/lib/python3.12/site-packages/airflow/example_dags/example_branch_python_dop_operator_3.py
[2025-04-11T07:07:23.874+0000] {logging_mixin.py:190} INFO - [2025-04-11T07:07:23.873+0000] {dag.py:3239} INFO - Sync 1 DAGs
[2025-04-11T07:07:23.900+0000] {logging_mixin.py:190} INFO - [2025-04-11T07:07:23.900+0000] {dag.py:4180} INFO - Setting next_dagrun for example_branch_dop_operator_v3 to 2025-04-11 07:06:00+00:00, run_after=2025-04-11 07:07:00+00:00
[2025-04-11T07:07:23.915+0000] {processor.py:208} INFO - Processing /home/airflow/.local/lib/python3.12/site-packages/airflow/example_dags/example_branch_python_dop_operator_3.py took 0.133 seconds
[2025-04-11T07:07:54.937+0000] {processor.py:186} INFO - Started process (PID=411) to work on /home/airflow/.local/lib/python3.12/site-packages/airflow/example_dags/example_branch_python_dop_operator_3.py
[2025-04-11T07:07:54.938+0000] {processor.py:914} INFO - Processing file /home/airflow/.local/lib/python3.12/site-packages/airflow/example_dags/example_branch_python_dop_operator_3.py for tasks to queue
[2025-04-11T07:07:54.944+0000] {logging_mixin.py:190} INFO - [2025-04-11T07:07:54.943+0000] {dagbag.py:588} INFO - Filling up the DagBag from /home/airflow/.local/lib/python3.12/site-packages/airflow/example_dags/example_branch_python_dop_operator_3.py
[2025-04-11T07:07:54.973+0000] {processor.py:925} INFO - DAG(s) 'example_branch_dop_operator_v3' retrieved from /home/airflow/.local/lib/python3.12/site-packages/airflow/example_dags/example_branch_python_dop_operator_3.py
[2025-04-11T07:07:55.014+0000] {logging_mixin.py:190} INFO - [2025-04-11T07:07:55.013+0000] {dag.py:3239} INFO - Sync 1 DAGs
[2025-04-11T07:07:55.043+0000] {logging_mixin.py:190} INFO - [2025-04-11T07:07:55.042+0000] {dag.py:4180} INFO - Setting next_dagrun for example_branch_dop_operator_v3 to 2025-04-11 07:06:00+00:00, run_after=2025-04-11 07:07:00+00:00
[2025-04-11T07:07:55.057+0000] {processor.py:208} INFO - Processing /home/airflow/.local/lib/python3.12/site-packages/airflow/example_dags/example_branch_python_dop_operator_3.py took 0.131 seconds
[2025-04-11T07:08:29.494+0000] {processor.py:186} INFO - Started process (PID=475) to work on /home/airflow/.local/lib/python3.12/site-packages/airflow/example_dags/example_branch_python_dop_operator_3.py
[2025-04-11T07:08:29.495+0000] {processor.py:914} INFO - Processing file /home/airflow/.local/lib/python3.12/site-packages/airflow/example_dags/example_branch_python_dop_operator_3.py for tasks to queue
[2025-04-11T07:08:29.497+0000] {logging_mixin.py:190} INFO - [2025-04-11T07:08:29.496+0000] {dagbag.py:588} INFO - Filling up the DagBag from /home/airflow/.local/lib/python3.12/site-packages/airflow/example_dags/example_branch_python_dop_operator_3.py
[2025-04-11T07:08:29.506+0000] {processor.py:925} INFO - DAG(s) 'example_branch_dop_operator_v3' retrieved from /home/airflow/.local/lib/python3.12/site-packages/airflow/example_dags/example_branch_python_dop_operator_3.py
[2025-04-11T07:08:29.523+0000] {logging_mixin.py:190} INFO - [2025-04-11T07:08:29.522+0000] {dag.py:3239} INFO - Sync 1 DAGs
[2025-04-11T07:08:29.566+0000] {logging_mixin.py:190} INFO - [2025-04-11T07:08:29.566+0000] {dag.py:4180} INFO - Setting next_dagrun for example_branch_dop_operator_v3 to 2025-04-11 07:07:00+00:00, run_after=2025-04-11 07:08:00+00:00
[2025-04-11T07:08:29.584+0000] {processor.py:208} INFO - Processing /home/airflow/.local/lib/python3.12/site-packages/airflow/example_dags/example_branch_python_dop_operator_3.py took 0.096 seconds
