[2025-04-11T07:02:49.387+0000] {processor.py:186} INFO - Started process (PID=82) to work on /home/airflow/.local/lib/python3.12/site-packages/airflow/example_dags/example_xcom.py
[2025-04-11T07:02:49.395+0000] {processor.py:914} INFO - Processing file /home/airflow/.local/lib/python3.12/site-packages/airflow/example_dags/example_xcom.py for tasks to queue
[2025-04-11T07:02:49.412+0000] {logging_mixin.py:190} INFO - [2025-04-11T07:02:49.411+0000] {dagbag.py:588} INFO - Filling up the DagBag from /home/airflow/.local/lib/python3.12/site-packages/airflow/example_dags/example_xcom.py
[2025-04-11T07:02:49.502+0000] {processor.py:925} INFO - DAG(s) 'example_xcom' retrieved from /home/airflow/.local/lib/python3.12/site-packages/airflow/example_dags/example_xcom.py
[2025-04-11T07:02:50.233+0000] {logging_mixin.py:190} INFO - [2025-04-11T07:02:50.220+0000] {override.py:1912} INFO - Created Permission View: can delete on DAG:example_xcom
[2025-04-11T07:02:50.278+0000] {logging_mixin.py:190} INFO - [2025-04-11T07:02:50.276+0000] {override.py:1912} INFO - Created Permission View: can read on DAG:example_xcom
[2025-04-11T07:02:50.328+0000] {logging_mixin.py:190} INFO - [2025-04-11T07:02:50.327+0000] {override.py:1912} INFO - Created Permission View: can edit on DAG:example_xcom
[2025-04-11T07:02:50.372+0000] {logging_mixin.py:190} INFO - [2025-04-11T07:02:50.371+0000] {override.py:1912} INFO - Created Permission View: can delete on DAG Run:example_xcom
[2025-04-11T07:02:50.405+0000] {logging_mixin.py:190} INFO - [2025-04-11T07:02:50.404+0000] {override.py:1912} INFO - Created Permission View: can create on DAG Run:example_xcom
[2025-04-11T07:02:50.429+0000] {logging_mixin.py:190} INFO - [2025-04-11T07:02:50.427+0000] {override.py:1912} INFO - Created Permission View: can read on DAG Run:example_xcom
[2025-04-11T07:02:50.475+0000] {logging_mixin.py:190} INFO - [2025-04-11T07:02:50.471+0000] {override.py:1912} INFO - Created Permission View: menu access on DAG Run:example_xcom
[2025-04-11T07:02:50.482+0000] {logging_mixin.py:190} INFO - [2025-04-11T07:02:50.481+0000] {dag.py:3239} INFO - Sync 1 DAGs
[2025-04-11T07:02:50.565+0000] {logging_mixin.py:190} INFO - [2025-04-11T07:02:50.565+0000] {dag.py:3262} INFO - Creating ORM DAG for example_xcom
[2025-04-11T07:02:50.613+0000] {logging_mixin.py:190} INFO - [2025-04-11T07:02:50.612+0000] {dag.py:4180} INFO - Setting next_dagrun for example_xcom to 2021-01-01 00:00:00+00:00, run_after=2021-01-01 00:00:00+00:00
[2025-04-11T07:02:50.712+0000] {processor.py:208} INFO - Processing /home/airflow/.local/lib/python3.12/site-packages/airflow/example_dags/example_xcom.py took 1.348 seconds
[2025-04-11T07:04:56.333+0000] {processor.py:186} INFO - Started process (PID=76) to work on /home/airflow/.local/lib/python3.12/site-packages/airflow/example_dags/example_xcom.py
[2025-04-11T07:04:56.335+0000] {processor.py:914} INFO - Processing file /home/airflow/.local/lib/python3.12/site-packages/airflow/example_dags/example_xcom.py for tasks to queue
[2025-04-11T07:04:56.340+0000] {logging_mixin.py:190} INFO - [2025-04-11T07:04:56.338+0000] {dagbag.py:588} INFO - Filling up the DagBag from /home/airflow/.local/lib/python3.12/site-packages/airflow/example_dags/example_xcom.py
[2025-04-11T07:04:56.368+0000] {processor.py:925} INFO - DAG(s) 'example_xcom' retrieved from /home/airflow/.local/lib/python3.12/site-packages/airflow/example_dags/example_xcom.py
[2025-04-11T07:04:56.471+0000] {logging_mixin.py:190} INFO - [2025-04-11T07:04:56.470+0000] {dag.py:3239} INFO - Sync 1 DAGs
[2025-04-11T07:04:56.566+0000] {logging_mixin.py:190} INFO - [2025-04-11T07:04:56.565+0000] {dag.py:4180} INFO - Setting next_dagrun for example_xcom to 2021-01-01 00:00:00+00:00, run_after=2021-01-01 00:00:00+00:00
[2025-04-11T07:04:56.653+0000] {processor.py:208} INFO - Processing /home/airflow/.local/lib/python3.12/site-packages/airflow/example_dags/example_xcom.py took 0.336 seconds
[2025-04-11T07:05:45.594+0000] {processor.py:186} INFO - Started process (PID=145) to work on /home/airflow/.local/lib/python3.12/site-packages/airflow/example_dags/example_xcom.py
[2025-04-11T07:05:45.596+0000] {processor.py:914} INFO - Processing file /home/airflow/.local/lib/python3.12/site-packages/airflow/example_dags/example_xcom.py for tasks to queue
[2025-04-11T07:05:45.599+0000] {logging_mixin.py:190} INFO - [2025-04-11T07:05:45.599+0000] {dagbag.py:588} INFO - Filling up the DagBag from /home/airflow/.local/lib/python3.12/site-packages/airflow/example_dags/example_xcom.py
[2025-04-11T07:05:45.611+0000] {processor.py:925} INFO - DAG(s) 'example_xcom' retrieved from /home/airflow/.local/lib/python3.12/site-packages/airflow/example_dags/example_xcom.py
[2025-04-11T07:05:45.643+0000] {logging_mixin.py:190} INFO - [2025-04-11T07:05:45.642+0000] {dag.py:3239} INFO - Sync 1 DAGs
[2025-04-11T07:05:45.688+0000] {logging_mixin.py:190} INFO - [2025-04-11T07:05:45.688+0000] {dag.py:4180} INFO - Setting next_dagrun for example_xcom to 2021-01-01 00:00:00+00:00, run_after=2021-01-01 00:00:00+00:00
[2025-04-11T07:05:45.711+0000] {processor.py:208} INFO - Processing /home/airflow/.local/lib/python3.12/site-packages/airflow/example_dags/example_xcom.py took 0.127 seconds
[2025-04-11T07:06:17.950+0000] {processor.py:186} INFO - Started process (PID=208) to work on /home/airflow/.local/lib/python3.12/site-packages/airflow/example_dags/example_xcom.py
[2025-04-11T07:06:17.953+0000] {processor.py:914} INFO - Processing file /home/airflow/.local/lib/python3.12/site-packages/airflow/example_dags/example_xcom.py for tasks to queue
[2025-04-11T07:06:17.958+0000] {logging_mixin.py:190} INFO - [2025-04-11T07:06:17.957+0000] {dagbag.py:588} INFO - Filling up the DagBag from /home/airflow/.local/lib/python3.12/site-packages/airflow/example_dags/example_xcom.py
[2025-04-11T07:06:17.970+0000] {processor.py:925} INFO - DAG(s) 'example_xcom' retrieved from /home/airflow/.local/lib/python3.12/site-packages/airflow/example_dags/example_xcom.py
[2025-04-11T07:06:17.991+0000] {logging_mixin.py:190} INFO - [2025-04-11T07:06:17.990+0000] {dag.py:3239} INFO - Sync 1 DAGs
[2025-04-11T07:06:18.008+0000] {logging_mixin.py:190} INFO - [2025-04-11T07:06:18.008+0000] {dag.py:4180} INFO - Setting next_dagrun for example_xcom to 2021-01-01 00:00:00+00:00, run_after=2021-01-01 00:00:00+00:00
[2025-04-11T07:06:18.021+0000] {processor.py:208} INFO - Processing /home/airflow/.local/lib/python3.12/site-packages/airflow/example_dags/example_xcom.py took 0.079 seconds
[2025-04-11T07:06:49.530+0000] {processor.py:186} INFO - Started process (PID=271) to work on /home/airflow/.local/lib/python3.12/site-packages/airflow/example_dags/example_xcom.py
[2025-04-11T07:06:49.532+0000] {processor.py:914} INFO - Processing file /home/airflow/.local/lib/python3.12/site-packages/airflow/example_dags/example_xcom.py for tasks to queue
[2025-04-11T07:06:49.534+0000] {logging_mixin.py:190} INFO - [2025-04-11T07:06:49.534+0000] {dagbag.py:588} INFO - Filling up the DagBag from /home/airflow/.local/lib/python3.12/site-packages/airflow/example_dags/example_xcom.py
[2025-04-11T07:06:49.545+0000] {processor.py:925} INFO - DAG(s) 'example_xcom' retrieved from /home/airflow/.local/lib/python3.12/site-packages/airflow/example_dags/example_xcom.py
[2025-04-11T07:06:49.569+0000] {logging_mixin.py:190} INFO - [2025-04-11T07:06:49.569+0000] {dag.py:3239} INFO - Sync 1 DAGs
[2025-04-11T07:06:49.597+0000] {logging_mixin.py:190} INFO - [2025-04-11T07:06:49.596+0000] {dag.py:4180} INFO - Setting next_dagrun for example_xcom to 2021-01-01 00:00:00+00:00, run_after=2021-01-01 00:00:00+00:00
[2025-04-11T07:06:49.615+0000] {processor.py:208} INFO - Processing /home/airflow/.local/lib/python3.12/site-packages/airflow/example_dags/example_xcom.py took 0.093 seconds
[2025-04-11T07:07:21.527+0000] {processor.py:186} INFO - Started process (PID=334) to work on /home/airflow/.local/lib/python3.12/site-packages/airflow/example_dags/example_xcom.py
[2025-04-11T07:07:21.528+0000] {processor.py:914} INFO - Processing file /home/airflow/.local/lib/python3.12/site-packages/airflow/example_dags/example_xcom.py for tasks to queue
[2025-04-11T07:07:21.530+0000] {logging_mixin.py:190} INFO - [2025-04-11T07:07:21.530+0000] {dagbag.py:588} INFO - Filling up the DagBag from /home/airflow/.local/lib/python3.12/site-packages/airflow/example_dags/example_xcom.py
[2025-04-11T07:07:21.539+0000] {processor.py:925} INFO - DAG(s) 'example_xcom' retrieved from /home/airflow/.local/lib/python3.12/site-packages/airflow/example_dags/example_xcom.py
[2025-04-11T07:07:21.558+0000] {logging_mixin.py:190} INFO - [2025-04-11T07:07:21.558+0000] {dag.py:3239} INFO - Sync 1 DAGs
[2025-04-11T07:07:21.580+0000] {logging_mixin.py:190} INFO - [2025-04-11T07:07:21.579+0000] {dag.py:4180} INFO - Setting next_dagrun for example_xcom to 2021-01-01 00:00:00+00:00, run_after=2021-01-01 00:00:00+00:00
[2025-04-11T07:07:21.593+0000] {processor.py:208} INFO - Processing /home/airflow/.local/lib/python3.12/site-packages/airflow/example_dags/example_xcom.py took 0.073 seconds
[2025-04-11T07:07:52.673+0000] {processor.py:186} INFO - Started process (PID=395) to work on /home/airflow/.local/lib/python3.12/site-packages/airflow/example_dags/example_xcom.py
[2025-04-11T07:07:52.675+0000] {processor.py:914} INFO - Processing file /home/airflow/.local/lib/python3.12/site-packages/airflow/example_dags/example_xcom.py for tasks to queue
[2025-04-11T07:07:52.676+0000] {logging_mixin.py:190} INFO - [2025-04-11T07:07:52.676+0000] {dagbag.py:588} INFO - Filling up the DagBag from /home/airflow/.local/lib/python3.12/site-packages/airflow/example_dags/example_xcom.py
[2025-04-11T07:07:52.686+0000] {processor.py:925} INFO - DAG(s) 'example_xcom' retrieved from /home/airflow/.local/lib/python3.12/site-packages/airflow/example_dags/example_xcom.py
[2025-04-11T07:07:52.711+0000] {logging_mixin.py:190} INFO - [2025-04-11T07:07:52.711+0000] {dag.py:3239} INFO - Sync 1 DAGs
[2025-04-11T07:07:52.733+0000] {logging_mixin.py:190} INFO - [2025-04-11T07:07:52.733+0000] {dag.py:4180} INFO - Setting next_dagrun for example_xcom to 2021-01-01 00:00:00+00:00, run_after=2021-01-01 00:00:00+00:00
[2025-04-11T07:07:52.753+0000] {processor.py:208} INFO - Processing /home/airflow/.local/lib/python3.12/site-packages/airflow/example_dags/example_xcom.py took 0.088 seconds
[2025-04-11T07:08:23.286+0000] {processor.py:186} INFO - Started process (PID=457) to work on /home/airflow/.local/lib/python3.12/site-packages/airflow/example_dags/example_xcom.py
[2025-04-11T07:08:23.292+0000] {processor.py:914} INFO - Processing file /home/airflow/.local/lib/python3.12/site-packages/airflow/example_dags/example_xcom.py for tasks to queue
[2025-04-11T07:08:23.303+0000] {logging_mixin.py:190} INFO - [2025-04-11T07:08:23.302+0000] {dagbag.py:588} INFO - Filling up the DagBag from /home/airflow/.local/lib/python3.12/site-packages/airflow/example_dags/example_xcom.py
[2025-04-11T07:08:23.336+0000] {processor.py:925} INFO - DAG(s) 'example_xcom' retrieved from /home/airflow/.local/lib/python3.12/site-packages/airflow/example_dags/example_xcom.py
[2025-04-11T07:08:23.394+0000] {logging_mixin.py:190} INFO - [2025-04-11T07:08:23.393+0000] {dag.py:3239} INFO - Sync 1 DAGs
[2025-04-11T07:08:23.449+0000] {logging_mixin.py:190} INFO - [2025-04-11T07:08:23.448+0000] {dag.py:4180} INFO - Setting next_dagrun for example_xcom to 2021-01-01 00:00:00+00:00, run_after=2021-01-01 00:00:00+00:00
[2025-04-11T07:08:23.470+0000] {processor.py:208} INFO - Processing /home/airflow/.local/lib/python3.12/site-packages/airflow/example_dags/example_xcom.py took 0.196 seconds
