[2025-04-11T07:02:53.244+0000] {processor.py:186} INFO - Started process (PID=87) to work on /home/airflow/.local/lib/python3.12/site-packages/airflow/example_dags/example_short_circuit_decorator.py
[2025-04-11T07:02:53.258+0000] {processor.py:914} INFO - Processing file /home/airflow/.local/lib/python3.12/site-packages/airflow/example_dags/example_short_circuit_decorator.py for tasks to queue
[2025-04-11T07:02:53.272+0000] {logging_mixin.py:190} INFO - [2025-04-11T07:02:53.269+0000] {dagbag.py:588} INFO - Filling up the DagBag from /home/airflow/.local/lib/python3.12/site-packages/airflow/example_dags/example_short_circuit_decorator.py
[2025-04-11T07:02:53.318+0000] {processor.py:925} INFO - DAG(s) 'example_short_circuit_decorator' retrieved from /home/airflow/.local/lib/python3.12/site-packages/airflow/example_dags/example_short_circuit_decorator.py
[2025-04-11T07:02:54.424+0000] {logging_mixin.py:190} INFO - [2025-04-11T07:02:54.390+0000] {override.py:1912} INFO - Created Permission View: can delete on DAG:example_short_circuit_decorator
[2025-04-11T07:02:54.529+0000] {logging_mixin.py:190} INFO - [2025-04-11T07:02:54.528+0000] {override.py:1912} INFO - Created Permission View: can read on DAG:example_short_circuit_decorator
[2025-04-11T07:02:54.545+0000] {logging_mixin.py:190} INFO - [2025-04-11T07:02:54.544+0000] {override.py:1912} INFO - Created Permission View: can edit on DAG:example_short_circuit_decorator
[2025-04-11T07:02:54.571+0000] {logging_mixin.py:190} INFO - [2025-04-11T07:02:54.569+0000] {override.py:1912} INFO - Created Permission View: can delete on DAG Run:example_short_circuit_decorator
[2025-04-11T07:02:54.595+0000] {logging_mixin.py:190} INFO - [2025-04-11T07:02:54.594+0000] {override.py:1912} INFO - Created Permission View: can create on DAG Run:example_short_circuit_decorator
[2025-04-11T07:02:54.625+0000] {logging_mixin.py:190} INFO - [2025-04-11T07:02:54.624+0000] {override.py:1912} INFO - Created Permission View: can read on DAG Run:example_short_circuit_decorator
[2025-04-11T07:02:54.654+0000] {logging_mixin.py:190} INFO - [2025-04-11T07:02:54.653+0000] {override.py:1912} INFO - Created Permission View: menu access on DAG Run:example_short_circuit_decorator
[2025-04-11T07:02:54.657+0000] {logging_mixin.py:190} INFO - [2025-04-11T07:02:54.657+0000] {dag.py:3239} INFO - Sync 1 DAGs
[2025-04-11T07:02:54.919+0000] {logging_mixin.py:190} INFO - [2025-04-11T07:02:54.916+0000] {dag.py:3262} INFO - Creating ORM DAG for example_short_circuit_decorator
[2025-04-11T07:02:54.928+0000] {logging_mixin.py:190} INFO - [2025-04-11T07:02:54.928+0000] {dag.py:4180} INFO - Setting next_dagrun for example_short_circuit_decorator to None, run_after=None
[2025-04-11T07:02:55.168+0000] {processor.py:208} INFO - Processing /home/airflow/.local/lib/python3.12/site-packages/airflow/example_dags/example_short_circuit_decorator.py took 2.082 seconds
[2025-04-11T07:04:58.059+0000] {processor.py:186} INFO - Started process (PID=81) to work on /home/airflow/.local/lib/python3.12/site-packages/airflow/example_dags/example_short_circuit_decorator.py
[2025-04-11T07:04:58.060+0000] {processor.py:914} INFO - Processing file /home/airflow/.local/lib/python3.12/site-packages/airflow/example_dags/example_short_circuit_decorator.py for tasks to queue
[2025-04-11T07:04:58.065+0000] {logging_mixin.py:190} INFO - [2025-04-11T07:04:58.064+0000] {dagbag.py:588} INFO - Filling up the DagBag from /home/airflow/.local/lib/python3.12/site-packages/airflow/example_dags/example_short_circuit_decorator.py
[2025-04-11T07:04:58.081+0000] {processor.py:925} INFO - DAG(s) 'example_short_circuit_decorator' retrieved from /home/airflow/.local/lib/python3.12/site-packages/airflow/example_dags/example_short_circuit_decorator.py
[2025-04-11T07:04:58.113+0000] {logging_mixin.py:190} INFO - [2025-04-11T07:04:58.113+0000] {dag.py:3239} INFO - Sync 1 DAGs
[2025-04-11T07:04:58.140+0000] {logging_mixin.py:190} INFO - [2025-04-11T07:04:58.139+0000] {dag.py:4180} INFO - Setting next_dagrun for example_short_circuit_decorator to None, run_after=None
[2025-04-11T07:04:58.166+0000] {processor.py:208} INFO - Processing /home/airflow/.local/lib/python3.12/site-packages/airflow/example_dags/example_short_circuit_decorator.py took 0.114 seconds
[2025-04-11T07:05:46.175+0000] {processor.py:186} INFO - Started process (PID=150) to work on /home/airflow/.local/lib/python3.12/site-packages/airflow/example_dags/example_short_circuit_decorator.py
[2025-04-11T07:05:46.179+0000] {processor.py:914} INFO - Processing file /home/airflow/.local/lib/python3.12/site-packages/airflow/example_dags/example_short_circuit_decorator.py for tasks to queue
[2025-04-11T07:05:46.192+0000] {logging_mixin.py:190} INFO - [2025-04-11T07:05:46.190+0000] {dagbag.py:588} INFO - Filling up the DagBag from /home/airflow/.local/lib/python3.12/site-packages/airflow/example_dags/example_short_circuit_decorator.py
[2025-04-11T07:05:46.262+0000] {processor.py:925} INFO - DAG(s) 'example_short_circuit_decorator' retrieved from /home/airflow/.local/lib/python3.12/site-packages/airflow/example_dags/example_short_circuit_decorator.py
[2025-04-11T07:05:46.324+0000] {logging_mixin.py:190} INFO - [2025-04-11T07:05:46.323+0000] {dag.py:3239} INFO - Sync 1 DAGs
[2025-04-11T07:05:46.353+0000] {logging_mixin.py:190} INFO - [2025-04-11T07:05:46.353+0000] {dag.py:4180} INFO - Setting next_dagrun for example_short_circuit_decorator to None, run_after=None
[2025-04-11T07:05:46.381+0000] {processor.py:208} INFO - Processing /home/airflow/.local/lib/python3.12/site-packages/airflow/example_dags/example_short_circuit_decorator.py took 0.238 seconds
[2025-04-11T07:06:18.350+0000] {processor.py:186} INFO - Started process (PID=213) to work on /home/airflow/.local/lib/python3.12/site-packages/airflow/example_dags/example_short_circuit_decorator.py
[2025-04-11T07:06:18.353+0000] {processor.py:914} INFO - Processing file /home/airflow/.local/lib/python3.12/site-packages/airflow/example_dags/example_short_circuit_decorator.py for tasks to queue
[2025-04-11T07:06:18.358+0000] {logging_mixin.py:190} INFO - [2025-04-11T07:06:18.357+0000] {dagbag.py:588} INFO - Filling up the DagBag from /home/airflow/.local/lib/python3.12/site-packages/airflow/example_dags/example_short_circuit_decorator.py
[2025-04-11T07:06:18.386+0000] {processor.py:925} INFO - DAG(s) 'example_short_circuit_decorator' retrieved from /home/airflow/.local/lib/python3.12/site-packages/airflow/example_dags/example_short_circuit_decorator.py
[2025-04-11T07:06:18.411+0000] {logging_mixin.py:190} INFO - [2025-04-11T07:06:18.411+0000] {dag.py:3239} INFO - Sync 1 DAGs
[2025-04-11T07:06:18.425+0000] {logging_mixin.py:190} INFO - [2025-04-11T07:06:18.424+0000] {dag.py:4180} INFO - Setting next_dagrun for example_short_circuit_decorator to None, run_after=None
[2025-04-11T07:06:18.441+0000] {processor.py:208} INFO - Processing /home/airflow/.local/lib/python3.12/site-packages/airflow/example_dags/example_short_circuit_decorator.py took 0.103 seconds
[2025-04-11T07:06:50.072+0000] {processor.py:186} INFO - Started process (PID=276) to work on /home/airflow/.local/lib/python3.12/site-packages/airflow/example_dags/example_short_circuit_decorator.py
[2025-04-11T07:06:50.074+0000] {processor.py:914} INFO - Processing file /home/airflow/.local/lib/python3.12/site-packages/airflow/example_dags/example_short_circuit_decorator.py for tasks to queue
[2025-04-11T07:06:50.077+0000] {logging_mixin.py:190} INFO - [2025-04-11T07:06:50.077+0000] {dagbag.py:588} INFO - Filling up the DagBag from /home/airflow/.local/lib/python3.12/site-packages/airflow/example_dags/example_short_circuit_decorator.py
[2025-04-11T07:06:50.091+0000] {processor.py:925} INFO - DAG(s) 'example_short_circuit_decorator' retrieved from /home/airflow/.local/lib/python3.12/site-packages/airflow/example_dags/example_short_circuit_decorator.py
[2025-04-11T07:06:50.122+0000] {logging_mixin.py:190} INFO - [2025-04-11T07:06:50.122+0000] {dag.py:3239} INFO - Sync 1 DAGs
[2025-04-11T07:06:50.136+0000] {logging_mixin.py:190} INFO - [2025-04-11T07:06:50.136+0000] {dag.py:4180} INFO - Setting next_dagrun for example_short_circuit_decorator to None, run_after=None
[2025-04-11T07:06:50.149+0000] {processor.py:208} INFO - Processing /home/airflow/.local/lib/python3.12/site-packages/airflow/example_dags/example_short_circuit_decorator.py took 0.087 seconds
[2025-04-11T07:07:22.953+0000] {processor.py:186} INFO - Started process (PID=339) to work on /home/airflow/.local/lib/python3.12/site-packages/airflow/example_dags/example_short_circuit_decorator.py
[2025-04-11T07:07:22.959+0000] {processor.py:914} INFO - Processing file /home/airflow/.local/lib/python3.12/site-packages/airflow/example_dags/example_short_circuit_decorator.py for tasks to queue
[2025-04-11T07:07:22.964+0000] {logging_mixin.py:190} INFO - [2025-04-11T07:07:22.963+0000] {dagbag.py:588} INFO - Filling up the DagBag from /home/airflow/.local/lib/python3.12/site-packages/airflow/example_dags/example_short_circuit_decorator.py
[2025-04-11T07:07:22.992+0000] {processor.py:925} INFO - DAG(s) 'example_short_circuit_decorator' retrieved from /home/airflow/.local/lib/python3.12/site-packages/airflow/example_dags/example_short_circuit_decorator.py
[2025-04-11T07:07:23.041+0000] {logging_mixin.py:190} INFO - [2025-04-11T07:07:23.040+0000] {dag.py:3239} INFO - Sync 1 DAGs
[2025-04-11T07:07:23.056+0000] {logging_mixin.py:190} INFO - [2025-04-11T07:07:23.056+0000] {dag.py:4180} INFO - Setting next_dagrun for example_short_circuit_decorator to None, run_after=None
[2025-04-11T07:07:23.072+0000] {processor.py:208} INFO - Processing /home/airflow/.local/lib/python3.12/site-packages/airflow/example_dags/example_short_circuit_decorator.py took 0.141 seconds
[2025-04-11T07:07:54.327+0000] {processor.py:186} INFO - Started process (PID=402) to work on /home/airflow/.local/lib/python3.12/site-packages/airflow/example_dags/example_short_circuit_decorator.py
[2025-04-11T07:07:54.328+0000] {processor.py:914} INFO - Processing file /home/airflow/.local/lib/python3.12/site-packages/airflow/example_dags/example_short_circuit_decorator.py for tasks to queue
[2025-04-11T07:07:54.330+0000] {logging_mixin.py:190} INFO - [2025-04-11T07:07:54.330+0000] {dagbag.py:588} INFO - Filling up the DagBag from /home/airflow/.local/lib/python3.12/site-packages/airflow/example_dags/example_short_circuit_decorator.py
[2025-04-11T07:07:54.339+0000] {processor.py:925} INFO - DAG(s) 'example_short_circuit_decorator' retrieved from /home/airflow/.local/lib/python3.12/site-packages/airflow/example_dags/example_short_circuit_decorator.py
[2025-04-11T07:07:54.359+0000] {logging_mixin.py:190} INFO - [2025-04-11T07:07:54.359+0000] {dag.py:3239} INFO - Sync 1 DAGs
[2025-04-11T07:07:54.373+0000] {logging_mixin.py:190} INFO - [2025-04-11T07:07:54.373+0000] {dag.py:4180} INFO - Setting next_dagrun for example_short_circuit_decorator to None, run_after=None
[2025-04-11T07:07:54.387+0000] {processor.py:208} INFO - Processing /home/airflow/.local/lib/python3.12/site-packages/airflow/example_dags/example_short_circuit_decorator.py took 0.073 seconds
[2025-04-11T07:08:26.210+0000] {processor.py:186} INFO - Started process (PID=464) to work on /home/airflow/.local/lib/python3.12/site-packages/airflow/example_dags/example_short_circuit_decorator.py
[2025-04-11T07:08:26.211+0000] {processor.py:914} INFO - Processing file /home/airflow/.local/lib/python3.12/site-packages/airflow/example_dags/example_short_circuit_decorator.py for tasks to queue
[2025-04-11T07:08:26.215+0000] {logging_mixin.py:190} INFO - [2025-04-11T07:08:26.214+0000] {dagbag.py:588} INFO - Filling up the DagBag from /home/airflow/.local/lib/python3.12/site-packages/airflow/example_dags/example_short_circuit_decorator.py
[2025-04-11T07:08:26.226+0000] {processor.py:925} INFO - DAG(s) 'example_short_circuit_decorator' retrieved from /home/airflow/.local/lib/python3.12/site-packages/airflow/example_dags/example_short_circuit_decorator.py
[2025-04-11T07:08:26.280+0000] {logging_mixin.py:190} INFO - [2025-04-11T07:08:26.279+0000] {dag.py:3239} INFO - Sync 1 DAGs
[2025-04-11T07:08:26.305+0000] {logging_mixin.py:190} INFO - [2025-04-11T07:08:26.304+0000] {dag.py:4180} INFO - Setting next_dagrun for example_short_circuit_decorator to None, run_after=None
[2025-04-11T07:08:26.332+0000] {processor.py:208} INFO - Processing /home/airflow/.local/lib/python3.12/site-packages/airflow/example_dags/example_short_circuit_decorator.py took 0.127 seconds
