[2025-04-11T07:02:45.620+0000] {processor.py:186} INFO - Started process (PID=78) to work on /home/airflow/.local/lib/python3.12/site-packages/airflow/example_dags/example_kubernetes_executor.py
[2025-04-11T07:02:45.626+0000] {processor.py:914} INFO - Processing file /home/airflow/.local/lib/python3.12/site-packages/airflow/example_dags/example_kubernetes_executor.py for tasks to queue
[2025-04-11T07:02:45.645+0000] {logging_mixin.py:190} INFO - [2025-04-11T07:02:45.644+0000] {dagbag.py:588} INFO - Filling up the DagBag from /home/airflow/.local/lib/python3.12/site-packages/airflow/example_dags/example_kubernetes_executor.py
[2025-04-11T07:02:45.766+0000] {processor.py:925} INFO - DAG(s) 'example_kubernetes_executor' retrieved from /home/airflow/.local/lib/python3.12/site-packages/airflow/example_dags/example_kubernetes_executor.py
[2025-04-11T07:02:46.969+0000] {logging_mixin.py:190} INFO - [2025-04-11T07:02:46.952+0000] {override.py:1912} INFO - Created Permission View: can delete on DAG:example_kubernetes_executor
[2025-04-11T07:02:47.017+0000] {logging_mixin.py:190} INFO - [2025-04-11T07:02:47.016+0000] {override.py:1912} INFO - Created Permission View: can read on DAG:example_kubernetes_executor
[2025-04-11T07:02:47.034+0000] {logging_mixin.py:190} INFO - [2025-04-11T07:02:47.033+0000] {override.py:1912} INFO - Created Permission View: can edit on DAG:example_kubernetes_executor
[2025-04-11T07:02:47.046+0000] {logging_mixin.py:190} INFO - [2025-04-11T07:02:47.045+0000] {override.py:1912} INFO - Created Permission View: can delete on DAG Run:example_kubernetes_executor
[2025-04-11T07:02:47.060+0000] {logging_mixin.py:190} INFO - [2025-04-11T07:02:47.059+0000] {override.py:1912} INFO - Created Permission View: can create on DAG Run:example_kubernetes_executor
[2025-04-11T07:02:47.072+0000] {logging_mixin.py:190} INFO - [2025-04-11T07:02:47.072+0000] {override.py:1912} INFO - Created Permission View: can read on DAG Run:example_kubernetes_executor
[2025-04-11T07:02:47.084+0000] {logging_mixin.py:190} INFO - [2025-04-11T07:02:47.084+0000] {override.py:1912} INFO - Created Permission View: menu access on DAG Run:example_kubernetes_executor
[2025-04-11T07:02:47.085+0000] {logging_mixin.py:190} INFO - [2025-04-11T07:02:47.085+0000] {dag.py:3239} INFO - Sync 1 DAGs
[2025-04-11T07:02:47.122+0000] {logging_mixin.py:190} INFO - [2025-04-11T07:02:47.121+0000] {dag.py:3262} INFO - Creating ORM DAG for example_kubernetes_executor
[2025-04-11T07:02:47.125+0000] {logging_mixin.py:190} INFO - [2025-04-11T07:02:47.125+0000] {dag.py:4180} INFO - Setting next_dagrun for example_kubernetes_executor to None, run_after=None
[2025-04-11T07:02:47.189+0000] {processor.py:208} INFO - Processing /home/airflow/.local/lib/python3.12/site-packages/airflow/example_dags/example_kubernetes_executor.py took 1.622 seconds
[2025-04-11T07:04:55.669+0000] {processor.py:186} INFO - Started process (PID=72) to work on /home/airflow/.local/lib/python3.12/site-packages/airflow/example_dags/example_kubernetes_executor.py
[2025-04-11T07:04:55.674+0000] {processor.py:914} INFO - Processing file /home/airflow/.local/lib/python3.12/site-packages/airflow/example_dags/example_kubernetes_executor.py for tasks to queue
[2025-04-11T07:04:55.679+0000] {logging_mixin.py:190} INFO - [2025-04-11T07:04:55.679+0000] {dagbag.py:588} INFO - Filling up the DagBag from /home/airflow/.local/lib/python3.12/site-packages/airflow/example_dags/example_kubernetes_executor.py
[2025-04-11T07:04:55.704+0000] {processor.py:925} INFO - DAG(s) 'example_kubernetes_executor' retrieved from /home/airflow/.local/lib/python3.12/site-packages/airflow/example_dags/example_kubernetes_executor.py
[2025-04-11T07:04:55.786+0000] {logging_mixin.py:190} INFO - [2025-04-11T07:04:55.785+0000] {dag.py:3239} INFO - Sync 1 DAGs
[2025-04-11T07:04:55.843+0000] {logging_mixin.py:190} INFO - [2025-04-11T07:04:55.843+0000] {dag.py:4180} INFO - Setting next_dagrun for example_kubernetes_executor to None, run_after=None
[2025-04-11T07:04:55.959+0000] {processor.py:208} INFO - Processing /home/airflow/.local/lib/python3.12/site-packages/airflow/example_dags/example_kubernetes_executor.py took 0.297 seconds
[2025-04-11T07:05:44.953+0000] {processor.py:186} INFO - Started process (PID=141) to work on /home/airflow/.local/lib/python3.12/site-packages/airflow/example_dags/example_kubernetes_executor.py
[2025-04-11T07:05:44.955+0000] {processor.py:914} INFO - Processing file /home/airflow/.local/lib/python3.12/site-packages/airflow/example_dags/example_kubernetes_executor.py for tasks to queue
[2025-04-11T07:05:44.959+0000] {logging_mixin.py:190} INFO - [2025-04-11T07:05:44.959+0000] {dagbag.py:588} INFO - Filling up the DagBag from /home/airflow/.local/lib/python3.12/site-packages/airflow/example_dags/example_kubernetes_executor.py
[2025-04-11T07:05:45.013+0000] {processor.py:925} INFO - DAG(s) 'example_kubernetes_executor' retrieved from /home/airflow/.local/lib/python3.12/site-packages/airflow/example_dags/example_kubernetes_executor.py
[2025-04-11T07:05:45.062+0000] {logging_mixin.py:190} INFO - [2025-04-11T07:05:45.062+0000] {dag.py:3239} INFO - Sync 1 DAGs
[2025-04-11T07:05:45.085+0000] {logging_mixin.py:190} INFO - [2025-04-11T07:05:45.084+0000] {dag.py:4180} INFO - Setting next_dagrun for example_kubernetes_executor to None, run_after=None
[2025-04-11T07:05:45.137+0000] {processor.py:208} INFO - Processing /home/airflow/.local/lib/python3.12/site-packages/airflow/example_dags/example_kubernetes_executor.py took 0.202 seconds
[2025-04-11T07:06:17.523+0000] {processor.py:186} INFO - Started process (PID=204) to work on /home/airflow/.local/lib/python3.12/site-packages/airflow/example_dags/example_kubernetes_executor.py
[2025-04-11T07:06:17.524+0000] {processor.py:914} INFO - Processing file /home/airflow/.local/lib/python3.12/site-packages/airflow/example_dags/example_kubernetes_executor.py for tasks to queue
[2025-04-11T07:06:17.526+0000] {logging_mixin.py:190} INFO - [2025-04-11T07:06:17.526+0000] {dagbag.py:588} INFO - Filling up the DagBag from /home/airflow/.local/lib/python3.12/site-packages/airflow/example_dags/example_kubernetes_executor.py
[2025-04-11T07:06:17.540+0000] {processor.py:925} INFO - DAG(s) 'example_kubernetes_executor' retrieved from /home/airflow/.local/lib/python3.12/site-packages/airflow/example_dags/example_kubernetes_executor.py
[2025-04-11T07:06:17.568+0000] {logging_mixin.py:190} INFO - [2025-04-11T07:06:17.568+0000] {dag.py:3239} INFO - Sync 1 DAGs
[2025-04-11T07:06:17.584+0000] {logging_mixin.py:190} INFO - [2025-04-11T07:06:17.584+0000] {dag.py:4180} INFO - Setting next_dagrun for example_kubernetes_executor to None, run_after=None
[2025-04-11T07:06:17.611+0000] {processor.py:208} INFO - Processing /home/airflow/.local/lib/python3.12/site-packages/airflow/example_dags/example_kubernetes_executor.py took 0.091 seconds
[2025-04-11T07:06:48.866+0000] {processor.py:186} INFO - Started process (PID=267) to work on /home/airflow/.local/lib/python3.12/site-packages/airflow/example_dags/example_kubernetes_executor.py
[2025-04-11T07:06:48.867+0000] {processor.py:914} INFO - Processing file /home/airflow/.local/lib/python3.12/site-packages/airflow/example_dags/example_kubernetes_executor.py for tasks to queue
[2025-04-11T07:06:48.869+0000] {logging_mixin.py:190} INFO - [2025-04-11T07:06:48.869+0000] {dagbag.py:588} INFO - Filling up the DagBag from /home/airflow/.local/lib/python3.12/site-packages/airflow/example_dags/example_kubernetes_executor.py
[2025-04-11T07:06:48.890+0000] {processor.py:925} INFO - DAG(s) 'example_kubernetes_executor' retrieved from /home/airflow/.local/lib/python3.12/site-packages/airflow/example_dags/example_kubernetes_executor.py
[2025-04-11T07:06:48.918+0000] {logging_mixin.py:190} INFO - [2025-04-11T07:06:48.918+0000] {dag.py:3239} INFO - Sync 1 DAGs
[2025-04-11T07:06:48.937+0000] {logging_mixin.py:190} INFO - [2025-04-11T07:06:48.936+0000] {dag.py:4180} INFO - Setting next_dagrun for example_kubernetes_executor to None, run_after=None
[2025-04-11T07:06:48.965+0000] {processor.py:208} INFO - Processing /home/airflow/.local/lib/python3.12/site-packages/airflow/example_dags/example_kubernetes_executor.py took 0.108 seconds
[2025-04-11T07:07:19.314+0000] {processor.py:186} INFO - Started process (PID=328) to work on /home/airflow/.local/lib/python3.12/site-packages/airflow/example_dags/example_kubernetes_executor.py
[2025-04-11T07:07:19.318+0000] {processor.py:914} INFO - Processing file /home/airflow/.local/lib/python3.12/site-packages/airflow/example_dags/example_kubernetes_executor.py for tasks to queue
[2025-04-11T07:07:19.326+0000] {logging_mixin.py:190} INFO - [2025-04-11T07:07:19.325+0000] {dagbag.py:588} INFO - Filling up the DagBag from /home/airflow/.local/lib/python3.12/site-packages/airflow/example_dags/example_kubernetes_executor.py
[2025-04-11T07:07:19.353+0000] {processor.py:925} INFO - DAG(s) 'example_kubernetes_executor' retrieved from /home/airflow/.local/lib/python3.12/site-packages/airflow/example_dags/example_kubernetes_executor.py
[2025-04-11T07:07:19.397+0000] {logging_mixin.py:190} INFO - [2025-04-11T07:07:19.397+0000] {dag.py:3239} INFO - Sync 1 DAGs
[2025-04-11T07:07:19.418+0000] {logging_mixin.py:190} INFO - [2025-04-11T07:07:19.418+0000] {dag.py:4180} INFO - Setting next_dagrun for example_kubernetes_executor to None, run_after=None
[2025-04-11T07:07:19.443+0000] {processor.py:208} INFO - Processing /home/airflow/.local/lib/python3.12/site-packages/airflow/example_dags/example_kubernetes_executor.py took 0.140 seconds
[2025-04-11T07:07:49.824+0000] {processor.py:186} INFO - Started process (PID=390) to work on /home/airflow/.local/lib/python3.12/site-packages/airflow/example_dags/example_kubernetes_executor.py
[2025-04-11T07:07:49.833+0000] {processor.py:914} INFO - Processing file /home/airflow/.local/lib/python3.12/site-packages/airflow/example_dags/example_kubernetes_executor.py for tasks to queue
[2025-04-11T07:07:49.850+0000] {logging_mixin.py:190} INFO - [2025-04-11T07:07:49.849+0000] {dagbag.py:588} INFO - Filling up the DagBag from /home/airflow/.local/lib/python3.12/site-packages/airflow/example_dags/example_kubernetes_executor.py
[2025-04-11T07:07:49.923+0000] {processor.py:925} INFO - DAG(s) 'example_kubernetes_executor' retrieved from /home/airflow/.local/lib/python3.12/site-packages/airflow/example_dags/example_kubernetes_executor.py
[2025-04-11T07:07:50.002+0000] {logging_mixin.py:190} INFO - [2025-04-11T07:07:50.001+0000] {dag.py:3239} INFO - Sync 1 DAGs
[2025-04-11T07:07:50.029+0000] {logging_mixin.py:190} INFO - [2025-04-11T07:07:50.029+0000] {dag.py:4180} INFO - Setting next_dagrun for example_kubernetes_executor to None, run_after=None
[2025-04-11T07:07:50.057+0000] {processor.py:208} INFO - Processing /home/airflow/.local/lib/python3.12/site-packages/airflow/example_dags/example_kubernetes_executor.py took 0.263 seconds
[2025-04-11T07:08:20.951+0000] {processor.py:186} INFO - Started process (PID=453) to work on /home/airflow/.local/lib/python3.12/site-packages/airflow/example_dags/example_kubernetes_executor.py
[2025-04-11T07:08:20.957+0000] {processor.py:914} INFO - Processing file /home/airflow/.local/lib/python3.12/site-packages/airflow/example_dags/example_kubernetes_executor.py for tasks to queue
[2025-04-11T07:08:20.966+0000] {logging_mixin.py:190} INFO - [2025-04-11T07:08:20.965+0000] {dagbag.py:588} INFO - Filling up the DagBag from /home/airflow/.local/lib/python3.12/site-packages/airflow/example_dags/example_kubernetes_executor.py
[2025-04-11T07:08:21.021+0000] {processor.py:925} INFO - DAG(s) 'example_kubernetes_executor' retrieved from /home/airflow/.local/lib/python3.12/site-packages/airflow/example_dags/example_kubernetes_executor.py
[2025-04-11T07:08:21.379+0000] {logging_mixin.py:190} INFO - [2025-04-11T07:08:21.371+0000] {dag.py:3239} INFO - Sync 1 DAGs
[2025-04-11T07:08:21.616+0000] {logging_mixin.py:190} INFO - [2025-04-11T07:08:21.612+0000] {dag.py:4180} INFO - Setting next_dagrun for example_kubernetes_executor to None, run_after=None
[2025-04-11T07:08:21.727+0000] {processor.py:208} INFO - Processing /home/airflow/.local/lib/python3.12/site-packages/airflow/example_dags/example_kubernetes_executor.py took 0.800 seconds
