[2025-04-11T07:04:59.092+0000] {processor.py:186} INFO - Started process (PID=87) to work on /home/airflow/.local/lib/python3.12/site-packages/airflow/example_dags/example_task_group.py
[2025-04-11T07:04:59.093+0000] {processor.py:914} INFO - Processing file /home/airflow/.local/lib/python3.12/site-packages/airflow/example_dags/example_task_group.py for tasks to queue
[2025-04-11T07:04:59.097+0000] {logging_mixin.py:190} INFO - [2025-04-11T07:04:59.097+0000] {dagbag.py:588} INFO - Filling up the DagBag from /home/airflow/.local/lib/python3.12/site-packages/airflow/example_dags/example_task_group.py
[2025-04-11T07:04:59.118+0000] {processor.py:925} INFO - DAG(s) 'example_task_group' retrieved from /home/airflow/.local/lib/python3.12/site-packages/airflow/example_dags/example_task_group.py
[2025-04-11T07:04:59.502+0000] {logging_mixin.py:190} INFO - [2025-04-11T07:04:59.501+0000] {override.py:1912} INFO - Created Permission View: can read on DAG:example_task_group
[2025-04-11T07:04:59.511+0000] {logging_mixin.py:190} INFO - [2025-04-11T07:04:59.510+0000] {override.py:1912} INFO - Created Permission View: can edit on DAG:example_task_group
[2025-04-11T07:04:59.514+0000] {logging_mixin.py:190} INFO - [2025-04-11T07:04:59.514+0000] {override.py:1912} INFO - Created Permission View: can delete on DAG:example_task_group
[2025-04-11T07:04:59.519+0000] {logging_mixin.py:190} INFO - [2025-04-11T07:04:59.519+0000] {override.py:1912} INFO - Created Permission View: menu access on DAG Run:example_task_group
[2025-04-11T07:04:59.523+0000] {logging_mixin.py:190} INFO - [2025-04-11T07:04:59.523+0000] {override.py:1912} INFO - Created Permission View: can create on DAG Run:example_task_group
[2025-04-11T07:04:59.526+0000] {logging_mixin.py:190} INFO - [2025-04-11T07:04:59.526+0000] {override.py:1912} INFO - Created Permission View: can read on DAG Run:example_task_group
[2025-04-11T07:04:59.530+0000] {logging_mixin.py:190} INFO - [2025-04-11T07:04:59.529+0000] {override.py:1912} INFO - Created Permission View: can delete on DAG Run:example_task_group
[2025-04-11T07:04:59.530+0000] {logging_mixin.py:190} INFO - [2025-04-11T07:04:59.530+0000] {dag.py:3239} INFO - Sync 1 DAGs
[2025-04-11T07:04:59.552+0000] {logging_mixin.py:190} INFO - [2025-04-11T07:04:59.552+0000] {dag.py:3262} INFO - Creating ORM DAG for example_task_group
[2025-04-11T07:04:59.556+0000] {logging_mixin.py:190} INFO - [2025-04-11T07:04:59.555+0000] {dag.py:4180} INFO - Setting next_dagrun for example_task_group to None, run_after=None
[2025-04-11T07:04:59.574+0000] {processor.py:208} INFO - Processing /home/airflow/.local/lib/python3.12/site-packages/airflow/example_dags/example_task_group.py took 0.493 seconds
[2025-04-11T07:05:47.680+0000] {processor.py:186} INFO - Started process (PID=156) to work on /home/airflow/.local/lib/python3.12/site-packages/airflow/example_dags/example_task_group.py
[2025-04-11T07:05:47.681+0000] {processor.py:914} INFO - Processing file /home/airflow/.local/lib/python3.12/site-packages/airflow/example_dags/example_task_group.py for tasks to queue
[2025-04-11T07:05:47.685+0000] {logging_mixin.py:190} INFO - [2025-04-11T07:05:47.685+0000] {dagbag.py:588} INFO - Filling up the DagBag from /home/airflow/.local/lib/python3.12/site-packages/airflow/example_dags/example_task_group.py
[2025-04-11T07:05:47.711+0000] {processor.py:925} INFO - DAG(s) 'example_task_group' retrieved from /home/airflow/.local/lib/python3.12/site-packages/airflow/example_dags/example_task_group.py
[2025-04-11T07:05:47.797+0000] {logging_mixin.py:190} INFO - [2025-04-11T07:05:47.796+0000] {dag.py:3239} INFO - Sync 1 DAGs
[2025-04-11T07:05:47.850+0000] {logging_mixin.py:190} INFO - [2025-04-11T07:05:47.849+0000] {dag.py:4180} INFO - Setting next_dagrun for example_task_group to None, run_after=None
[2025-04-11T07:05:47.933+0000] {processor.py:208} INFO - Processing /home/airflow/.local/lib/python3.12/site-packages/airflow/example_dags/example_task_group.py took 0.265 seconds
[2025-04-11T07:06:19.018+0000] {processor.py:186} INFO - Started process (PID=219) to work on /home/airflow/.local/lib/python3.12/site-packages/airflow/example_dags/example_task_group.py
[2025-04-11T07:06:19.022+0000] {processor.py:914} INFO - Processing file /home/airflow/.local/lib/python3.12/site-packages/airflow/example_dags/example_task_group.py for tasks to queue
[2025-04-11T07:06:19.025+0000] {logging_mixin.py:190} INFO - [2025-04-11T07:06:19.024+0000] {dagbag.py:588} INFO - Filling up the DagBag from /home/airflow/.local/lib/python3.12/site-packages/airflow/example_dags/example_task_group.py
[2025-04-11T07:06:19.036+0000] {processor.py:925} INFO - DAG(s) 'example_task_group' retrieved from /home/airflow/.local/lib/python3.12/site-packages/airflow/example_dags/example_task_group.py
[2025-04-11T07:06:19.084+0000] {logging_mixin.py:190} INFO - [2025-04-11T07:06:19.083+0000] {dag.py:3239} INFO - Sync 1 DAGs
[2025-04-11T07:06:19.119+0000] {logging_mixin.py:190} INFO - [2025-04-11T07:06:19.118+0000] {dag.py:4180} INFO - Setting next_dagrun for example_task_group to None, run_after=None
[2025-04-11T07:06:19.171+0000] {processor.py:208} INFO - Processing /home/airflow/.local/lib/python3.12/site-packages/airflow/example_dags/example_task_group.py took 0.163 seconds
[2025-04-11T07:06:50.336+0000] {processor.py:186} INFO - Started process (PID=281) to work on /home/airflow/.local/lib/python3.12/site-packages/airflow/example_dags/example_task_group.py
[2025-04-11T07:06:50.338+0000] {processor.py:914} INFO - Processing file /home/airflow/.local/lib/python3.12/site-packages/airflow/example_dags/example_task_group.py for tasks to queue
[2025-04-11T07:06:50.341+0000] {logging_mixin.py:190} INFO - [2025-04-11T07:06:50.340+0000] {dagbag.py:588} INFO - Filling up the DagBag from /home/airflow/.local/lib/python3.12/site-packages/airflow/example_dags/example_task_group.py
[2025-04-11T07:06:50.349+0000] {processor.py:925} INFO - DAG(s) 'example_task_group' retrieved from /home/airflow/.local/lib/python3.12/site-packages/airflow/example_dags/example_task_group.py
[2025-04-11T07:06:50.380+0000] {logging_mixin.py:190} INFO - [2025-04-11T07:06:50.379+0000] {dag.py:3239} INFO - Sync 1 DAGs
[2025-04-11T07:06:50.392+0000] {logging_mixin.py:190} INFO - [2025-04-11T07:06:50.392+0000] {dag.py:4180} INFO - Setting next_dagrun for example_task_group to None, run_after=None
[2025-04-11T07:06:50.406+0000] {processor.py:208} INFO - Processing /home/airflow/.local/lib/python3.12/site-packages/airflow/example_dags/example_task_group.py took 0.075 seconds
[2025-04-11T07:07:23.479+0000] {processor.py:186} INFO - Started process (PID=344) to work on /home/airflow/.local/lib/python3.12/site-packages/airflow/example_dags/example_task_group.py
[2025-04-11T07:07:23.482+0000] {processor.py:914} INFO - Processing file /home/airflow/.local/lib/python3.12/site-packages/airflow/example_dags/example_task_group.py for tasks to queue
[2025-04-11T07:07:23.485+0000] {logging_mixin.py:190} INFO - [2025-04-11T07:07:23.484+0000] {dagbag.py:588} INFO - Filling up the DagBag from /home/airflow/.local/lib/python3.12/site-packages/airflow/example_dags/example_task_group.py
[2025-04-11T07:07:23.495+0000] {processor.py:925} INFO - DAG(s) 'example_task_group' retrieved from /home/airflow/.local/lib/python3.12/site-packages/airflow/example_dags/example_task_group.py
[2025-04-11T07:07:23.525+0000] {logging_mixin.py:190} INFO - [2025-04-11T07:07:23.525+0000] {dag.py:3239} INFO - Sync 1 DAGs
[2025-04-11T07:07:23.543+0000] {logging_mixin.py:190} INFO - [2025-04-11T07:07:23.543+0000] {dag.py:4180} INFO - Setting next_dagrun for example_task_group to None, run_after=None
[2025-04-11T07:07:23.558+0000] {processor.py:208} INFO - Processing /home/airflow/.local/lib/python3.12/site-packages/airflow/example_dags/example_task_group.py took 0.085 seconds
[2025-04-11T07:07:54.693+0000] {processor.py:186} INFO - Started process (PID=407) to work on /home/airflow/.local/lib/python3.12/site-packages/airflow/example_dags/example_task_group.py
[2025-04-11T07:07:54.694+0000] {processor.py:914} INFO - Processing file /home/airflow/.local/lib/python3.12/site-packages/airflow/example_dags/example_task_group.py for tasks to queue
[2025-04-11T07:07:54.696+0000] {logging_mixin.py:190} INFO - [2025-04-11T07:07:54.696+0000] {dagbag.py:588} INFO - Filling up the DagBag from /home/airflow/.local/lib/python3.12/site-packages/airflow/example_dags/example_task_group.py
[2025-04-11T07:07:54.705+0000] {processor.py:925} INFO - DAG(s) 'example_task_group' retrieved from /home/airflow/.local/lib/python3.12/site-packages/airflow/example_dags/example_task_group.py
[2025-04-11T07:07:54.724+0000] {logging_mixin.py:190} INFO - [2025-04-11T07:07:54.724+0000] {dag.py:3239} INFO - Sync 1 DAGs
[2025-04-11T07:07:54.743+0000] {logging_mixin.py:190} INFO - [2025-04-11T07:07:54.742+0000] {dag.py:4180} INFO - Setting next_dagrun for example_task_group to None, run_after=None
[2025-04-11T07:07:54.755+0000] {processor.py:208} INFO - Processing /home/airflow/.local/lib/python3.12/site-packages/airflow/example_dags/example_task_group.py took 0.074 seconds
[2025-04-11T07:08:29.321+0000] {processor.py:186} INFO - Started process (PID=471) to work on /home/airflow/.local/lib/python3.12/site-packages/airflow/example_dags/example_task_group.py
[2025-04-11T07:08:29.322+0000] {processor.py:914} INFO - Processing file /home/airflow/.local/lib/python3.12/site-packages/airflow/example_dags/example_task_group.py for tasks to queue
[2025-04-11T07:08:29.324+0000] {logging_mixin.py:190} INFO - [2025-04-11T07:08:29.324+0000] {dagbag.py:588} INFO - Filling up the DagBag from /home/airflow/.local/lib/python3.12/site-packages/airflow/example_dags/example_task_group.py
[2025-04-11T07:08:29.332+0000] {processor.py:925} INFO - DAG(s) 'example_task_group' retrieved from /home/airflow/.local/lib/python3.12/site-packages/airflow/example_dags/example_task_group.py
[2025-04-11T07:08:29.349+0000] {logging_mixin.py:190} INFO - [2025-04-11T07:08:29.348+0000] {dag.py:3239} INFO - Sync 1 DAGs
[2025-04-11T07:08:29.359+0000] {logging_mixin.py:190} INFO - [2025-04-11T07:08:29.359+0000] {dag.py:4180} INFO - Setting next_dagrun for example_task_group to None, run_after=None
[2025-04-11T07:08:29.376+0000] {processor.py:208} INFO - Processing /home/airflow/.local/lib/python3.12/site-packages/airflow/example_dags/example_task_group.py took 0.061 seconds
