[2025-04-11T07:05:27.442+0000] {processor.py:186} INFO - Started process (PID=123) to work on /home/airflow/.local/lib/python3.12/site-packages/airflow/example_dags/example_dataset_alias.py
[2025-04-11T07:05:27.447+0000] {processor.py:914} INFO - Processing file /home/airflow/.local/lib/python3.12/site-packages/airflow/example_dags/example_dataset_alias.py for tasks to queue
[2025-04-11T07:05:27.456+0000] {logging_mixin.py:190} INFO - [2025-04-11T07:05:27.455+0000] {dagbag.py:588} INFO - Filling up the DagBag from /home/airflow/.local/lib/python3.12/site-packages/airflow/example_dags/example_dataset_alias.py
[2025-04-11T07:05:40.905+0000] {processor.py:925} INFO - DAG(s) 'dataset_alias_example_alias_consumer', 'dataset_s3_bucket_producer', 'dataset_alias_example_alias_producer', 'dataset_s3_bucket_consumer' retrieved from /home/airflow/.local/lib/python3.12/site-packages/airflow/example_dags/example_dataset_alias.py
[2025-04-11T07:05:41.321+0000] {logging_mixin.py:190} INFO - [2025-04-11T07:05:41.318+0000] {override.py:1912} INFO - Created Permission View: can read on DAG:dataset_alias_example_alias_consumer
[2025-04-11T07:05:41.360+0000] {logging_mixin.py:190} INFO - [2025-04-11T07:05:41.359+0000] {override.py:1912} INFO - Created Permission View: can edit on DAG:dataset_alias_example_alias_consumer
[2025-04-11T07:05:41.374+0000] {logging_mixin.py:190} INFO - [2025-04-11T07:05:41.373+0000] {override.py:1912} INFO - Created Permission View: can delete on DAG:dataset_alias_example_alias_consumer
[2025-04-11T07:05:41.390+0000] {logging_mixin.py:190} INFO - [2025-04-11T07:05:41.389+0000] {override.py:1912} INFO - Created Permission View: menu access on DAG Run:dataset_alias_example_alias_consumer
[2025-04-11T07:05:41.406+0000] {logging_mixin.py:190} INFO - [2025-04-11T07:05:41.406+0000] {override.py:1912} INFO - Created Permission View: can create on DAG Run:dataset_alias_example_alias_consumer
[2025-04-11T07:05:41.415+0000] {logging_mixin.py:190} INFO - [2025-04-11T07:05:41.415+0000] {override.py:1912} INFO - Created Permission View: can read on DAG Run:dataset_alias_example_alias_consumer
[2025-04-11T07:05:41.424+0000] {logging_mixin.py:190} INFO - [2025-04-11T07:05:41.423+0000] {override.py:1912} INFO - Created Permission View: can delete on DAG Run:dataset_alias_example_alias_consumer
[2025-04-11T07:05:41.460+0000] {logging_mixin.py:190} INFO - [2025-04-11T07:05:41.459+0000] {override.py:1912} INFO - Created Permission View: can read on DAG:dataset_s3_bucket_producer
[2025-04-11T07:05:41.468+0000] {logging_mixin.py:190} INFO - [2025-04-11T07:05:41.468+0000] {override.py:1912} INFO - Created Permission View: can edit on DAG:dataset_s3_bucket_producer
[2025-04-11T07:05:41.487+0000] {logging_mixin.py:190} INFO - [2025-04-11T07:05:41.484+0000] {override.py:1912} INFO - Created Permission View: can delete on DAG:dataset_s3_bucket_producer
[2025-04-11T07:05:41.509+0000] {logging_mixin.py:190} INFO - [2025-04-11T07:05:41.508+0000] {override.py:1912} INFO - Created Permission View: menu access on DAG Run:dataset_s3_bucket_producer
[2025-04-11T07:05:41.523+0000] {logging_mixin.py:190} INFO - [2025-04-11T07:05:41.523+0000] {override.py:1912} INFO - Created Permission View: can create on DAG Run:dataset_s3_bucket_producer
[2025-04-11T07:05:41.538+0000] {logging_mixin.py:190} INFO - [2025-04-11T07:05:41.537+0000] {override.py:1912} INFO - Created Permission View: can read on DAG Run:dataset_s3_bucket_producer
[2025-04-11T07:05:41.547+0000] {logging_mixin.py:190} INFO - [2025-04-11T07:05:41.547+0000] {override.py:1912} INFO - Created Permission View: can delete on DAG Run:dataset_s3_bucket_producer
[2025-04-11T07:05:41.570+0000] {logging_mixin.py:190} INFO - [2025-04-11T07:05:41.570+0000] {override.py:1912} INFO - Created Permission View: can read on DAG:dataset_alias_example_alias_producer
[2025-04-11T07:05:41.579+0000] {logging_mixin.py:190} INFO - [2025-04-11T07:05:41.579+0000] {override.py:1912} INFO - Created Permission View: can edit on DAG:dataset_alias_example_alias_producer
[2025-04-11T07:05:41.586+0000] {logging_mixin.py:190} INFO - [2025-04-11T07:05:41.585+0000] {override.py:1912} INFO - Created Permission View: can delete on DAG:dataset_alias_example_alias_producer
[2025-04-11T07:05:41.593+0000] {logging_mixin.py:190} INFO - [2025-04-11T07:05:41.593+0000] {override.py:1912} INFO - Created Permission View: menu access on DAG Run:dataset_alias_example_alias_producer
[2025-04-11T07:05:41.601+0000] {logging_mixin.py:190} INFO - [2025-04-11T07:05:41.600+0000] {override.py:1912} INFO - Created Permission View: can create on DAG Run:dataset_alias_example_alias_producer
[2025-04-11T07:05:41.615+0000] {logging_mixin.py:190} INFO - [2025-04-11T07:05:41.615+0000] {override.py:1912} INFO - Created Permission View: can read on DAG Run:dataset_alias_example_alias_producer
[2025-04-11T07:05:41.623+0000] {logging_mixin.py:190} INFO - [2025-04-11T07:05:41.623+0000] {override.py:1912} INFO - Created Permission View: can delete on DAG Run:dataset_alias_example_alias_producer
[2025-04-11T07:05:41.639+0000] {logging_mixin.py:190} INFO - [2025-04-11T07:05:41.638+0000] {override.py:1912} INFO - Created Permission View: can read on DAG:dataset_s3_bucket_consumer
[2025-04-11T07:05:41.645+0000] {logging_mixin.py:190} INFO - [2025-04-11T07:05:41.645+0000] {override.py:1912} INFO - Created Permission View: can edit on DAG:dataset_s3_bucket_consumer
[2025-04-11T07:05:41.651+0000] {logging_mixin.py:190} INFO - [2025-04-11T07:05:41.651+0000] {override.py:1912} INFO - Created Permission View: can delete on DAG:dataset_s3_bucket_consumer
[2025-04-11T07:05:41.658+0000] {logging_mixin.py:190} INFO - [2025-04-11T07:05:41.658+0000] {override.py:1912} INFO - Created Permission View: menu access on DAG Run:dataset_s3_bucket_consumer
[2025-04-11T07:05:41.665+0000] {logging_mixin.py:190} INFO - [2025-04-11T07:05:41.664+0000] {override.py:1912} INFO - Created Permission View: can create on DAG Run:dataset_s3_bucket_consumer
[2025-04-11T07:05:41.677+0000] {logging_mixin.py:190} INFO - [2025-04-11T07:05:41.677+0000] {override.py:1912} INFO - Created Permission View: can read on DAG Run:dataset_s3_bucket_consumer
[2025-04-11T07:05:41.685+0000] {logging_mixin.py:190} INFO - [2025-04-11T07:05:41.685+0000] {override.py:1912} INFO - Created Permission View: can delete on DAG Run:dataset_s3_bucket_consumer
[2025-04-11T07:05:41.688+0000] {logging_mixin.py:190} INFO - [2025-04-11T07:05:41.686+0000] {dag.py:3239} INFO - Sync 4 DAGs
[2025-04-11T07:05:41.723+0000] {logging_mixin.py:190} INFO - [2025-04-11T07:05:41.721+0000] {dag.py:3262} INFO - Creating ORM DAG for dataset_s3_bucket_producer
[2025-04-11T07:05:41.727+0000] {logging_mixin.py:190} INFO - [2025-04-11T07:05:41.726+0000] {dag.py:3262} INFO - Creating ORM DAG for dataset_s3_bucket_consumer
[2025-04-11T07:05:41.733+0000] {logging_mixin.py:190} INFO - [2025-04-11T07:05:41.733+0000] {dag.py:3262} INFO - Creating ORM DAG for dataset_alias_example_alias_producer
[2025-04-11T07:05:41.736+0000] {logging_mixin.py:190} INFO - [2025-04-11T07:05:41.735+0000] {dag.py:3262} INFO - Creating ORM DAG for dataset_alias_example_alias_consumer
[2025-04-11T07:05:41.816+0000] {logging_mixin.py:190} INFO - [2025-04-11T07:05:41.815+0000] {dag.py:4180} INFO - Setting next_dagrun for dataset_alias_example_alias_consumer to None, run_after=None
[2025-04-11T07:05:41.820+0000] {logging_mixin.py:190} INFO - [2025-04-11T07:05:41.819+0000] {dag.py:4180} INFO - Setting next_dagrun for dataset_alias_example_alias_producer to None, run_after=None
[2025-04-11T07:05:41.823+0000] {logging_mixin.py:190} INFO - [2025-04-11T07:05:41.822+0000] {dag.py:4180} INFO - Setting next_dagrun for dataset_s3_bucket_consumer to None, run_after=None
[2025-04-11T07:05:41.828+0000] {logging_mixin.py:190} INFO - [2025-04-11T07:05:41.827+0000] {dag.py:4180} INFO - Setting next_dagrun for dataset_s3_bucket_producer to None, run_after=None
[2025-04-11T07:05:41.959+0000] {processor.py:208} INFO - Processing /home/airflow/.local/lib/python3.12/site-packages/airflow/example_dags/example_dataset_alias.py took 14.538 seconds
[2025-04-11T07:06:13.309+0000] {processor.py:186} INFO - Started process (PID=200) to work on /home/airflow/.local/lib/python3.12/site-packages/airflow/example_dags/example_dataset_alias.py
[2025-04-11T07:06:13.316+0000] {processor.py:914} INFO - Processing file /home/airflow/.local/lib/python3.12/site-packages/airflow/example_dags/example_dataset_alias.py for tasks to queue
[2025-04-11T07:06:13.330+0000] {logging_mixin.py:190} INFO - [2025-04-11T07:06:13.329+0000] {dagbag.py:588} INFO - Filling up the DagBag from /home/airflow/.local/lib/python3.12/site-packages/airflow/example_dags/example_dataset_alias.py
[2025-04-11T07:06:16.852+0000] {processor.py:925} INFO - DAG(s) 'dataset_alias_example_alias_producer', 'dataset_s3_bucket_producer', 'dataset_alias_example_alias_consumer', 'dataset_s3_bucket_consumer' retrieved from /home/airflow/.local/lib/python3.12/site-packages/airflow/example_dags/example_dataset_alias.py
[2025-04-11T07:06:16.880+0000] {logging_mixin.py:190} INFO - [2025-04-11T07:06:16.879+0000] {dag.py:3239} INFO - Sync 4 DAGs
[2025-04-11T07:06:16.906+0000] {logging_mixin.py:190} INFO - [2025-04-11T07:06:16.905+0000] {dag.py:4180} INFO - Setting next_dagrun for dataset_alias_example_alias_consumer to None, run_after=None
[2025-04-11T07:06:16.908+0000] {logging_mixin.py:190} INFO - [2025-04-11T07:06:16.908+0000] {dag.py:4180} INFO - Setting next_dagrun for dataset_alias_example_alias_producer to None, run_after=None
[2025-04-11T07:06:16.909+0000] {logging_mixin.py:190} INFO - [2025-04-11T07:06:16.909+0000] {dag.py:4180} INFO - Setting next_dagrun for dataset_s3_bucket_consumer to None, run_after=None
[2025-04-11T07:06:16.910+0000] {logging_mixin.py:190} INFO - [2025-04-11T07:06:16.910+0000] {dag.py:4180} INFO - Setting next_dagrun for dataset_s3_bucket_producer to None, run_after=None
[2025-04-11T07:06:16.969+0000] {processor.py:208} INFO - Processing /home/airflow/.local/lib/python3.12/site-packages/airflow/example_dags/example_dataset_alias.py took 3.684 seconds
[2025-04-11T07:06:47.936+0000] {processor.py:186} INFO - Started process (PID=265) to work on /home/airflow/.local/lib/python3.12/site-packages/airflow/example_dags/example_dataset_alias.py
[2025-04-11T07:06:47.938+0000] {processor.py:914} INFO - Processing file /home/airflow/.local/lib/python3.12/site-packages/airflow/example_dags/example_dataset_alias.py for tasks to queue
[2025-04-11T07:06:47.941+0000] {logging_mixin.py:190} INFO - [2025-04-11T07:06:47.941+0000] {dagbag.py:588} INFO - Filling up the DagBag from /home/airflow/.local/lib/python3.12/site-packages/airflow/example_dags/example_dataset_alias.py
[2025-04-11T07:06:48.715+0000] {processor.py:925} INFO - DAG(s) 'dataset_alias_example_alias_producer', 'dataset_alias_example_alias_consumer', 'dataset_s3_bucket_producer', 'dataset_s3_bucket_consumer' retrieved from /home/airflow/.local/lib/python3.12/site-packages/airflow/example_dags/example_dataset_alias.py
[2025-04-11T07:06:48.734+0000] {logging_mixin.py:190} INFO - [2025-04-11T07:06:48.733+0000] {dag.py:3239} INFO - Sync 4 DAGs
[2025-04-11T07:06:48.760+0000] {logging_mixin.py:190} INFO - [2025-04-11T07:06:48.760+0000] {dag.py:4180} INFO - Setting next_dagrun for dataset_alias_example_alias_consumer to None, run_after=None
[2025-04-11T07:06:48.764+0000] {logging_mixin.py:190} INFO - [2025-04-11T07:06:48.764+0000] {dag.py:4180} INFO - Setting next_dagrun for dataset_alias_example_alias_producer to None, run_after=None
[2025-04-11T07:06:48.765+0000] {logging_mixin.py:190} INFO - [2025-04-11T07:06:48.765+0000] {dag.py:4180} INFO - Setting next_dagrun for dataset_s3_bucket_consumer to None, run_after=None
[2025-04-11T07:06:48.767+0000] {logging_mixin.py:190} INFO - [2025-04-11T07:06:48.766+0000] {dag.py:4180} INFO - Setting next_dagrun for dataset_s3_bucket_producer to None, run_after=None
[2025-04-11T07:06:48.782+0000] {processor.py:208} INFO - Processing /home/airflow/.local/lib/python3.12/site-packages/airflow/example_dags/example_dataset_alias.py took 0.855 seconds
[2025-04-11T07:07:19.689+0000] {processor.py:186} INFO - Started process (PID=330) to work on /home/airflow/.local/lib/python3.12/site-packages/airflow/example_dags/example_dataset_alias.py
[2025-04-11T07:07:19.691+0000] {processor.py:914} INFO - Processing file /home/airflow/.local/lib/python3.12/site-packages/airflow/example_dags/example_dataset_alias.py for tasks to queue
[2025-04-11T07:07:19.693+0000] {logging_mixin.py:190} INFO - [2025-04-11T07:07:19.693+0000] {dagbag.py:588} INFO - Filling up the DagBag from /home/airflow/.local/lib/python3.12/site-packages/airflow/example_dags/example_dataset_alias.py
[2025-04-11T07:07:21.146+0000] {processor.py:925} INFO - DAG(s) 'dataset_s3_bucket_consumer', 'dataset_alias_example_alias_consumer', 'dataset_s3_bucket_producer', 'dataset_alias_example_alias_producer' retrieved from /home/airflow/.local/lib/python3.12/site-packages/airflow/example_dags/example_dataset_alias.py
[2025-04-11T07:07:21.168+0000] {logging_mixin.py:190} INFO - [2025-04-11T07:07:21.168+0000] {dag.py:3239} INFO - Sync 4 DAGs
[2025-04-11T07:07:21.203+0000] {logging_mixin.py:190} INFO - [2025-04-11T07:07:21.203+0000] {dag.py:4180} INFO - Setting next_dagrun for dataset_alias_example_alias_consumer to None, run_after=None
[2025-04-11T07:07:21.213+0000] {logging_mixin.py:190} INFO - [2025-04-11T07:07:21.213+0000] {dag.py:4180} INFO - Setting next_dagrun for dataset_alias_example_alias_producer to None, run_after=None
[2025-04-11T07:07:21.216+0000] {logging_mixin.py:190} INFO - [2025-04-11T07:07:21.216+0000] {dag.py:4180} INFO - Setting next_dagrun for dataset_s3_bucket_consumer to None, run_after=None
[2025-04-11T07:07:21.219+0000] {logging_mixin.py:190} INFO - [2025-04-11T07:07:21.218+0000] {dag.py:4180} INFO - Setting next_dagrun for dataset_s3_bucket_producer to None, run_after=None
[2025-04-11T07:07:21.250+0000] {processor.py:208} INFO - Processing /home/airflow/.local/lib/python3.12/site-packages/airflow/example_dags/example_dataset_alias.py took 1.577 seconds
[2025-04-11T07:07:52.980+0000] {processor.py:186} INFO - Started process (PID=397) to work on /home/airflow/.local/lib/python3.12/site-packages/airflow/example_dags/example_dataset_alias.py
[2025-04-11T07:07:52.981+0000] {processor.py:914} INFO - Processing file /home/airflow/.local/lib/python3.12/site-packages/airflow/example_dags/example_dataset_alias.py for tasks to queue
[2025-04-11T07:07:52.984+0000] {logging_mixin.py:190} INFO - [2025-04-11T07:07:52.983+0000] {dagbag.py:588} INFO - Filling up the DagBag from /home/airflow/.local/lib/python3.12/site-packages/airflow/example_dags/example_dataset_alias.py
[2025-04-11T07:07:53.795+0000] {processor.py:925} INFO - DAG(s) 'dataset_alias_example_alias_consumer', 'dataset_alias_example_alias_producer', 'dataset_s3_bucket_consumer', 'dataset_s3_bucket_producer' retrieved from /home/airflow/.local/lib/python3.12/site-packages/airflow/example_dags/example_dataset_alias.py
[2025-04-11T07:07:53.810+0000] {logging_mixin.py:190} INFO - [2025-04-11T07:07:53.810+0000] {dag.py:3239} INFO - Sync 4 DAGs
[2025-04-11T07:07:53.830+0000] {logging_mixin.py:190} INFO - [2025-04-11T07:07:53.830+0000] {dag.py:4180} INFO - Setting next_dagrun for dataset_alias_example_alias_consumer to None, run_after=None
[2025-04-11T07:07:53.834+0000] {logging_mixin.py:190} INFO - [2025-04-11T07:07:53.834+0000] {dag.py:4180} INFO - Setting next_dagrun for dataset_alias_example_alias_producer to None, run_after=None
[2025-04-11T07:07:53.836+0000] {logging_mixin.py:190} INFO - [2025-04-11T07:07:53.836+0000] {dag.py:4180} INFO - Setting next_dagrun for dataset_s3_bucket_consumer to None, run_after=None
[2025-04-11T07:07:53.837+0000] {logging_mixin.py:190} INFO - [2025-04-11T07:07:53.837+0000] {dag.py:4180} INFO - Setting next_dagrun for dataset_s3_bucket_producer to None, run_after=None
[2025-04-11T07:07:53.864+0000] {processor.py:208} INFO - Processing /home/airflow/.local/lib/python3.12/site-packages/airflow/example_dags/example_dataset_alias.py took 0.890 seconds
[2025-04-11T07:08:26.373+0000] {processor.py:186} INFO - Started process (PID=465) to work on /home/airflow/.local/lib/python3.12/site-packages/airflow/example_dags/example_dataset_alias.py
[2025-04-11T07:08:26.374+0000] {processor.py:914} INFO - Processing file /home/airflow/.local/lib/python3.12/site-packages/airflow/example_dags/example_dataset_alias.py for tasks to queue
[2025-04-11T07:08:26.376+0000] {logging_mixin.py:190} INFO - [2025-04-11T07:08:26.375+0000] {dagbag.py:588} INFO - Filling up the DagBag from /home/airflow/.local/lib/python3.12/site-packages/airflow/example_dags/example_dataset_alias.py
[2025-04-11T07:08:28.634+0000] {processor.py:925} INFO - DAG(s) 'dataset_alias_example_alias_consumer', 'dataset_s3_bucket_producer', 'dataset_s3_bucket_consumer', 'dataset_alias_example_alias_producer' retrieved from /home/airflow/.local/lib/python3.12/site-packages/airflow/example_dags/example_dataset_alias.py
[2025-04-11T07:08:28.663+0000] {logging_mixin.py:190} INFO - [2025-04-11T07:08:28.662+0000] {dag.py:3239} INFO - Sync 4 DAGs
[2025-04-11T07:08:28.702+0000] {logging_mixin.py:190} INFO - [2025-04-11T07:08:28.701+0000] {dag.py:4180} INFO - Setting next_dagrun for dataset_alias_example_alias_consumer to None, run_after=None
[2025-04-11T07:08:28.705+0000] {logging_mixin.py:190} INFO - [2025-04-11T07:08:28.705+0000] {dag.py:4180} INFO - Setting next_dagrun for dataset_alias_example_alias_producer to None, run_after=None
[2025-04-11T07:08:28.707+0000] {logging_mixin.py:190} INFO - [2025-04-11T07:08:28.707+0000] {dag.py:4180} INFO - Setting next_dagrun for dataset_s3_bucket_consumer to None, run_after=None
[2025-04-11T07:08:28.708+0000] {logging_mixin.py:190} INFO - [2025-04-11T07:08:28.708+0000] {dag.py:4180} INFO - Setting next_dagrun for dataset_s3_bucket_producer to None, run_after=None
[2025-04-11T07:08:28.736+0000] {processor.py:208} INFO - Processing /home/airflow/.local/lib/python3.12/site-packages/airflow/example_dags/example_dataset_alias.py took 2.367 seconds
