[2025-04-11T07:02:52.895+0000] {processor.py:186} INFO - Started process (PID=86) to work on /home/airflow/.local/lib/python3.12/site-packages/airflow/example_dags/example_workday_timetable.py
[2025-04-11T07:02:52.909+0000] {processor.py:914} INFO - Processing file /home/airflow/.local/lib/python3.12/site-packages/airflow/example_dags/example_workday_timetable.py for tasks to queue
[2025-04-11T07:02:52.939+0000] {logging_mixin.py:190} INFO - [2025-04-11T07:02:52.932+0000] {dagbag.py:588} INFO - Filling up the DagBag from /home/airflow/.local/lib/python3.12/site-packages/airflow/example_dags/example_workday_timetable.py
[2025-04-11T07:02:53.032+0000] {processor.py:925} INFO - DAG(s) 'example_workday_timetable' retrieved from /home/airflow/.local/lib/python3.12/site-packages/airflow/example_dags/example_workday_timetable.py
[2025-04-11T07:02:54.315+0000] {logging_mixin.py:190} INFO - [2025-04-11T07:02:54.116+0000] {override.py:1912} INFO - Created Permission View: can delete on DAG:example_workday_timetable
[2025-04-11T07:02:54.394+0000] {logging_mixin.py:190} INFO - [2025-04-11T07:02:54.392+0000] {override.py:1912} INFO - Created Permission View: can read on DAG:example_workday_timetable
[2025-04-11T07:02:54.431+0000] {logging_mixin.py:190} INFO - [2025-04-11T07:02:54.430+0000] {override.py:1912} INFO - Created Permission View: can edit on DAG:example_workday_timetable
[2025-04-11T07:02:54.529+0000] {logging_mixin.py:190} INFO - [2025-04-11T07:02:54.528+0000] {override.py:1912} INFO - Created Permission View: can delete on DAG Run:example_workday_timetable
[2025-04-11T07:02:54.551+0000] {logging_mixin.py:190} INFO - [2025-04-11T07:02:54.550+0000] {override.py:1912} INFO - Created Permission View: can create on DAG Run:example_workday_timetable
[2025-04-11T07:02:54.575+0000] {logging_mixin.py:190} INFO - [2025-04-11T07:02:54.574+0000] {override.py:1912} INFO - Created Permission View: can read on DAG Run:example_workday_timetable
[2025-04-11T07:02:54.607+0000] {logging_mixin.py:190} INFO - [2025-04-11T07:02:54.605+0000] {override.py:1912} INFO - Created Permission View: menu access on DAG Run:example_workday_timetable
[2025-04-11T07:02:54.611+0000] {logging_mixin.py:190} INFO - [2025-04-11T07:02:54.609+0000] {dag.py:3239} INFO - Sync 1 DAGs
[2025-04-11T07:02:54.809+0000] {logging_mixin.py:190} INFO - [2025-04-11T07:02:54.807+0000] {dag.py:3262} INFO - Creating ORM DAG for example_workday_timetable
[2025-04-11T07:02:55.618+0000] {logging_mixin.py:190} INFO - [2025-04-11T07:02:55.613+0000] {dag.py:4180} INFO - Setting next_dagrun for example_workday_timetable to 2021-01-04 00:00:00+00:00, run_after=2021-01-05 00:00:00+00:00
[2025-04-11T07:02:55.725+0000] {processor.py:208} INFO - Processing /home/airflow/.local/lib/python3.12/site-packages/airflow/example_dags/example_workday_timetable.py took 2.879 seconds
[2025-04-11T07:04:57.609+0000] {processor.py:186} INFO - Started process (PID=80) to work on /home/airflow/.local/lib/python3.12/site-packages/airflow/example_dags/example_workday_timetable.py
[2025-04-11T07:04:57.613+0000] {processor.py:914} INFO - Processing file /home/airflow/.local/lib/python3.12/site-packages/airflow/example_dags/example_workday_timetable.py for tasks to queue
[2025-04-11T07:04:57.650+0000] {logging_mixin.py:190} INFO - [2025-04-11T07:04:57.648+0000] {dagbag.py:588} INFO - Filling up the DagBag from /home/airflow/.local/lib/python3.12/site-packages/airflow/example_dags/example_workday_timetable.py
[2025-04-11T07:04:57.729+0000] {processor.py:925} INFO - DAG(s) 'example_workday_timetable' retrieved from /home/airflow/.local/lib/python3.12/site-packages/airflow/example_dags/example_workday_timetable.py
[2025-04-11T07:04:57.884+0000] {logging_mixin.py:190} INFO - [2025-04-11T07:04:57.883+0000] {dag.py:3239} INFO - Sync 1 DAGs
[2025-04-11T07:04:57.993+0000] {logging_mixin.py:190} INFO - [2025-04-11T07:04:57.993+0000] {dag.py:4180} INFO - Setting next_dagrun for example_workday_timetable to 2021-01-04 00:00:00+00:00, run_after=2021-01-05 00:00:00+00:00
[2025-04-11T07:04:58.018+0000] {processor.py:208} INFO - Processing /home/airflow/.local/lib/python3.12/site-packages/airflow/example_dags/example_workday_timetable.py took 0.446 seconds
[2025-04-11T07:05:46.012+0000] {processor.py:186} INFO - Started process (PID=149) to work on /home/airflow/.local/lib/python3.12/site-packages/airflow/example_dags/example_workday_timetable.py
[2025-04-11T07:05:46.015+0000] {processor.py:914} INFO - Processing file /home/airflow/.local/lib/python3.12/site-packages/airflow/example_dags/example_workday_timetable.py for tasks to queue
[2025-04-11T07:05:46.025+0000] {logging_mixin.py:190} INFO - [2025-04-11T07:05:46.024+0000] {dagbag.py:588} INFO - Filling up the DagBag from /home/airflow/.local/lib/python3.12/site-packages/airflow/example_dags/example_workday_timetable.py
[2025-04-11T07:05:46.050+0000] {processor.py:925} INFO - DAG(s) 'example_workday_timetable' retrieved from /home/airflow/.local/lib/python3.12/site-packages/airflow/example_dags/example_workday_timetable.py
[2025-04-11T07:05:46.094+0000] {logging_mixin.py:190} INFO - [2025-04-11T07:05:46.094+0000] {dag.py:3239} INFO - Sync 1 DAGs
[2025-04-11T07:05:46.382+0000] {logging_mixin.py:190} INFO - [2025-04-11T07:05:46.381+0000] {dag.py:4180} INFO - Setting next_dagrun for example_workday_timetable to 2021-01-04 00:00:00+00:00, run_after=2021-01-05 00:00:00+00:00
[2025-04-11T07:05:46.426+0000] {processor.py:208} INFO - Processing /home/airflow/.local/lib/python3.12/site-packages/airflow/example_dags/example_workday_timetable.py took 0.439 seconds
[2025-04-11T07:06:18.134+0000] {processor.py:186} INFO - Started process (PID=212) to work on /home/airflow/.local/lib/python3.12/site-packages/airflow/example_dags/example_workday_timetable.py
[2025-04-11T07:06:18.139+0000] {processor.py:914} INFO - Processing file /home/airflow/.local/lib/python3.12/site-packages/airflow/example_dags/example_workday_timetable.py for tasks to queue
[2025-04-11T07:06:18.147+0000] {logging_mixin.py:190} INFO - [2025-04-11T07:06:18.146+0000] {dagbag.py:588} INFO - Filling up the DagBag from /home/airflow/.local/lib/python3.12/site-packages/airflow/example_dags/example_workday_timetable.py
[2025-04-11T07:06:18.168+0000] {processor.py:925} INFO - DAG(s) 'example_workday_timetable' retrieved from /home/airflow/.local/lib/python3.12/site-packages/airflow/example_dags/example_workday_timetable.py
[2025-04-11T07:06:18.306+0000] {logging_mixin.py:190} INFO - [2025-04-11T07:06:18.305+0000] {dag.py:3239} INFO - Sync 1 DAGs
[2025-04-11T07:06:18.413+0000] {logging_mixin.py:190} INFO - [2025-04-11T07:06:18.413+0000] {dag.py:4180} INFO - Setting next_dagrun for example_workday_timetable to 2021-01-04 00:00:00+00:00, run_after=2021-01-05 00:00:00+00:00
[2025-04-11T07:06:18.430+0000] {processor.py:208} INFO - Processing /home/airflow/.local/lib/python3.12/site-packages/airflow/example_dags/example_workday_timetable.py took 0.307 seconds
[2025-04-11T07:06:49.975+0000] {processor.py:186} INFO - Started process (PID=275) to work on /home/airflow/.local/lib/python3.12/site-packages/airflow/example_dags/example_workday_timetable.py
[2025-04-11T07:06:49.979+0000] {processor.py:914} INFO - Processing file /home/airflow/.local/lib/python3.12/site-packages/airflow/example_dags/example_workday_timetable.py for tasks to queue
[2025-04-11T07:06:49.982+0000] {logging_mixin.py:190} INFO - [2025-04-11T07:06:49.982+0000] {dagbag.py:588} INFO - Filling up the DagBag from /home/airflow/.local/lib/python3.12/site-packages/airflow/example_dags/example_workday_timetable.py
[2025-04-11T07:06:49.992+0000] {processor.py:925} INFO - DAG(s) 'example_workday_timetable' retrieved from /home/airflow/.local/lib/python3.12/site-packages/airflow/example_dags/example_workday_timetable.py
[2025-04-11T07:06:50.010+0000] {logging_mixin.py:190} INFO - [2025-04-11T07:06:50.010+0000] {dag.py:3239} INFO - Sync 1 DAGs
[2025-04-11T07:06:50.095+0000] {logging_mixin.py:190} INFO - [2025-04-11T07:06:50.095+0000] {dag.py:4180} INFO - Setting next_dagrun for example_workday_timetable to 2021-01-04 00:00:00+00:00, run_after=2021-01-05 00:00:00+00:00
[2025-04-11T07:06:50.116+0000] {processor.py:208} INFO - Processing /home/airflow/.local/lib/python3.12/site-packages/airflow/example_dags/example_workday_timetable.py took 0.147 seconds
[2025-04-11T07:07:22.584+0000] {processor.py:186} INFO - Started process (PID=338) to work on /home/airflow/.local/lib/python3.12/site-packages/airflow/example_dags/example_workday_timetable.py
[2025-04-11T07:07:22.586+0000] {processor.py:914} INFO - Processing file /home/airflow/.local/lib/python3.12/site-packages/airflow/example_dags/example_workday_timetable.py for tasks to queue
[2025-04-11T07:07:22.589+0000] {logging_mixin.py:190} INFO - [2025-04-11T07:07:22.588+0000] {dagbag.py:588} INFO - Filling up the DagBag from /home/airflow/.local/lib/python3.12/site-packages/airflow/example_dags/example_workday_timetable.py
[2025-04-11T07:07:22.601+0000] {processor.py:925} INFO - DAG(s) 'example_workday_timetable' retrieved from /home/airflow/.local/lib/python3.12/site-packages/airflow/example_dags/example_workday_timetable.py
[2025-04-11T07:07:22.630+0000] {logging_mixin.py:190} INFO - [2025-04-11T07:07:22.630+0000] {dag.py:3239} INFO - Sync 1 DAGs
[2025-04-11T07:07:22.753+0000] {logging_mixin.py:190} INFO - [2025-04-11T07:07:22.752+0000] {dag.py:4180} INFO - Setting next_dagrun for example_workday_timetable to 2021-01-04 00:00:00+00:00, run_after=2021-01-05 00:00:00+00:00
[2025-04-11T07:07:22.777+0000] {processor.py:208} INFO - Processing /home/airflow/.local/lib/python3.12/site-packages/airflow/example_dags/example_workday_timetable.py took 0.205 seconds
[2025-04-11T07:07:54.132+0000] {processor.py:186} INFO - Started process (PID=401) to work on /home/airflow/.local/lib/python3.12/site-packages/airflow/example_dags/example_workday_timetable.py
[2025-04-11T07:07:54.133+0000] {processor.py:914} INFO - Processing file /home/airflow/.local/lib/python3.12/site-packages/airflow/example_dags/example_workday_timetable.py for tasks to queue
[2025-04-11T07:07:54.135+0000] {logging_mixin.py:190} INFO - [2025-04-11T07:07:54.135+0000] {dagbag.py:588} INFO - Filling up the DagBag from /home/airflow/.local/lib/python3.12/site-packages/airflow/example_dags/example_workday_timetable.py
[2025-04-11T07:07:54.142+0000] {processor.py:925} INFO - DAG(s) 'example_workday_timetable' retrieved from /home/airflow/.local/lib/python3.12/site-packages/airflow/example_dags/example_workday_timetable.py
[2025-04-11T07:07:54.169+0000] {logging_mixin.py:190} INFO - [2025-04-11T07:07:54.168+0000] {dag.py:3239} INFO - Sync 1 DAGs
[2025-04-11T07:07:54.261+0000] {logging_mixin.py:190} INFO - [2025-04-11T07:07:54.260+0000] {dag.py:4180} INFO - Setting next_dagrun for example_workday_timetable to 2021-01-04 00:00:00+00:00, run_after=2021-01-05 00:00:00+00:00
[2025-04-11T07:07:54.281+0000] {processor.py:208} INFO - Processing /home/airflow/.local/lib/python3.12/site-packages/airflow/example_dags/example_workday_timetable.py took 0.159 seconds
[2025-04-11T07:08:26.184+0000] {processor.py:186} INFO - Started process (PID=463) to work on /home/airflow/.local/lib/python3.12/site-packages/airflow/example_dags/example_workday_timetable.py
[2025-04-11T07:08:26.185+0000] {processor.py:914} INFO - Processing file /home/airflow/.local/lib/python3.12/site-packages/airflow/example_dags/example_workday_timetable.py for tasks to queue
[2025-04-11T07:08:26.190+0000] {logging_mixin.py:190} INFO - [2025-04-11T07:08:26.190+0000] {dagbag.py:588} INFO - Filling up the DagBag from /home/airflow/.local/lib/python3.12/site-packages/airflow/example_dags/example_workday_timetable.py
[2025-04-11T07:08:26.196+0000] {processor.py:925} INFO - DAG(s) 'example_workday_timetable' retrieved from /home/airflow/.local/lib/python3.12/site-packages/airflow/example_dags/example_workday_timetable.py
[2025-04-11T07:08:26.216+0000] {logging_mixin.py:190} INFO - [2025-04-11T07:08:26.216+0000] {dag.py:3239} INFO - Sync 1 DAGs
[2025-04-11T07:08:26.321+0000] {logging_mixin.py:190} INFO - [2025-04-11T07:08:26.320+0000] {dag.py:4180} INFO - Setting next_dagrun for example_workday_timetable to 2021-01-04 00:00:00+00:00, run_after=2021-01-05 00:00:00+00:00
[2025-04-11T07:08:26.352+0000] {processor.py:208} INFO - Processing /home/airflow/.local/lib/python3.12/site-packages/airflow/example_dags/example_workday_timetable.py took 0.175 seconds
