[2025-04-11T07:05:01.278+0000] {processor.py:186} INFO - Started process (PID=100) to work on /home/airflow/.local/lib/python3.12/site-packages/airflow/example_dags/example_display_name.py
[2025-04-11T07:05:01.279+0000] {processor.py:914} INFO - Processing file /home/airflow/.local/lib/python3.12/site-packages/airflow/example_dags/example_display_name.py for tasks to queue
[2025-04-11T07:05:01.281+0000] {logging_mixin.py:190} INFO - [2025-04-11T07:05:01.281+0000] {dagbag.py:588} INFO - Filling up the DagBag from /home/airflow/.local/lib/python3.12/site-packages/airflow/example_dags/example_display_name.py
[2025-04-11T07:05:01.289+0000] {processor.py:925} INFO - DAG(s) 'example_display_name' retrieved from /home/airflow/.local/lib/python3.12/site-packages/airflow/example_dags/example_display_name.py
[2025-04-11T07:05:01.378+0000] {logging_mixin.py:190} INFO - [2025-04-11T07:05:01.377+0000] {override.py:1912} INFO - Created Permission View: can read on DAG:example_display_name
[2025-04-11T07:05:01.386+0000] {logging_mixin.py:190} INFO - [2025-04-11T07:05:01.385+0000] {override.py:1912} INFO - Created Permission View: can edit on DAG:example_display_name
[2025-04-11T07:05:01.393+0000] {logging_mixin.py:190} INFO - [2025-04-11T07:05:01.393+0000] {override.py:1912} INFO - Created Permission View: can delete on DAG:example_display_name
[2025-04-11T07:05:01.397+0000] {logging_mixin.py:190} INFO - [2025-04-11T07:05:01.397+0000] {override.py:1912} INFO - Created Permission View: menu access on DAG Run:example_display_name
[2025-04-11T07:05:01.401+0000] {logging_mixin.py:190} INFO - [2025-04-11T07:05:01.401+0000] {override.py:1912} INFO - Created Permission View: can create on DAG Run:example_display_name
[2025-04-11T07:05:01.404+0000] {logging_mixin.py:190} INFO - [2025-04-11T07:05:01.404+0000] {override.py:1912} INFO - Created Permission View: can read on DAG Run:example_display_name
[2025-04-11T07:05:01.407+0000] {logging_mixin.py:190} INFO - [2025-04-11T07:05:01.407+0000] {override.py:1912} INFO - Created Permission View: can delete on DAG Run:example_display_name
[2025-04-11T07:05:01.407+0000] {logging_mixin.py:190} INFO - [2025-04-11T07:05:01.407+0000] {dag.py:3239} INFO - Sync 1 DAGs
[2025-04-11T07:05:01.417+0000] {logging_mixin.py:190} INFO - [2025-04-11T07:05:01.416+0000] {dag.py:3262} INFO - Creating ORM DAG for example_display_name
[2025-04-11T07:05:01.417+0000] {logging_mixin.py:190} INFO - [2025-04-11T07:05:01.417+0000] {dag.py:4180} INFO - Setting next_dagrun for example_display_name to None, run_after=None
[2025-04-11T07:05:01.427+0000] {processor.py:208} INFO - Processing /home/airflow/.local/lib/python3.12/site-packages/airflow/example_dags/example_display_name.py took 0.154 seconds
[2025-04-11T07:05:50.791+0000] {processor.py:186} INFO - Started process (PID=169) to work on /home/airflow/.local/lib/python3.12/site-packages/airflow/example_dags/example_display_name.py
[2025-04-11T07:05:50.801+0000] {processor.py:914} INFO - Processing file /home/airflow/.local/lib/python3.12/site-packages/airflow/example_dags/example_display_name.py for tasks to queue
[2025-04-11T07:05:50.819+0000] {logging_mixin.py:190} INFO - [2025-04-11T07:05:50.818+0000] {dagbag.py:588} INFO - Filling up the DagBag from /home/airflow/.local/lib/python3.12/site-packages/airflow/example_dags/example_display_name.py
[2025-04-11T07:05:50.966+0000] {processor.py:925} INFO - DAG(s) 'example_display_name' retrieved from /home/airflow/.local/lib/python3.12/site-packages/airflow/example_dags/example_display_name.py
[2025-04-11T07:05:51.228+0000] {logging_mixin.py:190} INFO - [2025-04-11T07:05:51.223+0000] {dag.py:3239} INFO - Sync 1 DAGs
[2025-04-11T07:05:51.327+0000] {logging_mixin.py:190} INFO - [2025-04-11T07:05:51.326+0000] {dag.py:4180} INFO - Setting next_dagrun for example_display_name to None, run_after=None
[2025-04-11T07:05:51.401+0000] {processor.py:208} INFO - Processing /home/airflow/.local/lib/python3.12/site-packages/airflow/example_dags/example_display_name.py took 0.685 seconds
[2025-04-11T07:06:21.713+0000] {processor.py:186} INFO - Started process (PID=232) to work on /home/airflow/.local/lib/python3.12/site-packages/airflow/example_dags/example_display_name.py
[2025-04-11T07:06:21.717+0000] {processor.py:914} INFO - Processing file /home/airflow/.local/lib/python3.12/site-packages/airflow/example_dags/example_display_name.py for tasks to queue
[2025-04-11T07:06:21.723+0000] {logging_mixin.py:190} INFO - [2025-04-11T07:06:21.722+0000] {dagbag.py:588} INFO - Filling up the DagBag from /home/airflow/.local/lib/python3.12/site-packages/airflow/example_dags/example_display_name.py
[2025-04-11T07:06:21.742+0000] {processor.py:925} INFO - DAG(s) 'example_display_name' retrieved from /home/airflow/.local/lib/python3.12/site-packages/airflow/example_dags/example_display_name.py
[2025-04-11T07:06:21.773+0000] {logging_mixin.py:190} INFO - [2025-04-11T07:06:21.773+0000] {dag.py:3239} INFO - Sync 1 DAGs
[2025-04-11T07:06:21.793+0000] {logging_mixin.py:190} INFO - [2025-04-11T07:06:21.793+0000] {dag.py:4180} INFO - Setting next_dagrun for example_display_name to None, run_after=None
[2025-04-11T07:06:21.814+0000] {processor.py:208} INFO - Processing /home/airflow/.local/lib/python3.12/site-packages/airflow/example_dags/example_display_name.py took 0.112 seconds
[2025-04-11T07:06:52.635+0000] {processor.py:186} INFO - Started process (PID=295) to work on /home/airflow/.local/lib/python3.12/site-packages/airflow/example_dags/example_display_name.py
[2025-04-11T07:06:52.641+0000] {processor.py:914} INFO - Processing file /home/airflow/.local/lib/python3.12/site-packages/airflow/example_dags/example_display_name.py for tasks to queue
[2025-04-11T07:06:52.644+0000] {logging_mixin.py:190} INFO - [2025-04-11T07:06:52.644+0000] {dagbag.py:588} INFO - Filling up the DagBag from /home/airflow/.local/lib/python3.12/site-packages/airflow/example_dags/example_display_name.py
[2025-04-11T07:06:52.673+0000] {processor.py:925} INFO - DAG(s) 'example_display_name' retrieved from /home/airflow/.local/lib/python3.12/site-packages/airflow/example_dags/example_display_name.py
[2025-04-11T07:06:52.733+0000] {logging_mixin.py:190} INFO - [2025-04-11T07:06:52.732+0000] {dag.py:3239} INFO - Sync 1 DAGs
[2025-04-11T07:06:52.758+0000] {logging_mixin.py:190} INFO - [2025-04-11T07:06:52.758+0000] {dag.py:4180} INFO - Setting next_dagrun for example_display_name to None, run_after=None
[2025-04-11T07:06:52.777+0000] {processor.py:208} INFO - Processing /home/airflow/.local/lib/python3.12/site-packages/airflow/example_dags/example_display_name.py took 0.169 seconds
[2025-04-11T07:07:25.283+0000] {processor.py:186} INFO - Started process (PID=358) to work on /home/airflow/.local/lib/python3.12/site-packages/airflow/example_dags/example_display_name.py
[2025-04-11T07:07:25.284+0000] {processor.py:914} INFO - Processing file /home/airflow/.local/lib/python3.12/site-packages/airflow/example_dags/example_display_name.py for tasks to queue
[2025-04-11T07:07:25.287+0000] {logging_mixin.py:190} INFO - [2025-04-11T07:07:25.287+0000] {dagbag.py:588} INFO - Filling up the DagBag from /home/airflow/.local/lib/python3.12/site-packages/airflow/example_dags/example_display_name.py
[2025-04-11T07:07:25.299+0000] {processor.py:925} INFO - DAG(s) 'example_display_name' retrieved from /home/airflow/.local/lib/python3.12/site-packages/airflow/example_dags/example_display_name.py
[2025-04-11T07:07:25.319+0000] {logging_mixin.py:190} INFO - [2025-04-11T07:07:25.319+0000] {dag.py:3239} INFO - Sync 1 DAGs
[2025-04-11T07:07:25.348+0000] {logging_mixin.py:190} INFO - [2025-04-11T07:07:25.347+0000] {dag.py:4180} INFO - Setting next_dagrun for example_display_name to None, run_after=None
[2025-04-11T07:07:25.369+0000] {processor.py:208} INFO - Processing /home/airflow/.local/lib/python3.12/site-packages/airflow/example_dags/example_display_name.py took 0.101 seconds
[2025-04-11T07:07:55.682+0000] {processor.py:186} INFO - Started process (PID=421) to work on /home/airflow/.local/lib/python3.12/site-packages/airflow/example_dags/example_display_name.py
[2025-04-11T07:07:55.682+0000] {processor.py:914} INFO - Processing file /home/airflow/.local/lib/python3.12/site-packages/airflow/example_dags/example_display_name.py for tasks to queue
[2025-04-11T07:07:55.684+0000] {logging_mixin.py:190} INFO - [2025-04-11T07:07:55.684+0000] {dagbag.py:588} INFO - Filling up the DagBag from /home/airflow/.local/lib/python3.12/site-packages/airflow/example_dags/example_display_name.py
[2025-04-11T07:07:55.689+0000] {processor.py:925} INFO - DAG(s) 'example_display_name' retrieved from /home/airflow/.local/lib/python3.12/site-packages/airflow/example_dags/example_display_name.py
[2025-04-11T07:07:55.704+0000] {logging_mixin.py:190} INFO - [2025-04-11T07:07:55.704+0000] {dag.py:3239} INFO - Sync 1 DAGs
[2025-04-11T07:07:55.719+0000] {logging_mixin.py:190} INFO - [2025-04-11T07:07:55.718+0000] {dag.py:4180} INFO - Setting next_dagrun for example_display_name to None, run_after=None
[2025-04-11T07:07:55.731+0000] {processor.py:208} INFO - Processing /home/airflow/.local/lib/python3.12/site-packages/airflow/example_dags/example_display_name.py took 0.055 seconds
[2025-04-11T07:08:29.989+0000] {processor.py:186} INFO - Started process (PID=484) to work on /home/airflow/.local/lib/python3.12/site-packages/airflow/example_dags/example_display_name.py
[2025-04-11T07:08:29.994+0000] {processor.py:914} INFO - Processing file /home/airflow/.local/lib/python3.12/site-packages/airflow/example_dags/example_display_name.py for tasks to queue
[2025-04-11T07:08:29.996+0000] {logging_mixin.py:190} INFO - [2025-04-11T07:08:29.996+0000] {dagbag.py:588} INFO - Filling up the DagBag from /home/airflow/.local/lib/python3.12/site-packages/airflow/example_dags/example_display_name.py
[2025-04-11T07:08:30.005+0000] {processor.py:925} INFO - DAG(s) 'example_display_name' retrieved from /home/airflow/.local/lib/python3.12/site-packages/airflow/example_dags/example_display_name.py
[2025-04-11T07:08:30.024+0000] {logging_mixin.py:190} INFO - [2025-04-11T07:08:30.024+0000] {dag.py:3239} INFO - Sync 1 DAGs
[2025-04-11T07:08:30.038+0000] {logging_mixin.py:190} INFO - [2025-04-11T07:08:30.038+0000] {dag.py:4180} INFO - Setting next_dagrun for example_display_name to None, run_after=None
[2025-04-11T07:08:30.051+0000] {processor.py:208} INFO - Processing /home/airflow/.local/lib/python3.12/site-packages/airflow/example_dags/example_display_name.py took 0.068 seconds
