[2025-04-11T07:05:00.612+0000] {processor.py:186} INFO - Started process (PID=95) to work on /home/airflow/.local/lib/python3.12/site-packages/airflow/example_dags/example_trigger_target_dag.py
[2025-04-11T07:05:00.612+0000] {processor.py:914} INFO - Processing file /home/airflow/.local/lib/python3.12/site-packages/airflow/example_dags/example_trigger_target_dag.py for tasks to queue
[2025-04-11T07:05:00.614+0000] {logging_mixin.py:190} INFO - [2025-04-11T07:05:00.614+0000] {dagbag.py:588} INFO - Filling up the DagBag from /home/airflow/.local/lib/python3.12/site-packages/airflow/example_dags/example_trigger_target_dag.py
[2025-04-11T07:05:00.622+0000] {processor.py:925} INFO - DAG(s) 'example_trigger_target_dag' retrieved from /home/airflow/.local/lib/python3.12/site-packages/airflow/example_dags/example_trigger_target_dag.py
[2025-04-11T07:05:00.763+0000] {logging_mixin.py:190} INFO - [2025-04-11T07:05:00.762+0000] {override.py:1912} INFO - Created Permission View: can read on DAG:example_trigger_target_dag
[2025-04-11T07:05:00.771+0000] {logging_mixin.py:190} INFO - [2025-04-11T07:05:00.771+0000] {override.py:1912} INFO - Created Permission View: can edit on DAG:example_trigger_target_dag
[2025-04-11T07:05:00.776+0000] {logging_mixin.py:190} INFO - [2025-04-11T07:05:00.776+0000] {override.py:1912} INFO - Created Permission View: can delete on DAG:example_trigger_target_dag
[2025-04-11T07:05:00.781+0000] {logging_mixin.py:190} INFO - [2025-04-11T07:05:00.781+0000] {override.py:1912} INFO - Created Permission View: menu access on DAG Run:example_trigger_target_dag
[2025-04-11T07:05:00.787+0000] {logging_mixin.py:190} INFO - [2025-04-11T07:05:00.787+0000] {override.py:1912} INFO - Created Permission View: can create on DAG Run:example_trigger_target_dag
[2025-04-11T07:05:00.792+0000] {logging_mixin.py:190} INFO - [2025-04-11T07:05:00.792+0000] {override.py:1912} INFO - Created Permission View: can read on DAG Run:example_trigger_target_dag
[2025-04-11T07:05:00.802+0000] {logging_mixin.py:190} INFO - [2025-04-11T07:05:00.802+0000] {override.py:1912} INFO - Created Permission View: can delete on DAG Run:example_trigger_target_dag
[2025-04-11T07:05:00.803+0000] {logging_mixin.py:190} INFO - [2025-04-11T07:05:00.803+0000] {dag.py:3239} INFO - Sync 1 DAGs
[2025-04-11T07:05:00.823+0000] {logging_mixin.py:190} INFO - [2025-04-11T07:05:00.823+0000] {dag.py:3262} INFO - Creating ORM DAG for example_trigger_target_dag
[2025-04-11T07:05:00.824+0000] {logging_mixin.py:190} INFO - [2025-04-11T07:05:00.824+0000] {dag.py:4180} INFO - Setting next_dagrun for example_trigger_target_dag to None, run_after=None
[2025-04-11T07:05:00.844+0000] {processor.py:208} INFO - Processing /home/airflow/.local/lib/python3.12/site-packages/airflow/example_dags/example_trigger_target_dag.py took 0.238 seconds
[2025-04-11T07:05:49.484+0000] {processor.py:186} INFO - Started process (PID=164) to work on /home/airflow/.local/lib/python3.12/site-packages/airflow/example_dags/example_trigger_target_dag.py
[2025-04-11T07:05:49.487+0000] {processor.py:914} INFO - Processing file /home/airflow/.local/lib/python3.12/site-packages/airflow/example_dags/example_trigger_target_dag.py for tasks to queue
[2025-04-11T07:05:49.489+0000] {logging_mixin.py:190} INFO - [2025-04-11T07:05:49.489+0000] {dagbag.py:588} INFO - Filling up the DagBag from /home/airflow/.local/lib/python3.12/site-packages/airflow/example_dags/example_trigger_target_dag.py
[2025-04-11T07:05:49.498+0000] {processor.py:925} INFO - DAG(s) 'example_trigger_target_dag' retrieved from /home/airflow/.local/lib/python3.12/site-packages/airflow/example_dags/example_trigger_target_dag.py
[2025-04-11T07:05:49.533+0000] {logging_mixin.py:190} INFO - [2025-04-11T07:05:49.533+0000] {dag.py:3239} INFO - Sync 1 DAGs
[2025-04-11T07:05:49.553+0000] {logging_mixin.py:190} INFO - [2025-04-11T07:05:49.553+0000] {dag.py:4180} INFO - Setting next_dagrun for example_trigger_target_dag to None, run_after=None
[2025-04-11T07:05:49.577+0000] {processor.py:208} INFO - Processing /home/airflow/.local/lib/python3.12/site-packages/airflow/example_dags/example_trigger_target_dag.py took 0.102 seconds
[2025-04-11T07:06:20.403+0000] {processor.py:186} INFO - Started process (PID=227) to work on /home/airflow/.local/lib/python3.12/site-packages/airflow/example_dags/example_trigger_target_dag.py
[2025-04-11T07:06:20.405+0000] {processor.py:914} INFO - Processing file /home/airflow/.local/lib/python3.12/site-packages/airflow/example_dags/example_trigger_target_dag.py for tasks to queue
[2025-04-11T07:06:20.409+0000] {logging_mixin.py:190} INFO - [2025-04-11T07:06:20.408+0000] {dagbag.py:588} INFO - Filling up the DagBag from /home/airflow/.local/lib/python3.12/site-packages/airflow/example_dags/example_trigger_target_dag.py
[2025-04-11T07:06:20.418+0000] {processor.py:925} INFO - DAG(s) 'example_trigger_target_dag' retrieved from /home/airflow/.local/lib/python3.12/site-packages/airflow/example_dags/example_trigger_target_dag.py
[2025-04-11T07:06:20.448+0000] {logging_mixin.py:190} INFO - [2025-04-11T07:06:20.448+0000] {dag.py:3239} INFO - Sync 1 DAGs
[2025-04-11T07:06:20.467+0000] {logging_mixin.py:190} INFO - [2025-04-11T07:06:20.467+0000] {dag.py:4180} INFO - Setting next_dagrun for example_trigger_target_dag to None, run_after=None
[2025-04-11T07:06:20.487+0000] {processor.py:208} INFO - Processing /home/airflow/.local/lib/python3.12/site-packages/airflow/example_dags/example_trigger_target_dag.py took 0.093 seconds
[2025-04-11T07:06:50.876+0000] {processor.py:186} INFO - Started process (PID=290) to work on /home/airflow/.local/lib/python3.12/site-packages/airflow/example_dags/example_trigger_target_dag.py
[2025-04-11T07:06:50.876+0000] {processor.py:914} INFO - Processing file /home/airflow/.local/lib/python3.12/site-packages/airflow/example_dags/example_trigger_target_dag.py for tasks to queue
[2025-04-11T07:06:50.878+0000] {logging_mixin.py:190} INFO - [2025-04-11T07:06:50.878+0000] {dagbag.py:588} INFO - Filling up the DagBag from /home/airflow/.local/lib/python3.12/site-packages/airflow/example_dags/example_trigger_target_dag.py
[2025-04-11T07:06:50.885+0000] {processor.py:925} INFO - DAG(s) 'example_trigger_target_dag' retrieved from /home/airflow/.local/lib/python3.12/site-packages/airflow/example_dags/example_trigger_target_dag.py
[2025-04-11T07:06:50.902+0000] {logging_mixin.py:190} INFO - [2025-04-11T07:06:50.902+0000] {dag.py:3239} INFO - Sync 1 DAGs
[2025-04-11T07:06:50.913+0000] {logging_mixin.py:190} INFO - [2025-04-11T07:06:50.913+0000] {dag.py:4180} INFO - Setting next_dagrun for example_trigger_target_dag to None, run_after=None
[2025-04-11T07:06:50.928+0000] {processor.py:208} INFO - Processing /home/airflow/.local/lib/python3.12/site-packages/airflow/example_dags/example_trigger_target_dag.py took 0.057 seconds
[2025-04-11T07:07:24.779+0000] {processor.py:186} INFO - Started process (PID=353) to work on /home/airflow/.local/lib/python3.12/site-packages/airflow/example_dags/example_trigger_target_dag.py
[2025-04-11T07:07:24.781+0000] {processor.py:914} INFO - Processing file /home/airflow/.local/lib/python3.12/site-packages/airflow/example_dags/example_trigger_target_dag.py for tasks to queue
[2025-04-11T07:07:24.783+0000] {logging_mixin.py:190} INFO - [2025-04-11T07:07:24.783+0000] {dagbag.py:588} INFO - Filling up the DagBag from /home/airflow/.local/lib/python3.12/site-packages/airflow/example_dags/example_trigger_target_dag.py
[2025-04-11T07:07:24.791+0000] {processor.py:925} INFO - DAG(s) 'example_trigger_target_dag' retrieved from /home/airflow/.local/lib/python3.12/site-packages/airflow/example_dags/example_trigger_target_dag.py
[2025-04-11T07:07:24.811+0000] {logging_mixin.py:190} INFO - [2025-04-11T07:07:24.811+0000] {dag.py:3239} INFO - Sync 1 DAGs
[2025-04-11T07:07:24.826+0000] {logging_mixin.py:190} INFO - [2025-04-11T07:07:24.826+0000] {dag.py:4180} INFO - Setting next_dagrun for example_trigger_target_dag to None, run_after=None
[2025-04-11T07:07:24.860+0000] {processor.py:208} INFO - Processing /home/airflow/.local/lib/python3.12/site-packages/airflow/example_dags/example_trigger_target_dag.py took 0.092 seconds
[2025-04-11T07:07:55.268+0000] {processor.py:186} INFO - Started process (PID=415) to work on /home/airflow/.local/lib/python3.12/site-packages/airflow/example_dags/example_trigger_target_dag.py
[2025-04-11T07:07:55.269+0000] {processor.py:914} INFO - Processing file /home/airflow/.local/lib/python3.12/site-packages/airflow/example_dags/example_trigger_target_dag.py for tasks to queue
[2025-04-11T07:07:55.272+0000] {logging_mixin.py:190} INFO - [2025-04-11T07:07:55.272+0000] {dagbag.py:588} INFO - Filling up the DagBag from /home/airflow/.local/lib/python3.12/site-packages/airflow/example_dags/example_trigger_target_dag.py
[2025-04-11T07:07:55.280+0000] {processor.py:925} INFO - DAG(s) 'example_trigger_target_dag' retrieved from /home/airflow/.local/lib/python3.12/site-packages/airflow/example_dags/example_trigger_target_dag.py
[2025-04-11T07:07:55.296+0000] {logging_mixin.py:190} INFO - [2025-04-11T07:07:55.296+0000] {dag.py:3239} INFO - Sync 1 DAGs
[2025-04-11T07:07:55.309+0000] {logging_mixin.py:190} INFO - [2025-04-11T07:07:55.309+0000] {dag.py:4180} INFO - Setting next_dagrun for example_trigger_target_dag to None, run_after=None
[2025-04-11T07:07:55.327+0000] {processor.py:208} INFO - Processing /home/airflow/.local/lib/python3.12/site-packages/airflow/example_dags/example_trigger_target_dag.py took 0.065 seconds
[2025-04-11T07:08:29.709+0000] {processor.py:186} INFO - Started process (PID=479) to work on /home/airflow/.local/lib/python3.12/site-packages/airflow/example_dags/example_trigger_target_dag.py
[2025-04-11T07:08:29.710+0000] {processor.py:914} INFO - Processing file /home/airflow/.local/lib/python3.12/site-packages/airflow/example_dags/example_trigger_target_dag.py for tasks to queue
[2025-04-11T07:08:29.715+0000] {logging_mixin.py:190} INFO - [2025-04-11T07:08:29.714+0000] {dagbag.py:588} INFO - Filling up the DagBag from /home/airflow/.local/lib/python3.12/site-packages/airflow/example_dags/example_trigger_target_dag.py
[2025-04-11T07:08:29.723+0000] {processor.py:925} INFO - DAG(s) 'example_trigger_target_dag' retrieved from /home/airflow/.local/lib/python3.12/site-packages/airflow/example_dags/example_trigger_target_dag.py
[2025-04-11T07:08:29.744+0000] {logging_mixin.py:190} INFO - [2025-04-11T07:08:29.744+0000] {dag.py:3239} INFO - Sync 1 DAGs
[2025-04-11T07:08:29.757+0000] {logging_mixin.py:190} INFO - [2025-04-11T07:08:29.757+0000] {dag.py:4180} INFO - Setting next_dagrun for example_trigger_target_dag to None, run_after=None
[2025-04-11T07:08:29.772+0000] {processor.py:208} INFO - Processing /home/airflow/.local/lib/python3.12/site-packages/airflow/example_dags/example_trigger_target_dag.py took 0.070 seconds
