[2025-04-11T07:05:02.188+0000] {processor.py:186} INFO - Started process (PID=104) to work on /home/airflow/.local/lib/python3.12/site-packages/airflow/example_dags/example_short_circuit_operator.py
[2025-04-11T07:05:02.193+0000] {processor.py:914} INFO - Processing file /home/airflow/.local/lib/python3.12/site-packages/airflow/example_dags/example_short_circuit_operator.py for tasks to queue
[2025-04-11T07:05:02.225+0000] {logging_mixin.py:190} INFO - [2025-04-11T07:05:02.224+0000] {dagbag.py:588} INFO - Filling up the DagBag from /home/airflow/.local/lib/python3.12/site-packages/airflow/example_dags/example_short_circuit_operator.py
[2025-04-11T07:05:02.400+0000] {processor.py:925} INFO - DAG(s) 'example_short_circuit_operator' retrieved from /home/airflow/.local/lib/python3.12/site-packages/airflow/example_dags/example_short_circuit_operator.py
[2025-04-11T07:05:03.075+0000] {logging_mixin.py:190} INFO - [2025-04-11T07:05:03.062+0000] {override.py:1912} INFO - Created Permission View: can read on DAG:example_short_circuit_operator
[2025-04-11T07:05:03.143+0000] {logging_mixin.py:190} INFO - [2025-04-11T07:05:03.139+0000] {override.py:1912} INFO - Created Permission View: can edit on DAG:example_short_circuit_operator
[2025-04-11T07:05:03.156+0000] {logging_mixin.py:190} INFO - [2025-04-11T07:05:03.156+0000] {override.py:1912} INFO - Created Permission View: can delete on DAG:example_short_circuit_operator
[2025-04-11T07:05:03.165+0000] {logging_mixin.py:190} INFO - [2025-04-11T07:05:03.164+0000] {override.py:1912} INFO - Created Permission View: menu access on DAG Run:example_short_circuit_operator
[2025-04-11T07:05:03.185+0000] {logging_mixin.py:190} INFO - [2025-04-11T07:05:03.184+0000] {override.py:1912} INFO - Created Permission View: can create on DAG Run:example_short_circuit_operator
[2025-04-11T07:05:03.193+0000] {logging_mixin.py:190} INFO - [2025-04-11T07:05:03.192+0000] {override.py:1912} INFO - Created Permission View: can read on DAG Run:example_short_circuit_operator
[2025-04-11T07:05:03.202+0000] {logging_mixin.py:190} INFO - [2025-04-11T07:05:03.201+0000] {override.py:1912} INFO - Created Permission View: can delete on DAG Run:example_short_circuit_operator
[2025-04-11T07:05:03.203+0000] {logging_mixin.py:190} INFO - [2025-04-11T07:05:03.202+0000] {dag.py:3239} INFO - Sync 1 DAGs
[2025-04-11T07:05:03.225+0000] {logging_mixin.py:190} INFO - [2025-04-11T07:05:03.225+0000] {dag.py:3262} INFO - Creating ORM DAG for example_short_circuit_operator
[2025-04-11T07:05:03.228+0000] {logging_mixin.py:190} INFO - [2025-04-11T07:05:03.227+0000] {dag.py:4180} INFO - Setting next_dagrun for example_short_circuit_operator to None, run_after=None
[2025-04-11T07:05:03.304+0000] {processor.py:208} INFO - Processing /home/airflow/.local/lib/python3.12/site-packages/airflow/example_dags/example_short_circuit_operator.py took 1.151 seconds
[2025-04-11T07:05:52.152+0000] {processor.py:186} INFO - Started process (PID=173) to work on /home/airflow/.local/lib/python3.12/site-packages/airflow/example_dags/example_short_circuit_operator.py
[2025-04-11T07:05:52.185+0000] {processor.py:914} INFO - Processing file /home/airflow/.local/lib/python3.12/site-packages/airflow/example_dags/example_short_circuit_operator.py for tasks to queue
[2025-04-11T07:05:52.229+0000] {logging_mixin.py:190} INFO - [2025-04-11T07:05:52.224+0000] {dagbag.py:588} INFO - Filling up the DagBag from /home/airflow/.local/lib/python3.12/site-packages/airflow/example_dags/example_short_circuit_operator.py
[2025-04-11T07:05:52.325+0000] {processor.py:925} INFO - DAG(s) 'example_short_circuit_operator' retrieved from /home/airflow/.local/lib/python3.12/site-packages/airflow/example_dags/example_short_circuit_operator.py
[2025-04-11T07:05:52.481+0000] {logging_mixin.py:190} INFO - [2025-04-11T07:05:52.480+0000] {dag.py:3239} INFO - Sync 1 DAGs
[2025-04-11T07:05:52.523+0000] {logging_mixin.py:190} INFO - [2025-04-11T07:05:52.523+0000] {dag.py:4180} INFO - Setting next_dagrun for example_short_circuit_operator to None, run_after=None
[2025-04-11T07:05:52.563+0000] {processor.py:208} INFO - Processing /home/airflow/.local/lib/python3.12/site-packages/airflow/example_dags/example_short_circuit_operator.py took 0.516 seconds
[2025-04-11T07:06:23.075+0000] {processor.py:186} INFO - Started process (PID=236) to work on /home/airflow/.local/lib/python3.12/site-packages/airflow/example_dags/example_short_circuit_operator.py
[2025-04-11T07:06:23.077+0000] {processor.py:914} INFO - Processing file /home/airflow/.local/lib/python3.12/site-packages/airflow/example_dags/example_short_circuit_operator.py for tasks to queue
[2025-04-11T07:06:23.082+0000] {logging_mixin.py:190} INFO - [2025-04-11T07:06:23.082+0000] {dagbag.py:588} INFO - Filling up the DagBag from /home/airflow/.local/lib/python3.12/site-packages/airflow/example_dags/example_short_circuit_operator.py
[2025-04-11T07:06:23.092+0000] {processor.py:925} INFO - DAG(s) 'example_short_circuit_operator' retrieved from /home/airflow/.local/lib/python3.12/site-packages/airflow/example_dags/example_short_circuit_operator.py
[2025-04-11T07:06:23.114+0000] {logging_mixin.py:190} INFO - [2025-04-11T07:06:23.114+0000] {dag.py:3239} INFO - Sync 1 DAGs
[2025-04-11T07:06:23.132+0000] {logging_mixin.py:190} INFO - [2025-04-11T07:06:23.132+0000] {dag.py:4180} INFO - Setting next_dagrun for example_short_circuit_operator to None, run_after=None
[2025-04-11T07:06:23.158+0000] {processor.py:208} INFO - Processing /home/airflow/.local/lib/python3.12/site-packages/airflow/example_dags/example_short_circuit_operator.py took 0.089 seconds
[2025-04-11T07:06:54.459+0000] {processor.py:186} INFO - Started process (PID=299) to work on /home/airflow/.local/lib/python3.12/site-packages/airflow/example_dags/example_short_circuit_operator.py
[2025-04-11T07:06:54.466+0000] {processor.py:914} INFO - Processing file /home/airflow/.local/lib/python3.12/site-packages/airflow/example_dags/example_short_circuit_operator.py for tasks to queue
[2025-04-11T07:06:54.473+0000] {logging_mixin.py:190} INFO - [2025-04-11T07:06:54.472+0000] {dagbag.py:588} INFO - Filling up the DagBag from /home/airflow/.local/lib/python3.12/site-packages/airflow/example_dags/example_short_circuit_operator.py
[2025-04-11T07:06:54.496+0000] {processor.py:925} INFO - DAG(s) 'example_short_circuit_operator' retrieved from /home/airflow/.local/lib/python3.12/site-packages/airflow/example_dags/example_short_circuit_operator.py
[2025-04-11T07:06:54.574+0000] {logging_mixin.py:190} INFO - [2025-04-11T07:06:54.574+0000] {dag.py:3239} INFO - Sync 1 DAGs
[2025-04-11T07:06:54.604+0000] {logging_mixin.py:190} INFO - [2025-04-11T07:06:54.604+0000] {dag.py:4180} INFO - Setting next_dagrun for example_short_circuit_operator to None, run_after=None
[2025-04-11T07:06:54.672+0000] {processor.py:208} INFO - Processing /home/airflow/.local/lib/python3.12/site-packages/airflow/example_dags/example_short_circuit_operator.py took 0.248 seconds
[2025-04-11T07:07:25.504+0000] {processor.py:186} INFO - Started process (PID=362) to work on /home/airflow/.local/lib/python3.12/site-packages/airflow/example_dags/example_short_circuit_operator.py
[2025-04-11T07:07:25.505+0000] {processor.py:914} INFO - Processing file /home/airflow/.local/lib/python3.12/site-packages/airflow/example_dags/example_short_circuit_operator.py for tasks to queue
[2025-04-11T07:07:25.507+0000] {logging_mixin.py:190} INFO - [2025-04-11T07:07:25.507+0000] {dagbag.py:588} INFO - Filling up the DagBag from /home/airflow/.local/lib/python3.12/site-packages/airflow/example_dags/example_short_circuit_operator.py
[2025-04-11T07:07:25.514+0000] {processor.py:925} INFO - DAG(s) 'example_short_circuit_operator' retrieved from /home/airflow/.local/lib/python3.12/site-packages/airflow/example_dags/example_short_circuit_operator.py
[2025-04-11T07:07:25.547+0000] {logging_mixin.py:190} INFO - [2025-04-11T07:07:25.547+0000] {dag.py:3239} INFO - Sync 1 DAGs
[2025-04-11T07:07:25.563+0000] {logging_mixin.py:190} INFO - [2025-04-11T07:07:25.562+0000] {dag.py:4180} INFO - Setting next_dagrun for example_short_circuit_operator to None, run_after=None
[2025-04-11T07:07:25.587+0000] {processor.py:208} INFO - Processing /home/airflow/.local/lib/python3.12/site-packages/airflow/example_dags/example_short_circuit_operator.py took 0.090 seconds
[2025-04-11T07:07:56.239+0000] {processor.py:186} INFO - Started process (PID=425) to work on /home/airflow/.local/lib/python3.12/site-packages/airflow/example_dags/example_short_circuit_operator.py
[2025-04-11T07:07:56.241+0000] {processor.py:914} INFO - Processing file /home/airflow/.local/lib/python3.12/site-packages/airflow/example_dags/example_short_circuit_operator.py for tasks to queue
[2025-04-11T07:07:56.244+0000] {logging_mixin.py:190} INFO - [2025-04-11T07:07:56.244+0000] {dagbag.py:588} INFO - Filling up the DagBag from /home/airflow/.local/lib/python3.12/site-packages/airflow/example_dags/example_short_circuit_operator.py
[2025-04-11T07:07:56.270+0000] {processor.py:925} INFO - DAG(s) 'example_short_circuit_operator' retrieved from /home/airflow/.local/lib/python3.12/site-packages/airflow/example_dags/example_short_circuit_operator.py
[2025-04-11T07:07:56.398+0000] {logging_mixin.py:190} INFO - [2025-04-11T07:07:56.397+0000] {dag.py:3239} INFO - Sync 1 DAGs
[2025-04-11T07:07:56.417+0000] {logging_mixin.py:190} INFO - [2025-04-11T07:07:56.417+0000] {dag.py:4180} INFO - Setting next_dagrun for example_short_circuit_operator to None, run_after=None
[2025-04-11T07:07:56.438+0000] {processor.py:208} INFO - Processing /home/airflow/.local/lib/python3.12/site-packages/airflow/example_dags/example_short_circuit_operator.py took 0.211 seconds
[2025-04-11T07:08:30.207+0000] {processor.py:186} INFO - Started process (PID=488) to work on /home/airflow/.local/lib/python3.12/site-packages/airflow/example_dags/example_short_circuit_operator.py
[2025-04-11T07:08:30.211+0000] {processor.py:914} INFO - Processing file /home/airflow/.local/lib/python3.12/site-packages/airflow/example_dags/example_short_circuit_operator.py for tasks to queue
[2025-04-11T07:08:30.221+0000] {logging_mixin.py:190} INFO - [2025-04-11T07:08:30.220+0000] {dagbag.py:588} INFO - Filling up the DagBag from /home/airflow/.local/lib/python3.12/site-packages/airflow/example_dags/example_short_circuit_operator.py
[2025-04-11T07:08:30.246+0000] {processor.py:925} INFO - DAG(s) 'example_short_circuit_operator' retrieved from /home/airflow/.local/lib/python3.12/site-packages/airflow/example_dags/example_short_circuit_operator.py
[2025-04-11T07:08:30.277+0000] {logging_mixin.py:190} INFO - [2025-04-11T07:08:30.277+0000] {dag.py:3239} INFO - Sync 1 DAGs
[2025-04-11T07:08:30.293+0000] {logging_mixin.py:190} INFO - [2025-04-11T07:08:30.293+0000] {dag.py:4180} INFO - Setting next_dagrun for example_short_circuit_operator to None, run_after=None
[2025-04-11T07:08:30.311+0000] {processor.py:208} INFO - Processing /home/airflow/.local/lib/python3.12/site-packages/airflow/example_dags/example_short_circuit_operator.py took 0.133 seconds
