[2025-04-11T07:05:11.802+0000] {processor.py:186} INFO - Started process (PID=115) to work on /home/airflow/.local/lib/python3.12/site-packages/airflow/example_dags/example_time_delta_sensor_async.py
[2025-04-11T07:05:11.847+0000] {processor.py:914} INFO - Processing file /home/airflow/.local/lib/python3.12/site-packages/airflow/example_dags/example_time_delta_sensor_async.py for tasks to queue
[2025-04-11T07:05:11.997+0000] {logging_mixin.py:190} INFO - [2025-04-11T07:05:11.967+0000] {dagbag.py:588} INFO - Filling up the DagBag from /home/airflow/.local/lib/python3.12/site-packages/airflow/example_dags/example_time_delta_sensor_async.py
[2025-04-11T07:05:12.126+0000] {processor.py:925} INFO - DAG(s) 'example_time_delta_sensor_async' retrieved from /home/airflow/.local/lib/python3.12/site-packages/airflow/example_dags/example_time_delta_sensor_async.py
[2025-04-11T07:05:13.986+0000] {logging_mixin.py:190} INFO - [2025-04-11T07:05:13.805+0000] {override.py:1912} INFO - Created Permission View: can read on DAG:example_time_delta_sensor_async
[2025-04-11T07:05:14.121+0000] {logging_mixin.py:190} INFO - [2025-04-11T07:05:14.119+0000] {override.py:1912} INFO - Created Permission View: can edit on DAG:example_time_delta_sensor_async
[2025-04-11T07:05:14.171+0000] {logging_mixin.py:190} INFO - [2025-04-11T07:05:14.169+0000] {override.py:1912} INFO - Created Permission View: can delete on DAG:example_time_delta_sensor_async
[2025-04-11T07:05:14.228+0000] {logging_mixin.py:190} INFO - [2025-04-11T07:05:14.223+0000] {override.py:1912} INFO - Created Permission View: menu access on DAG Run:example_time_delta_sensor_async
[2025-04-11T07:05:14.283+0000] {logging_mixin.py:190} INFO - [2025-04-11T07:05:14.282+0000] {override.py:1912} INFO - Created Permission View: can create on DAG Run:example_time_delta_sensor_async
[2025-04-11T07:05:14.315+0000] {logging_mixin.py:190} INFO - [2025-04-11T07:05:14.314+0000] {override.py:1912} INFO - Created Permission View: can read on DAG Run:example_time_delta_sensor_async
[2025-04-11T07:05:14.349+0000] {logging_mixin.py:190} INFO - [2025-04-11T07:05:14.349+0000] {override.py:1912} INFO - Created Permission View: can delete on DAG Run:example_time_delta_sensor_async
[2025-04-11T07:05:14.357+0000] {logging_mixin.py:190} INFO - [2025-04-11T07:05:14.355+0000] {dag.py:3239} INFO - Sync 1 DAGs
[2025-04-11T07:05:14.520+0000] {logging_mixin.py:190} INFO - [2025-04-11T07:05:14.518+0000] {dag.py:3262} INFO - Creating ORM DAG for example_time_delta_sensor_async
[2025-04-11T07:05:14.525+0000] {logging_mixin.py:190} INFO - [2025-04-11T07:05:14.524+0000] {dag.py:4180} INFO - Setting next_dagrun for example_time_delta_sensor_async to None, run_after=None
[2025-04-11T07:05:14.676+0000] {processor.py:208} INFO - Processing /home/airflow/.local/lib/python3.12/site-packages/airflow/example_dags/example_time_delta_sensor_async.py took 3.172 seconds
[2025-04-11T07:05:52.754+0000] {processor.py:186} INFO - Started process (PID=177) to work on /home/airflow/.local/lib/python3.12/site-packages/airflow/example_dags/example_time_delta_sensor_async.py
[2025-04-11T07:05:52.759+0000] {processor.py:914} INFO - Processing file /home/airflow/.local/lib/python3.12/site-packages/airflow/example_dags/example_time_delta_sensor_async.py for tasks to queue
[2025-04-11T07:05:52.767+0000] {logging_mixin.py:190} INFO - [2025-04-11T07:05:52.765+0000] {dagbag.py:588} INFO - Filling up the DagBag from /home/airflow/.local/lib/python3.12/site-packages/airflow/example_dags/example_time_delta_sensor_async.py
[2025-04-11T07:05:52.806+0000] {processor.py:925} INFO - DAG(s) 'example_time_delta_sensor_async' retrieved from /home/airflow/.local/lib/python3.12/site-packages/airflow/example_dags/example_time_delta_sensor_async.py
[2025-04-11T07:05:52.868+0000] {logging_mixin.py:190} INFO - [2025-04-11T07:05:52.868+0000] {dag.py:3239} INFO - Sync 1 DAGs
[2025-04-11T07:05:52.898+0000] {logging_mixin.py:190} INFO - [2025-04-11T07:05:52.898+0000] {dag.py:4180} INFO - Setting next_dagrun for example_time_delta_sensor_async to None, run_after=None
[2025-04-11T07:05:52.946+0000] {processor.py:208} INFO - Processing /home/airflow/.local/lib/python3.12/site-packages/airflow/example_dags/example_time_delta_sensor_async.py took 0.203 seconds
[2025-04-11T07:06:23.321+0000] {processor.py:186} INFO - Started process (PID=240) to work on /home/airflow/.local/lib/python3.12/site-packages/airflow/example_dags/example_time_delta_sensor_async.py
[2025-04-11T07:06:23.324+0000] {processor.py:914} INFO - Processing file /home/airflow/.local/lib/python3.12/site-packages/airflow/example_dags/example_time_delta_sensor_async.py for tasks to queue
[2025-04-11T07:06:23.331+0000] {logging_mixin.py:190} INFO - [2025-04-11T07:06:23.330+0000] {dagbag.py:588} INFO - Filling up the DagBag from /home/airflow/.local/lib/python3.12/site-packages/airflow/example_dags/example_time_delta_sensor_async.py
[2025-04-11T07:06:23.344+0000] {processor.py:925} INFO - DAG(s) 'example_time_delta_sensor_async' retrieved from /home/airflow/.local/lib/python3.12/site-packages/airflow/example_dags/example_time_delta_sensor_async.py
[2025-04-11T07:06:23.376+0000] {logging_mixin.py:190} INFO - [2025-04-11T07:06:23.376+0000] {dag.py:3239} INFO - Sync 1 DAGs
[2025-04-11T07:06:23.401+0000] {logging_mixin.py:190} INFO - [2025-04-11T07:06:23.400+0000] {dag.py:4180} INFO - Setting next_dagrun for example_time_delta_sensor_async to None, run_after=None
[2025-04-11T07:06:23.421+0000] {processor.py:208} INFO - Processing /home/airflow/.local/lib/python3.12/site-packages/airflow/example_dags/example_time_delta_sensor_async.py took 0.117 seconds
[2025-04-11T07:06:55.267+0000] {processor.py:186} INFO - Started process (PID=303) to work on /home/airflow/.local/lib/python3.12/site-packages/airflow/example_dags/example_time_delta_sensor_async.py
[2025-04-11T07:06:55.270+0000] {processor.py:914} INFO - Processing file /home/airflow/.local/lib/python3.12/site-packages/airflow/example_dags/example_time_delta_sensor_async.py for tasks to queue
[2025-04-11T07:06:55.351+0000] {logging_mixin.py:190} INFO - [2025-04-11T07:06:55.350+0000] {dagbag.py:588} INFO - Filling up the DagBag from /home/airflow/.local/lib/python3.12/site-packages/airflow/example_dags/example_time_delta_sensor_async.py
[2025-04-11T07:06:55.383+0000] {processor.py:925} INFO - DAG(s) 'example_time_delta_sensor_async' retrieved from /home/airflow/.local/lib/python3.12/site-packages/airflow/example_dags/example_time_delta_sensor_async.py
[2025-04-11T07:06:55.494+0000] {logging_mixin.py:190} INFO - [2025-04-11T07:06:55.494+0000] {dag.py:3239} INFO - Sync 1 DAGs
[2025-04-11T07:06:55.529+0000] {logging_mixin.py:190} INFO - [2025-04-11T07:06:55.529+0000] {dag.py:4180} INFO - Setting next_dagrun for example_time_delta_sensor_async to None, run_after=None
[2025-04-11T07:06:55.581+0000] {processor.py:208} INFO - Processing /home/airflow/.local/lib/python3.12/site-packages/airflow/example_dags/example_time_delta_sensor_async.py took 0.336 seconds
[2025-04-11T07:07:25.724+0000] {processor.py:186} INFO - Started process (PID=366) to work on /home/airflow/.local/lib/python3.12/site-packages/airflow/example_dags/example_time_delta_sensor_async.py
[2025-04-11T07:07:25.725+0000] {processor.py:914} INFO - Processing file /home/airflow/.local/lib/python3.12/site-packages/airflow/example_dags/example_time_delta_sensor_async.py for tasks to queue
[2025-04-11T07:07:25.727+0000] {logging_mixin.py:190} INFO - [2025-04-11T07:07:25.727+0000] {dagbag.py:588} INFO - Filling up the DagBag from /home/airflow/.local/lib/python3.12/site-packages/airflow/example_dags/example_time_delta_sensor_async.py
[2025-04-11T07:07:25.733+0000] {processor.py:925} INFO - DAG(s) 'example_time_delta_sensor_async' retrieved from /home/airflow/.local/lib/python3.12/site-packages/airflow/example_dags/example_time_delta_sensor_async.py
[2025-04-11T07:07:25.749+0000] {logging_mixin.py:190} INFO - [2025-04-11T07:07:25.749+0000] {dag.py:3239} INFO - Sync 1 DAGs
[2025-04-11T07:07:25.774+0000] {logging_mixin.py:190} INFO - [2025-04-11T07:07:25.774+0000] {dag.py:4180} INFO - Setting next_dagrun for example_time_delta_sensor_async to None, run_after=None
[2025-04-11T07:07:25.788+0000] {processor.py:208} INFO - Processing /home/airflow/.local/lib/python3.12/site-packages/airflow/example_dags/example_time_delta_sensor_async.py took 0.069 seconds
[2025-04-11T07:07:56.648+0000] {processor.py:186} INFO - Started process (PID=429) to work on /home/airflow/.local/lib/python3.12/site-packages/airflow/example_dags/example_time_delta_sensor_async.py
[2025-04-11T07:07:56.649+0000] {processor.py:914} INFO - Processing file /home/airflow/.local/lib/python3.12/site-packages/airflow/example_dags/example_time_delta_sensor_async.py for tasks to queue
[2025-04-11T07:07:56.653+0000] {logging_mixin.py:190} INFO - [2025-04-11T07:07:56.652+0000] {dagbag.py:588} INFO - Filling up the DagBag from /home/airflow/.local/lib/python3.12/site-packages/airflow/example_dags/example_time_delta_sensor_async.py
[2025-04-11T07:07:56.666+0000] {processor.py:925} INFO - DAG(s) 'example_time_delta_sensor_async' retrieved from /home/airflow/.local/lib/python3.12/site-packages/airflow/example_dags/example_time_delta_sensor_async.py
[2025-04-11T07:07:56.688+0000] {logging_mixin.py:190} INFO - [2025-04-11T07:07:56.688+0000] {dag.py:3239} INFO - Sync 1 DAGs
[2025-04-11T07:07:56.703+0000] {logging_mixin.py:190} INFO - [2025-04-11T07:07:56.703+0000] {dag.py:4180} INFO - Setting next_dagrun for example_time_delta_sensor_async to None, run_after=None
[2025-04-11T07:07:56.721+0000] {processor.py:208} INFO - Processing /home/airflow/.local/lib/python3.12/site-packages/airflow/example_dags/example_time_delta_sensor_async.py took 0.080 seconds
[2025-04-11T07:08:30.434+0000] {processor.py:186} INFO - Started process (PID=492) to work on /home/airflow/.local/lib/python3.12/site-packages/airflow/example_dags/example_time_delta_sensor_async.py
[2025-04-11T07:08:30.435+0000] {processor.py:914} INFO - Processing file /home/airflow/.local/lib/python3.12/site-packages/airflow/example_dags/example_time_delta_sensor_async.py for tasks to queue
[2025-04-11T07:08:30.443+0000] {logging_mixin.py:190} INFO - [2025-04-11T07:08:30.442+0000] {dagbag.py:588} INFO - Filling up the DagBag from /home/airflow/.local/lib/python3.12/site-packages/airflow/example_dags/example_time_delta_sensor_async.py
[2025-04-11T07:08:30.451+0000] {processor.py:925} INFO - DAG(s) 'example_time_delta_sensor_async' retrieved from /home/airflow/.local/lib/python3.12/site-packages/airflow/example_dags/example_time_delta_sensor_async.py
[2025-04-11T07:08:30.472+0000] {logging_mixin.py:190} INFO - [2025-04-11T07:08:30.471+0000] {dag.py:3239} INFO - Sync 1 DAGs
[2025-04-11T07:08:30.487+0000] {logging_mixin.py:190} INFO - [2025-04-11T07:08:30.486+0000] {dag.py:4180} INFO - Setting next_dagrun for example_time_delta_sensor_async to None, run_after=None
[2025-04-11T07:08:30.501+0000] {processor.py:208} INFO - Processing /home/airflow/.local/lib/python3.12/site-packages/airflow/example_dags/example_time_delta_sensor_async.py took 0.074 seconds
