[2025-04-11T07:04:59.843+0000] {processor.py:186} INFO - Started process (PID=89) to work on /home/airflow/.local/lib/python3.12/site-packages/airflow/example_dags/tutorial.py
[2025-04-11T07:04:59.844+0000] {processor.py:914} INFO - Processing file /home/airflow/.local/lib/python3.12/site-packages/airflow/example_dags/tutorial.py for tasks to queue
[2025-04-11T07:04:59.846+0000] {logging_mixin.py:190} INFO - [2025-04-11T07:04:59.846+0000] {dagbag.py:588} INFO - Filling up the DagBag from /home/airflow/.local/lib/python3.12/site-packages/airflow/example_dags/tutorial.py
[2025-04-11T07:04:59.864+0000] {processor.py:925} INFO - DAG(s) 'tutorial' retrieved from /home/airflow/.local/lib/python3.12/site-packages/airflow/example_dags/tutorial.py
[2025-04-11T07:04:59.995+0000] {logging_mixin.py:190} INFO - [2025-04-11T07:04:59.995+0000] {override.py:1912} INFO - Created Permission View: can read on DAG:tutorial
[2025-04-11T07:05:00.007+0000] {logging_mixin.py:190} INFO - [2025-04-11T07:05:00.006+0000] {override.py:1912} INFO - Created Permission View: can edit on DAG:tutorial
[2025-04-11T07:05:00.010+0000] {logging_mixin.py:190} INFO - [2025-04-11T07:05:00.010+0000] {override.py:1912} INFO - Created Permission View: can delete on DAG:tutorial
[2025-04-11T07:05:00.018+0000] {logging_mixin.py:190} INFO - [2025-04-11T07:05:00.017+0000] {override.py:1912} INFO - Created Permission View: menu access on DAG Run:tutorial
[2025-04-11T07:05:00.022+0000] {logging_mixin.py:190} INFO - [2025-04-11T07:05:00.022+0000] {override.py:1912} INFO - Created Permission View: can create on DAG Run:tutorial
[2025-04-11T07:05:00.029+0000] {logging_mixin.py:190} INFO - [2025-04-11T07:05:00.029+0000] {override.py:1912} INFO - Created Permission View: can read on DAG Run:tutorial
[2025-04-11T07:05:00.043+0000] {logging_mixin.py:190} INFO - [2025-04-11T07:05:00.042+0000] {override.py:1912} INFO - Created Permission View: can delete on DAG Run:tutorial
[2025-04-11T07:05:00.044+0000] {logging_mixin.py:190} INFO - [2025-04-11T07:05:00.044+0000] {dag.py:3239} INFO - Sync 1 DAGs
[2025-04-11T07:05:00.060+0000] {logging_mixin.py:190} INFO - [2025-04-11T07:05:00.059+0000] {dag.py:3262} INFO - Creating ORM DAG for tutorial
[2025-04-11T07:05:00.071+0000] {logging_mixin.py:190} INFO - [2025-04-11T07:05:00.071+0000] {dag.py:4180} INFO - Setting next_dagrun for tutorial to 2025-04-10 00:00:00+00:00, run_after=2025-04-11 00:00:00+00:00
[2025-04-11T07:05:00.092+0000] {processor.py:208} INFO - Processing /home/airflow/.local/lib/python3.12/site-packages/airflow/example_dags/tutorial.py took 0.254 seconds
[2025-04-11T07:05:48.285+0000] {processor.py:186} INFO - Started process (PID=158) to work on /home/airflow/.local/lib/python3.12/site-packages/airflow/example_dags/tutorial.py
[2025-04-11T07:05:48.288+0000] {processor.py:914} INFO - Processing file /home/airflow/.local/lib/python3.12/site-packages/airflow/example_dags/tutorial.py for tasks to queue
[2025-04-11T07:05:48.291+0000] {logging_mixin.py:190} INFO - [2025-04-11T07:05:48.291+0000] {dagbag.py:588} INFO - Filling up the DagBag from /home/airflow/.local/lib/python3.12/site-packages/airflow/example_dags/tutorial.py
[2025-04-11T07:05:48.301+0000] {processor.py:925} INFO - DAG(s) 'tutorial' retrieved from /home/airflow/.local/lib/python3.12/site-packages/airflow/example_dags/tutorial.py
[2025-04-11T07:05:48.327+0000] {logging_mixin.py:190} INFO - [2025-04-11T07:05:48.327+0000] {dag.py:3239} INFO - Sync 1 DAGs
[2025-04-11T07:05:48.362+0000] {logging_mixin.py:190} INFO - [2025-04-11T07:05:48.361+0000] {dag.py:4180} INFO - Setting next_dagrun for tutorial to 2025-04-10 00:00:00+00:00, run_after=2025-04-11 00:00:00+00:00
[2025-04-11T07:05:48.410+0000] {processor.py:208} INFO - Processing /home/airflow/.local/lib/python3.12/site-packages/airflow/example_dags/tutorial.py took 0.137 seconds
[2025-04-11T07:06:19.339+0000] {processor.py:186} INFO - Started process (PID=221) to work on /home/airflow/.local/lib/python3.12/site-packages/airflow/example_dags/tutorial.py
[2025-04-11T07:06:19.341+0000] {processor.py:914} INFO - Processing file /home/airflow/.local/lib/python3.12/site-packages/airflow/example_dags/tutorial.py for tasks to queue
[2025-04-11T07:06:19.343+0000] {logging_mixin.py:190} INFO - [2025-04-11T07:06:19.343+0000] {dagbag.py:588} INFO - Filling up the DagBag from /home/airflow/.local/lib/python3.12/site-packages/airflow/example_dags/tutorial.py
[2025-04-11T07:06:19.353+0000] {processor.py:925} INFO - DAG(s) 'tutorial' retrieved from /home/airflow/.local/lib/python3.12/site-packages/airflow/example_dags/tutorial.py
[2025-04-11T07:06:19.372+0000] {logging_mixin.py:190} INFO - [2025-04-11T07:06:19.372+0000] {dag.py:3239} INFO - Sync 1 DAGs
[2025-04-11T07:06:19.405+0000] {logging_mixin.py:190} INFO - [2025-04-11T07:06:19.404+0000] {dag.py:4180} INFO - Setting next_dagrun for tutorial to 2025-04-10 00:00:00+00:00, run_after=2025-04-11 00:00:00+00:00
[2025-04-11T07:06:19.426+0000] {processor.py:208} INFO - Processing /home/airflow/.local/lib/python3.12/site-packages/airflow/example_dags/tutorial.py took 0.092 seconds
[2025-04-11T07:06:50.426+0000] {processor.py:186} INFO - Started process (PID=283) to work on /home/airflow/.local/lib/python3.12/site-packages/airflow/example_dags/tutorial.py
[2025-04-11T07:06:50.427+0000] {processor.py:914} INFO - Processing file /home/airflow/.local/lib/python3.12/site-packages/airflow/example_dags/tutorial.py for tasks to queue
[2025-04-11T07:06:50.429+0000] {logging_mixin.py:190} INFO - [2025-04-11T07:06:50.428+0000] {dagbag.py:588} INFO - Filling up the DagBag from /home/airflow/.local/lib/python3.12/site-packages/airflow/example_dags/tutorial.py
[2025-04-11T07:06:50.435+0000] {processor.py:925} INFO - DAG(s) 'tutorial' retrieved from /home/airflow/.local/lib/python3.12/site-packages/airflow/example_dags/tutorial.py
[2025-04-11T07:06:50.454+0000] {logging_mixin.py:190} INFO - [2025-04-11T07:06:50.454+0000] {dag.py:3239} INFO - Sync 1 DAGs
[2025-04-11T07:06:50.476+0000] {logging_mixin.py:190} INFO - [2025-04-11T07:06:50.476+0000] {dag.py:4180} INFO - Setting next_dagrun for tutorial to 2025-04-10 00:00:00+00:00, run_after=2025-04-11 00:00:00+00:00
[2025-04-11T07:06:50.491+0000] {processor.py:208} INFO - Processing /home/airflow/.local/lib/python3.12/site-packages/airflow/example_dags/tutorial.py took 0.070 seconds
[2025-04-11T07:07:23.579+0000] {processor.py:186} INFO - Started process (PID=346) to work on /home/airflow/.local/lib/python3.12/site-packages/airflow/example_dags/tutorial.py
[2025-04-11T07:07:23.584+0000] {processor.py:914} INFO - Processing file /home/airflow/.local/lib/python3.12/site-packages/airflow/example_dags/tutorial.py for tasks to queue
[2025-04-11T07:07:23.586+0000] {logging_mixin.py:190} INFO - [2025-04-11T07:07:23.585+0000] {dagbag.py:588} INFO - Filling up the DagBag from /home/airflow/.local/lib/python3.12/site-packages/airflow/example_dags/tutorial.py
[2025-04-11T07:07:23.591+0000] {processor.py:925} INFO - DAG(s) 'tutorial' retrieved from /home/airflow/.local/lib/python3.12/site-packages/airflow/example_dags/tutorial.py
[2025-04-11T07:07:23.610+0000] {logging_mixin.py:190} INFO - [2025-04-11T07:07:23.610+0000] {dag.py:3239} INFO - Sync 1 DAGs
[2025-04-11T07:07:23.633+0000] {logging_mixin.py:190} INFO - [2025-04-11T07:07:23.632+0000] {dag.py:4180} INFO - Setting next_dagrun for tutorial to 2025-04-10 00:00:00+00:00, run_after=2025-04-11 00:00:00+00:00
[2025-04-11T07:07:23.647+0000] {processor.py:208} INFO - Processing /home/airflow/.local/lib/python3.12/site-packages/airflow/example_dags/tutorial.py took 0.072 seconds
[2025-04-11T07:07:54.784+0000] {processor.py:186} INFO - Started process (PID=409) to work on /home/airflow/.local/lib/python3.12/site-packages/airflow/example_dags/tutorial.py
[2025-04-11T07:07:54.785+0000] {processor.py:914} INFO - Processing file /home/airflow/.local/lib/python3.12/site-packages/airflow/example_dags/tutorial.py for tasks to queue
[2025-04-11T07:07:54.787+0000] {logging_mixin.py:190} INFO - [2025-04-11T07:07:54.787+0000] {dagbag.py:588} INFO - Filling up the DagBag from /home/airflow/.local/lib/python3.12/site-packages/airflow/example_dags/tutorial.py
[2025-04-11T07:07:54.799+0000] {processor.py:925} INFO - DAG(s) 'tutorial' retrieved from /home/airflow/.local/lib/python3.12/site-packages/airflow/example_dags/tutorial.py
[2025-04-11T07:07:54.814+0000] {logging_mixin.py:190} INFO - [2025-04-11T07:07:54.814+0000] {dag.py:3239} INFO - Sync 1 DAGs
[2025-04-11T07:07:54.877+0000] {logging_mixin.py:190} INFO - [2025-04-11T07:07:54.877+0000] {dag.py:4180} INFO - Setting next_dagrun for tutorial to 2025-04-10 00:00:00+00:00, run_after=2025-04-11 00:00:00+00:00
[2025-04-11T07:07:54.896+0000] {processor.py:208} INFO - Processing /home/airflow/.local/lib/python3.12/site-packages/airflow/example_dags/tutorial.py took 0.117 seconds
[2025-04-11T07:08:29.403+0000] {processor.py:186} INFO - Started process (PID=473) to work on /home/airflow/.local/lib/python3.12/site-packages/airflow/example_dags/tutorial.py
[2025-04-11T07:08:29.406+0000] {processor.py:914} INFO - Processing file /home/airflow/.local/lib/python3.12/site-packages/airflow/example_dags/tutorial.py for tasks to queue
[2025-04-11T07:08:29.408+0000] {logging_mixin.py:190} INFO - [2025-04-11T07:08:29.407+0000] {dagbag.py:588} INFO - Filling up the DagBag from /home/airflow/.local/lib/python3.12/site-packages/airflow/example_dags/tutorial.py
[2025-04-11T07:08:29.415+0000] {processor.py:925} INFO - DAG(s) 'tutorial' retrieved from /home/airflow/.local/lib/python3.12/site-packages/airflow/example_dags/tutorial.py
[2025-04-11T07:08:29.431+0000] {logging_mixin.py:190} INFO - [2025-04-11T07:08:29.431+0000] {dag.py:3239} INFO - Sync 1 DAGs
[2025-04-11T07:08:29.448+0000] {logging_mixin.py:190} INFO - [2025-04-11T07:08:29.448+0000] {dag.py:4180} INFO - Setting next_dagrun for tutorial to 2025-04-10 00:00:00+00:00, run_after=2025-04-11 00:00:00+00:00
[2025-04-11T07:08:29.463+0000] {processor.py:208} INFO - Processing /home/airflow/.local/lib/python3.12/site-packages/airflow/example_dags/tutorial.py took 0.066 seconds
