[2025-04-11T07:05:06.318+0000] {processor.py:186} INFO - Started process (PID=112) to work on /home/airflow/.local/lib/python3.12/site-packages/airflow/example_dags/tutorial_dag.py
[2025-04-11T07:05:06.716+0000] {processor.py:914} INFO - Processing file /home/airflow/.local/lib/python3.12/site-packages/airflow/example_dags/tutorial_dag.py for tasks to queue
[2025-04-11T07:05:06.766+0000] {logging_mixin.py:190} INFO - [2025-04-11T07:05:06.761+0000] {dagbag.py:588} INFO - Filling up the DagBag from /home/airflow/.local/lib/python3.12/site-packages/airflow/example_dags/tutorial_dag.py
[2025-04-11T07:05:06.862+0000] {processor.py:925} INFO - DAG(s) 'tutorial_dag' retrieved from /home/airflow/.local/lib/python3.12/site-packages/airflow/example_dags/tutorial_dag.py
[2025-04-11T07:05:08.732+0000] {logging_mixin.py:190} INFO - [2025-04-11T07:05:08.686+0000] {override.py:1912} INFO - Created Permission View: can read on DAG:tutorial_dag
[2025-04-11T07:05:08.853+0000] {logging_mixin.py:190} INFO - [2025-04-11T07:05:08.852+0000] {override.py:1912} INFO - Created Permission View: can edit on DAG:tutorial_dag
[2025-04-11T07:05:08.894+0000] {logging_mixin.py:190} INFO - [2025-04-11T07:05:08.893+0000] {override.py:1912} INFO - Created Permission View: can delete on DAG:tutorial_dag
[2025-04-11T07:05:08.969+0000] {logging_mixin.py:190} INFO - [2025-04-11T07:05:08.968+0000] {override.py:1912} INFO - Created Permission View: menu access on DAG Run:tutorial_dag
[2025-04-11T07:05:09.028+0000] {logging_mixin.py:190} INFO - [2025-04-11T07:05:09.025+0000] {override.py:1912} INFO - Created Permission View: can create on DAG Run:tutorial_dag
[2025-04-11T07:05:09.065+0000] {logging_mixin.py:190} INFO - [2025-04-11T07:05:09.065+0000] {override.py:1912} INFO - Created Permission View: can read on DAG Run:tutorial_dag
[2025-04-11T07:05:09.118+0000] {logging_mixin.py:190} INFO - [2025-04-11T07:05:09.117+0000] {override.py:1912} INFO - Created Permission View: can delete on DAG Run:tutorial_dag
[2025-04-11T07:05:09.121+0000] {logging_mixin.py:190} INFO - [2025-04-11T07:05:09.120+0000] {dag.py:3239} INFO - Sync 1 DAGs
[2025-04-11T07:05:09.281+0000] {logging_mixin.py:190} INFO - [2025-04-11T07:05:09.280+0000] {dag.py:3262} INFO - Creating ORM DAG for tutorial_dag
[2025-04-11T07:05:09.294+0000] {logging_mixin.py:190} INFO - [2025-04-11T07:05:09.293+0000] {dag.py:4180} INFO - Setting next_dagrun for tutorial_dag to None, run_after=None
[2025-04-11T07:05:09.506+0000] {processor.py:208} INFO - Processing /home/airflow/.local/lib/python3.12/site-packages/airflow/example_dags/tutorial_dag.py took 3.218 seconds
[2025-04-11T07:05:52.626+0000] {processor.py:186} INFO - Started process (PID=175) to work on /home/airflow/.local/lib/python3.12/site-packages/airflow/example_dags/tutorial_dag.py
[2025-04-11T07:05:52.629+0000] {processor.py:914} INFO - Processing file /home/airflow/.local/lib/python3.12/site-packages/airflow/example_dags/tutorial_dag.py for tasks to queue
[2025-04-11T07:05:52.634+0000] {logging_mixin.py:190} INFO - [2025-04-11T07:05:52.634+0000] {dagbag.py:588} INFO - Filling up the DagBag from /home/airflow/.local/lib/python3.12/site-packages/airflow/example_dags/tutorial_dag.py
[2025-04-11T07:05:52.643+0000] {processor.py:925} INFO - DAG(s) 'tutorial_dag' retrieved from /home/airflow/.local/lib/python3.12/site-packages/airflow/example_dags/tutorial_dag.py
[2025-04-11T07:05:52.669+0000] {logging_mixin.py:190} INFO - [2025-04-11T07:05:52.669+0000] {dag.py:3239} INFO - Sync 1 DAGs
[2025-04-11T07:05:52.686+0000] {logging_mixin.py:190} INFO - [2025-04-11T07:05:52.686+0000] {dag.py:4180} INFO - Setting next_dagrun for tutorial_dag to None, run_after=None
[2025-04-11T07:05:52.707+0000] {processor.py:208} INFO - Processing /home/airflow/.local/lib/python3.12/site-packages/airflow/example_dags/tutorial_dag.py took 0.089 seconds
[2025-04-11T07:06:23.201+0000] {processor.py:186} INFO - Started process (PID=238) to work on /home/airflow/.local/lib/python3.12/site-packages/airflow/example_dags/tutorial_dag.py
[2025-04-11T07:06:23.205+0000] {processor.py:914} INFO - Processing file /home/airflow/.local/lib/python3.12/site-packages/airflow/example_dags/tutorial_dag.py for tasks to queue
[2025-04-11T07:06:23.210+0000] {logging_mixin.py:190} INFO - [2025-04-11T07:06:23.209+0000] {dagbag.py:588} INFO - Filling up the DagBag from /home/airflow/.local/lib/python3.12/site-packages/airflow/example_dags/tutorial_dag.py
[2025-04-11T07:06:23.219+0000] {processor.py:925} INFO - DAG(s) 'tutorial_dag' retrieved from /home/airflow/.local/lib/python3.12/site-packages/airflow/example_dags/tutorial_dag.py
[2025-04-11T07:06:23.245+0000] {logging_mixin.py:190} INFO - [2025-04-11T07:06:23.244+0000] {dag.py:3239} INFO - Sync 1 DAGs
[2025-04-11T07:06:23.260+0000] {logging_mixin.py:190} INFO - [2025-04-11T07:06:23.260+0000] {dag.py:4180} INFO - Setting next_dagrun for tutorial_dag to None, run_after=None
[2025-04-11T07:06:23.280+0000] {processor.py:208} INFO - Processing /home/airflow/.local/lib/python3.12/site-packages/airflow/example_dags/tutorial_dag.py took 0.089 seconds
[2025-04-11T07:06:54.789+0000] {processor.py:186} INFO - Started process (PID=301) to work on /home/airflow/.local/lib/python3.12/site-packages/airflow/example_dags/tutorial_dag.py
[2025-04-11T07:06:54.793+0000] {processor.py:914} INFO - Processing file /home/airflow/.local/lib/python3.12/site-packages/airflow/example_dags/tutorial_dag.py for tasks to queue
[2025-04-11T07:06:54.811+0000] {logging_mixin.py:190} INFO - [2025-04-11T07:06:54.811+0000] {dagbag.py:588} INFO - Filling up the DagBag from /home/airflow/.local/lib/python3.12/site-packages/airflow/example_dags/tutorial_dag.py
[2025-04-11T07:06:54.850+0000] {processor.py:925} INFO - DAG(s) 'tutorial_dag' retrieved from /home/airflow/.local/lib/python3.12/site-packages/airflow/example_dags/tutorial_dag.py
[2025-04-11T07:06:54.949+0000] {logging_mixin.py:190} INFO - [2025-04-11T07:06:54.948+0000] {dag.py:3239} INFO - Sync 1 DAGs
[2025-04-11T07:06:55.006+0000] {logging_mixin.py:190} INFO - [2025-04-11T07:06:55.005+0000] {dag.py:4180} INFO - Setting next_dagrun for tutorial_dag to None, run_after=None
[2025-04-11T07:06:55.093+0000] {processor.py:208} INFO - Processing /home/airflow/.local/lib/python3.12/site-packages/airflow/example_dags/tutorial_dag.py took 0.333 seconds
[2025-04-11T07:07:25.624+0000] {processor.py:186} INFO - Started process (PID=364) to work on /home/airflow/.local/lib/python3.12/site-packages/airflow/example_dags/tutorial_dag.py
[2025-04-11T07:07:25.626+0000] {processor.py:914} INFO - Processing file /home/airflow/.local/lib/python3.12/site-packages/airflow/example_dags/tutorial_dag.py for tasks to queue
[2025-04-11T07:07:25.631+0000] {logging_mixin.py:190} INFO - [2025-04-11T07:07:25.630+0000] {dagbag.py:588} INFO - Filling up the DagBag from /home/airflow/.local/lib/python3.12/site-packages/airflow/example_dags/tutorial_dag.py
[2025-04-11T07:07:25.641+0000] {processor.py:925} INFO - DAG(s) 'tutorial_dag' retrieved from /home/airflow/.local/lib/python3.12/site-packages/airflow/example_dags/tutorial_dag.py
[2025-04-11T07:07:25.668+0000] {logging_mixin.py:190} INFO - [2025-04-11T07:07:25.667+0000] {dag.py:3239} INFO - Sync 1 DAGs
[2025-04-11T07:07:25.685+0000] {logging_mixin.py:190} INFO - [2025-04-11T07:07:25.684+0000] {dag.py:4180} INFO - Setting next_dagrun for tutorial_dag to None, run_after=None
[2025-04-11T07:07:25.701+0000] {processor.py:208} INFO - Processing /home/airflow/.local/lib/python3.12/site-packages/airflow/example_dags/tutorial_dag.py took 0.084 seconds
[2025-04-11T07:07:56.551+0000] {processor.py:186} INFO - Started process (PID=427) to work on /home/airflow/.local/lib/python3.12/site-packages/airflow/example_dags/tutorial_dag.py
[2025-04-11T07:07:56.553+0000] {processor.py:914} INFO - Processing file /home/airflow/.local/lib/python3.12/site-packages/airflow/example_dags/tutorial_dag.py for tasks to queue
[2025-04-11T07:07:56.558+0000] {logging_mixin.py:190} INFO - [2025-04-11T07:07:56.558+0000] {dagbag.py:588} INFO - Filling up the DagBag from /home/airflow/.local/lib/python3.12/site-packages/airflow/example_dags/tutorial_dag.py
[2025-04-11T07:07:56.572+0000] {processor.py:925} INFO - DAG(s) 'tutorial_dag' retrieved from /home/airflow/.local/lib/python3.12/site-packages/airflow/example_dags/tutorial_dag.py
[2025-04-11T07:07:56.592+0000] {logging_mixin.py:190} INFO - [2025-04-11T07:07:56.592+0000] {dag.py:3239} INFO - Sync 1 DAGs
[2025-04-11T07:07:56.607+0000] {logging_mixin.py:190} INFO - [2025-04-11T07:07:56.607+0000] {dag.py:4180} INFO - Setting next_dagrun for tutorial_dag to None, run_after=None
[2025-04-11T07:07:56.620+0000] {processor.py:208} INFO - Processing /home/airflow/.local/lib/python3.12/site-packages/airflow/example_dags/tutorial_dag.py took 0.079 seconds
[2025-04-11T07:08:30.342+0000] {processor.py:186} INFO - Started process (PID=490) to work on /home/airflow/.local/lib/python3.12/site-packages/airflow/example_dags/tutorial_dag.py
[2025-04-11T07:08:30.347+0000] {processor.py:914} INFO - Processing file /home/airflow/.local/lib/python3.12/site-packages/airflow/example_dags/tutorial_dag.py for tasks to queue
[2025-04-11T07:08:30.349+0000] {logging_mixin.py:190} INFO - [2025-04-11T07:08:30.349+0000] {dagbag.py:588} INFO - Filling up the DagBag from /home/airflow/.local/lib/python3.12/site-packages/airflow/example_dags/tutorial_dag.py
[2025-04-11T07:08:30.359+0000] {processor.py:925} INFO - DAG(s) 'tutorial_dag' retrieved from /home/airflow/.local/lib/python3.12/site-packages/airflow/example_dags/tutorial_dag.py
[2025-04-11T07:08:30.377+0000] {logging_mixin.py:190} INFO - [2025-04-11T07:08:30.376+0000] {dag.py:3239} INFO - Sync 1 DAGs
[2025-04-11T07:08:30.389+0000] {logging_mixin.py:190} INFO - [2025-04-11T07:08:30.389+0000] {dag.py:4180} INFO - Setting next_dagrun for tutorial_dag to None, run_after=None
[2025-04-11T07:08:30.408+0000] {processor.py:208} INFO - Processing /home/airflow/.local/lib/python3.12/site-packages/airflow/example_dags/tutorial_dag.py took 0.073 seconds
