[2025-04-11T07:05:02.135+0000] {processor.py:186} INFO - Started process (PID=103) to work on /home/airflow/.local/lib/python3.12/site-packages/airflow/example_dags/tutorial_objectstorage.py
[2025-04-11T07:05:02.146+0000] {processor.py:914} INFO - Processing file /home/airflow/.local/lib/python3.12/site-packages/airflow/example_dags/tutorial_objectstorage.py for tasks to queue
[2025-04-11T07:05:02.154+0000] {logging_mixin.py:190} INFO - [2025-04-11T07:05:02.153+0000] {dagbag.py:588} INFO - Filling up the DagBag from /home/airflow/.local/lib/python3.12/site-packages/airflow/example_dags/tutorial_objectstorage.py
[2025-04-11T07:05:02.319+0000] {processor.py:925} INFO - DAG(s) 'tutorial_objectstorage' retrieved from /home/airflow/.local/lib/python3.12/site-packages/airflow/example_dags/tutorial_objectstorage.py
[2025-04-11T07:05:03.061+0000] {logging_mixin.py:190} INFO - [2025-04-11T07:05:03.055+0000] {override.py:1912} INFO - Created Permission View: can read on DAG:tutorial_objectstorage
[2025-04-11T07:05:03.136+0000] {logging_mixin.py:190} INFO - [2025-04-11T07:05:03.135+0000] {override.py:1912} INFO - Created Permission View: can edit on DAG:tutorial_objectstorage
[2025-04-11T07:05:03.156+0000] {logging_mixin.py:190} INFO - [2025-04-11T07:05:03.156+0000] {override.py:1912} INFO - Created Permission View: can delete on DAG:tutorial_objectstorage
[2025-04-11T07:05:03.164+0000] {logging_mixin.py:190} INFO - [2025-04-11T07:05:03.164+0000] {override.py:1912} INFO - Created Permission View: menu access on DAG Run:tutorial_objectstorage
[2025-04-11T07:05:03.171+0000] {logging_mixin.py:190} INFO - [2025-04-11T07:05:03.171+0000] {override.py:1912} INFO - Created Permission View: can create on DAG Run:tutorial_objectstorage
[2025-04-11T07:05:03.182+0000] {logging_mixin.py:190} INFO - [2025-04-11T07:05:03.181+0000] {override.py:1912} INFO - Created Permission View: can read on DAG Run:tutorial_objectstorage
[2025-04-11T07:05:03.192+0000] {logging_mixin.py:190} INFO - [2025-04-11T07:05:03.191+0000] {override.py:1912} INFO - Created Permission View: can delete on DAG Run:tutorial_objectstorage
[2025-04-11T07:05:03.193+0000] {logging_mixin.py:190} INFO - [2025-04-11T07:05:03.192+0000] {dag.py:3239} INFO - Sync 1 DAGs
[2025-04-11T07:05:03.227+0000] {logging_mixin.py:190} INFO - [2025-04-11T07:05:03.226+0000] {dag.py:3262} INFO - Creating ORM DAG for tutorial_objectstorage
[2025-04-11T07:05:03.232+0000] {logging_mixin.py:190} INFO - [2025-04-11T07:05:03.231+0000] {dag.py:4180} INFO - Setting next_dagrun for tutorial_objectstorage to None, run_after=None
[2025-04-11T07:05:03.338+0000] {processor.py:208} INFO - Processing /home/airflow/.local/lib/python3.12/site-packages/airflow/example_dags/tutorial_objectstorage.py took 1.225 seconds
[2025-04-11T07:05:51.609+0000] {processor.py:186} INFO - Started process (PID=172) to work on /home/airflow/.local/lib/python3.12/site-packages/airflow/example_dags/tutorial_objectstorage.py
[2025-04-11T07:05:51.616+0000] {processor.py:914} INFO - Processing file /home/airflow/.local/lib/python3.12/site-packages/airflow/example_dags/tutorial_objectstorage.py for tasks to queue
[2025-04-11T07:05:51.627+0000] {logging_mixin.py:190} INFO - [2025-04-11T07:05:51.626+0000] {dagbag.py:588} INFO - Filling up the DagBag from /home/airflow/.local/lib/python3.12/site-packages/airflow/example_dags/tutorial_objectstorage.py
[2025-04-11T07:05:51.692+0000] {processor.py:925} INFO - DAG(s) 'tutorial_objectstorage' retrieved from /home/airflow/.local/lib/python3.12/site-packages/airflow/example_dags/tutorial_objectstorage.py
[2025-04-11T07:05:51.784+0000] {logging_mixin.py:190} INFO - [2025-04-11T07:05:51.784+0000] {dag.py:3239} INFO - Sync 1 DAGs
[2025-04-11T07:05:51.833+0000] {logging_mixin.py:190} INFO - [2025-04-11T07:05:51.832+0000] {dag.py:4180} INFO - Setting next_dagrun for tutorial_objectstorage to None, run_after=None
[2025-04-11T07:05:51.889+0000] {processor.py:208} INFO - Processing /home/airflow/.local/lib/python3.12/site-packages/airflow/example_dags/tutorial_objectstorage.py took 0.293 seconds
[2025-04-11T07:06:22.893+0000] {processor.py:186} INFO - Started process (PID=235) to work on /home/airflow/.local/lib/python3.12/site-packages/airflow/example_dags/tutorial_objectstorage.py
[2025-04-11T07:06:22.896+0000] {processor.py:914} INFO - Processing file /home/airflow/.local/lib/python3.12/site-packages/airflow/example_dags/tutorial_objectstorage.py for tasks to queue
[2025-04-11T07:06:22.899+0000] {logging_mixin.py:190} INFO - [2025-04-11T07:06:22.899+0000] {dagbag.py:588} INFO - Filling up the DagBag from /home/airflow/.local/lib/python3.12/site-packages/airflow/example_dags/tutorial_objectstorage.py
[2025-04-11T07:06:22.924+0000] {processor.py:925} INFO - DAG(s) 'tutorial_objectstorage' retrieved from /home/airflow/.local/lib/python3.12/site-packages/airflow/example_dags/tutorial_objectstorage.py
[2025-04-11T07:06:22.980+0000] {logging_mixin.py:190} INFO - [2025-04-11T07:06:22.980+0000] {dag.py:3239} INFO - Sync 1 DAGs
[2025-04-11T07:06:23.015+0000] {logging_mixin.py:190} INFO - [2025-04-11T07:06:23.015+0000] {dag.py:4180} INFO - Setting next_dagrun for tutorial_objectstorage to None, run_after=None
[2025-04-11T07:06:23.041+0000] {processor.py:208} INFO - Processing /home/airflow/.local/lib/python3.12/site-packages/airflow/example_dags/tutorial_objectstorage.py took 0.157 seconds
[2025-04-11T07:06:53.996+0000] {processor.py:186} INFO - Started process (PID=298) to work on /home/airflow/.local/lib/python3.12/site-packages/airflow/example_dags/tutorial_objectstorage.py
[2025-04-11T07:06:54.004+0000] {processor.py:914} INFO - Processing file /home/airflow/.local/lib/python3.12/site-packages/airflow/example_dags/tutorial_objectstorage.py for tasks to queue
[2025-04-11T07:06:54.024+0000] {logging_mixin.py:190} INFO - [2025-04-11T07:06:54.024+0000] {dagbag.py:588} INFO - Filling up the DagBag from /home/airflow/.local/lib/python3.12/site-packages/airflow/example_dags/tutorial_objectstorage.py
[2025-04-11T07:06:54.064+0000] {processor.py:925} INFO - DAG(s) 'tutorial_objectstorage' retrieved from /home/airflow/.local/lib/python3.12/site-packages/airflow/example_dags/tutorial_objectstorage.py
[2025-04-11T07:06:54.251+0000] {logging_mixin.py:190} INFO - [2025-04-11T07:06:54.250+0000] {dag.py:3239} INFO - Sync 1 DAGs
[2025-04-11T07:06:54.300+0000] {logging_mixin.py:190} INFO - [2025-04-11T07:06:54.300+0000] {dag.py:4180} INFO - Setting next_dagrun for tutorial_objectstorage to None, run_after=None
[2025-04-11T07:06:54.344+0000] {processor.py:208} INFO - Processing /home/airflow/.local/lib/python3.12/site-packages/airflow/example_dags/tutorial_objectstorage.py took 0.380 seconds
[2025-04-11T07:07:25.484+0000] {processor.py:186} INFO - Started process (PID=361) to work on /home/airflow/.local/lib/python3.12/site-packages/airflow/example_dags/tutorial_objectstorage.py
[2025-04-11T07:07:25.485+0000] {processor.py:914} INFO - Processing file /home/airflow/.local/lib/python3.12/site-packages/airflow/example_dags/tutorial_objectstorage.py for tasks to queue
[2025-04-11T07:07:25.491+0000] {logging_mixin.py:190} INFO - [2025-04-11T07:07:25.490+0000] {dagbag.py:588} INFO - Filling up the DagBag from /home/airflow/.local/lib/python3.12/site-packages/airflow/example_dags/tutorial_objectstorage.py
[2025-04-11T07:07:25.500+0000] {processor.py:925} INFO - DAG(s) 'tutorial_objectstorage' retrieved from /home/airflow/.local/lib/python3.12/site-packages/airflow/example_dags/tutorial_objectstorage.py
[2025-04-11T07:07:25.516+0000] {logging_mixin.py:190} INFO - [2025-04-11T07:07:25.516+0000] {dag.py:3239} INFO - Sync 1 DAGs
[2025-04-11T07:07:25.538+0000] {logging_mixin.py:190} INFO - [2025-04-11T07:07:25.537+0000] {dag.py:4180} INFO - Setting next_dagrun for tutorial_objectstorage to None, run_after=None
[2025-04-11T07:07:25.557+0000] {processor.py:208} INFO - Processing /home/airflow/.local/lib/python3.12/site-packages/airflow/example_dags/tutorial_objectstorage.py took 0.083 seconds
[2025-04-11T07:07:56.117+0000] {processor.py:186} INFO - Started process (PID=424) to work on /home/airflow/.local/lib/python3.12/site-packages/airflow/example_dags/tutorial_objectstorage.py
[2025-04-11T07:07:56.118+0000] {processor.py:914} INFO - Processing file /home/airflow/.local/lib/python3.12/site-packages/airflow/example_dags/tutorial_objectstorage.py for tasks to queue
[2025-04-11T07:07:56.121+0000] {logging_mixin.py:190} INFO - [2025-04-11T07:07:56.120+0000] {dagbag.py:588} INFO - Filling up the DagBag from /home/airflow/.local/lib/python3.12/site-packages/airflow/example_dags/tutorial_objectstorage.py
[2025-04-11T07:07:56.134+0000] {processor.py:925} INFO - DAG(s) 'tutorial_objectstorage' retrieved from /home/airflow/.local/lib/python3.12/site-packages/airflow/example_dags/tutorial_objectstorage.py
[2025-04-11T07:07:56.152+0000] {logging_mixin.py:190} INFO - [2025-04-11T07:07:56.152+0000] {dag.py:3239} INFO - Sync 1 DAGs
[2025-04-11T07:07:56.169+0000] {logging_mixin.py:190} INFO - [2025-04-11T07:07:56.168+0000] {dag.py:4180} INFO - Setting next_dagrun for tutorial_objectstorage to None, run_after=None
[2025-04-11T07:07:56.199+0000] {processor.py:208} INFO - Processing /home/airflow/.local/lib/python3.12/site-packages/airflow/example_dags/tutorial_objectstorage.py took 0.090 seconds
[2025-04-11T07:08:30.161+0000] {processor.py:186} INFO - Started process (PID=487) to work on /home/airflow/.local/lib/python3.12/site-packages/airflow/example_dags/tutorial_objectstorage.py
[2025-04-11T07:08:30.163+0000] {processor.py:914} INFO - Processing file /home/airflow/.local/lib/python3.12/site-packages/airflow/example_dags/tutorial_objectstorage.py for tasks to queue
[2025-04-11T07:08:30.168+0000] {logging_mixin.py:190} INFO - [2025-04-11T07:08:30.168+0000] {dagbag.py:588} INFO - Filling up the DagBag from /home/airflow/.local/lib/python3.12/site-packages/airflow/example_dags/tutorial_objectstorage.py
[2025-04-11T07:08:30.201+0000] {processor.py:925} INFO - DAG(s) 'tutorial_objectstorage' retrieved from /home/airflow/.local/lib/python3.12/site-packages/airflow/example_dags/tutorial_objectstorage.py
[2025-04-11T07:08:30.241+0000] {logging_mixin.py:190} INFO - [2025-04-11T07:08:30.241+0000] {dag.py:3239} INFO - Sync 1 DAGs
[2025-04-11T07:08:30.263+0000] {logging_mixin.py:190} INFO - [2025-04-11T07:08:30.263+0000] {dag.py:4180} INFO - Setting next_dagrun for tutorial_objectstorage to None, run_after=None
[2025-04-11T07:08:30.280+0000] {processor.py:208} INFO - Processing /home/airflow/.local/lib/python3.12/site-packages/airflow/example_dags/tutorial_objectstorage.py took 0.130 seconds
