[2025-04-22T23:36:35.034+0000] {local_task_job_runner.py:123} INFO - ::group::Pre task execution logs
[2025-04-22T23:36:35.056+0000] {taskinstance.py:2614} INFO - Dependencies all met for dep_context=non-requeueable deps ti=<TaskInstance: pull_trade_data.stream_data_from_api manual__2025-04-22T23:36:31.825505+00:00 [queued]>
[2025-04-22T23:36:35.066+0000] {taskinstance.py:2614} INFO - Dependencies all met for dep_context=requeueable deps ti=<TaskInstance: pull_trade_data.stream_data_from_api manual__2025-04-22T23:36:31.825505+00:00 [queued]>
[2025-04-22T23:36:35.066+0000] {taskinstance.py:2867} INFO - Starting attempt 1 of 1
[2025-04-22T23:36:35.081+0000] {taskinstance.py:2890} INFO - Executing <Task(PythonOperator): stream_data_from_api> on 2025-04-22 23:36:31.825505+00:00
[2025-04-22T23:36:35.104+0000] {warnings.py:112} WARNING - /home/***/.local/lib/python3.12/site-packages/***/task/task_runner/standard_task_runner.py:70: DeprecationWarning: This process (pid=856) is multi-threaded, use of fork() may lead to deadlocks in the child.
  pid = os.fork()

[2025-04-22T23:36:35.118+0000] {standard_task_runner.py:72} INFO - Started process 857 to run task
[2025-04-22T23:36:35.112+0000] {standard_task_runner.py:104} INFO - Running: ['***', 'tasks', 'run', 'pull_trade_data', 'stream_data_from_api', 'manual__2025-04-22T23:36:31.825505+00:00', '--job-id', '25', '--raw', '--subdir', 'DAGS_FOLDER/testy_web_scoket.py', '--cfg-path', '/tmp/tmp7ggocfoc']
[2025-04-22T23:36:35.122+0000] {standard_task_runner.py:105} INFO - Job 25: Subtask stream_data_from_api
[2025-04-22T23:36:35.172+0000] {task_command.py:467} INFO - Running <TaskInstance: pull_trade_data.stream_data_from_api manual__2025-04-22T23:36:31.825505+00:00 [running]> on host 4b7a1bffe8fb
[2025-04-22T23:36:35.250+0000] {taskinstance.py:3134} INFO - Exporting env vars: AIRFLOW_CTX_DAG_OWNER='kibret_og' AIRFLOW_CTX_DAG_ID='pull_trade_data' AIRFLOW_CTX_TASK_ID='stream_data_from_api' AIRFLOW_CTX_EXECUTION_DATE='2025-04-22T23:36:31.825505+00:00' AIRFLOW_CTX_TRY_NUMBER='1' AIRFLOW_CTX_DAG_RUN_ID='manual__2025-04-22T23:36:31.825505+00:00'
[2025-04-22T23:36:35.252+0000] {taskinstance.py:732} INFO - ::endgroup::
[2025-04-22T23:36:35.702+0000] {_logging.py:89} INFO - Websocket connected
[2025-04-22T23:36:35.703+0000] {log.py:232} WARNING - [2025-04-22 23:36:35.703384] ### connection is open ###
[2025-04-22T23:36:36.323+0000] {logging_mixin.py:190} INFO - {'id': 'AAPL', 'exchange': 'NMS', 'quoteType': 8, 'price': 205.1999969482422, 'timestamp': 1745364994000, 'marketHours': 2, 'changePercent': 2.7335493564605713, 'dayVolume': 0, 'change': 5.459991455078125, 'priceHint': 2}
[2025-04-22T23:36:36.327+0000] {logging_mixin.py:190} INFO - successful ingestion
[2025-04-22T23:36:36.407+0000] {_logging.py:77} ERROR - error from callback <bound method YLiveTicker.on_close of <yliveticker.YLiveTicker object at 0xffff8d2881a0>>: YLiveTicker.on_close() takes 2 positional arguments but 4 were given
[2025-04-22T23:36:36.410+0000] {log.py:232} WARNING - [2025-04-22 23:36:36.410451] YLiveTicker.on_close() takes 2 positional arguments but 4 were given
[2025-04-22T23:36:36.411+0000] {python.py:240} INFO - Done. Returned value was: None
[2025-04-22T23:36:36.438+0000] {taskinstance.py:341} INFO - ::group::Post task execution logs
[2025-04-22T23:36:36.439+0000] {taskinstance.py:353} INFO - Marking task as SUCCESS. dag_id=pull_trade_data, task_id=stream_data_from_api, run_id=manual__2025-04-22T23:36:31.825505+00:00, execution_date=20250422T233631, start_date=20250422T233635, end_date=20250422T233636
[2025-04-22T23:36:36.499+0000] {local_task_job_runner.py:266} INFO - Task exited with return code 0
[2025-04-22T23:36:36.546+0000] {taskinstance.py:3901} INFO - 0 downstream tasks scheduled from follow-on schedule check
[2025-04-22T23:36:36.548+0000] {local_task_job_runner.py:245} INFO - ::endgroup::
